INFO: Reading 'startup' options from /apollo/tools/bazel.rc: --batch_cpu_scheduling --host_jvm_args=-XX:-UseParallelGC
____(10-17 12:29:19.606) Loading package: modules/planning/integration_tests
____(10-17 12:29:19.636) Loading package: modules/planning/proto
____(10-17 12:29:19.680) Loading package: modules/planning/math/piecewise_jerk
____(10-17 12:29:19.931) Loading package: @bazel_tools//tools/cpp
____(10-17 12:29:19.995) Loading package: @local_config_xcode//
____(10-17 12:29:20.082) Loading package: @local_jdk//
____(10-17 12:29:20.569) Loading complete.  Analyzing...
____(10-17 12:29:20.958) Loading package: modules/common/vehicle_state
____(10-17 12:29:20.999) Loading package: modules/common/configs/proto
____(10-17 12:29:21.031) Loading package: modules/map/hdmap
____(10-17 12:29:21.068) Loading package: third_party/json
____(10-17 12:29:21.099) Loading package: @bazel_tools//tools/python
____(10-17 12:29:21.129) Loading package: cyber/logger
____(10-17 12:29:21.175) Loading package: @qpOASES//
____(10-17 12:29:21.216) Loading package: modules/drivers/canbus/proto
____(10-17 12:29:21.249) Loading package: @cuda//
____(10-17 12:29:21.641) Loading package: @tinyxml2//
____(10-17 12:29:21.722) Loading package: modules/dreamview/backend/hmi
____(10-17 12:29:21.759) Loading package: modules/routing/graph
____(10-17 12:29:22.082) Found 252 targets and 328 test targets...
____(10-17 12:29:22.116) Building...
____(10-17 12:29:22.225) [102 / 400] Writing file modules/planning/tasks/optimizers/libtrajectory_optimizer.so-2.params
____(10-17 12:29:22.338) [266 / 902] Writing file modules/planning/open_space/coarse_trajectory_generator/libreeds_shepp_path.a-2.params
____(10-17 12:29:22.383) [273 / 908] Writing file modules/planning/math/piecewise_jerk/libpiecewise_jerk_speed_problem.so-2.params
____(10-17 12:29:22.783) [453 / 1,294] Writing file modules/planning/open_space/tools/open_space_roi_wrapper_lib.so-2.params
____(10-17 12:29:22.844) [471 / 1,318] Creating source manifest for //modules/planning/math:discrete_points_math_cpplint
____(10-17 12:29:22.999) [511 / 1,371] Writing file modules/planning/math/curve1d/libquartic_polynomial_curve1d.so-2.params
____(10-17 12:29:23.103) [535 / 1,404] Creating source manifest for //modules/planning/math/curve1d:cubic_polynomial_curve1d_cpplint
____(10-17 12:29:23.394) [635 / 1,550] Creating source manifest for //modules/planning/math/smoothing_spline:piecewise_linear_generator_cpplint
____(10-17 12:29:23.464) [659 / 1,585] Writing file modules/planning/math/smoothing_spline/libosqp_spline_2d_solver.a-2.params
____(10-17 12:29:23.592) [706 / 1,656] Writing file modules/planning/math/discretized_points_smoothing/libcos_theta_smoother.a-2.params
____(10-17 12:29:23.622) [718 / 1,680] Writing file modules/planning/proto/libplanner_open_space_config_proto_lib.a-2.params
____(10-17 12:29:23.714) [910 / 2,061] Writing file modules/planning/reference_line/libreference_line_provider.a-2.params
____(10-17 12:29:23.744) [922 / 2,075] Creating runfiles tree bazel-out/local-fastbuild/bin/modules/planning/reference_line/discrete_points_reference_line_smoother_test_cpplint.runfiles
____(10-17 12:29:23.895) [964 / 2,132] Writing file modules/planning/common/libspeed_limit.a-2.params
____(10-17 12:29:23.971) [981 / 2,153] Writing file modules/planning/common/libplanning_context.a-2.params
____(10-17 12:29:24.231) [1,049 / 2,241] Writing file modules/planning/common/ego_info_test-2.params
____(10-17 12:29:24.584) [1,096 / 2,302] Creating runfiles tree bazel-out/local-fastbuild/bin/modules/planning/common/trajectory1d/piecewise_trajectory1d_cpplint.runfiles
____(10-17 12:29:24.755) [1,145 / 2,365] Creating runfiles tree bazel-out/local-fastbuild/bin/modules/planning/common/trajectory/discretized_trajectory_test_cpplint.runfiles
____(10-17 12:29:24.786) [1,152 / 2,374] Expanding template modules/planning/common/trajectory/discretized_trajectory_cpplint
____(10-17 12:29:26.315) [1,188 / 2,447] Compiling modules/planning/math/discrete_points_math.cc
____(10-17 12:29:28.147) [1,226 / 2,601] Compiling external/com_google_protobuf/src/google/protobuf/service.cc
____(10-17 12:29:28.179) [1,228 / 2,610] Compiling external/curlpp/src/curlpp/internal/OptionList.cpp
____(10-17 12:29:28.936) [1,265 / 2,721] Compiling external/com_google_protobuf/src/google/protobuf/map_field.cc
____(10-17 12:29:29.584) [1,363 / 2,946] Writing file modules/planning/tasks/optimizers/piecewise_jerk_path/libpiecewise_jerk_path_optimizer.a-2.params
____(10-17 12:29:29.650) [1,387 / 2,977] Creating source manifest for //modules/planning/tasks/optimizers/open_space_trajectory_generation:open_space_trajectory_optimizer_test
____(10-17 12:29:29.761) [1,416 / 3,021] Writing file modules/planning/tasks/optimizers/path_time_heuristic/libgridded_path_time_graph.a-2.params
____(10-17 12:29:29.838) [1,427 / 3,035] Compiling external/com_google_protobuf/src/google/protobuf/stubs/mathlimits.cc
____(10-17 12:29:30.222) [1,467 / 3,096] Writing file modules/planning/tasks/deciders/path_assessment_decider/libpath_assessment_decider.a-2.params
____(10-17 12:29:30.287) [1,482 / 3,117] Writing file modules/planning/tasks/deciders/open_space_decider/libopen_space_pre_stop_decider.a-2.params
____(10-17 12:29:30.319) [1,496 / 3,138] Creating source manifest for //modules/planning/tasks/deciders/speed_bounds_decider:st_boundary_mapper_test
____(10-17 12:29:30.349) [1,509 / 3,154] Creating runfiles tree bazel-out/local-fastbuild/bin/modules/planning/tasks/deciders/speed_bounds_decider/speed_bounds_decider_cpplint.runfiles
____(10-17 12:29:30.517) [1,524 / 3,171] Writing file modules/planning/integration_tests/libplanning_test_base.so-2.params
____(10-17 12:29:30.578) [1,532 / 3,181] Expanding template modules/planning/integration_tests/planning_test_base_cpplint
____(10-17 12:29:30.693) [1,563 / 3,227] Expanding template modules/planning/scenarios/lane_follow/lane_follow_stage_cpplint
____(10-17 12:29:30.815) [1,580 / 3,249] Expanding template modules/planning/scenarios/traffic_light/unprotected_left_turn/traffic_light_unprotected_left_turn_scenario_cpplint
____(10-17 12:29:30.983) [1,628 / 3,316] Compiling modules/planning/math/smoothing_spline/spline_2d.cc
____(10-17 12:29:31.050) [1,633 / 3,328] Compiling external/com_google_protobuf/src/google/protobuf/empty.pb.cc
____(10-17 12:29:31.083) [1,637 / 3,346] Compiling external/com_google_protobuf/src/google/protobuf/timestamp.pb.cc
____(10-17 12:29:31.114) [1,640 / 3,352] Compiling cyber/blocker/blocker_manager.cc
____(10-17 12:29:31.962) [1,656 / 3,390] Compiling external/com_google_protobuf/src/google/protobuf/message_lite.cc
____(10-17 12:29:33.379) [1,743 / 3,553] Compiling external/com_google_protobuf/src/google/protobuf/compiler/csharp/csharp_repeated_message_field.cc [for host]
____(10-17 12:29:38.454) [1,790 / 3,562] Compiling external/com_google_protobuf/src/google/protobuf/compiler/java/java_lazy_message_field_lite.cc [for host]
____(10-17 12:29:42.297) [1,830 / 3,602] Compiling external/com_google_protobuf/src/google/protobuf/compiler/java/java_enum.cc [for host]
____(10-17 12:29:48.772) [1,892 / 3,711] Writing file modules/planning/proto/libplanning_status_proto_lib.a-2.params
____(10-17 12:29:49.292) [1,936 / 3,720] Linking modules/planning/math/smoothing_spline/libaffine_constraint.a
____(10-17 12:29:49.422) [1,953 / 3,720] Linking modules/planning/math/smoothing_spline/libspline_2d_seg.a
____(10-17 12:29:49.616) [1,974 / 3,720] Linking modules/planning/math/piecewise_jerk/libpiecewise_jerk_speed_problem.so
____(10-17 12:29:49.772) [1,993 / 3,720] Linking modules/routing/graph/librouting_topo_range.so
____(10-17 12:29:49.928) [2,014 / 3,734] Symlinking virtual headers for @qpOASES//:qpOASES
____(10-17 12:29:49.958) [2,050 / 3,767] Compiling external/qpOASES/src/SQProblem.cpp
____(10-17 12:29:50.040) [2,058 / 3,767] Compiling external/qpOASES/src/Bounds.cpp
____(10-17 12:29:50.467) [2,090 / 3,772] Compiling external/proj4/src/pj_errno.c
____(10-17 12:29:50.986) [2,158 / 3,772] Compiling external/proj4/src/PJ_urm5.c
____(10-17 12:29:51.016) [2,163 / 3,772] Compiling external/proj4/src/PJ_eqc.c
____(10-17 12:29:51.046) [2,168 / 3,772] Compiling external/proj4/src/PJ_airy.c
____(10-17 12:29:51.239) [2,198 / 3,793] Compiling external/gtest/googletest/src/gtest-port.cc
____(10-17 12:29:52.446) [2,249 / 3,849] Linking modules/planning/common/libpath_boundary.a
____(10-17 12:29:52.523) [2,255 / 3,853] Compiling external/proj4/src/PJ_bipc.c
____(10-17 12:29:53.006) [2,271 / 3,874] Linking modules/planning/math/libcurve_math.so
____(10-17 12:29:53.321) [2,285 / 3,893] Compiling external/ad_rss_lib/src/generated/world/LaneDrivingDirection.cpp
____(10-17 12:29:53.501) [2,294 / 3,905] Compiling external/proj4/src/PJ_nell.c
____(10-17 12:29:54.556) [2,333 / 3,943] Testing //modules/planning/scenarios/narrow_street_u_turn:narrow_street_u_turn_scenario_test_cpplint
PASS: (10-17 12:29:54.718) //modules/planning/constraint_checker:constraint_checker1d_cpplint
PASS: (10-17 12:29:54.745) //modules/planning/constraint_checker:collision_checker_cpplint
PASS: (10-17 12:29:54.832) //modules/planning/scenarios/park/valet_parking:stage_approaching_parking_spot_test_cpplint
PASS: (10-17 12:29:54.853) //modules/planning/scenarios/narrow_street_u_turn:narrow_street_u_turn_scenario_test_cpplint
PASS: (10-17 12:29:54.857) //modules/planning/scenarios/narrow_street_u_turn:narrow_street_u_turn_scenario_cpplint
PASS: (10-17 12:29:54.898) //modules/planning/constraint_checker:constraint_checker_cpplint
PASS: (10-17 12:29:54.979) //modules/planning/scenarios/park/valet_parking:stage_parking_test_cpplint
PASS: (10-17 12:29:55.086) //modules/planning/scenarios/park/valet_parking:valet_parking_scenario_test_cpplint
PASS: (10-17 12:29:55.124) //modules/planning/scenarios/park/pull_over:pull_over_scenario_test_cpplint
PASS: (10-17 12:29:55.139) //modules/planning/scenarios/stop_sign/unprotected:stop_sign_unprotected_scenario_test_cpplint
PASS: (10-17 12:29:55.194) //modules/planning/scenarios/util:scenario_util_lib_cpplint
PASS: (10-17 12:29:55.298) //modules/planning/scenarios/traffic_light/protected:traffic_light_protected_scenario_test_cpplint
PASS: (10-17 12:29:55.329) //modules/planning/scenarios/traffic_light/unprotected_right_turn:traffic_light_right_turn_unprotected_scenario_test_cpplint
PASS: (10-17 12:29:55.370) //modules/planning/scenarios/traffic_light/unprotected_left_turn:traffic_light_left_turn_unprotected_scenario_test_cpplint
PASS: (10-17 12:29:55.386) //modules/planning/scenarios/park/valet_parking:valet_parking_cpplint
PASS: (10-17 12:29:55.409) //modules/planning/scenarios/lane_follow:lane_follow_scenario_test_cpplint
PASS: (10-17 12:29:55.454) //modules/planning/scenarios/lane_follow:lane_follow_scenario_cpplint
PASS: (10-17 12:29:55.477) //modules/planning/scenarios/bare_intersection/unprotected:bare_intersection_unprotected_scenario_test_cpplint
PASS: (10-17 12:29:55.576) //modules/planning/math:curve_math_test
PASS: (10-17 12:29:55.596) //modules/planning/scenarios/traffic_light/protected:traffic_light_protected_scenario_cpplint
PASS: (10-17 12:29:55.628) //modules/planning/math/smoothing_spline:spline_1d_kernel_test
PASS: (10-17 12:29:55.651) //modules/planning/scenarios/park/pull_over:pull_over_scenario_cpplint
PASS: (10-17 12:29:55.666) //modules/planning/integration_tests:garage_test_cpplint
PASS: (10-17 12:29:55.760) //modules/planning/integration_tests:sunnyvale_loop_test_cpplint
PASS: (10-17 12:29:55.777) //modules/planning/scenarios:stage_intersection_cruise_impl_cpplint
PASS: (10-17 12:29:55.791) //modules/planning/scenarios:stage_cpplint
PASS: (10-17 12:29:55.811) //modules/planning/scenarios:scenario_cpplint
PASS: (10-17 12:29:55.846) //modules/planning/scenarios/lane_follow:lane_follow_stage_cpplint
PASS: (10-17 12:29:55.880) //modules/planning/tasks/deciders/speed_bounds_decider:speed_limit_decider_test_cpplint
PASS: (10-17 12:29:55.889) //modules/planning/integration_tests:sunnyvale_big_loop_test_cpplint
PASS: (10-17 12:29:55.918) //modules/planning/tasks/deciders/speed_bounds_decider:st_boundary_mapper_test_cpplint
PASS: (10-17 12:29:55.980) //modules/planning/scenarios/traffic_light/unprotected_left_turn:traffic_light_unprotected_left_turn_scenario_cpplint
PASS: (10-17 12:29:56.013) //modules/planning/tasks/deciders/open_space_decider:open_space_fallback_decider_test_cpplint
PASS: (10-17 12:29:56.040) //modules/planning/integration_tests:planning_test_base_cpplint
PASS: (10-17 12:29:56.080) //modules/planning/tasks/deciders/open_space_decider:open_space_roi_decider_test_cpplint
PASS: (10-17 12:29:56.118) //modules/planning/tasks/deciders/lane_change_decider:lane_change_decider_cpplint
PASS: (10-17 12:29:56.120) //modules/planning/scenarios/traffic_light/unprotected_right_turn:traffic_light_unprotected_right_turn_scenario_cpplint
PASS: (10-17 12:29:56.123) //modules/planning/tasks/deciders/speed_bounds_decider:speed_bounds_decider_cpplint
PASS: (10-17 12:29:56.130) //modules/planning/tasks/deciders/creep_decider:creep_decider_test_cpplint
PASS: (10-17 12:29:56.159) //modules/planning/scenarios/stop_sign/unprotected:stop_sign_unprotected_scenario_cpplint
PASS: (10-17 12:29:56.204) //modules/planning/tasks/deciders/open_space_decider:open_space_pre_stop_decider_cpplint
PASS: (10-17 12:29:56.211) //modules/planning/scenarios:scenario_manager_cpplint
PASS: (10-17 12:29:56.229) //modules/planning/tasks/deciders/path_bounds_decider:path_bounds_decider_test_cpplint
PASS: (10-17 12:29:56.279) //modules/planning/tasks/deciders/creep_decider:creep_decider_cpplint
PASS: (10-17 12:29:56.326) //modules/planning/tasks/deciders/open_space_decider:open_space_fallback_decider_cpplint
PASS: (10-17 12:29:56.372) //modules/planning/tasks/deciders:path_decider_obstacle_utils_cpplint
PASS: (10-17 12:29:56.375) //modules/planning/tasks/deciders:decider_base_cpplint
PASS: (10-17 12:29:56.443) //modules/planning/tasks/optimizers/path_time_heuristic:gridded_path_time_graph_test_cpplint
PASS: (10-17 12:29:56.468) //modules/planning/tasks/optimizers/open_space_trajectory_generation:open_space_trajectory_optimizer_test_cpplint
PASS: (10-17 12:29:56.470) //modules/planning/tasks/deciders/path_lane_borrow_decider:path_lane_borrow_decider_cpplint
PASS: (10-17 12:29:56.489) //modules/planning/tasks/optimizers/path_time_heuristic:st_graph_point_cpplint
PASS: (10-17 12:29:56.512) //modules/planning/tasks/optimizers/path_time_heuristic:path_time_heuristic_optimizer_cpplint
PASS: (10-17 12:29:56.528) //modules/planning/tasks/deciders/rule_based_stop_decider:rule_based_stop_decider_cpplint
PASS: (10-17 12:29:56.550) //modules/planning/tasks/deciders/speed_bounds_decider:st_boundary_mapper_cpplint
PASS: (10-17 12:29:56.567) //modules/planning/tasks/deciders/path_assessment_decider:path_assessment_decider_cpplint
PASS: (10-17 12:29:56.574) //modules/planning/tasks/optimizers/open_space_trajectory_generation:open_space_trajectory_provider_test_cpplint
PASS: (10-17 12:29:56.625) //modules/planning/tasks/optimizers/open_space_trajectory_partition:open_space_trajectory_partition_test_cpplint
PASS: (10-17 12:29:56.731) //modules/planning/tasks/optimizers/path_time_heuristic:dp_st_cost_cpplint
PASS: (10-17 12:29:56.776) //modules/planning/tasks/deciders/open_space_decider:open_space_roi_decider_cpplint
PASS: (10-17 12:29:56.809) //modules/planning/tasks/optimizers:speed_optimizer_cpplint
PASS: (10-17 12:29:56.811) //modules/planning/tasks/optimizers:trajectory_optimizer_cpplint
PASS: (10-17 12:29:56.839) //modules/planning/tasks/optimizers/path_time_heuristic:gridded_path_time_graph_cpplint
PASS: (10-17 12:29:56.856) //modules/planning/tasks/optimizers/open_space_trajectory_generation:open_space_trajectory_provider_cpplint
PASS: (10-17 12:29:56.863) //modules/planning/tasks/optimizers:path_optimizer_cpplint
PASS: (10-17 12:29:56.889) //modules/planning/tasks/optimizers/path_decider:path_decider_cpplint
PASS: (10-17 12:29:56.904) //modules/planning/tasks/rss:decider_rss_test_cpplint
PASS: (10-17 12:29:56.956) //modules/planning/tasks/optimizers/piecewise_jerk_path:piecewise_jerk_path_optimizer_cpplint
PASS: (10-17 12:29:56.974) //modules/planning/tasks/smoothers:smoother_cpplint
PASS: (10-17 12:29:56.976) //modules/planning/tasks/optimizers/piecewise_jerk_speed:piecewise_jerk_speed_optimizer_cpplint
PASS: (10-17 12:29:56.978) //modules/planning/tasks/optimizers/speed_decider:speed_decider_cpplint
PASS: (10-17 12:29:57.093) //modules/planning/tasks:task_cpplint
PASS: (10-17 12:29:57.120) //modules/planning/common/trajectory:discretized_trajectory_test_cpplint
PASS: (10-17 12:29:57.120) //modules/planning/common/trajectory:publishable_trajectory_test_cpplint
____(10-17 12:29:57.125) [2,432 / 4,029] Testing //modules/planning/common/trajectory1d:standing_still_trajectory1d_cpplint
PASS: (10-17 12:29:57.190) //modules/planning/common/trajectory:publishable_trajectory_cpplint
PASS: (10-17 12:29:57.249) //modules/planning/tasks/optimizers/open_space_trajectory_generation:open_space_trajectory_optimizer_cpplint
PASS: (10-17 12:29:57.257) //modules/planning/common/speed:st_boundary_test_cpplint
PASS: (10-17 12:29:57.259) //modules/planning/common/speed:st_point_cpplint
PASS: (10-17 12:29:57.269) //modules/planning/common/trajectory:discretized_trajectory_cpplint
PASS: (10-17 12:29:57.270) //modules/planning/tasks/rss:decider_rss_cpplint
PASS: (10-17 12:29:57.288) //modules/planning/common/speed:speed_data_cpplint
PASS: (10-17 12:29:57.291) //modules/planning/tasks/optimizers/open_space_trajectory_partition:open_space_trajectory_partition_cpplint
PASS: (10-17 12:29:57.294) //modules/planning/common/trajectory1d:constant_deceleration_trajectory1d_cpplint
PASS: (10-17 12:29:57.328) //modules/planning/tasks:task_factory_cpplint
PASS: (10-17 12:29:57.395) //modules/planning/common/trajectory1d:constant_jerk_trajectory1d_cpplint
PASS: (10-17 12:29:57.455) //modules/planning/tasks/deciders/path_bounds_decider:path_bounds_decider_cpplint
PASS: (10-17 12:29:57.472) //modules/planning/common/trajectory1d:piecewise_trajectory1d_cpplint
PASS: (10-17 12:29:57.477) //modules/planning/common/trajectory1d:piecewise_acceleration_trajectory1d_cpplint
PASS: (10-17 12:29:57.479) //modules/planning/common/trajectory1d:piecewise_jerk_trajectory1d_cpplint
PASS: (10-17 12:29:57.481) //modules/planning/common/trajectory1d:standing_still_trajectory1d_cpplint
PASS: (10-17 12:29:57.504) //modules/planning/common/path:frenet_frame_path_test_cpplint
PASS: (10-17 12:29:57.525) //modules/planning/common/path:discretized_path_cpplint
PASS: (10-17 12:29:57.544) //modules/planning/common:ego_info_test_cpplint
PASS: (10-17 12:29:57.561) //modules/planning/common/path:discretized_path_test_cpplint
PASS: (10-17 12:29:57.602) //modules/planning/common/speed:st_boundary_cpplint
PASS: (10-17 12:29:57.620) //modules/planning/common/util:common_lib_cpplint
PASS: (10-17 12:29:57.654) //modules/planning/common:ego_info_cpplint
PASS: (10-17 12:29:57.661) //modules/planning/scenarios/bare_intersection/unprotected:bare_intersection_unprotected_scenario_cpplint
PASS: (10-17 12:29:57.687) //modules/planning/common/path:frenet_frame_path_cpplint
PASS: (10-17 12:29:57.699) //modules/planning/common:frame_test_cpplint
PASS: (10-17 12:29:57.707) //modules/planning/common/util:util_lib_cpplint
PASS: (10-17 12:29:57.711) //modules/planning/common:indexed_queue_test_cpplint
PASS: (10-17 12:29:57.736) //modules/planning/common:local_view_cpplint
PASS: (10-17 12:29:57.743) //modules/planning/common:indexed_list_test_cpplint
PASS: (10-17 12:29:57.764) //modules/planning/common:indexed_queue_cpplint
PASS: (10-17 12:29:57.827) //modules/planning/common/path:path_data_cpplint
PASS: (10-17 12:29:57.858) //modules/planning/common:open_space_info_test_cpplint
PASS: (10-17 12:29:57.891) //modules/planning/common:obstacle_blocking_analyzer_cpplint
PASS: (10-17 12:29:57.924) //modules/planning/common:speed_limit_test_cpplint
PASS: (10-17 12:29:57.947) //modules/planning/common:indexed_list_cpplint
PASS: (10-17 12:29:57.954) //modules/planning/common:path_boundary_cpplint
PASS: (10-17 12:29:57.964) //modules/planning/common:reference_line_info_test_cpplint
PASS: (10-17 12:29:57.995) //modules/planning/common:planning_context_cpplint
PASS: (10-17 12:29:58.006) //modules/planning/common:speed_profile_generator_test_cpplint
PASS: (10-17 12:29:58.014) //modules/planning/common:path_decision_cpplint
PASS: (10-17 12:29:58.039) //modules/planning/common:obstacle_test_cpplint
PASS: (10-17 12:29:58.086) //modules/planning/common:speed_limit_cpplint
PASS: (10-17 12:29:58.090) //modules/planning/common:st_graph_data_test_cpplint
PASS: (10-17 12:29:58.142) //modules/planning/common:st_graph_data_cpplint
PASS: (10-17 12:29:58.188) //modules/planning/common:speed_profile_generator_cpplint
PASS: (10-17 12:29:58.232) //modules/planning/reference_line:discrete_points_reference_line_smoother_test_cpplint
PASS: (10-17 12:29:58.258) //modules/planning/common:frame_cpplint
PASS: (10-17 12:29:58.297) //modules/planning/reference_line:spiral_reference_line_smoother_test_cpplint
PASS: (10-17 12:29:58.315) //modules/planning/common:trajectory_stitcher_cpplint
PASS: (10-17 12:29:58.332) //modules/planning/reference_line:reference_line_smoother_cpplint
PASS: (10-17 12:29:58.352) //modules/planning/reference_line:smoother_util_cpplint
PASS: (10-17 12:29:58.401) //modules/planning/reference_line:discrete_points_reference_line_smoother_cpplint
PASS: (10-17 12:29:58.409) //modules/planning/reference_line:spiral_smoother_util_cpplint
PASS: (10-17 12:29:58.430) //modules/planning/common:open_space_info_cpplint
____(10-17 12:29:58.433) [2,489 / 4,085] Testing //modules/planning/math/smoothing_spline:piecewise_linear_constraint_cpplint
PASS: (10-17 12:29:58.455) //modules/planning/common:planning_gflags_cpplint
PASS: (10-17 12:29:58.468) //modules/planning/reference_line:qp_spline_reference_line_smoother_cpplint
PASS: (10-17 12:29:58.528) //modules/planning/math/smoothing_spline:active_set_spline_1d_solver_test_cpplint
PASS: (10-17 12:29:58.535) //modules/planning/common:obstacle_cpplint
PASS: (10-17 12:29:58.598) //modules/planning/math/smoothing_spline:osqp_spline_1d_solver_test_cpplint
PASS: (10-17 12:29:58.614) //modules/planning/math/smoothing_spline:affine_constraint_cpplint
PASS: (10-17 12:29:58.640) //modules/planning/math/smoothing_spline:active_set_spline_1d_solver_cpplint
PASS: (10-17 12:29:58.651) //modules/planning/math/smoothing_spline:active_set_spline_2d_solver_test_cpplint
PASS: (10-17 12:29:58.658) //modules/planning/math/smoothing_spline:active_set_spline_2d_solver_cpplint
PASS: (10-17 12:29:58.660) //modules/planning/math/discretized_points_smoothing:fem_pos_deviation_smoother_cpplint
PASS: (10-17 12:29:58.739) //modules/planning/math/smoothing_spline:osqp_spline_2d_solver_test_cpplint
PASS: (10-17 12:29:58.753) //modules/planning/math/smoothing_spline:piecewise_linear_constraint_test_cpplint
PASS: (10-17 12:29:58.787) //modules/planning/math/smoothing_spline:osqp_spline_2d_solver_cpplint
PASS: (10-17 12:29:58.804) //modules/planning/math/smoothing_spline:osqp_spline_1d_solver_cpplint
PASS: (10-17 12:29:58.810) //modules/planning/reference_line:reference_line_provider_cpplint
PASS: (10-17 12:29:58.839) //modules/planning/math/discretized_points_smoothing:cos_theta_smoother_cpplint
PASS: (10-17 12:29:58.843) //modules/planning/math/smoothing_spline:piecewise_linear_constraint_cpplint
PASS: (10-17 12:29:58.861) //modules/planning/math/smoothing_spline:piecewise_linear_kernel_test_cpplint
PASS: (10-17 12:29:58.866) //modules/planning/math/smoothing_spline:piecewise_linear_generator_cpplint
PASS: (10-17 12:29:58.872) //modules/planning/common:reference_line_info_cpplint
PASS: (10-17 12:29:58.895) //modules/planning/math/smoothing_spline:piecewise_linear_kernel_cpplint
PASS: (10-17 12:29:58.957) //modules/planning/math/smoothing_spline:spline_1d_cpplint
PASS: (10-17 12:29:58.987) //modules/planning/math/smoothing_spline:spline_1d_seg_cpplint
PASS: (10-17 12:29:58.997) //modules/planning/reference_line:reference_line_cpplint
PASS: (10-17 12:29:59.077) //modules/planning/math/smoothing_spline:spline_2d_kernel_test_cpplint
PASS: (10-17 12:29:59.146) //modules/planning/math/smoothing_spline:spline_1d_kernel_cpplint
PASS: (10-17 12:29:59.152) //modules/planning/math/smoothing_spline:spline_1d_solver_cpplint
PASS: (10-17 12:29:59.155) //modules/planning/math/smoothing_spline:spline_1d_kernel_test_cpplint
PASS: (10-17 12:29:59.172) //modules/planning/math/smoothing_spline:spline_2d_seg_cpplint
PASS: (10-17 12:29:59.174) //modules/planning/math/smoothing_spline:spline_1d_constraint_test_cpplint
____(10-17 12:29:59.177) [2,519 / 4,115] Testing //modules/planning/math/curve1d:quintic_polynomial_curve1d_cpplint
PASS: (10-17 12:29:59.198) //modules/planning/math/smoothing_spline:spline_2d_cpplint
PASS: (10-17 12:29:59.199) //modules/planning/math/smoothing_spline:spline_2d_kernel_cpplint
PASS: (10-17 12:29:59.230) //modules/planning/math/smoothing_spline:spline_2d_constraint_test_cpplint
PASS: (10-17 12:29:59.239) //modules/planning/math/curve1d:curve1d_cpplint
PASS: (10-17 12:29:59.251) //modules/planning/math/curve1d:cubic_polynomial_curve1d_test_cpplint
PASS: (10-17 12:29:59.303) //modules/planning/math/piecewise_jerk:piecewise_jerk_path_problem_cpplint
PASS: (10-17 12:29:59.305) //modules/planning/math/piecewise_jerk:piecewise_jerk_speed_problem_cpplint
PASS: (10-17 12:29:59.315) //modules/planning/math/smoothing_spline:spline_seg_kernel_cpplint
PASS: (10-17 12:29:59.394) //modules/planning/math/curve1d:piecewise_quintic_spiral_path_test_cpplint
PASS: (10-17 12:29:59.407) //modules/planning/math/smoothing_spline:spline_1d_constraint_cpplint
PASS: (10-17 12:29:59.417) //modules/planning/reference_line:spiral_reference_line_smoother_cpplint
PASS: (10-17 12:29:59.427) //modules/planning/math/curve1d:cubic_polynomial_curve1d_cpplint
PASS: (10-17 12:29:59.435) //modules/planning/math/curve1d:quintic_polynomial_curve1d_test_cpplint
PASS: (10-17 12:29:59.442) //modules/planning/math/curve1d:piecewise_quintic_spiral_path_cpplint
PASS: (10-17 12:29:59.443) //modules/planning/math/smoothing_spline:spline_2d_solver_cpplint
PASS: (10-17 12:29:59.452) //modules/planning/math/curve1d:polynomial_curve1d_cpplint
PASS: (10-17 12:29:59.477) //modules/planning/math/curve1d:quartic_polynomial_curve1d_test_cpplint
PASS: (10-17 12:29:59.495) //modules/planning/math/piecewise_jerk:piecewise_jerk_problem_cpplint
PASS: (10-17 12:29:59.499) //modules/planning/math:curve_math_test_cpplint
PASS: (10-17 12:29:59.573) //modules/planning/math:curve_math_cpplint
PASS: (10-17 12:29:59.582) //modules/planning/math/curve1d:quartic_polynomial_curve1d_cpplint
PASS: (10-17 12:29:59.603) //modules/planning/open_space/tools:hybrid_a_star_wrapper_lib.so_cpplint
PASS: (10-17 12:29:59.646) //modules/planning/math:discrete_points_math_cpplint
PASS: (10-17 12:29:59.665) //modules/planning/math:polynomial_xd_cpplint
PASS: (10-17 12:29:59.676) //modules/planning/math/curve1d:quintic_polynomial_curve1d_cpplint
PASS: (10-17 12:29:59.754) //modules/planning/open_space/trajectory_smoother:distance_approach_problem_test_cpplint
PASS: (10-17 12:29:59.766) //modules/planning/reference_line:qp_spline_reference_line_smoother_test_cpplint
PASS: (10-17 12:29:59.768) //modules/planning/open_space/trajectory_smoother:distance_approach_ipopt_cuda_interface_test_cpplint
PASS: (10-17 12:29:59.793) //modules/planning/open_space/trajectory_smoother:distance_approach_ipopt_interface_test_cpplint
PASS: (10-17 12:29:59.820) //modules/planning/open_space/trajectory_smoother:dual_variable_warm_start_ipopt_interface_test_cpplint
PASS: (10-17 12:29:59.838) //modules/planning/open_space/tools:distance_approach_problem_wrapper_lib.so_cpplint
PASS: (10-17 12:29:59.895) //modules/planning/open_space/trajectory_smoother:dual_variable_warm_start_problem_test_cpplint
PASS: (10-17 12:29:59.900) //modules/planning/open_space/trajectory_smoother:dual_variable_warm_start_osqp_interface_test_cpplint
PASS: (10-17 12:29:59.943) //modules/planning/open_space/tools:open_space_roi_wrapper_lib.so_cpplint
PASS: (10-17 12:29:59.960) //modules/planning/open_space/trajectory_smoother:distance_approach_problem_cpplint
PASS: (10-17 12:30:00.052) //modules/planning/open_space/trajectory_smoother:planning_block_cpplint
PASS: (10-17 12:30:00.087) //modules/planning/open_space/coarse_trajectory_generator:hybrid_a_star_test_cpplint
PASS: (10-17 12:30:00.134) //modules/planning/open_space/trajectory_smoother:distance_approach_ipopt_cuda_interface_cpplint
PASS: (10-17 12:30:00.174) //modules/planning/open_space/trajectory_smoother:dual_variable_warm_start_problem_cpplint
PASS: (10-17 12:30:00.178) //modules/planning/open_space/coarse_trajectory_generator:node3d_test_cpplint
PASS: (10-17 12:30:00.226) //modules/planning/open_space/coarse_trajectory_generator:reeds_shepp_path_test_cpplint
PASS: (10-17 12:30:00.227) //modules/planning/open_space/trajectory_smoother:dual_variable_warm_start_ipopt_interface_cpplint
PASS: (10-17 12:30:00.228) //modules/planning/math/curve1d:quintic_spiral_path_cpplint
PASS: (10-17 12:30:00.248) //modules/planning/tuning/speed_model:autotuning_speed_feature_builder_test_cpplint
PASS: (10-17 12:30:00.288) //modules/planning/math/smoothing_spline:spline_2d_constraint_cpplint
PASS: (10-17 12:30:00.305) //modules/planning/open_space/trajectory_smoother:dual_variable_warm_start_osqp_interface_cpplint
PASS: (10-17 12:30:00.306) //modules/planning/open_space/coarse_trajectory_generator:node3d_cpplint
PASS: (10-17 12:30:00.339) //modules/planning/open_space/trajectory_smoother:iterative_anchoring_smoother_cpplint
PASS: (10-17 12:30:00.372) //modules/planning/tuning/speed_model:autotuning_speed_mlp_model_test_cpplint
PASS: (10-17 12:30:00.434) //modules/planning/open_space/coarse_trajectory_generator:grid_search_cpplint
PASS: (10-17 12:30:00.435) //modules/planning/open_space/trajectory_smoother:dual_variable_warm_start_ipopt_qp_interface_cpplint
PASS: (10-17 12:30:00.470) //modules/planning/tuning/speed_model:autotuning_speed_feature_builder_cpplint
PASS: (10-17 12:30:00.472) //modules/planning/tuning:autotuning_mlp_net_model_test_cpplint
PASS: (10-17 12:30:00.475) //modules/planning/tuning:autotuning_raw_feature_generator_test_cpplint
PASS: (10-17 12:30:00.485) //modules/planning/tuning:autotuning_feature_builder_cpplint
PASS: (10-17 12:30:00.492) //modules/planning/tuning:autotuning_base_model_cpplint
PASS: (10-17 12:30:00.492) //modules/planning/tuning:autotuning_mlp_net_model_cpplint
____(10-17 12:30:00.497) [2,600 / 4,210] Testing //modules/planning/navi/decider:navi_path_decider_cpplint
PASS: (10-17 12:30:00.532) //modules/planning/tuning/speed_model:autotuning_speed_mlp_model_cpplint
PASS: (10-17 12:30:00.586) //modules/planning/planner/navi:navi_planner_test_cpplint
PASS: (10-17 12:30:00.599) //modules/planning/open_space/coarse_trajectory_generator:hybrid_a_star_cpplint
PASS: (10-17 12:30:00.644) //modules/planning/tuning:autotuning_raw_feature_generator_cpplint
PASS: (10-17 12:30:00.746) //modules/planning/open_space/trajectory_smoother:distance_approach_ipopt_fixed_ts_interface_cpplint
PASS: (10-17 12:30:00.813) //modules/planning/navi/decider:navi_task_cpplint
PASS: (10-17 12:30:00.825) //modules/planning:planning_component_lib_cpplint
PASS: (10-17 12:30:00.902) //modules/planning/planner/lattice:lattice_planner_cpplint
PASS: (10-17 12:30:00.904) //modules/planning/open_space/coarse_trajectory_generator:reeds_shepp_path_cpplint
PASS: (10-17 12:30:00.926) //modules/planning/planner/rtk:rtk_planner_cpplint
____(10-17 12:30:00.934) [2,662 / 4,287] Creating runfiles tree bazel-out/local-fastbuild/bin/modules/planning/lattice/behavior/prediction_querier_cpplint.runfiles
PASS: (10-17 12:30:00.974) //modules/planning/traffic_rules:traffic_decider_cpplint
PASS: (10-17 12:30:01.003) //modules/planning/lattice/trajectory_generation:trajectory_combiner_cpplint
____(10-17 12:30:01.007) [2,669 / 4,296] Writing file modules/planning/lattice/behavior/libpath_time_graph.a-2.params
PASS: (10-17 12:30:01.035) //modules/planning/planner/navi:navi_planner_cpplint
____(10-17 12:30:01.037) [2,674 / 4,302] Writing file modules/planning/lattice/behavior/libfeasible_region.a-2.params
____(10-17 12:30:01.067) [2,679 / 4,306] Linking external/com_google_protobuf/libprotobuf.a [for host]
PASS: (10-17 12:30:01.085) //modules/planning/lattice/trajectory_generation:piecewise_braking_trajectory_generator_cpplint
PASS: (10-17 12:30:01.148) //modules/planning/lattice/trajectory_generation:trajectory_evaluator_cpplint
PASS: (10-17 12:30:01.161) //modules/planning/lattice/trajectory_generation:lattice_trajectory1d_cpplint
PASS: (10-17 12:30:01.170) //modules/planning/lattice/trajectory_generation:lateral_qp_optimizer_cpplint
PASS: (10-17 12:30:01.205) //modules/planning/navi/decider:navi_decider_test_cpplint
PASS: (10-17 12:30:01.223) //modules/planning/lattice/trajectory_generation:trajectory1d_generator_cpplint
PASS: (10-17 12:30:01.251) //modules/planning/navi/decider:navi_path_decider_cpplint
____(10-17 12:30:01.255) [2,702 / 4,334] Writing file modules/planning/planner/public_road/public_road_planner_test-2.params
PASS: (10-17 12:30:01.266) //modules/planning/open_space/trajectory_smoother:distance_approach_ipopt_interface_cpplint
PASS: (10-17 12:30:01.295) //modules/planning/navi/decider:navi_obstacle_decider_cpplint
PASS: (10-17 12:30:01.298) //modules/planning/lattice/behavior:prediction_querier_cpplint
PASS: (10-17 12:30:01.306) //modules/planning/lattice/trajectory_generation:lateral_osqp_optimizer_cpplint
PASS: (10-17 12:30:01.355) //modules/planning/lattice/trajectory_generation:backup_trajectory_generator_cpplint
PASS: (10-17 12:30:01.364) //modules/planning/lattice/behavior:feasible_region_cpplint
PASS: (10-17 12:30:01.390) //modules/planning/lattice/trajectory_generation:end_condition_sampler_cpplint
PASS: (10-17 12:30:01.427) //modules/planning/planner:on_lane_planner_dispatcher_test_cpplint
PASS: (10-17 12:30:01.558) //modules/planning/navi/decider:navi_speed_decider_cpplint
PASS: (10-17 12:30:01.584) //modules/planning/planner:planner_dispatcher_cpplint
PASS: (10-17 12:30:01.588) //modules/planning/planner:planner_cpplint
PASS: (10-17 12:30:01.602) //modules/planning/lattice/behavior:path_time_graph_cpplint
____(10-17 12:30:01.856) [2,765 / 4,353] Generating Descriptor Set proto_library //modules/planning/proto:lattice_sampling_config_proto_lib
____(10-17 12:30:01.889) From Generating Descriptor Set proto_library //modules/planning/proto:planning_config_proto_lib:
modules/planning/proto/planning_config.proto: warning: Import modules/planning/proto/planner_open_space_config.proto but not used.
PASS: (10-17 12:30:02.176) //modules/planning:planning_lib_cpplint
PASS: (10-17 12:30:02.237) //modules/planning/planner/public_road:public_road_planner_test_cpplint
PASS: (10-17 12:30:02.241) //modules/planning/planner:navi_planner_dispatcher_test_cpplint
PASS: (10-17 12:30:02.255) //modules/planning/traffic_rules:traffic_rules_cpplint
PASS: (10-17 12:30:02.387) //modules/planning/planner/rtk:rtk_replay_planner_test_cpplint
PASS: (10-17 12:30:02.400) //modules/planning/planner/public_road:public_road_planner_cpplint
____(10-17 12:30:02.418) [2,819 / 4,354] Compiling modules/planning/proto/path_decider_info.pb.cc
____(10-17 12:30:03.416) [2,828 / 4,354] Generating C++ proto_library //modules/planning/proto:auto_tuning_raw_feature_lib
____(10-17 12:30:03.643) [2,858 / 4,354] Compiling modules/planning/proto/open_space_fallback_decider_config.pb.cc
PASS: (10-17 12:30:06.381) //modules/planning/tuning/speed_model:autotuning_speed_feature_builder_test
____(10-17 12:30:06.628) [2,993 / 4,355] Compiling modules/common/util/json_util.cc
____(10-17 12:30:07.308) [3,023 / 4,355] Linking cyber/proto/libtransport_conf_proto.a
PASS: (10-17 12:30:08.486) //modules/planning/math/smoothing_spline:piecewise_linear_kernel_test
PASS: (10-17 12:30:08.667) //modules/planning/math/smoothing_spline:piecewise_linear_constraint_test
PASS: (10-17 12:30:08.714) //modules/planning/math/smoothing_spline:spline_1d_constraint_test
PASS: (10-17 12:30:09.111) //modules/planning/math/curve1d:cubic_polynomial_curve1d_test
____(10-17 12:30:09.727) [3,124 / 4,359] Linking modules/planning/math/curve1d/quintic_polynomial_curve1d_test
PASS: (10-17 12:30:09.970) //modules/planning/math/curve1d:quartic_polynomial_curve1d_test
PASS: (10-17 12:30:10.059) //modules/planning/math/curve1d:quintic_polynomial_curve1d_test
____(10-17 12:30:11.325) [3,196 / 4,361] Compiling cyber/parameter/parameter_client.cc
____(10-17 12:30:11.813) [3,209 / 4,361] Linking cyber/parameter/libparameter.a
____(10-17 12:30:11.927) [3,215 / 4,361] Compiling cyber/component/timer_component.cc
____(10-17 12:30:12.261) [3,217 / 4,361] Linking cyber/timer/libtiming_wheel.so
____(10-17 12:30:13.182) [3,234 / 4,361] Compiling cyber/record/header_builder.cc
____(10-17 12:30:15.065) [3,286 / 4,361] Compiling modules/planning/math/smoothing_spline/osqp_spline_1d_solver_test.cc
____(10-17 12:30:16.179) [3,315 / 4,361] Compiling modules/common/math/vec2d.cc
____(10-17 12:30:17.407) [3,340 / 4,361] Compiling modules/common/math/cartesian_frenet_conversion.cc
____(10-17 12:30:18.890) [3,371 / 4,361] Linking cyber/libcyber_core.a
____(10-17 12:30:19.066) [3,377 / 4,361] Generating C++ proto_library //modules/planning/proto:dp_st_speed_config_proto_lib
____(10-17 12:30:19.567) [3,385 / 4,361] Generating C++ proto_library //modules/planning/proto:lattice_structure_proto_lib
____(10-17 12:30:19.908) [3,402 / 4,361] Generating C++ proto_library //modules/prediction/proto:scenario_proto_lib
____(10-17 12:30:21.350) [3,446 / 4,361] Compiling modules/map/proto/map_overlap.pb.cc
____(10-17 12:30:22.828) [3,477 / 4,361] Compiling modules/routing/core/black_list_range_generator.cc
____(10-17 12:30:23.978) [3,495 / 4,361] Compiling modules/perception/proto/perception_lane.pb.cc
____(10-17 12:30:25.455) [3,521 / 4,361] Compiling modules/planning/tasks/optimizers/path_time_heuristic/st_graph_point.cc
____(10-17 12:30:27.439) [3,560 / 4,361] Compiling modules/map/hdmap/adapter/xml_parser/header_xml_parser.cc
____(10-17 12:30:28.419) [3,582 / 4,361] Compiling modules/common/configs/vehicle_config_helper.cc
____(10-17 12:30:28.890) [3,590 / 4,361] Compiling modules/planning/lattice/trajectory_generation/lateral_qp_optimizer.cc
____(10-17 12:30:30.418) [3,630 / 4,361] Compiling modules/map/hdmap/hdmap_impl.cc
____(10-17 12:30:32.144) [3,670 / 4,361] Linking modules/localization/proto/liblocalization_proto_lib.so
____(10-17 12:30:34.176) From Generating C++ proto_library //modules/planning/proto:planning_config_proto_lib:
modules/planning/proto/planning_config.proto: warning: Import modules/planning/proto/planner_open_space_config.proto but not used.
____(10-17 12:30:37.578) [3,707 / 4,361] Compiling modules/planning/reference_line/spiral_reference_line_smoother.cc
____(10-17 12:30:37.704) [3,709 / 4,361] Compiling modules/planning/reference_line/spiral_problem_interface.cc
____(10-17 12:30:38.342) [3,716 / 4,361] Compiling modules/planning/reference_line/spiral_smoother_util.cc
____(10-17 12:30:39.631) [3,723 / 4,361] Linking modules/planning/proto/libplanning_proto_lib.so
____(10-17 12:30:41.168) [3,740 / 4,361] Compiling modules/planning/open_space/trajectory_smoother/dual_variable_warm_start_osqp_interface_test.cc
____(10-17 12:30:41.936) [3,743 / 4,361] Compiling modules/planning/open_space/trajectory_smoother/distance_approach_ipopt_interface_test.cc
____(10-17 12:30:43.370) [3,750 / 4,361] Compiling modules/planning/open_space/trajectory_smoother/distance_approach_ipopt_fixed_ts_interface.cc
____(10-17 12:30:44.384) [3,764 / 4,361] Linking cyber/parameter/libparameter_client.a
____(10-17 12:30:45.894) [3,776 / 4,361] Linking modules/planning/common/path/discretized_path_test
PASS: (10-17 12:30:46.967) //modules/planning/common/path:discretized_path_test
PASS: (10-17 12:30:47.163) //modules/planning/common:indexed_queue_test
PASS: (10-17 12:30:47.366) //modules/planning/common:indexed_list_test
PASS: (10-17 12:30:47.398) //modules/planning/math/smoothing_spline:active_set_spline_1d_solver_test
____(10-17 12:30:47.436) [3,811 / 4,366] Linking modules/planning/open_space/tools/open_space_roi_wrapper_lib.so
PASS: (10-17 12:30:47.713) //modules/planning/math/smoothing_spline:osqp_spline_1d_solver_test
PASS: (10-17 12:30:47.837) //modules/planning/math/smoothing_spline:active_set_spline_2d_solver_test
PASS: (10-17 12:30:47.865) //modules/planning/math/smoothing_spline:osqp_spline_2d_solver_test
PASS: (10-17 12:30:47.963) //modules/planning/math/smoothing_spline:spline_2d_constraint_test
____(10-17 12:30:48.180) [3,825 / 4,371] Testing //modules/planning/math/curve1d:piecewise_quintic_spiral_path_test
PASS: (10-17 12:30:48.356) //modules/planning/math/smoothing_spline:spline_2d_kernel_test
PASS: (10-17 12:30:48.486) //modules/planning/math/curve1d:piecewise_quintic_spiral_path_test
PASS: (10-17 12:30:48.816) //modules/planning/tuning:autotuning_mlp_net_model_test
PASS: (10-17 12:30:48.860) //modules/planning/tuning/speed_model:autotuning_speed_mlp_model_test
____(10-17 12:30:50.203) [3,847 / 4,373] Compiling modules/planning/lattice/behavior/prediction_querier.cc
____(10-17 12:30:51.240) [3,859 / 4,373] Compiling modules/planning/common/st_graph_data.cc
____(10-17 12:30:52.967) [3,878 / 4,373] Compiling modules/planning/common/ego_info_test.cc
____(10-17 12:30:53.477) [3,883 / 4,373] Compiling modules/planning/scenarios/util/util.cc
____(10-17 12:31:04.507) [3,936 / 4,373] Compiling modules/planning/tasks/optimizers/speed_decider/speed_decider.cc
____(10-17 12:31:10.346) [3,955 / 4,373] Compiling modules/planning/common/obstacle_blocking_analyzer.cc
____(10-17 12:31:10.893) [3,961 / 4,373] Compiling modules/planning/tasks/deciders/path_lane_borrow_decider/path_lane_borrow_decider.cc
____(10-17 12:31:11.017) [3,963 / 4,373] Compiling modules/planning/common/speed_profile_generator.cc
____(10-17 12:31:12.013) [3,972 / 4,373] Compiling modules/planning/tasks/optimizers/piecewise_jerk_speed/piecewise_jerk_speed_optimizer.cc
____(10-17 12:31:12.836) [3,976 / 4,373] Compiling modules/planning/tasks/deciders/path_decider_obstacle_utils.cc
____(10-17 12:31:19.022) [4,005 / 4,373] Compiling modules/planning/open_space/coarse_trajectory_generator/reeds_shepp_path.cc
____(10-17 12:31:22.003) [4,015 / 4,373] Compiling modules/planning/open_space/coarse_trajectory_generator/hybrid_a_star.cc
____(10-17 12:31:24.398) [4,022 / 4,373] Linking modules/planning/common/libspeed_profile_generator.a
____(10-17 12:31:24.559) [4,029 / 4,373] Compiling modules/planning/tasks/optimizers/open_space_trajectory_generation/open_space_trajectory_optimizer_test.cc
____(10-17 12:31:24.595) [4,031 / 4,373] Compiling modules/planning/tasks/optimizers/open_space_trajectory_generation/open_space_trajectory_optimizer.cc
____(10-17 12:31:24.645) [4,033 / 4,373] Compiling modules/planning/tasks/optimizers/open_space_trajectory_generation/open_space_trajectory_provider_test.cc
____(10-17 12:31:25.963) [4,041 / 4,373] Compiling modules/planning/lattice/trajectory_generation/end_condition_sampler.cc
____(10-17 12:31:30.540) [4,050 / 4,373] Compiling modules/planning/tasks/optimizers/piecewise_jerk_path/piecewise_jerk_path_optimizer.cc
____(10-17 12:31:31.468) [4,054 / 4,373] Compiling modules/planning/tasks/deciders/speed_bounds_decider/speed_limit_decider.cc
____(10-17 12:31:32.414) [4,066 / 4,373] Compiling modules/planning/tasks/deciders/speed_bounds_decider/st_boundary_mapper_test.cc
____(10-17 12:31:39.117) [4,082 / 4,373] Compiling modules/planning/tasks/deciders/speed_bounds_decider/speed_bounds_decider.cc
____(10-17 12:31:43.861) [4,107 / 4,373] Compiling modules/planning/scenarios/park/valet_parking/valet_parking_scenario.cc
____(10-17 12:31:46.685) [4,115 / 4,373] Linking modules/planning/tasks/optimizers/path_time_heuristic/libpath_time_heuristic_optimizer.a
____(10-17 12:31:48.263) [4,126 / 4,373] Compiling modules/planning/scenarios/traffic_light/protected/traffic_light_protected_scenario.cc
____(10-17 12:31:58.009) [4,163 / 4,373] Compiling modules/planning/scenarios/traffic_light/unprotected_right_turn/traffic_light_unprotected_right_turn_scenario.cc
____(10-17 12:32:08.106) [4,184 / 4,373] Compiling modules/planning/scenarios/traffic_light/unprotected_left_turn/traffic_light_unprotected_left_turn_scenario_test.cc
____(10-17 12:32:08.267) [4,187 / 4,373] Compiling modules/planning/scenarios/traffic_light/unprotected_left_turn/stage_intersection_cruise.cc
____(10-17 12:32:11.866) [4,196 / 4,373] Compiling modules/planning/planner/rtk/rtk_replay_planner_test.cc
____(10-17 12:32:26.732) [4,242 / 4,373] Compiling modules/planning/planner/navi_planner_dispatcher_test.cc
____(10-17 12:32:34.615) [4,255 / 4,373] Compiling modules/planning/integration_tests/planning_test_base.cc
____(10-17 12:32:46.338) [4,299 / 4,373] Linking modules/planning/scenarios/traffic_light/unprotected_left_turn/traffic_light_left_turn_unprotected_scenario_test
FAIL: (10-17 12:32:47.943) //modules/planning/scenarios/narrow_street_u_turn:narrow_street_u_turn_scenario_test (see /home/user/.cache/bazel/_bazel_user/540135163923dd7d5820f3ee4b306b32/execroot/apollo/bazel-out/local-fastbuild/testlogs/modules/planning/scenarios/narrow_street_u_turn/narrow_street_u_turn_scenario_test/test.log)
____(10-17 12:32:47.944) From Testing //modules/planning/scenarios/narrow_street_u_turn:narrow_street_u_turn_scenario_test:
==================== Test output for //modules/planning/scenarios/narrow_street_u_turn:narrow_street_u_turn_scenario_test:
/home/user/.cache/bazel/_bazel_user/540135163923dd7d5820f3ee4b306b32/execroot/apollo/bazel-out/local-fastbuild/bin/modules/planning/scenarios/narrow_street_u_turn/narrow_street_u_turn_scenario_test.runfiles/apollo/modules/planning/scenarios/narrow_street_u_turn/narrow_street_u_turn_scenario_test: error while loading shared libraries: libadolc.so.2: cannot open shared object file: No such file or directory
================================================================================
FAIL: (10-17 12:32:48.011) //modules/planning/scenarios/traffic_light/unprotected_right_turn:traffic_light_right_turn_unprotected_scenario_test (see /home/user/.cache/bazel/_bazel_user/540135163923dd7d5820f3ee4b306b32/execroot/apollo/bazel-out/local-fastbuild/testlogs/modules/planning/scenarios/traffic_light/unprotected_right_turn/traffic_light_right_turn_unprotected_scenario_test/test.log)
____(10-17 12:32:48.011) From Testing //modules/planning/scenarios/traffic_light/unprotected_right_turn:traffic_light_right_turn_unprotected_scenario_test:
==================== Test output for //modules/planning/scenarios/traffic_light/unprotected_right_turn:traffic_light_right_turn_unprotected_scenario_test:
/home/user/.cache/bazel/_bazel_user/540135163923dd7d5820f3ee4b306b32/execroot/apollo/bazel-out/local-fastbuild/bin/modules/planning/scenarios/traffic_light/unprotected_right_turn/traffic_light_right_turn_unprotected_scenario_test.runfiles/apollo/modules/planning/scenarios/traffic_light/unprotected_right_turn/traffic_light_right_turn_unprotected_scenario_test: error while loading shared libraries: libadolc.so.2: cannot open shared object file: No such file or directory
================================================================================
FAIL: (10-17 12:32:49.221) //modules/planning/scenarios/park/pull_over:pull_over_scenario_test (see /home/user/.cache/bazel/_bazel_user/540135163923dd7d5820f3ee4b306b32/execroot/apollo/bazel-out/local-fastbuild/testlogs/modules/planning/scenarios/park/pull_over/pull_over_scenario_test/test.log)
____(10-17 12:32:49.222) From Testing //modules/planning/scenarios/park/pull_over:pull_over_scenario_test:
==================== Test output for //modules/planning/scenarios/park/pull_over:pull_over_scenario_test:
/home/user/.cache/bazel/_bazel_user/540135163923dd7d5820f3ee4b306b32/execroot/apollo/bazel-out/local-fastbuild/bin/modules/planning/scenarios/park/pull_over/pull_over_scenario_test.runfiles/apollo/modules/planning/scenarios/park/pull_over/pull_over_scenario_test: error while loading shared libraries: libadolc.so.2: cannot open shared object file: No such file or directory
================================================================================
FAIL: (10-17 12:32:49.289) //modules/planning/planner/rtk:rtk_replay_planner_test (see /home/user/.cache/bazel/_bazel_user/540135163923dd7d5820f3ee4b306b32/execroot/apollo/bazel-out/local-fastbuild/testlogs/modules/planning/planner/rtk/rtk_replay_planner_test/test.log)
____(10-17 12:32:49.290) From Testing //modules/planning/planner/rtk:rtk_replay_planner_test:
==================== Test output for //modules/planning/planner/rtk:rtk_replay_planner_test:
/home/user/.cache/bazel/_bazel_user/540135163923dd7d5820f3ee4b306b32/execroot/apollo/bazel-out/local-fastbuild/bin/modules/planning/planner/rtk/rtk_replay_planner_test.runfiles/apollo/modules/planning/planner/rtk/rtk_replay_planner_test: error while loading shared libraries: libadolc.so.2: cannot open shared object file: No such file or directory
================================================================================
FAIL: (10-17 12:32:49.972) //modules/planning/scenarios/park/valet_parking:stage_parking_test (see /home/user/.cache/bazel/_bazel_user/540135163923dd7d5820f3ee4b306b32/execroot/apollo/bazel-out/local-fastbuild/testlogs/modules/planning/scenarios/park/valet_parking/stage_parking_test/test.log)
____(10-17 12:32:49.972) From Testing //modules/planning/scenarios/park/valet_parking:stage_parking_test:
==================== Test output for //modules/planning/scenarios/park/valet_parking:stage_parking_test:
/home/user/.cache/bazel/_bazel_user/540135163923dd7d5820f3ee4b306b32/execroot/apollo/bazel-out/local-fastbuild/bin/modules/planning/scenarios/park/valet_parking/stage_parking_test.runfiles/apollo/modules/planning/scenarios/park/valet_parking/stage_parking_test: error while loading shared libraries: libadolc.so.2: cannot open shared object file: No such file or directory
================================================================================
FAIL: (10-17 12:32:50.051) //modules/planning/planner:navi_planner_dispatcher_test (see /home/user/.cache/bazel/_bazel_user/540135163923dd7d5820f3ee4b306b32/execroot/apollo/bazel-out/local-fastbuild/testlogs/modules/planning/planner/navi_planner_dispatcher_test/test.log)
____(10-17 12:32:50.052) From Testing //modules/planning/planner:navi_planner_dispatcher_test:
==================== Test output for //modules/planning/planner:navi_planner_dispatcher_test:
/home/user/.cache/bazel/_bazel_user/540135163923dd7d5820f3ee4b306b32/execroot/apollo/bazel-out/local-fastbuild/bin/modules/planning/planner/navi_planner_dispatcher_test.runfiles/apollo/modules/planning/planner/navi_planner_dispatcher_test: error while loading shared libraries: libadolc.so.2: cannot open shared object file: No such file or directory
================================================================================
FAIL: (10-17 12:32:50.161) //modules/planning/navi/decider:navi_decider_test (see /home/user/.cache/bazel/_bazel_user/540135163923dd7d5820f3ee4b306b32/execroot/apollo/bazel-out/local-fastbuild/testlogs/modules/planning/navi/decider/navi_decider_test/test.log)
____(10-17 12:32:50.162) From Testing //modules/planning/navi/decider:navi_decider_test:
==================== Test output for //modules/planning/navi/decider:navi_decider_test:
/home/user/.cache/bazel/_bazel_user/540135163923dd7d5820f3ee4b306b32/execroot/apollo/bazel-out/local-fastbuild/bin/modules/planning/navi/decider/navi_decider_test.runfiles/apollo/modules/planning/navi/decider/navi_decider_test: error while loading shared libraries: libadolc.so.2: cannot open shared object file: No such file or directory
================================================================================
FAIL: (10-17 12:32:50.639) //modules/planning/scenarios/park/valet_parking:valet_parking_scenario_test (see /home/user/.cache/bazel/_bazel_user/540135163923dd7d5820f3ee4b306b32/execroot/apollo/bazel-out/local-fastbuild/testlogs/modules/planning/scenarios/park/valet_parking/valet_parking_scenario_test/test.log)
____(10-17 12:32:50.639) From Testing //modules/planning/scenarios/park/valet_parking:valet_parking_scenario_test:
==================== Test output for //modules/planning/scenarios/park/valet_parking:valet_parking_scenario_test:
/home/user/.cache/bazel/_bazel_user/540135163923dd7d5820f3ee4b306b32/execroot/apollo/bazel-out/local-fastbuild/bin/modules/planning/scenarios/park/valet_parking/valet_parking_scenario_test.runfiles/apollo/modules/planning/scenarios/park/valet_parking/valet_parking_scenario_test: error while loading shared libraries: libadolc.so.2: cannot open shared object file: No such file or directory
================================================================================
FAIL: (10-17 12:32:50.769) //modules/planning/scenarios/park/valet_parking:stage_approaching_parking_spot_test (see /home/user/.cache/bazel/_bazel_user/540135163923dd7d5820f3ee4b306b32/execroot/apollo/bazel-out/local-fastbuild/testlogs/modules/planning/scenarios/park/valet_parking/stage_approaching_parking_spot_test/test.log)
____(10-17 12:32:50.770) From Testing //modules/planning/scenarios/park/valet_parking:stage_approaching_parking_spot_test:
==================== Test output for //modules/planning/scenarios/park/valet_parking:stage_approaching_parking_spot_test:
/home/user/.cache/bazel/_bazel_user/540135163923dd7d5820f3ee4b306b32/execroot/apollo/bazel-out/local-fastbuild/bin/modules/planning/scenarios/park/valet_parking/stage_approaching_parking_spot_test.runfiles/apollo/modules/planning/scenarios/park/valet_parking/stage_approaching_parking_spot_test: error while loading shared libraries: libadolc.so.2: cannot open shared object file: No such file or directory
================================================================================
FAIL: (10-17 12:32:51.411) //modules/planning/planner/public_road:public_road_planner_test (see /home/user/.cache/bazel/_bazel_user/540135163923dd7d5820f3ee4b306b32/execroot/apollo/bazel-out/local-fastbuild/testlogs/modules/planning/planner/public_road/public_road_planner_test/test.log)
____(10-17 12:32:51.412) From Testing //modules/planning/planner/public_road:public_road_planner_test:
==================== Test output for //modules/planning/planner/public_road:public_road_planner_test:
/home/user/.cache/bazel/_bazel_user/540135163923dd7d5820f3ee4b306b32/execroot/apollo/bazel-out/local-fastbuild/bin/modules/planning/planner/public_road/public_road_planner_test.runfiles/apollo/modules/planning/planner/public_road/public_road_planner_test: error while loading shared libraries: libadolc.so.2: cannot open shared object file: No such file or directory
================================================================================
FAIL: (10-17 12:32:51.504) //modules/planning/scenarios/stop_sign/unprotected:stop_sign_unprotected_scenario_test (see /home/user/.cache/bazel/_bazel_user/540135163923dd7d5820f3ee4b306b32/execroot/apollo/bazel-out/local-fastbuild/testlogs/modules/planning/scenarios/stop_sign/unprotected/stop_sign_unprotected_scenario_test/test.log)
____(10-17 12:32:51.504) From Testing //modules/planning/scenarios/stop_sign/unprotected:stop_sign_unprotected_scenario_test:
==================== Test output for //modules/planning/scenarios/stop_sign/unprotected:stop_sign_unprotected_scenario_test:
/home/user/.cache/bazel/_bazel_user/540135163923dd7d5820f3ee4b306b32/execroot/apollo/bazel-out/local-fastbuild/bin/modules/planning/scenarios/stop_sign/unprotected/stop_sign_unprotected_scenario_test.runfiles/apollo/modules/planning/scenarios/stop_sign/unprotected/stop_sign_unprotected_scenario_test: error while loading shared libraries: libadolc.so.2: cannot open shared object file: No such file or directory
================================================================================
FAIL: (10-17 12:32:51.830) //modules/planning/scenarios/traffic_light/protected:traffic_light_protected_scenario_test (see /home/user/.cache/bazel/_bazel_user/540135163923dd7d5820f3ee4b306b32/execroot/apollo/bazel-out/local-fastbuild/testlogs/modules/planning/scenarios/traffic_light/protected/traffic_light_protected_scenario_test/test.log)
____(10-17 12:32:51.831) From Testing //modules/planning/scenarios/traffic_light/protected:traffic_light_protected_scenario_test:
==================== Test output for //modules/planning/scenarios/traffic_light/protected:traffic_light_protected_scenario_test:
/home/user/.cache/bazel/_bazel_user/540135163923dd7d5820f3ee4b306b32/execroot/apollo/bazel-out/local-fastbuild/bin/modules/planning/scenarios/traffic_light/protected/traffic_light_protected_scenario_test.runfiles/apollo/modules/planning/scenarios/traffic_light/protected/traffic_light_protected_scenario_test: error while loading shared libraries: libadolc.so.2: cannot open shared object file: No such file or directory
================================================================================
FAIL: (10-17 12:32:52.130) //modules/planning/planner:on_lane_planner_dispatcher_test (see /home/user/.cache/bazel/_bazel_user/540135163923dd7d5820f3ee4b306b32/execroot/apollo/bazel-out/local-fastbuild/testlogs/modules/planning/planner/on_lane_planner_dispatcher_test/test.log)
____(10-17 12:32:52.131) From Testing //modules/planning/planner:on_lane_planner_dispatcher_test:
==================== Test output for //modules/planning/planner:on_lane_planner_dispatcher_test:
/home/user/.cache/bazel/_bazel_user/540135163923dd7d5820f3ee4b306b32/execroot/apollo/bazel-out/local-fastbuild/bin/modules/planning/planner/on_lane_planner_dispatcher_test.runfiles/apollo/modules/planning/planner/on_lane_planner_dispatcher_test: error while loading shared libraries: libadolc.so.2: cannot open shared object file: No such file or directory
================================================================================
FAIL: (10-17 12:32:52.332) //modules/planning/scenarios/traffic_light/unprotected_left_turn:traffic_light_left_turn_unprotected_scenario_test (see /home/user/.cache/bazel/_bazel_user/540135163923dd7d5820f3ee4b306b32/execroot/apollo/bazel-out/local-fastbuild/testlogs/modules/planning/scenarios/traffic_light/unprotected_left_turn/traffic_light_left_turn_unprotected_scenario_test/test.log)
____(10-17 12:32:52.332) From Testing //modules/planning/scenarios/traffic_light/unprotected_left_turn:traffic_light_left_turn_unprotected_scenario_test:
==================== Test output for //modules/planning/scenarios/traffic_light/unprotected_left_turn:traffic_light_left_turn_unprotected_scenario_test:
/home/user/.cache/bazel/_bazel_user/540135163923dd7d5820f3ee4b306b32/execroot/apollo/bazel-out/local-fastbuild/bin/modules/planning/scenarios/traffic_light/unprotected_left_turn/traffic_light_left_turn_unprotected_scenario_test.runfiles/apollo/modules/planning/scenarios/traffic_light/unprotected_left_turn/traffic_light_left_turn_unprotected_scenario_test: error while loading shared libraries: libadolc.so.2: cannot open shared object file: No such file or directory
================================================================================
FAIL: (10-17 12:32:52.929) //modules/planning/scenarios/bare_intersection/unprotected:bare_intersection_unprotected_scenario_test (see /home/user/.cache/bazel/_bazel_user/540135163923dd7d5820f3ee4b306b32/execroot/apollo/bazel-out/local-fastbuild/testlogs/modules/planning/scenarios/bare_intersection/unprotected/bare_intersection_unprotected_scenario_test/test.log)
____(10-17 12:32:52.930) From Testing //modules/planning/scenarios/bare_intersection/unprotected:bare_intersection_unprotected_scenario_test:
==================== Test output for //modules/planning/scenarios/bare_intersection/unprotected:bare_intersection_unprotected_scenario_test:
/home/user/.cache/bazel/_bazel_user/540135163923dd7d5820f3ee4b306b32/execroot/apollo/bazel-out/local-fastbuild/bin/modules/planning/scenarios/bare_intersection/unprotected/bare_intersection_unprotected_scenario_test.runfiles/apollo/modules/planning/scenarios/bare_intersection/unprotected/bare_intersection_unprotected_scenario_test: error while loading shared libraries: libadolc.so.2: cannot open shared object file: No such file or directory
================================================================================
FAIL: (10-17 12:32:53.011) //modules/planning/scenarios/lane_follow:lane_follow_scenario_test (see /home/user/.cache/bazel/_bazel_user/540135163923dd7d5820f3ee4b306b32/execroot/apollo/bazel-out/local-fastbuild/testlogs/modules/planning/scenarios/lane_follow/lane_follow_scenario_test/test.log)
____(10-17 12:32:53.012) From Testing //modules/planning/scenarios/lane_follow:lane_follow_scenario_test:
==================== Test output for //modules/planning/scenarios/lane_follow:lane_follow_scenario_test:
/home/user/.cache/bazel/_bazel_user/540135163923dd7d5820f3ee4b306b32/execroot/apollo/bazel-out/local-fastbuild/bin/modules/planning/scenarios/lane_follow/lane_follow_scenario_test.runfiles/apollo/modules/planning/scenarios/lane_follow/lane_follow_scenario_test: error while loading shared libraries: libadolc.so.2: cannot open shared object file: No such file or directory
================================================================================
FAIL: (10-17 12:32:53.184) //modules/planning/tasks/deciders/speed_bounds_decider:speed_limit_decider_test (see /home/user/.cache/bazel/_bazel_user/540135163923dd7d5820f3ee4b306b32/execroot/apollo/bazel-out/local-fastbuild/testlogs/modules/planning/tasks/deciders/speed_bounds_decider/speed_limit_decider_test/test.log)
____(10-17 12:32:53.185) From Testing //modules/planning/tasks/deciders/speed_bounds_decider:speed_limit_decider_test:
==================== Test output for //modules/planning/tasks/deciders/speed_bounds_decider:speed_limit_decider_test:
/home/user/.cache/bazel/_bazel_user/540135163923dd7d5820f3ee4b306b32/execroot/apollo/bazel-out/local-fastbuild/bin/modules/planning/tasks/deciders/speed_bounds_decider/speed_limit_decider_test.runfiles/apollo/modules/planning/tasks/deciders/speed_bounds_decider/speed_limit_decider_test: error while loading shared libraries: libadolc.so.2: cannot open shared object file: No such file or directory
================================================================================
==================== Test output for //modules/planning/tasks/deciders/speed_bounds_decider:st_boundary_mapper_test:
/home/user/.cache/bazel/_bazel_user/540135163923dd7d5820f3ee4b306b32/execroot/apollo/bazel-out/local-fastbuild/bin/modules/planning/tasks/deciders/speed_bounds_decider/st_boundary_mapper_test.runfiles/apollo/modules/planning/tasks/deciders/speed_bounds_decider/st_boundary_mapper_test: error while loading shared libraries: libadolc.so.2: cannot open shared object file: No such file or directory
FAIL: (10-17 12:32:53.554) //modules/planning/tasks/deciders/speed_bounds_decider:st_boundary_mapper_test (see /home/user/.cache/bazel/_bazel_user/540135163923dd7d5820f3ee4b306b32/execroot/apollo/bazel-out/local-fastbuild/testlogs/modules/planning/tasks/deciders/speed_bounds_decider/st_boundary_mapper_test/test.log)
____(10-17 12:32:53.554) From Testing //modules/planning/tasks/deciders/speed_bounds_decider:st_boundary_mapper_test:
================================================================================
FAIL: (10-17 12:32:53.779) //modules/planning/tasks/deciders/open_space_decider:open_space_fallback_decider_test (see /home/user/.cache/bazel/_bazel_user/540135163923dd7d5820f3ee4b306b32/execroot/apollo/bazel-out/local-fastbuild/testlogs/modules/planning/tasks/deciders/open_space_decider/open_space_fallback_decider_test/test.log)
____(10-17 12:32:53.779) From Testing //modules/planning/tasks/deciders/open_space_decider:open_space_fallback_decider_test:
==================== Test output for //modules/planning/tasks/deciders/open_space_decider:open_space_fallback_decider_test:
/home/user/.cache/bazel/_bazel_user/540135163923dd7d5820f3ee4b306b32/execroot/apollo/bazel-out/local-fastbuild/bin/modules/planning/tasks/deciders/open_space_decider/open_space_fallback_decider_test.runfiles/apollo/modules/planning/tasks/deciders/open_space_decider/open_space_fallback_decider_test: error while loading shared libraries: libadolc.so.2: cannot open shared object file: No such file or directory
================================================================================
FAIL: (10-17 12:32:54.249) //modules/planning/tasks/deciders/open_space_decider:open_space_roi_decider_test (see /home/user/.cache/bazel/_bazel_user/540135163923dd7d5820f3ee4b306b32/execroot/apollo/bazel-out/local-fastbuild/testlogs/modules/planning/tasks/deciders/open_space_decider/open_space_roi_decider_test/test.log)
____(10-17 12:32:54.249) From Testing //modules/planning/tasks/deciders/open_space_decider:open_space_roi_decider_test:
==================== Test output for //modules/planning/tasks/deciders/open_space_decider:open_space_roi_decider_test:
/home/user/.cache/bazel/_bazel_user/540135163923dd7d5820f3ee4b306b32/execroot/apollo/bazel-out/local-fastbuild/bin/modules/planning/tasks/deciders/open_space_decider/open_space_roi_decider_test.runfiles/apollo/modules/planning/tasks/deciders/open_space_decider/open_space_roi_decider_test: error while loading shared libraries: libadolc.so.2: cannot open shared object file: No such file or directory
================================================================================
FAIL: (10-17 12:32:54.335) //modules/planning/tasks/deciders/creep_decider:creep_decider_test (see /home/user/.cache/bazel/_bazel_user/540135163923dd7d5820f3ee4b306b32/execroot/apollo/bazel-out/local-fastbuild/testlogs/modules/planning/tasks/deciders/creep_decider/creep_decider_test/test.log)
____(10-17 12:32:54.336) From Testing //modules/planning/tasks/deciders/creep_decider:creep_decider_test:
==================== Test output for //modules/planning/tasks/deciders/creep_decider:creep_decider_test:
/home/user/.cache/bazel/_bazel_user/540135163923dd7d5820f3ee4b306b32/execroot/apollo/bazel-out/local-fastbuild/bin/modules/planning/tasks/deciders/creep_decider/creep_decider_test.runfiles/apollo/modules/planning/tasks/deciders/creep_decider/creep_decider_test: error while loading shared libraries: libadolc.so.2: cannot open shared object file: No such file or directory
================================================================================
FAIL: (10-17 12:32:54.530) //modules/planning/tasks/deciders/path_bounds_decider:path_bounds_decider_test (see /home/user/.cache/bazel/_bazel_user/540135163923dd7d5820f3ee4b306b32/execroot/apollo/bazel-out/local-fastbuild/testlogs/modules/planning/tasks/deciders/path_bounds_decider/path_bounds_decider_test/test.log)
____(10-17 12:32:54.530) From Testing //modules/planning/tasks/deciders/path_bounds_decider:path_bounds_decider_test:
==================== Test output for //modules/planning/tasks/deciders/path_bounds_decider:path_bounds_decider_test:
/home/user/.cache/bazel/_bazel_user/540135163923dd7d5820f3ee4b306b32/execroot/apollo/bazel-out/local-fastbuild/bin/modules/planning/tasks/deciders/path_bounds_decider/path_bounds_decider_test.runfiles/apollo/modules/planning/tasks/deciders/path_bounds_decider/path_bounds_decider_test: error while loading shared libraries: libadolc.so.2: cannot open shared object file: No such file or directory
================================================================================
FAIL: (10-17 12:32:54.885) //modules/planning/tasks/optimizers/path_time_heuristic:gridded_path_time_graph_test (see /home/user/.cache/bazel/_bazel_user/540135163923dd7d5820f3ee4b306b32/execroot/apollo/bazel-out/local-fastbuild/testlogs/modules/planning/tasks/optimizers/path_time_heuristic/gridded_path_time_graph_test/test.log)
____(10-17 12:32:54.886) From Testing //modules/planning/tasks/optimizers/path_time_heuristic:gridded_path_time_graph_test:
==================== Test output for //modules/planning/tasks/optimizers/path_time_heuristic:gridded_path_time_graph_test:
/home/user/.cache/bazel/_bazel_user/540135163923dd7d5820f3ee4b306b32/execroot/apollo/bazel-out/local-fastbuild/bin/modules/planning/tasks/optimizers/path_time_heuristic/gridded_path_time_graph_test.runfiles/apollo/modules/planning/tasks/optimizers/path_time_heuristic/gridded_path_time_graph_test: error while loading shared libraries: libadolc.so.2: cannot open shared object file: No such file or directory
================================================================================
FAIL: (10-17 12:32:55.478) //modules/planning/tasks/optimizers/open_space_trajectory_generation:open_space_trajectory_optimizer_test (see /home/user/.cache/bazel/_bazel_user/540135163923dd7d5820f3ee4b306b32/execroot/apollo/bazel-out/local-fastbuild/testlogs/modules/planning/tasks/optimizers/open_space_trajectory_generation/open_space_trajectory_optimizer_test/test.log)
____(10-17 12:32:55.478) From Testing //modules/planning/tasks/optimizers/open_space_trajectory_generation:open_space_trajectory_optimizer_test:
==================== Test output for //modules/planning/tasks/optimizers/open_space_trajectory_generation:open_space_trajectory_optimizer_test:
/home/user/.cache/bazel/_bazel_user/540135163923dd7d5820f3ee4b306b32/execroot/apollo/bazel-out/local-fastbuild/bin/modules/planning/tasks/optimizers/open_space_trajectory_generation/open_space_trajectory_optimizer_test.runfiles/apollo/modules/planning/tasks/optimizers/open_space_trajectory_generation/open_space_trajectory_optimizer_test: error while loading shared libraries: libadolc.so.2: cannot open shared object file: No such file or directory
================================================================================
____(10-17 12:32:55.515) [4,357 / 4,398] Testing //modules/planning/tasks/optimizers/open_space_trajectory_generation:open_space_trajectory_provider_test
==================== Test output for //modules/planning/tasks/optimizers/open_space_trajectory_generation:open_space_trajectory_provider_test:
/home/user/.cache/bazel/_bazel_user/540135163923dd7d5820f3ee4b306b32/execroot/apollo/bazel-out/local-fastbuild/bin/modules/planning/tasks/optimizers/open_space_trajectory_generation/open_space_trajectory_provider_test.runfiles/apollo/modules/planning/tasks/optimizers/open_space_trajectory_generation/open_space_trajectory_provider_test: error while loading shared libraries: libadolc.so.2: cannot open shared object file: No such file or directory
================================================================================
FAIL: (10-17 12:32:55.589) //modules/planning/tasks/optimizers/open_space_trajectory_generation:open_space_trajectory_provider_test (see /home/user/.cache/bazel/_bazel_user/540135163923dd7d5820f3ee4b306b32/execroot/apollo/bazel-out/local-fastbuild/testlogs/modules/planning/tasks/optimizers/open_space_trajectory_generation/open_space_trajectory_provider_test/test.log)
____(10-17 12:32:55.590) From Testing //modules/planning/tasks/optimizers/open_space_trajectory_generation:open_space_trajectory_provider_test:
FAIL: (10-17 12:32:55.671) //modules/planning/planner/navi:navi_planner_test (see /home/user/.cache/bazel/_bazel_user/540135163923dd7d5820f3ee4b306b32/execroot/apollo/bazel-out/local-fastbuild/testlogs/modules/planning/planner/navi/navi_planner_test/test.log)
____(10-17 12:32:55.672) From Testing //modules/planning/planner/navi:navi_planner_test:
==================== Test output for //modules/planning/planner/navi:navi_planner_test:
/home/user/.cache/bazel/_bazel_user/540135163923dd7d5820f3ee4b306b32/execroot/apollo/bazel-out/local-fastbuild/bin/modules/planning/planner/navi/navi_planner_test.runfiles/apollo/modules/planning/planner/navi/navi_planner_test: error while loading shared libraries: libadolc.so.2: cannot open shared object file: No such file or directory
================================================================================
FAIL: (10-17 12:32:55.866) //modules/planning/tasks/optimizers/open_space_trajectory_partition:open_space_trajectory_partition_test (see /home/user/.cache/bazel/_bazel_user/540135163923dd7d5820f3ee4b306b32/execroot/apollo/bazel-out/local-fastbuild/testlogs/modules/planning/tasks/optimizers/open_space_trajectory_partition/open_space_trajectory_partition_test/test.log)
____(10-17 12:32:55.867) From Testing //modules/planning/tasks/optimizers/open_space_trajectory_partition:open_space_trajectory_partition_test:
==================== Test output for //modules/planning/tasks/optimizers/open_space_trajectory_partition:open_space_trajectory_partition_test:
/home/user/.cache/bazel/_bazel_user/540135163923dd7d5820f3ee4b306b32/execroot/apollo/bazel-out/local-fastbuild/bin/modules/planning/tasks/optimizers/open_space_trajectory_partition/open_space_trajectory_partition_test.runfiles/apollo/modules/planning/tasks/optimizers/open_space_trajectory_partition/open_space_trajectory_partition_test: error while loading shared libraries: libadolc.so.2: cannot open shared object file: No such file or directory
================================================================================
FAIL: (10-17 12:32:56.478) //modules/planning/tasks/rss:decider_rss_test (see /home/user/.cache/bazel/_bazel_user/540135163923dd7d5820f3ee4b306b32/execroot/apollo/bazel-out/local-fastbuild/testlogs/modules/planning/tasks/rss/decider_rss_test/test.log)
____(10-17 12:32:56.478) From Testing //modules/planning/tasks/rss:decider_rss_test:
==================== Test output for //modules/planning/tasks/rss:decider_rss_test:
/home/user/.cache/bazel/_bazel_user/540135163923dd7d5820f3ee4b306b32/execroot/apollo/bazel-out/local-fastbuild/bin/modules/planning/tasks/rss/decider_rss_test.runfiles/apollo/modules/planning/tasks/rss/decider_rss_test: error while loading shared libraries: libadolc.so.2: cannot open shared object file: No such file or directory
================================================================================
PASS: (10-17 12:32:56.705) //modules/planning/common/path:frenet_frame_path_test
PASS: (10-17 12:32:56.755) //modules/planning/common/speed:st_boundary_test
PASS: (10-17 12:32:56.798) //modules/planning/common/trajectory:publishable_trajectory_test
PASS: (10-17 12:32:56.954) //modules/planning/common/trajectory:discretized_trajectory_test
FAIL: (10-17 12:32:57.723) //modules/planning/common:ego_info_test (see /home/user/.cache/bazel/_bazel_user/540135163923dd7d5820f3ee4b306b32/execroot/apollo/bazel-out/local-fastbuild/testlogs/modules/planning/common/ego_info_test/test.log)
____(10-17 12:32:57.724) From Testing //modules/planning/common:ego_info_test:
==================== Test output for //modules/planning/common:ego_info_test:
/home/user/.cache/bazel/_bazel_user/540135163923dd7d5820f3ee4b306b32/execroot/apollo/bazel-out/local-fastbuild/bin/modules/planning/common/ego_info_test.runfiles/apollo/modules/planning/common/ego_info_test: error while loading shared libraries: libadolc.so.2: cannot open shared object file: No such file or directory
================================================================================
PASS: (10-17 12:32:57.778) //modules/planning/common:obstacle_test
FAIL: (10-17 12:32:57.806) //modules/planning/common:frame_test (see /home/user/.cache/bazel/_bazel_user/540135163923dd7d5820f3ee4b306b32/execroot/apollo/bazel-out/local-fastbuild/testlogs/modules/planning/common/frame_test/test.log)
____(10-17 12:32:57.806) From Testing //modules/planning/common:frame_test:
==================== Test output for //modules/planning/common:frame_test:
/home/user/.cache/bazel/_bazel_user/540135163923dd7d5820f3ee4b306b32/execroot/apollo/bazel-out/local-fastbuild/bin/modules/planning/common/frame_test.runfiles/apollo/modules/planning/common/frame_test: error while loading shared libraries: libadolc.so.2: cannot open shared object file: No such file or directory
================================================================================
____(10-17 12:32:57.811) [4,380 / 4,410] Linking modules/planning/open_space/coarse_trajectory_generator/hybrid_a_star_test
PASS: (10-17 12:32:57.863) //modules/planning/common:reference_line_info_test
____(10-17 12:32:57.900) [4,382 / 4,411] Testing //modules/planning/common:speed_limit_test
PASS: (10-17 12:32:57.990) //modules/planning/common:open_space_info_test
PASS: (10-17 12:32:58.348) //modules/planning/common:speed_limit_test
PASS: (10-17 12:32:58.676) //modules/planning/common:st_graph_data_test
FAIL: (10-17 12:32:58.839) //modules/planning/common:speed_profile_generator_test (see /home/user/.cache/bazel/_bazel_user/540135163923dd7d5820f3ee4b306b32/execroot/apollo/bazel-out/local-fastbuild/testlogs/modules/planning/common/speed_profile_generator_test/test.log)
____(10-17 12:32:58.839) From Testing //modules/planning/common:speed_profile_generator_test:
==================== Test output for //modules/planning/common:speed_profile_generator_test:
/home/user/.cache/bazel/_bazel_user/540135163923dd7d5820f3ee4b306b32/execroot/apollo/bazel-out/local-fastbuild/bin/modules/planning/common/speed_profile_generator_test.runfiles/apollo/modules/planning/common/speed_profile_generator_test: error while loading shared libraries: libadolc.so.2: cannot open shared object file: No such file or directory
================================================================================
FAIL: (10-17 12:32:59.054) //modules/planning/reference_line:discrete_points_reference_line_smoother_test (see /home/user/.cache/bazel/_bazel_user/540135163923dd7d5820f3ee4b306b32/execroot/apollo/bazel-out/local-fastbuild/testlogs/modules/planning/reference_line/discrete_points_reference_line_smoother_test/test.log)
____(10-17 12:32:59.055) From Testing //modules/planning/reference_line:discrete_points_reference_line_smoother_test:
==================== Test output for //modules/planning/reference_line:discrete_points_reference_line_smoother_test:
/home/user/.cache/bazel/_bazel_user/540135163923dd7d5820f3ee4b306b32/execroot/apollo/bazel-out/local-fastbuild/bin/modules/planning/reference_line/discrete_points_reference_line_smoother_test.runfiles/apollo/modules/planning/reference_line/discrete_points_reference_line_smoother_test: error while loading shared libraries: libadolc.so.2: cannot open shared object file: No such file or directory
================================================================================
PASS: (10-17 12:32:59.367) //modules/planning/reference_line:qp_spline_reference_line_smoother_test
FAIL: (10-17 12:32:59.722) //modules/planning/open_space/trajectory_smoother:distance_approach_ipopt_cuda_interface_test (see /home/user/.cache/bazel/_bazel_user/540135163923dd7d5820f3ee4b306b32/execroot/apollo/bazel-out/local-fastbuild/testlogs/modules/planning/open_space/trajectory_smoother/distance_approach_ipopt_cuda_interface_test/test.log)
____(10-17 12:32:59.722) From Testing //modules/planning/open_space/trajectory_smoother:distance_approach_ipopt_cuda_interface_test:
==================== Test output for //modules/planning/open_space/trajectory_smoother:distance_approach_ipopt_cuda_interface_test:
/home/user/.cache/bazel/_bazel_user/540135163923dd7d5820f3ee4b306b32/execroot/apollo/bazel-out/local-fastbuild/bin/modules/planning/open_space/trajectory_smoother/distance_approach_ipopt_cuda_interface_test.runfiles/apollo/modules/planning/open_space/trajectory_smoother/distance_approach_ipopt_cuda_interface_test: error while loading shared libraries: libadolc.so.2: cannot open shared object file: No such file or directory
================================================================================
FAIL: (10-17 12:32:59.998) //modules/planning/open_space/trajectory_smoother:distance_approach_ipopt_interface_test (see /home/user/.cache/bazel/_bazel_user/540135163923dd7d5820f3ee4b306b32/execroot/apollo/bazel-out/local-fastbuild/testlogs/modules/planning/open_space/trajectory_smoother/distance_approach_ipopt_interface_test/test.log)
____(10-17 12:32:59.998) From Testing //modules/planning/open_space/trajectory_smoother:distance_approach_ipopt_interface_test:
==================== Test output for //modules/planning/open_space/trajectory_smoother:distance_approach_ipopt_interface_test:
/home/user/.cache/bazel/_bazel_user/540135163923dd7d5820f3ee4b306b32/execroot/apollo/bazel-out/local-fastbuild/bin/modules/planning/open_space/trajectory_smoother/distance_approach_ipopt_interface_test.runfiles/apollo/modules/planning/open_space/trajectory_smoother/distance_approach_ipopt_interface_test: error while loading shared libraries: libadolc.so.2: cannot open shared object file: No such file or directory
================================================================================
FAIL: (10-17 12:33:00.796) //modules/planning/open_space/trajectory_smoother:dual_variable_warm_start_ipopt_interface_test (see /home/user/.cache/bazel/_bazel_user/540135163923dd7d5820f3ee4b306b32/execroot/apollo/bazel-out/local-fastbuild/testlogs/modules/planning/open_space/trajectory_smoother/dual_variable_warm_start_ipopt_interface_test/test.log)
____(10-17 12:33:00.797) From Testing //modules/planning/open_space/trajectory_smoother:dual_variable_warm_start_ipopt_interface_test:
==================== Test output for //modules/planning/open_space/trajectory_smoother:dual_variable_warm_start_ipopt_interface_test:
/home/user/.cache/bazel/_bazel_user/540135163923dd7d5820f3ee4b306b32/execroot/apollo/bazel-out/local-fastbuild/bin/modules/planning/open_space/trajectory_smoother/dual_variable_warm_start_ipopt_interface_test.runfiles/apollo/modules/planning/open_space/trajectory_smoother/dual_variable_warm_start_ipopt_interface_test: error while loading shared libraries: libadolc.so.2: cannot open shared object file: No such file or directory
================================================================================
FAIL: (10-17 12:33:00.874) //modules/planning/open_space/trajectory_smoother:distance_approach_problem_test (see /home/user/.cache/bazel/_bazel_user/540135163923dd7d5820f3ee4b306b32/execroot/apollo/bazel-out/local-fastbuild/testlogs/modules/planning/open_space/trajectory_smoother/distance_approach_problem_test/test.log)
____(10-17 12:33:00.875) From Testing //modules/planning/open_space/trajectory_smoother:distance_approach_problem_test:
==================== Test output for //modules/planning/open_space/trajectory_smoother:distance_approach_problem_test:
/home/user/.cache/bazel/_bazel_user/540135163923dd7d5820f3ee4b306b32/execroot/apollo/bazel-out/local-fastbuild/bin/modules/planning/open_space/trajectory_smoother/distance_approach_problem_test.runfiles/apollo/modules/planning/open_space/trajectory_smoother/distance_approach_problem_test: error while loading shared libraries: libadolc.so.2: cannot open shared object file: No such file or directory
================================================================================
FAIL: (10-17 12:33:01.258) //modules/planning/open_space/trajectory_smoother:dual_variable_warm_start_osqp_interface_test (see /home/user/.cache/bazel/_bazel_user/540135163923dd7d5820f3ee4b306b32/execroot/apollo/bazel-out/local-fastbuild/testlogs/modules/planning/open_space/trajectory_smoother/dual_variable_warm_start_osqp_interface_test/test.log)
____(10-17 12:33:01.258) From Testing //modules/planning/open_space/trajectory_smoother:dual_variable_warm_start_osqp_interface_test:
==================== Test output for //modules/planning/open_space/trajectory_smoother:dual_variable_warm_start_osqp_interface_test:
/home/user/.cache/bazel/_bazel_user/540135163923dd7d5820f3ee4b306b32/execroot/apollo/bazel-out/local-fastbuild/bin/modules/planning/open_space/trajectory_smoother/dual_variable_warm_start_osqp_interface_test.runfiles/apollo/modules/planning/open_space/trajectory_smoother/dual_variable_warm_start_osqp_interface_test: error while loading shared libraries: libadolc.so.2: cannot open shared object file: No such file or directory
================================================================================
FAIL: (10-17 12:33:01.507) //modules/planning/open_space/trajectory_smoother:dual_variable_warm_start_problem_test (see /home/user/.cache/bazel/_bazel_user/540135163923dd7d5820f3ee4b306b32/execroot/apollo/bazel-out/local-fastbuild/testlogs/modules/planning/open_space/trajectory_smoother/dual_variable_warm_start_problem_test/test.log)
____(10-17 12:33:01.507) From Testing //modules/planning/open_space/trajectory_smoother:dual_variable_warm_start_problem_test:
==================== Test output for //modules/planning/open_space/trajectory_smoother:dual_variable_warm_start_problem_test:
/home/user/.cache/bazel/_bazel_user/540135163923dd7d5820f3ee4b306b32/execroot/apollo/bazel-out/local-fastbuild/bin/modules/planning/open_space/trajectory_smoother/dual_variable_warm_start_problem_test.runfiles/apollo/modules/planning/open_space/trajectory_smoother/dual_variable_warm_start_problem_test: error while loading shared libraries: libadolc.so.2: cannot open shared object file: No such file or directory
================================================================================
FAIL: (10-17 12:33:02.093) //modules/planning/open_space/coarse_trajectory_generator:hybrid_a_star_test (see /home/user/.cache/bazel/_bazel_user/540135163923dd7d5820f3ee4b306b32/execroot/apollo/bazel-out/local-fastbuild/testlogs/modules/planning/open_space/coarse_trajectory_generator/hybrid_a_star_test/test.log)
____(10-17 12:33:02.093) From Testing //modules/planning/open_space/coarse_trajectory_generator:hybrid_a_star_test:
==================== Test output for //modules/planning/open_space/coarse_trajectory_generator:hybrid_a_star_test:
/home/user/.cache/bazel/_bazel_user/540135163923dd7d5820f3ee4b306b32/execroot/apollo/bazel-out/local-fastbuild/bin/modules/planning/open_space/coarse_trajectory_generator/hybrid_a_star_test.runfiles/apollo/modules/planning/open_space/coarse_trajectory_generator/hybrid_a_star_test: error while loading shared libraries: libadolc.so.2: cannot open shared object file: No such file or directory
================================================================================
____(10-17 12:33:02.623) [4,412 / 4,424] Testing //modules/planning/open_space/coarse_trajectory_generator:node3d_test
____(10-17 12:33:02.657) [4,413 / 4,425] Testing //modules/planning/open_space/coarse_trajectory_generator:reeds_shepp_path_test
FAIL: (10-17 12:33:02.784) //modules/planning/open_space/coarse_trajectory_generator:node3d_test (see /home/user/.cache/bazel/_bazel_user/540135163923dd7d5820f3ee4b306b32/execroot/apollo/bazel-out/local-fastbuild/testlogs/modules/planning/open_space/coarse_trajectory_generator/node3d_test/test.log)
____(10-17 12:33:02.784) From Testing //modules/planning/open_space/coarse_trajectory_generator:node3d_test:
==================== Test output for //modules/planning/open_space/coarse_trajectory_generator:node3d_test:
/home/user/.cache/bazel/_bazel_user/540135163923dd7d5820f3ee4b306b32/execroot/apollo/bazel-out/local-fastbuild/bin/modules/planning/open_space/coarse_trajectory_generator/node3d_test.runfiles/apollo/modules/planning/open_space/coarse_trajectory_generator/node3d_test: error while loading shared libraries: libadolc.so.2: cannot open shared object file: No such file or directory
================================================================================
FAIL: (10-17 12:33:02.820) //modules/planning/open_space/coarse_trajectory_generator:reeds_shepp_path_test (see /home/user/.cache/bazel/_bazel_user/540135163923dd7d5820f3ee4b306b32/execroot/apollo/bazel-out/local-fastbuild/testlogs/modules/planning/open_space/coarse_trajectory_generator/reeds_shepp_path_test/test.log)
____(10-17 12:33:02.820) From Testing //modules/planning/open_space/coarse_trajectory_generator:reeds_shepp_path_test:
==================== Test output for //modules/planning/open_space/coarse_trajectory_generator:reeds_shepp_path_test:
/home/user/.cache/bazel/_bazel_user/540135163923dd7d5820f3ee4b306b32/execroot/apollo/bazel-out/local-fastbuild/bin/modules/planning/open_space/coarse_trajectory_generator/reeds_shepp_path_test.runfiles/apollo/modules/planning/open_space/coarse_trajectory_generator/reeds_shepp_path_test: error while loading shared libraries: libadolc.so.2: cannot open shared object file: No such file or directory
================================================================================
____(10-17 12:33:02.867) [4,416 / 4,426] Testing //modules/planning/tuning:autotuning_raw_feature_generator_test
FAIL: (10-17 12:33:02.996) //modules/planning/tuning:autotuning_raw_feature_generator_test (see /home/user/.cache/bazel/_bazel_user/540135163923dd7d5820f3ee4b306b32/execroot/apollo/bazel-out/local-fastbuild/testlogs/modules/planning/tuning/autotuning_raw_feature_generator_test/test.log)
==================== Test output for //modules/planning/tuning:autotuning_raw_feature_generator_test:
/home/user/.cache/bazel/_bazel_user/540135163923dd7d5820f3ee4b306b32/execroot/apollo/bazel-out/local-fastbuild/bin/modules/planning/tuning/autotuning_raw_feature_generator_test.runfiles/apollo/modules/planning/tuning/autotuning_raw_feature_generator_test: error while loading shared libraries: libadolc.so.2: cannot open shared object file: No such file or directory
================================================================================
____(10-17 12:33:02.997) From Testing //modules/planning/tuning:autotuning_raw_feature_generator_test:
PASS: (10-17 12:33:07.379) //modules/planning/reference_line:spiral_reference_line_smoother_test
____(10-17 12:33:18.384) [4,418 / 4,426] Still waiting for 1 job to complete:
      Running (local):
        Compiling modules/planning/planning_component.cc, 42 s
____(10-17 12:33:41.642) [4,422 / 4,426] Linking modules/planning/integration_tests/garage_test
FAIL: (10-17 12:33:43.290) //modules/planning/integration_tests:sunnyvale_big_loop_test (see /home/user/.cache/bazel/_bazel_user/540135163923dd7d5820f3ee4b306b32/execroot/apollo/bazel-out/local-fastbuild/testlogs/modules/planning/integration_tests/sunnyvale_big_loop_test/test.log)
____(10-17 12:33:43.290) From Testing //modules/planning/integration_tests:sunnyvale_big_loop_test:
==================== Test output for //modules/planning/integration_tests:sunnyvale_big_loop_test:
/home/user/.cache/bazel/_bazel_user/540135163923dd7d5820f3ee4b306b32/execroot/apollo/bazel-out/local-fastbuild/bin/modules/planning/integration_tests/sunnyvale_big_loop_test.runfiles/apollo/modules/planning/integration_tests/sunnyvale_big_loop_test: error while loading shared libraries: libadolc.so.2: cannot open shared object file: No such file or directory
================================================================================
==================== Test output for //modules/planning/integration_tests:sunnyvale_loop_test:
/home/user/.cache/bazel/_bazel_user/540135163923dd7d5820f3ee4b306b32/execroot/apollo/bazel-out/local-fastbuild/bin/modules/planning/integration_tests/sunnyvale_loop_test.runfiles/apollo/modules/planning/integration_tests/sunnyvale_loop_test: error while loading shared libraries: libadolc.so.2: cannot open shared object file: No such file or directory
================================================================================
FAIL: (10-17 12:33:43.347) //modules/planning/integration_tests:sunnyvale_loop_test (see /home/user/.cache/bazel/_bazel_user/540135163923dd7d5820f3ee4b306b32/execroot/apollo/bazel-out/local-fastbuild/testlogs/modules/planning/integration_tests/sunnyvale_loop_test/test.log)
____(10-17 12:33:43.347) From Testing //modules/planning/integration_tests:sunnyvale_loop_test:
FAIL: (10-17 12:33:43.388) //modules/planning/integration_tests:garage_test (see /home/user/.cache/bazel/_bazel_user/540135163923dd7d5820f3ee4b306b32/execroot/apollo/bazel-out/local-fastbuild/testlogs/modules/planning/integration_tests/garage_test/test.log)
____(10-17 12:33:43.388) From Testing //modules/planning/integration_tests:garage_test:
==================== Test output for //modules/planning/integration_tests:garage_test:
/home/user/.cache/bazel/_bazel_user/540135163923dd7d5820f3ee4b306b32/execroot/apollo/bazel-out/local-fastbuild/bin/modules/planning/integration_tests/garage_test.runfiles/apollo/modules/planning/integration_tests/garage_test: error while loading shared libraries: libadolc.so.2: cannot open shared object file: No such file or directory
================================================================================
____(10-17 12:33:43.424) Elapsed time: 264.198s, Critical Path: 82.27s
//modules/planning/common:ego_info_cpplint                               PASSED in 0.4s
//modules/planning/common:ego_info_test_cpplint                          PASSED in 0.2s
//modules/planning/common:frame_cpplint                                  PASSED in 0.9s
//modules/planning/common:frame_test_cpplint                             PASSED in 0.3s
//modules/planning/common:indexed_list_cpplint                           PASSED in 0.5s
//modules/planning/common:indexed_list_test                              PASSED in 0.4s
//modules/planning/common:indexed_list_test_cpplint                      PASSED in 0.3s
//modules/planning/common:indexed_queue_cpplint                          PASSED in 0.3s
//modules/planning/common:indexed_queue_test                             PASSED in 0.3s
//modules/planning/common:indexed_queue_test_cpplint                     PASSED in 0.2s
//modules/planning/common:local_view_cpplint                             PASSED in 0.3s
//modules/planning/common:obstacle_blocking_analyzer_cpplint             PASSED in 0.4s
//modules/planning/common:obstacle_cpplint                               PASSED in 1.0s
//modules/planning/common:obstacle_test                                  PASSED in 0.6s
//modules/planning/common:obstacle_test_cpplint                          PASSED in 0.5s
//modules/planning/common:open_space_info_cpplint                        PASSED in 0.9s
//modules/planning/common:open_space_info_test                           PASSED in 0.6s
//modules/planning/common:open_space_info_test_cpplint                   PASSED in 0.3s
//modules/planning/common/path:discretized_path_cpplint                  PASSED in 0.3s
//modules/planning/common/path:discretized_path_test                     PASSED in 0.4s
//modules/planning/common/path:discretized_path_test_cpplint             PASSED in 0.3s
//modules/planning/common/path:frenet_frame_path_cpplint                 PASSED in 0.4s
//modules/planning/common/path:frenet_frame_path_test                    PASSED in 0.3s
//modules/planning/common/path:frenet_frame_path_test_cpplint            PASSED in 0.2s
//modules/planning/common/path:path_data_cpplint                         PASSED in 0.6s
//modules/planning/common:path_boundary_cpplint                          PASSED in 0.3s
//modules/planning/common:path_decision_cpplint                          PASSED in 0.4s
//modules/planning/common:planning_context_cpplint                       PASSED in 0.3s
//modules/planning/common:planning_gflags_cpplint                        PASSED in 0.8s
//modules/planning/common:reference_line_info_cpplint                    PASSED in 1.2s
//modules/planning/common:reference_line_info_test                       PASSED in 0.6s
//modules/planning/common:reference_line_info_test_cpplint               PASSED in 0.3s
//modules/planning/common/speed:speed_data_cpplint                       PASSED in 0.4s
//modules/planning/common/speed:st_boundary_cpplint                      PASSED in 0.7s
//modules/planning/common/speed:st_boundary_test                         PASSED in 0.4s
//modules/planning/common/speed:st_boundary_test_cpplint                 PASSED in 0.3s
//modules/planning/common/speed:st_point_cpplint                         PASSED in 0.3s
//modules/planning/common:speed_limit_cpplint                            PASSED in 0.4s
//modules/planning/common:speed_limit_test                               PASSED in 0.4s
//modules/planning/common:speed_limit_test_cpplint                       PASSED in 0.2s
//modules/planning/common:speed_profile_generator_cpplint                PASSED in 0.4s
//modules/planning/common:speed_profile_generator_test_cpplint           PASSED in 0.3s
//modules/planning/common:st_graph_data_cpplint                          PASSED in 0.4s
//modules/planning/common:st_graph_data_test                             PASSED in 0.5s
//modules/planning/common:st_graph_data_test_cpplint                     PASSED in 0.3s
//modules/planning/common/trajectory:discretized_trajectory_cpplint      PASSED in 0.5s
//modules/planning/common/trajectory:discretized_trajectory_test         PASSED in 0.7s
//modules/planning/common/trajectory:discretized_trajectory_test_cpplint PASSED in 0.3s
//modules/planning/common/trajectory:publishable_trajectory_cpplint      PASSED in 0.3s
//modules/planning/common/trajectory:publishable_trajectory_test         PASSED in 0.5s
//modules/planning/common/trajectory:publishable_trajectory_test_cpplint PASSED in 0.3s
//modules/planning/common/trajectory1d:constant_deceleration_trajectory1d_cpplint PASSED in 0.3s
//modules/planning/common/trajectory1d:constant_jerk_trajectory1d_cpplint PASSED in 0.4s
//modules/planning/common/trajectory1d:piecewise_acceleration_trajectory1d_cpplint PASSED in 0.5s
//modules/planning/common/trajectory1d:piecewise_jerk_trajectory1d_cpplint PASSED in 0.4s
//modules/planning/common/trajectory1d:piecewise_trajectory1d_cpplint    PASSED in 0.3s
//modules/planning/common/trajectory1d:standing_still_trajectory1d_cpplint PASSED in 0.4s
//modules/planning/common:trajectory_stitcher_cpplint                    PASSED in 0.5s
//modules/planning/common/util:common_lib_cpplint                        PASSED in 0.3s
//modules/planning/common/util:util_lib_cpplint                          PASSED in 0.4s
//modules/planning/constraint_checker:collision_checker_cpplint          PASSED in 0.4s
//modules/planning/constraint_checker:constraint_checker1d_cpplint       PASSED in 0.3s
//modules/planning/constraint_checker:constraint_checker_cpplint         PASSED in 0.4s
//modules/planning/integration_tests:garage_test_cpplint                 PASSED in 0.3s
//modules/planning/integration_tests:planning_test_base_cpplint          PASSED in 0.6s
//modules/planning/integration_tests:sunnyvale_big_loop_test_cpplint     PASSED in 0.4s
//modules/planning/integration_tests:sunnyvale_loop_test_cpplint         PASSED in 0.3s
//modules/planning/lattice/behavior:feasible_region_cpplint              PASSED in 0.3s
//modules/planning/lattice/behavior:path_time_graph_cpplint              PASSED in 0.6s
//modules/planning/lattice/behavior:prediction_querier_cpplint           PASSED in 0.4s
//modules/planning/lattice/trajectory_generation:backup_trajectory_generator_cpplint PASSED in 0.4s
//modules/planning/lattice/trajectory_generation:end_condition_sampler_cpplint PASSED in 0.5s
//modules/planning/lattice/trajectory_generation:lateral_osqp_optimizer_cpplint PASSED in 0.5s
//modules/planning/lattice/trajectory_generation:lateral_qp_optimizer_cpplint PASSED in 0.3s
//modules/planning/lattice/trajectory_generation:lattice_trajectory1d_cpplint PASSED in 0.4s
//modules/planning/lattice/trajectory_generation:piecewise_braking_trajectory_generator_cpplint PASSED in 0.4s
//modules/planning/lattice/trajectory_generation:trajectory1d_generator_cpplint PASSED in 0.6s
//modules/planning/lattice/trajectory_generation:trajectory_combiner_cpplint PASSED in 0.4s
//modules/planning/lattice/trajectory_generation:trajectory_evaluator_cpplint PASSED in 0.6s
//modules/planning/math/curve1d:cubic_polynomial_curve1d_cpplint         PASSED in 0.5s
//modules/planning/math/curve1d:cubic_polynomial_curve1d_test            PASSED in 0.1s
//modules/planning/math/curve1d:cubic_polynomial_curve1d_test_cpplint    PASSED in 0.3s
//modules/planning/math/curve1d:curve1d_cpplint                          PASSED in 0.2s
//modules/planning/math/curve1d:piecewise_quintic_spiral_path_cpplint    PASSED in 0.4s
//modules/planning/math/curve1d:piecewise_quintic_spiral_path_test       PASSED in 0.3s
//modules/planning/math/curve1d:piecewise_quintic_spiral_path_test_cpplint PASSED in 0.2s
//modules/planning/math/curve1d:polynomial_curve1d_cpplint               PASSED in 0.3s
//modules/planning/math/curve1d:quartic_polynomial_curve1d_cpplint       PASSED in 0.4s
//modules/planning/math/curve1d:quartic_polynomial_curve1d_test          PASSED in 0.1s
//modules/planning/math/curve1d:quartic_polynomial_curve1d_test_cpplint  PASSED in 0.3s
//modules/planning/math/curve1d:quintic_polynomial_curve1d_cpplint       PASSED in 0.5s
//modules/planning/math/curve1d:quintic_polynomial_curve1d_test          PASSED in 0.1s
//modules/planning/math/curve1d:quintic_polynomial_curve1d_test_cpplint  PASSED in 0.2s
//modules/planning/math/curve1d:quintic_spiral_path_cpplint              PASSED in 1.0s
//modules/planning/math:curve_math_cpplint                               PASSED in 0.3s
//modules/planning/math:curve_math_test                                  PASSED in 0.0s
//modules/planning/math:curve_math_test_cpplint                          PASSED in 0.3s
//modules/planning/math:discrete_points_math_cpplint                     PASSED in 0.4s
//modules/planning/math/discretized_points_smoothing:cos_theta_smoother_cpplint PASSED in 0.7s
//modules/planning/math/discretized_points_smoothing:fem_pos_deviation_smoother_cpplint PASSED in 0.5s
//modules/planning/math/piecewise_jerk:piecewise_jerk_path_problem_cpplint PASSED in 0.4s
//modules/planning/math/piecewise_jerk:piecewise_jerk_problem_cpplint    PASSED in 0.6s
//modules/planning/math/piecewise_jerk:piecewise_jerk_speed_problem_cpplint PASSED in 0.4s
//modules/planning/math:polynomial_xd_cpplint                            PASSED in 0.4s
//modules/planning/math/smoothing_spline:active_set_spline_1d_solver_cpplint PASSED in 0.4s
//modules/planning/math/smoothing_spline:active_set_spline_1d_solver_test PASSED in 0.5s
//modules/planning/math/smoothing_spline:active_set_spline_1d_solver_test_cpplint PASSED in 0.3s
//modules/planning/math/smoothing_spline:active_set_spline_2d_solver_cpplint PASSED in 0.4s
//modules/planning/math/smoothing_spline:active_set_spline_2d_solver_test PASSED in 0.3s
//modules/planning/math/smoothing_spline:active_set_spline_2d_solver_test_cpplint PASSED in 0.4s
//modules/planning/math/smoothing_spline:affine_constraint_cpplint       PASSED in 0.3s
//modules/planning/math/smoothing_spline:osqp_spline_1d_solver_cpplint   PASSED in 0.5s
//modules/planning/math/smoothing_spline:osqp_spline_1d_solver_test      PASSED in 0.3s
//modules/planning/math/smoothing_spline:osqp_spline_1d_solver_test_cpplint PASSED in 0.2s
//modules/planning/math/smoothing_spline:osqp_spline_2d_solver_cpplint   PASSED in 0.4s
//modules/planning/math/smoothing_spline:osqp_spline_2d_solver_test      PASSED in 0.3s
//modules/planning/math/smoothing_spline:osqp_spline_2d_solver_test_cpplint PASSED in 0.3s
//modules/planning/math/smoothing_spline:piecewise_linear_constraint_cpplint PASSED in 0.4s
//modules/planning/math/smoothing_spline:piecewise_linear_constraint_test PASSED in 0.1s
//modules/planning/math/smoothing_spline:piecewise_linear_constraint_test_cpplint PASSED in 0.3s
//modules/planning/math/smoothing_spline:piecewise_linear_generator_cpplint PASSED in 0.4s
//modules/planning/math/smoothing_spline:piecewise_linear_kernel_cpplint PASSED in 0.4s
//modules/planning/math/smoothing_spline:piecewise_linear_kernel_test    PASSED in 0.1s
//modules/planning/math/smoothing_spline:piecewise_linear_kernel_test_cpplint PASSED in 0.3s
//modules/planning/math/smoothing_spline:spline_1d_constraint_cpplint    PASSED in 0.8s
//modules/planning/math/smoothing_spline:spline_1d_constraint_test       PASSED in 0.1s
//modules/planning/math/smoothing_spline:spline_1d_constraint_test_cpplint PASSED in 0.6s
//modules/planning/math/smoothing_spline:spline_1d_cpplint               PASSED in 0.3s
//modules/planning/math/smoothing_spline:spline_1d_kernel_cpplint        PASSED in 0.5s
//modules/planning/math/smoothing_spline:spline_1d_kernel_test           PASSED in 0.0s
//modules/planning/math/smoothing_spline:spline_1d_kernel_test_cpplint   PASSED in 0.5s
//modules/planning/math/smoothing_spline:spline_1d_seg_cpplint           PASSED in 0.3s
//modules/planning/math/smoothing_spline:spline_1d_solver_cpplint        PASSED in 0.4s
//modules/planning/math/smoothing_spline:spline_2d_constraint_cpplint    PASSED in 0.8s
//modules/planning/math/smoothing_spline:spline_2d_constraint_test       PASSED in 0.3s
//modules/planning/math/smoothing_spline:spline_2d_constraint_test_cpplint PASSED in 0.5s
//modules/planning/math/smoothing_spline:spline_2d_cpplint               PASSED in 0.4s
//modules/planning/math/smoothing_spline:spline_2d_kernel_cpplint        PASSED in 0.4s
//modules/planning/math/smoothing_spline:spline_2d_kernel_test           PASSED in 0.3s
//modules/planning/math/smoothing_spline:spline_2d_kernel_test_cpplint   PASSED in 0.3s
//modules/planning/math/smoothing_spline:spline_2d_seg_cpplint           PASSED in 0.3s
//modules/planning/math/smoothing_spline:spline_2d_solver_cpplint        PASSED in 0.6s
//modules/planning/math/smoothing_spline:spline_seg_kernel_cpplint       PASSED in 0.5s
//modules/planning/navi/decider:navi_decider_test_cpplint                PASSED in 0.7s
//modules/planning/navi/decider:navi_obstacle_decider_cpplint            PASSED in 0.8s
//modules/planning/navi/decider:navi_path_decider_cpplint                PASSED in 0.8s
//modules/planning/navi/decider:navi_speed_decider_cpplint               PASSED in 1.1s
//modules/planning/navi/decider:navi_task_cpplint                        PASSED in 0.3s
//modules/planning/open_space/coarse_trajectory_generator:grid_search_cpplint PASSED in 0.7s
//modules/planning/open_space/coarse_trajectory_generator:hybrid_a_star_cpplint PASSED in 0.8s
//modules/planning/open_space/coarse_trajectory_generator:hybrid_a_star_test_cpplint PASSED in 0.3s
//modules/planning/open_space/coarse_trajectory_generator:node3d_cpplint PASSED in 0.5s
//modules/planning/open_space/coarse_trajectory_generator:node3d_test_cpplint PASSED in 0.3s
//modules/planning/open_space/coarse_trajectory_generator:reeds_shepp_path_cpplint PASSED in 1.0s
//modules/planning/open_space/coarse_trajectory_generator:reeds_shepp_path_test_cpplint PASSED in 0.3s
//modules/planning/open_space/tools:distance_approach_problem_wrapper_lib.so_cpplint PASSED in 0.5s
//modules/planning/open_space/tools:hybrid_a_star_wrapper_lib.so_cpplint PASSED in 0.3s
//modules/planning/open_space/tools:open_space_roi_wrapper_lib.so_cpplint PASSED in 0.5s
//modules/planning/open_space/trajectory_smoother:distance_approach_ipopt_cuda_interface_cpplint PASSED in 0.7s
//modules/planning/open_space/trajectory_smoother:distance_approach_ipopt_cuda_interface_test_cpplint PASSED in 0.3s
//modules/planning/open_space/trajectory_smoother:distance_approach_ipopt_fixed_ts_interface_cpplint PASSED in 1.3s
//modules/planning/open_space/trajectory_smoother:distance_approach_ipopt_interface_cpplint PASSED in 1.8s
//modules/planning/open_space/trajectory_smoother:distance_approach_ipopt_interface_test_cpplint PASSED in 0.3s
//modules/planning/open_space/trajectory_smoother:distance_approach_problem_cpplint PASSED in 0.5s
//modules/planning/open_space/trajectory_smoother:distance_approach_problem_test_cpplint PASSED in 0.3s
//modules/planning/open_space/trajectory_smoother:dual_variable_warm_start_ipopt_interface_cpplint PASSED in 0.7s
//modules/planning/open_space/trajectory_smoother:dual_variable_warm_start_ipopt_interface_test_cpplint PASSED in 0.2s
//modules/planning/open_space/trajectory_smoother:dual_variable_warm_start_ipopt_qp_interface_cpplint PASSED in 0.8s
//modules/planning/open_space/trajectory_smoother:dual_variable_warm_start_osqp_interface_cpplint PASSED in 0.7s
//modules/planning/open_space/trajectory_smoother:dual_variable_warm_start_osqp_interface_test_cpplint PASSED in 0.2s
//modules/planning/open_space/trajectory_smoother:dual_variable_warm_start_problem_cpplint PASSED in 0.5s
//modules/planning/open_space/trajectory_smoother:dual_variable_warm_start_problem_test_cpplint PASSED in 0.2s
//modules/planning/open_space/trajectory_smoother:iterative_anchoring_smoother_cpplint PASSED in 0.6s
//modules/planning/open_space/trajectory_smoother:planning_block_cpplint PASSED in 0.3s
//modules/planning/planner/lattice:lattice_planner_cpplint               PASSED in 0.6s
//modules/planning/planner/navi:navi_planner_cpplint                     PASSED in 0.6s
//modules/planning/planner/navi:navi_planner_test_cpplint                PASSED in 0.2s
//modules/planning/planner:navi_planner_dispatcher_test_cpplint          PASSED in 0.5s
//modules/planning/planner:on_lane_planner_dispatcher_test_cpplint       PASSED in 0.2s
//modules/planning/planner:planner_cpplint                               PASSED in 0.4s
//modules/planning/planner:planner_dispatcher_cpplint                    PASSED in 0.5s
//modules/planning/planner/public_road:public_road_planner_cpplint       PASSED in 0.6s
//modules/planning/planner/public_road:public_road_planner_test_cpplint  PASSED in 0.4s
//modules/planning/planner/rtk:rtk_planner_cpplint                       PASSED in 0.5s
//modules/planning/planner/rtk:rtk_replay_planner_test_cpplint           PASSED in 0.5s
//modules/planning:planning_component_lib_cpplint                        PASSED in 0.5s
//modules/planning:planning_lib_cpplint                                  PASSED in 1.9s
//modules/planning/reference_line:discrete_points_reference_line_smoother_cpplint PASSED in 0.5s
//modules/planning/reference_line:discrete_points_reference_line_smoother_test_cpplint PASSED in 0.3s
//modules/planning/reference_line:qp_spline_reference_line_smoother_cpplint PASSED in 0.5s
//modules/planning/reference_line:qp_spline_reference_line_smoother_test PASSED in 0.7s
//modules/planning/reference_line:qp_spline_reference_line_smoother_test_cpplint PASSED in 0.3s
//modules/planning/reference_line:reference_line_cpplint                 PASSED in 1.0s
//modules/planning/reference_line:reference_line_provider_cpplint        PASSED in 0.8s
//modules/planning/reference_line:reference_line_smoother_cpplint        PASSED in 0.3s
//modules/planning/reference_line:smoother_util_cpplint                  PASSED in 0.3s
//modules/planning/reference_line:spiral_reference_line_smoother_cpplint PASSED in 1.4s
//modules/planning/reference_line:spiral_reference_line_smoother_test    PASSED in 8.1s
//modules/planning/reference_line:spiral_reference_line_smoother_test_cpplint PASSED in 0.3s
//modules/planning/reference_line:spiral_smoother_util_cpplint           PASSED in 0.3s
//modules/planning/scenarios/bare_intersection/unprotected:bare_intersection_unprotected_scenario_cpplint PASSED in 0.8s
//modules/planning/scenarios/bare_intersection/unprotected:bare_intersection_unprotected_scenario_test_cpplint PASSED in 0.3s
//modules/planning/scenarios/lane_follow:lane_follow_scenario_cpplint    PASSED in 0.3s
//modules/planning/scenarios/lane_follow:lane_follow_scenario_test_cpplint PASSED in 0.2s
//modules/planning/scenarios/lane_follow:lane_follow_stage_cpplint       PASSED in 0.7s
//modules/planning/scenarios/narrow_street_u_turn:narrow_street_u_turn_scenario_cpplint PASSED in 0.3s
//modules/planning/scenarios/narrow_street_u_turn:narrow_street_u_turn_scenario_test_cpplint PASSED in 0.3s
//modules/planning/scenarios/park/pull_over:pull_over_scenario_cpplint   PASSED in 0.8s
//modules/planning/scenarios/park/pull_over:pull_over_scenario_test_cpplint PASSED in 0.3s
//modules/planning/scenarios/park/valet_parking:stage_approaching_parking_spot_test_cpplint PASSED in 0.2s
//modules/planning/scenarios/park/valet_parking:stage_parking_test_cpplint PASSED in 0.3s
//modules/planning/scenarios/park/valet_parking:valet_parking_cpplint    PASSED in 0.6s
//modules/planning/scenarios/park/valet_parking:valet_parking_scenario_test_cpplint PASSED in 0.3s
//modules/planning/scenarios:scenario_cpplint                            PASSED in 0.5s
//modules/planning/scenarios:scenario_manager_cpplint                    PASSED in 0.9s
//modules/planning/scenarios:stage_cpplint                               PASSED in 0.4s
//modules/planning/scenarios:stage_intersection_cruise_impl_cpplint      PASSED in 0.4s
//modules/planning/scenarios/stop_sign/unprotected:stop_sign_unprotected_scenario_cpplint PASSED in 1.3s
//modules/planning/scenarios/stop_sign/unprotected:stop_sign_unprotected_scenario_test_cpplint PASSED in 0.2s
//modules/planning/scenarios/traffic_light/protected:traffic_light_protected_scenario_cpplint PASSED in 0.7s
//modules/planning/scenarios/traffic_light/protected:traffic_light_protected_scenario_test_cpplint PASSED in 0.3s
//modules/planning/scenarios/traffic_light/unprotected_left_turn:traffic_light_left_turn_unprotected_scenario_test_cpplint PASSED in 0.3s
//modules/planning/scenarios/traffic_light/unprotected_left_turn:traffic_light_unprotected_left_turn_scenario_cpplint PASSED in 0.9s
//modules/planning/scenarios/traffic_light/unprotected_right_turn:traffic_light_right_turn_unprotected_scenario_test_cpplint PASSED in 0.3s
//modules/planning/scenarios/traffic_light/unprotected_right_turn:traffic_light_unprotected_right_turn_scenario_cpplint PASSED in 1.0s
//modules/planning/scenarios/util:scenario_util_lib_cpplint              PASSED in 0.3s
//modules/planning/tasks/deciders/creep_decider:creep_decider_cpplint    PASSED in 0.4s
//modules/planning/tasks/deciders/creep_decider:creep_decider_test_cpplint PASSED in 0.2s
//modules/planning/tasks/deciders:decider_base_cpplint                   PASSED in 0.3s
//modules/planning/tasks/deciders/lane_change_decider:lane_change_decider_cpplint PASSED in 0.5s
//modules/planning/tasks/deciders/open_space_decider:open_space_fallback_decider_cpplint PASSED in 0.5s
//modules/planning/tasks/deciders/open_space_decider:open_space_fallback_decider_test_cpplint PASSED in 0.2s
//modules/planning/tasks/deciders/open_space_decider:open_space_pre_stop_decider_cpplint PASSED in 0.4s
//modules/planning/tasks/deciders/open_space_decider:open_space_roi_decider_cpplint PASSED in 1.0s
//modules/planning/tasks/deciders/open_space_decider:open_space_roi_decider_test_cpplint PASSED in 0.3s
//modules/planning/tasks/deciders/path_assessment_decider:path_assessment_decider_cpplint PASSED in 0.7s
//modules/planning/tasks/deciders/path_bounds_decider:path_bounds_decider_cpplint PASSED in 1.5s
//modules/planning/tasks/deciders/path_bounds_decider:path_bounds_decider_test_cpplint PASSED in 0.2s
//modules/planning/tasks/deciders:path_decider_obstacle_utils_cpplint    PASSED in 0.3s
//modules/planning/tasks/deciders/path_lane_borrow_decider:path_lane_borrow_decider_cpplint PASSED in 0.5s
//modules/planning/tasks/deciders/rule_based_stop_decider:rule_based_stop_decider_cpplint PASSED in 0.5s
//modules/planning/tasks/deciders/speed_bounds_decider:speed_bounds_decider_cpplint PASSED in 0.5s
//modules/planning/tasks/deciders/speed_bounds_decider:speed_limit_decider_test_cpplint PASSED in 0.2s
//modules/planning/tasks/deciders/speed_bounds_decider:st_boundary_mapper_cpplint PASSED in 0.9s
//modules/planning/tasks/deciders/speed_bounds_decider:st_boundary_mapper_test_cpplint PASSED in 0.2s
//modules/planning/tasks/optimizers/open_space_trajectory_generation:open_space_trajectory_optimizer_cpplint PASSED in 1.0s
//modules/planning/tasks/optimizers/open_space_trajectory_generation:open_space_trajectory_optimizer_test_cpplint PASSED in 0.2s
//modules/planning/tasks/optimizers/open_space_trajectory_generation:open_space_trajectory_provider_cpplint PASSED in 0.6s
//modules/planning/tasks/optimizers/open_space_trajectory_generation:open_space_trajectory_provider_test_cpplint PASSED in 0.2s
//modules/planning/tasks/optimizers/open_space_trajectory_partition:open_space_trajectory_partition_cpplint PASSED in 0.9s
//modules/planning/tasks/optimizers/open_space_trajectory_partition:open_space_trajectory_partition_test_cpplint PASSED in 0.2s
//modules/planning/tasks/optimizers/path_decider:path_decider_cpplint    PASSED in 0.4s
//modules/planning/tasks/optimizers:path_optimizer_cpplint               PASSED in 0.4s
//modules/planning/tasks/optimizers/path_time_heuristic:dp_st_cost_cpplint PASSED in 0.6s
//modules/planning/tasks/optimizers/path_time_heuristic:gridded_path_time_graph_cpplint PASSED in 0.7s
//modules/planning/tasks/optimizers/path_time_heuristic:gridded_path_time_graph_test_cpplint PASSED in 0.3s
//modules/planning/tasks/optimizers/path_time_heuristic:path_time_heuristic_optimizer_cpplint PASSED in 0.4s
//modules/planning/tasks/optimizers/path_time_heuristic:st_graph_point_cpplint PASSED in 0.3s
//modules/planning/tasks/optimizers/piecewise_jerk_path:piecewise_jerk_path_optimizer_cpplint PASSED in 0.5s
//modules/planning/tasks/optimizers/piecewise_jerk_speed:piecewise_jerk_speed_optimizer_cpplint PASSED in 0.5s
//modules/planning/tasks/optimizers/speed_decider:speed_decider_cpplint  PASSED in 0.8s
//modules/planning/tasks/optimizers:speed_optimizer_cpplint              PASSED in 0.3s
//modules/planning/tasks/optimizers:trajectory_optimizer_cpplint         PASSED in 0.3s
//modules/planning/tasks/rss:decider_rss_cpplint                         PASSED in 0.7s
//modules/planning/tasks/rss:decider_rss_test_cpplint                    PASSED in 0.3s
//modules/planning/tasks/smoothers:smoother_cpplint                      PASSED in 0.4s
//modules/planning/tasks:task_cpplint                                    PASSED in 0.4s
//modules/planning/tasks:task_factory_cpplint                            PASSED in 0.5s
//modules/planning/traffic_rules:traffic_decider_cpplint                 PASSED in 0.4s
//modules/planning/traffic_rules:traffic_rules_cpplint                   PASSED in 1.7s
//modules/planning/tuning:autotuning_base_model_cpplint                  PASSED in 0.3s
//modules/planning/tuning:autotuning_feature_builder_cpplint             PASSED in 0.3s
//modules/planning/tuning:autotuning_mlp_net_model_cpplint               PASSED in 0.3s
//modules/planning/tuning:autotuning_mlp_net_model_test                  PASSED in 0.4s
//modules/planning/tuning:autotuning_mlp_net_model_test_cpplint          PASSED in 0.2s
//modules/planning/tuning:autotuning_raw_feature_generator_cpplint       PASSED in 0.4s
//modules/planning/tuning:autotuning_raw_feature_generator_test_cpplint  PASSED in 0.2s
//modules/planning/tuning/speed_model:autotuning_speed_feature_builder_cpplint PASSED in 0.5s
//modules/planning/tuning/speed_model:autotuning_speed_feature_builder_test PASSED in 0.1s
//modules/planning/tuning/speed_model:autotuning_speed_feature_builder_test_cpplint PASSED in 0.2s
//modules/planning/tuning/speed_model:autotuning_speed_mlp_model_cpplint PASSED in 0.4s
//modules/planning/tuning/speed_model:autotuning_speed_mlp_model_test    PASSED in 0.4s
//modules/planning/tuning/speed_model:autotuning_speed_mlp_model_test_cpplint PASSED in 0.2s
//modules/planning/common:ego_info_test                                  FAILED in 0.1s
  /home/user/.cache/bazel/_bazel_user/540135163923dd7d5820f3ee4b306b32/execroot/apollo/bazel-out/local-fastbuild/testlogs/modules/planning/common/ego_info_test/test.log
//modules/planning/common:frame_test                                     FAILED in 0.1s
  /home/user/.cache/bazel/_bazel_user/540135163923dd7d5820f3ee4b306b32/execroot/apollo/bazel-out/local-fastbuild/testlogs/modules/planning/common/frame_test/test.log
//modules/planning/common:speed_profile_generator_test                   FAILED in 0.1s
  /home/user/.cache/bazel/_bazel_user/540135163923dd7d5820f3ee4b306b32/execroot/apollo/bazel-out/local-fastbuild/testlogs/modules/planning/common/speed_profile_generator_test/test.log
//modules/planning/integration_tests:garage_test                         FAILED in 0.1s
  /home/user/.cache/bazel/_bazel_user/540135163923dd7d5820f3ee4b306b32/execroot/apollo/bazel-out/local-fastbuild/testlogs/modules/planning/integration_tests/garage_test/test.log
//modules/planning/integration_tests:sunnyvale_big_loop_test             FAILED in 0.1s
  /home/user/.cache/bazel/_bazel_user/540135163923dd7d5820f3ee4b306b32/execroot/apollo/bazel-out/local-fastbuild/testlogs/modules/planning/integration_tests/sunnyvale_big_loop_test/test.log
//modules/planning/integration_tests:sunnyvale_loop_test                 FAILED in 0.1s
  /home/user/.cache/bazel/_bazel_user/540135163923dd7d5820f3ee4b306b32/execroot/apollo/bazel-out/local-fastbuild/testlogs/modules/planning/integration_tests/sunnyvale_loop_test/test.log
//modules/planning/navi/decider:navi_decider_test                        FAILED in 0.1s
  /home/user/.cache/bazel/_bazel_user/540135163923dd7d5820f3ee4b306b32/execroot/apollo/bazel-out/local-fastbuild/testlogs/modules/planning/navi/decider/navi_decider_test/test.log
//modules/planning/open_space/coarse_trajectory_generator:hybrid_a_star_test FAILED in 0.2s
  /home/user/.cache/bazel/_bazel_user/540135163923dd7d5820f3ee4b306b32/execroot/apollo/bazel-out/local-fastbuild/testlogs/modules/planning/open_space/coarse_trajectory_generator/hybrid_a_star_test/test.log
//modules/planning/open_space/coarse_trajectory_generator:node3d_test    FAILED in 0.1s
  /home/user/.cache/bazel/_bazel_user/540135163923dd7d5820f3ee4b306b32/execroot/apollo/bazel-out/local-fastbuild/testlogs/modules/planning/open_space/coarse_trajectory_generator/node3d_test/test.log
//modules/planning/open_space/coarse_trajectory_generator:reeds_shepp_path_test FAILED in 0.2s
  /home/user/.cache/bazel/_bazel_user/540135163923dd7d5820f3ee4b306b32/execroot/apollo/bazel-out/local-fastbuild/testlogs/modules/planning/open_space/coarse_trajectory_generator/reeds_shepp_path_test/test.log
//modules/planning/open_space/trajectory_smoother:distance_approach_ipopt_cuda_interface_test FAILED in 0.1s
  /home/user/.cache/bazel/_bazel_user/540135163923dd7d5820f3ee4b306b32/execroot/apollo/bazel-out/local-fastbuild/testlogs/modules/planning/open_space/trajectory_smoother/distance_approach_ipopt_cuda_interface_test/test.log
//modules/planning/open_space/trajectory_smoother:distance_approach_ipopt_interface_test FAILED in 0.2s
  /home/user/.cache/bazel/_bazel_user/540135163923dd7d5820f3ee4b306b32/execroot/apollo/bazel-out/local-fastbuild/testlogs/modules/planning/open_space/trajectory_smoother/distance_approach_ipopt_interface_test/test.log
//modules/planning/open_space/trajectory_smoother:distance_approach_problem_test FAILED in 0.2s
  /home/user/.cache/bazel/_bazel_user/540135163923dd7d5820f3ee4b306b32/execroot/apollo/bazel-out/local-fastbuild/testlogs/modules/planning/open_space/trajectory_smoother/distance_approach_problem_test/test.log
//modules/planning/open_space/trajectory_smoother:dual_variable_warm_start_ipopt_interface_test FAILED in 0.2s
  /home/user/.cache/bazel/_bazel_user/540135163923dd7d5820f3ee4b306b32/execroot/apollo/bazel-out/local-fastbuild/testlogs/modules/planning/open_space/trajectory_smoother/dual_variable_warm_start_ipopt_interface_test/test.log
//modules/planning/open_space/trajectory_smoother:dual_variable_warm_start_osqp_interface_test FAILED in 0.2s
  /home/user/.cache/bazel/_bazel_user/540135163923dd7d5820f3ee4b306b32/execroot/apollo/bazel-out/local-fastbuild/testlogs/modules/planning/open_space/trajectory_smoother/dual_variable_warm_start_osqp_interface_test/test.log
//modules/planning/open_space/trajectory_smoother:dual_variable_warm_start_problem_test FAILED in 0.2s
  /home/user/.cache/bazel/_bazel_user/540135163923dd7d5820f3ee4b306b32/execroot/apollo/bazel-out/local-fastbuild/testlogs/modules/planning/open_space/trajectory_smoother/dual_variable_warm_start_problem_test/test.log
//modules/planning/planner/navi:navi_planner_test                        FAILED in 0.1s
  /home/user/.cache/bazel/_bazel_user/540135163923dd7d5820f3ee4b306b32/execroot/apollo/bazel-out/local-fastbuild/testlogs/modules/planning/planner/navi/navi_planner_test/test.log
//modules/planning/planner:navi_planner_dispatcher_test                  FAILED in 0.1s
  /home/user/.cache/bazel/_bazel_user/540135163923dd7d5820f3ee4b306b32/execroot/apollo/bazel-out/local-fastbuild/testlogs/modules/planning/planner/navi_planner_dispatcher_test/test.log
//modules/planning/planner:on_lane_planner_dispatcher_test               FAILED in 0.1s
  /home/user/.cache/bazel/_bazel_user/540135163923dd7d5820f3ee4b306b32/execroot/apollo/bazel-out/local-fastbuild/testlogs/modules/planning/planner/on_lane_planner_dispatcher_test/test.log
//modules/planning/planner/public_road:public_road_planner_test          FAILED in 0.1s
  /home/user/.cache/bazel/_bazel_user/540135163923dd7d5820f3ee4b306b32/execroot/apollo/bazel-out/local-fastbuild/testlogs/modules/planning/planner/public_road/public_road_planner_test/test.log
//modules/planning/planner/rtk:rtk_replay_planner_test                   FAILED in 0.1s
  /home/user/.cache/bazel/_bazel_user/540135163923dd7d5820f3ee4b306b32/execroot/apollo/bazel-out/local-fastbuild/testlogs/modules/planning/planner/rtk/rtk_replay_planner_test/test.log
//modules/planning/reference_line:discrete_points_reference_line_smoother_test FAILED in 0.1s
  /home/user/.cache/bazel/_bazel_user/540135163923dd7d5820f3ee4b306b32/execroot/apollo/bazel-out/local-fastbuild/testlogs/modules/planning/reference_line/discrete_points_reference_line_smoother_test/test.log
//modules/planning/scenarios/bare_intersection/unprotected:bare_intersection_unprotected_scenario_test FAILED in 0.1s
  /home/user/.cache/bazel/_bazel_user/540135163923dd7d5820f3ee4b306b32/execroot/apollo/bazel-out/local-fastbuild/testlogs/modules/planning/scenarios/bare_intersection/unprotected/bare_intersection_unprotected_scenario_test/test.log
//modules/planning/scenarios/lane_follow:lane_follow_scenario_test       FAILED in 0.1s
  /home/user/.cache/bazel/_bazel_user/540135163923dd7d5820f3ee4b306b32/execroot/apollo/bazel-out/local-fastbuild/testlogs/modules/planning/scenarios/lane_follow/lane_follow_scenario_test/test.log
//modules/planning/scenarios/narrow_street_u_turn:narrow_street_u_turn_scenario_test FAILED in 0.1s
  /home/user/.cache/bazel/_bazel_user/540135163923dd7d5820f3ee4b306b32/execroot/apollo/bazel-out/local-fastbuild/testlogs/modules/planning/scenarios/narrow_street_u_turn/narrow_street_u_turn_scenario_test/test.log
//modules/planning/scenarios/park/pull_over:pull_over_scenario_test      FAILED in 0.1s
  /home/user/.cache/bazel/_bazel_user/540135163923dd7d5820f3ee4b306b32/execroot/apollo/bazel-out/local-fastbuild/testlogs/modules/planning/scenarios/park/pull_over/pull_over_scenario_test/test.log
//modules/planning/scenarios/park/valet_parking:stage_approaching_parking_spot_test FAILED in 0.1s
  /home/user/.cache/bazel/_bazel_user/540135163923dd7d5820f3ee4b306b32/execroot/apollo/bazel-out/local-fastbuild/testlogs/modules/planning/scenarios/park/valet_parking/stage_approaching_parking_spot_test/test.log
//modules/planning/scenarios/park/valet_parking:stage_parking_test       FAILED in 0.1s
  /home/user/.cache/bazel/_bazel_user/540135163923dd7d5820f3ee4b306b32/execroot/apollo/bazel-out/local-fastbuild/testlogs/modules/planning/scenarios/park/valet_parking/stage_parking_test/test.log
//modules/planning/scenarios/park/valet_parking:valet_parking_scenario_test FAILED in 0.1s
  /home/user/.cache/bazel/_bazel_user/540135163923dd7d5820f3ee4b306b32/execroot/apollo/bazel-out/local-fastbuild/testlogs/modules/planning/scenarios/park/valet_parking/valet_parking_scenario_test/test.log
//modules/planning/scenarios/stop_sign/unprotected:stop_sign_unprotected_scenario_test FAILED in 0.1s
  /home/user/.cache/bazel/_bazel_user/540135163923dd7d5820f3ee4b306b32/execroot/apollo/bazel-out/local-fastbuild/testlogs/modules/planning/scenarios/stop_sign/unprotected/stop_sign_unprotected_scenario_test/test.log
//modules/planning/scenarios/traffic_light/protected:traffic_light_protected_scenario_test FAILED in 0.1s
  /home/user/.cache/bazel/_bazel_user/540135163923dd7d5820f3ee4b306b32/execroot/apollo/bazel-out/local-fastbuild/testlogs/modules/planning/scenarios/traffic_light/protected/traffic_light_protected_scenario_test/test.log
//modules/planning/scenarios/traffic_light/unprotected_left_turn:traffic_light_left_turn_unprotected_scenario_test FAILED in 0.1s
  /home/user/.cache/bazel/_bazel_user/540135163923dd7d5820f3ee4b306b32/execroot/apollo/bazel-out/local-fastbuild/testlogs/modules/planning/scenarios/traffic_light/unprotected_left_turn/traffic_light_left_turn_unprotected_scenario_test/test.log
//modules/planning/scenarios/traffic_light/unprotected_right_turn:traffic_light_right_turn_unprotected_scenario_test FAILED in 0.1s
  /home/user/.cache/bazel/_bazel_user/540135163923dd7d5820f3ee4b306b32/execroot/apollo/bazel-out/local-fastbuild/testlogs/modules/planning/scenarios/traffic_light/unprotected_right_turn/traffic_light_right_turn_unprotected_scenario_test/test.log
//modules/planning/tasks/deciders/creep_decider:creep_decider_test       FAILED in 0.1s
  /home/user/.cache/bazel/_bazel_user/540135163923dd7d5820f3ee4b306b32/execroot/apollo/bazel-out/local-fastbuild/testlogs/modules/planning/tasks/deciders/creep_decider/creep_decider_test/test.log
//modules/planning/tasks/deciders/open_space_decider:open_space_fallback_decider_test FAILED in 0.1s
  /home/user/.cache/bazel/_bazel_user/540135163923dd7d5820f3ee4b306b32/execroot/apollo/bazel-out/local-fastbuild/testlogs/modules/planning/tasks/deciders/open_space_decider/open_space_fallback_decider_test/test.log
//modules/planning/tasks/deciders/open_space_decider:open_space_roi_decider_test FAILED in 0.1s
  /home/user/.cache/bazel/_bazel_user/540135163923dd7d5820f3ee4b306b32/execroot/apollo/bazel-out/local-fastbuild/testlogs/modules/planning/tasks/deciders/open_space_decider/open_space_roi_decider_test/test.log
//modules/planning/tasks/deciders/path_bounds_decider:path_bounds_decider_test FAILED in 0.1s
  /home/user/.cache/bazel/_bazel_user/540135163923dd7d5820f3ee4b306b32/execroot/apollo/bazel-out/local-fastbuild/testlogs/modules/planning/tasks/deciders/path_bounds_decider/path_bounds_decider_test/test.log
//modules/planning/tasks/deciders/speed_bounds_decider:speed_limit_decider_test FAILED in 0.1s
  /home/user/.cache/bazel/_bazel_user/540135163923dd7d5820f3ee4b306b32/execroot/apollo/bazel-out/local-fastbuild/testlogs/modules/planning/tasks/deciders/speed_bounds_decider/speed_limit_decider_test/test.log
//modules/planning/tasks/deciders/speed_bounds_decider:st_boundary_mapper_test FAILED in 0.1s
  /home/user/.cache/bazel/_bazel_user/540135163923dd7d5820f3ee4b306b32/execroot/apollo/bazel-out/local-fastbuild/testlogs/modules/planning/tasks/deciders/speed_bounds_decider/st_boundary_mapper_test/test.log
//modules/planning/tasks/optimizers/open_space_trajectory_generation:open_space_trajectory_optimizer_test FAILED in 0.1s
  /home/user/.cache/bazel/_bazel_user/540135163923dd7d5820f3ee4b306b32/execroot/apollo/bazel-out/local-fastbuild/testlogs/modules/planning/tasks/optimizers/open_space_trajectory_generation/open_space_trajectory_optimizer_test/test.log
//modules/planning/tasks/optimizers/open_space_trajectory_generation:open_space_trajectory_provider_test FAILED in 0.1s
  /home/user/.cache/bazel/_bazel_user/540135163923dd7d5820f3ee4b306b32/execroot/apollo/bazel-out/local-fastbuild/testlogs/modules/planning/tasks/optimizers/open_space_trajectory_generation/open_space_trajectory_provider_test/test.log
//modules/planning/tasks/optimizers/open_space_trajectory_partition:open_space_trajectory_partition_test FAILED in 0.1s
  /home/user/.cache/bazel/_bazel_user/540135163923dd7d5820f3ee4b306b32/execroot/apollo/bazel-out/local-fastbuild/testlogs/modules/planning/tasks/optimizers/open_space_trajectory_partition/open_space_trajectory_partition_test/test.log
//modules/planning/tasks/optimizers/path_time_heuristic:gridded_path_time_graph_test FAILED in 0.1s
  /home/user/.cache/bazel/_bazel_user/540135163923dd7d5820f3ee4b306b32/execroot/apollo/bazel-out/local-fastbuild/testlogs/modules/planning/tasks/optimizers/path_time_heuristic/gridded_path_time_graph_test/test.log
//modules/planning/tasks/rss:decider_rss_test                            FAILED in 0.1s
  /home/user/.cache/bazel/_bazel_user/540135163923dd7d5820f3ee4b306b32/execroot/apollo/bazel-out/local-fastbuild/testlogs/modules/planning/tasks/rss/decider_rss_test/test.log
//modules/planning/tuning:autotuning_raw_feature_generator_test          FAILED in 0.1s
  /home/user/.cache/bazel/_bazel_user/540135163923dd7d5820f3ee4b306b32/execroot/apollo/bazel-out/local-fastbuild/testlogs/modules/planning/tuning/autotuning_raw_feature_generator_test/test.log

Executed 328 out of 328 tests: 283 tests pass and 45 fail locally.
