INFO: Reading 'startup' options from /apollo/tools/bazel.rc: --batch_cpu_scheduling --host_jvm_args=-XX:-UseParallelGC
____(10-17 12:04:05.522) Loading package: modules/planning/scenarios/util
____(10-17 12:04:05.811) Loading package: @bazel_tools//tools/cpp
____(10-17 12:04:05.882) Loading package: @local_config_xcode//
____(10-17 12:04:05.961) Loading package: @local_jdk//
____(10-17 12:04:06.407) Loading complete.  Analyzing...
____(10-17 12:04:06.772) Loading package: tools/defaults
____(10-17 12:04:06.803) Loading package: modules/common/vehicle_state
____(10-17 12:04:06.836) Loading package: modules/common/status
____(10-17 12:04:06.866) Loading package: modules/map/pnc_map
____(10-17 12:04:06.896) Loading package: @bazel_tools//tools/python
____(10-17 12:04:06.933) Loading package: @com_google_protobuf//
____(10-17 12:04:06.966) Loading package: cyber/blocker
____(10-17 12:04:06.996) Loading package: cyber/timer
____(10-17 12:04:07.079) Loading package: modules/routing/common
____(10-17 12:04:07.117) Loading package: modules/prediction/network
____(10-17 12:04:07.158) Loading package: @bazel_tools//tools/genrule
____(10-17 12:04:07.402) Loading package: @proj4//
____(10-17 12:04:07.584) Loading package: modules/common/vehicle_model/proto
____(10-17 12:04:07.945) Found 266 targets and 337 test targets...
____(10-17 12:04:07.989) Building...
____(10-17 12:04:08.024) [0 / 2] BazelWorkspaceStatusAction stable-status.txt
____(10-17 12:04:08.055) [13 / 69] Writing file external/com_google_protobuf/protoc-2.params [for host]
____(10-17 12:04:08.117) [110 / 364] Writing file modules/planning/open_space/coarse_trajectory_generator/libhybrid_a_star.so-2.params
____(10-17 12:04:08.149) [138 / 532] Writing file external/com_google_protobuf/libprotoc_lib.a-2.params [for host]
____(10-17 12:04:08.179) [151 / 734] Compiling external/ad_rss_lib/src/generated/state/LateralResponse.cpp
____(10-17 12:04:08.965) [166 / 781] Writing file modules/planning/scenarios/traffic_light/unprotected_left_turn/libtraffic_light_unprotected_left_turn_scenario.so-2.params
____(10-17 12:04:08.994) [183 / 836] Writing file cyber/transport/libshm_dispatcher.so-2.params
____(10-17 12:04:09.170) [205 / 894] Compiling external/com_google_protobuf/src/google/protobuf/stubs/stringpiece.cc [for host]
____(10-17 12:04:10.482) [234 / 894] Compiling external/com_google_protobuf/src/google/protobuf/compiler/parser.cc [for host]
____(10-17 12:04:18.154) [302 / 894] Compiling external/com_google_protobuf/src/google/protobuf/compiler/javanano/javanano_field.cc [for host]
____(10-17 12:04:22.130) [336 / 894] Compiling external/com_google_protobuf/src/google/protobuf/compiler/javanano/javanano_map_field.cc [for host]
____(10-17 12:04:24.394) [355 / 894] Compiling external/com_google_protobuf/src/google/protobuf/compiler/java/java_generator.cc [for host]
____(10-17 12:04:24.971) [361 / 894] Compiling external/com_google_protobuf/src/google/protobuf/compiler/java/java_string_field_lite.cc [for host]
____(10-17 12:04:28.408) [485 / 1,103] Compiling external/proj4/src/PJ_crast.c
____(10-17 12:04:29.133) [584 / 1,316] Writing file modules/planning/proto/libplanning_internal_proto_lib.so-2.params
____(10-17 12:04:29.233) [626 / 1,434] Linking cyber/transport/libreadable_info.so
____(10-17 12:04:29.597) [755 / 1,823] Compiling external/com_google_protobuf/src/google/protobuf/util/internal/utility.cc
____(10-17 12:04:30.173) [781 / 1,842] Compiling external/curlpp/src/curlpp/internal/CurlHandle.cpp
____(10-17 12:04:34.129) [911 / 1,962] Compiling external/proj4/src/PJ_cass.c
____(10-17 12:04:34.507) [920 / 1,971] Compiling external/proj4/src/PJ_natearth2.c
____(10-17 12:04:36.627) [998 / 2,040] Compiling external/com_google_protobuf/src/google/protobuf/extension_set_heavy.cc
____(10-17 12:04:38.489) [1,029 / 2,071] Compiling modules/common/util/string_util.cc
PASS: (10-17 12:04:38.681) //modules/planning/planner/navi:navi_planner_test_cpplint
____(10-17 12:04:38.819) [1,042 / 2,101] Writing file modules/planning/libplanning_lib.a-2.params
____(10-17 12:04:38.850) [1,047 / 2,109] Testing //modules/planning:planning_component_lib_cpplint
PASS: (10-17 12:04:39.085) //modules/planning/planner/lattice:lattice_planner_cpplint
PASS: (10-17 12:04:39.286) //modules/planning/tuning:autotuning_raw_feature_generator_test_cpplint
PASS: (10-17 12:04:39.295) //modules/planning/planner/navi:navi_planner_cpplint
PASS: (10-17 12:04:39.361) //modules/planning:planning_component_lib_cpplint
PASS: (10-17 12:04:39.363) //modules/planning/tuning:autotuning_mlp_net_model_test_cpplint
PASS: (10-17 12:04:39.532) //modules/planning/tuning:autotuning_raw_feature_generator_cpplint
PASS: (10-17 12:04:39.540) //modules/planning/tuning:autotuning_feature_builder_cpplint
PASS: (10-17 12:04:39.540) //modules/planning/tuning/speed_model:autotuning_speed_mlp_model_test_cpplint
PASS: (10-17 12:04:39.607) //modules/planning/tuning:autotuning_mlp_net_model_cpplint
PASS: (10-17 12:04:39.666) //modules/planning/tuning:autotuning_base_model_cpplint
PASS: (10-17 12:04:39.667) //modules/planning/tuning/speed_model:autotuning_speed_feature_builder_test_cpplint
PASS: (10-17 12:04:39.808) //modules/planning/tuning/speed_model:autotuning_speed_mlp_model_cpplint
____(10-17 12:04:39.839) [1,164 / 2,305] Creating runfiles tree bazel-out/local-fastbuild/bin/modules/planning/open_space/coarse_trajectory_generator/hybrid_a_star_test.runfiles
PASS: (10-17 12:04:39.856) //modules/planning/tuning/speed_model:autotuning_speed_feature_builder_cpplint
PASS: (10-17 12:04:39.902) //modules/planning/open_space/coarse_trajectory_generator:reeds_shepp_path_test_cpplint
PASS: (10-17 12:04:40.050) //modules/planning:planning_lib_cpplint
PASS: (10-17 12:04:40.440) //modules/planning/open_space/coarse_trajectory_generator:node3d_test_cpplint
PASS: (10-17 12:04:40.506) //modules/planning/open_space/trajectory_smoother:planning_block_cpplint
PASS: (10-17 12:04:40.515) //modules/planning/open_space/coarse_trajectory_generator:hybrid_a_star_test_cpplint
____(10-17 12:04:40.517) [1,199 / 2,325] Generating C++ proto_library //modules/planning/proto:path_decider_info_proto_lib
PASS: (10-17 12:04:40.547) //modules/planning/open_space/coarse_trajectory_generator:node3d_cpplint
PASS: (10-17 12:04:40.725) //modules/planning/open_space/coarse_trajectory_generator:grid_search_cpplint
PASS: (10-17 12:04:41.007) //modules/planning/open_space/coarse_trajectory_generator:reeds_shepp_path_cpplint
PASS: (10-17 12:04:41.047) //modules/planning/open_space/coarse_trajectory_generator:hybrid_a_star_cpplint
____(10-17 12:04:42.084) [1,223 / 2,325] Compiling modules/map/proto/map_stop_sign.pb.cc
____(10-17 12:04:42.680) [1,230 / 2,325] Compiling modules/map/proto/map_signal.pb.cc
____(10-17 12:04:42.794) From Generating C++ proto_library //modules/perception/proto:perception_proto_lib:
modules/perception/proto/perception_camera.proto: warning: Import modules/common/proto/error_code.proto but not used.
____(10-17 12:04:44.574) [1,294 / 2,325] Generating C++ proto_library //modules/common/vehicle_state/proto:vehicle_state_proto_lib
____(10-17 12:04:45.310) [1,319 / 2,325] Generating C++ proto_library //modules/common/vehicle_model/proto:vehicle_model_config_proto_lib
____(10-17 12:04:46.577) [1,362 / 2,325] Compiling cyber/service_discovery/container/single_value_warehouse.cc
____(10-17 12:04:46.943) [1,384 / 2,325] Generating C++ proto_library //cyber/proto:cyber_conf_proto
____(10-17 12:04:47.286) [1,399 / 2,325] Compiling cyber/transport/shm/notifier_factory.cc
____(10-17 12:04:48.738) [1,456 / 2,325] Compiling cyber/record/file/record_file_reader.cc
____(10-17 12:04:49.856) [1,491 / 2,325] Compiling cyber/service_discovery/specific_manager/node_manager.cc
____(10-17 12:04:50.403) [1,503 / 2,325] Compiling cyber/scheduler/processor_context.cc
____(10-17 12:04:50.629) [1,516 / 2,325] Compiling cyber/scheduler/policy/classic_context.cc
____(10-17 12:04:50.667) [1,518 / 2,325] Compiling cyber/scheduler/policy/scheduler_classic.cc
____(10-17 12:04:50.832) [1,525 / 2,325] Compiling cyber/scheduler/scheduler_factory.cc
____(10-17 12:04:51.620) [1,534 / 2,325] Compiling cyber/timer/timing_wheel.cc
____(10-17 12:04:54.268) [1,592 / 2,325] Compiling modules/prediction/proto/prediction_point.pb.cc
____(10-17 12:04:54.442) [1,603 / 2,325] Generating C++ proto_library //modules/planning/proto:rule_based_stop_decider_config_proto_lib
____(10-17 12:04:54.472) [1,608 / 2,325] Compiling modules/planning/proto/dp_st_speed_config.pb.cc
____(10-17 12:04:55.547) [1,619 / 2,325] Linking modules/prediction/proto/libscenario_proto_lib.so
____(10-17 12:04:56.971) [1,653 / 2,325] Linking modules/planning/tasks/optimizers/path_time_heuristic/libst_graph_point.so
____(10-17 12:04:57.622) [1,670 / 2,325] Linking modules/planning/proto/libplanner_open_space_config_proto_lib.so
____(10-17 12:04:58.209) [1,687 / 2,325] Compiling modules/planning/tuning/speed_model/autotuning_speed_mlp_model_test.cc
____(10-17 12:04:59.017) [1,704 / 2,325] Compiling modules/planning/lattice/trajectory_generation/piecewise_braking_trajectory_generator.cc
____(10-17 12:04:59.142) [1,710 / 2,325] Linking modules/planning/open_space/coarse_trajectory_generator/libgrid_search.so
____(10-17 12:04:59.625) [1,720 / 2,325] Linking modules/planning/lattice/trajectory_generation/libpiecewise_braking_trajectory_generator.so
____(10-17 12:05:00.254) [1,742 / 2,325] Compiling modules/map/hdmap/adapter/xml_parser/roads_xml_parser.cc
____(10-17 12:05:00.435) [1,751 / 2,325] Compiling modules/map/hdmap/adapter/xml_parser/objects_xml_parser.cc
PASS: (10-17 12:05:02.223) //modules/planning/tuning/speed_model:autotuning_speed_feature_builder_test
____(10-17 12:05:04.243) [1,806 / 2,326] Compiling modules/routing/graph/topo_range_manager.cc
____(10-17 12:05:04.987) [1,813 / 2,326] Compiling modules/routing/graph/sub_topo_graph.cc
____(10-17 12:05:08.095) [1,852 / 2,326] Compiling modules/canbus/proto/zhongyun.pb.cc
____(10-17 12:05:11.631) [1,882 / 2,326] Compiling modules/planning/common/planning_context.cc
____(10-17 12:05:13.433) [1,892 / 2,326] Compiling modules/map/pnc_map/route_segments.cc
____(10-17 12:05:15.298) [1,902 / 2,326] Compiling modules/planning/common/trajectory/discretized_trajectory.cc
____(10-17 12:05:16.970) [1,919 / 2,326] Compiling modules/planning/lattice/behavior/prediction_querier.cc
____(10-17 12:05:19.053) [1,943 / 2,326] Compiling modules/common/vehicle_model/vehicle_model.cc
____(10-17 12:05:19.606) [1,951 / 2,326] Compiling modules/planning/open_space/trajectory_smoother/distance_approach_ipopt_fixed_ts_interface.cc
____(10-17 12:05:22.263) [1,977 / 2,326] Compiling modules/planning/tuning/autotuning_raw_feature_generator.cc
____(10-17 12:05:22.606) [1,985 / 2,326] Compiling modules/planning/tasks/smoothers/smoother.cc
____(10-17 12:05:28.818) [2,022 / 2,326] Compiling modules/planning/constraint_checker/constraint_checker1d.cc
____(10-17 12:05:34.268) [2,031 / 2,326] Linking modules/planning/tuning/speed_model/autotuning_speed_mlp_model_test
PASS: (10-17 12:05:35.728) //modules/planning/tuning/speed_model:autotuning_speed_mlp_model_test
____(10-17 12:05:35.766) [2,036 / 2,327] Compiling modules/planning/navi/decider/navi_task.cc
____(10-17 12:05:36.809) [2,043 / 2,327] Compiling modules/planning/tasks/optimizers/path_time_heuristic/gridded_path_time_graph.cc
PASS: (10-17 12:05:37.545) //modules/planning/tuning:autotuning_mlp_net_model_test
____(10-17 12:05:40.422) [2,069 / 2,328] Linking modules/planning/open_space/coarse_trajectory_generator/libreeds_shepp_path.so
____(10-17 12:05:40.971) [2,074 / 2,328] Compiling modules/planning/traffic_rules/object_priority.cc
____(10-17 12:05:43.056) [2,083 / 2,328] Compiling modules/planning/tasks/deciders/utils/path_decider_obstacle_utils.cc
____(10-17 12:05:49.420) [2,096 / 2,328] Compiling modules/planning/navi/decider/navi_path_decider.cc
____(10-17 12:05:53.188) [2,110 / 2,328] Compiling modules/planning/tasks/optimizers/path_optimizer.cc
____(10-17 12:06:07.579) [2,161 / 2,328] Compiling modules/planning/tasks/optimizers/open_space_trajectory_generation/open_space_trajectory_optimizer.cc
____(10-17 12:06:07.654) [2,163 / 2,328] Compiling modules/planning/tasks/optimizers/open_space_trajectory_generation/open_space_trajectory_provider.cc
____(10-17 12:06:09.784) [2,172 / 2,328] Compiling modules/planning/scenarios/traffic_light/unprotected_left_turn/stage_creep.cc
____(10-17 12:06:13.330) [2,187 / 2,328] Compiling modules/planning/scenarios/stop_sign/unprotected/stop_sign_unprotected_scenario.cc
____(10-17 12:06:17.483) [2,202 / 2,328] Compiling modules/planning/scenarios/lane_follow/lane_follow_scenario.cc
____(10-17 12:06:24.935) [2,231 / 2,328] Compiling modules/planning/scenarios/bare_intersection/unprotected/bare_intersection_unprotected_scenario.cc
____(10-17 12:06:28.259) [2,241 / 2,328] Compiling modules/planning/planner/public_road/public_road_planner.cc
____(10-17 12:06:32.345) [2,248 / 2,328] Compiling modules/planning/planner/navi_planner_dispatcher.cc
____(10-17 12:06:41.312) [2,271 / 2,332] Testing //modules/planning/open_space/trajectory_smoother:iterative_anchoring_smoother_cpplint
____(10-17 12:06:41.618) [2,283 / 2,340] Writing file modules/planning/open_space/trajectory_smoother/libdual_variable_warm_start_slack_osqp_interface.a-2.params
PASS: (10-17 12:06:41.948) //modules/planning/open_space/trajectory_smoother:dual_variable_warm_start_problem_test_cpplint
____(10-17 12:06:41.984) [2,292 / 2,349] Compiling modules/planning/open_space/trajectory_smoother/dual_variable_warm_start_problem_test.cc
PASS: (10-17 12:06:42.112) //modules/planning/open_space/trajectory_smoother:iterative_anchoring_smoother_cpplint
PASS: (10-17 12:06:42.503) //modules/planning/open_space/trajectory_smoother:dual_variable_warm_start_slack_osqp_interface_cpplint
PASS: (10-17 12:06:42.585) //modules/planning/open_space/trajectory_smoother:dual_variable_warm_start_osqp_interface_test_cpplint
PASS: (10-17 12:06:42.687) //modules/planning/open_space/trajectory_smoother:dual_variable_warm_start_problem_cpplint
____(10-17 12:06:42.721) [2,315 / 2,371] Expanding template modules/planning/open_space/trajectory_smoother/dual_variable_warm_start_ipopt_qp_interface_cpplint
PASS: (10-17 12:06:43.001) //modules/planning/open_space/trajectory_smoother:dual_variable_warm_start_ipopt_interface_test_cpplint
____(10-17 12:06:43.156) [2,337 / 2,391] Linking modules/planning/planner/rtk/librtk_planner.so
PASS: (10-17 12:06:43.484) //modules/planning/open_space/trajectory_smoother:dual_variable_warm_start_ipopt_qp_interface_cpplint
PASS: (10-17 12:06:43.487) //modules/planning/open_space/trajectory_smoother:distance_approach_problem_test_cpplint
PASS: (10-17 12:06:43.533) //modules/planning/open_space/trajectory_smoother:dual_variable_warm_start_osqp_interface_cpplint
PASS: (10-17 12:06:43.856) //modules/planning/open_space/trajectory_smoother:distance_approach_problem_cpplint
PASS: (10-17 12:06:44.238) //modules/planning/open_space/trajectory_smoother:dual_variable_warm_start_ipopt_interface_cpplint
PASS: (10-17 12:06:44.250) //modules/planning/open_space/trajectory_smoother:distance_approach_ipopt_interface_test_cpplint
PASS: (10-17 12:06:44.628) //modules/planning/open_space/trajectory_smoother:distance_approach_ipopt_relax_end_slack_interface_cpplint
PASS: (10-17 12:06:44.896) //modules/planning/open_space/trajectory_smoother:distance_approach_ipopt_relax_end_interface_cpplint
PASS: (10-17 12:06:45.497) //modules/planning/open_space/trajectory_smoother:distance_approach_ipopt_fixed_ts_interface_cpplint
PASS: (10-17 12:06:45.731) //modules/planning/open_space/trajectory_smoother:distance_approach_ipopt_fixed_dual_interface_cpplint
____(10-17 12:06:45.765) [2,401 / 2,455] Compiling modules/planning/open_space/trajectory_smoother/distance_approach_ipopt_cuda_interface_test.cc
PASS: (10-17 12:06:45.879) //modules/planning/open_space/trajectory_smoother:distance_approach_ipopt_cuda_interface_test_cpplint
PASS: (10-17 12:06:45.920) //modules/planning/open_space/trajectory_smoother:distance_approach_ipopt_interface_cpplint
FAIL: (10-17 12:06:46.614) //modules/planning/open_space/trajectory_smoother:dual_variable_warm_start_osqp_interface_test (see /home/user/.cache/bazel/_bazel_user/540135163923dd7d5820f3ee4b306b32/execroot/apollo/bazel-out/local-fastbuild/testlogs/modules/planning/open_space/trajectory_smoother/dual_variable_warm_start_osqp_interface_test/test.log)
____(10-17 12:06:46.615) From Testing //modules/planning/open_space/trajectory_smoother:dual_variable_warm_start_osqp_interface_test:
==================== Test output for //modules/planning/open_space/trajectory_smoother:dual_variable_warm_start_osqp_interface_test:
/home/user/.cache/bazel/_bazel_user/540135163923dd7d5820f3ee4b306b32/execroot/apollo/bazel-out/local-fastbuild/bin/modules/planning/open_space/trajectory_smoother/dual_variable_warm_start_osqp_interface_test.runfiles/apollo/modules/planning/open_space/trajectory_smoother/dual_variable_warm_start_osqp_interface_test: error while loading shared libraries: libadolc.so.2: cannot open shared object file: No such file or directory
================================================================================
PASS: (10-17 12:06:46.680) //modules/planning/open_space/trajectory_smoother:distance_approach_ipopt_cuda_interface_cpplint
____(10-17 12:06:46.708) [2,422 / 2,474] Creating source manifest for //modules/planning/open_space/tools:open_space_roi_wrapper_lib.so
PASS: (10-17 12:06:47.007) //modules/planning/open_space/tools:open_space_roi_wrapper_lib.so_cpplint
FAIL: (10-17 12:06:47.833) //modules/planning/open_space/trajectory_smoother:dual_variable_warm_start_ipopt_interface_test (see /home/user/.cache/bazel/_bazel_user/540135163923dd7d5820f3ee4b306b32/execroot/apollo/bazel-out/local-fastbuild/testlogs/modules/planning/open_space/trajectory_smoother/dual_variable_warm_start_ipopt_interface_test/test.log)
____(10-17 12:06:47.833) From Testing //modules/planning/open_space/trajectory_smoother:dual_variable_warm_start_ipopt_interface_test:
==================== Test output for //modules/planning/open_space/trajectory_smoother:dual_variable_warm_start_ipopt_interface_test:
/home/user/.cache/bazel/_bazel_user/540135163923dd7d5820f3ee4b306b32/execroot/apollo/bazel-out/local-fastbuild/bin/modules/planning/open_space/trajectory_smoother/dual_variable_warm_start_ipopt_interface_test.runfiles/apollo/modules/planning/open_space/trajectory_smoother/dual_variable_warm_start_ipopt_interface_test: error while loading shared libraries: libadolc.so.2: cannot open shared object file: No such file or directory
================================================================================
FAIL: (10-17 12:06:48.678) //modules/planning/open_space/coarse_trajectory_generator:node3d_test (see /home/user/.cache/bazel/_bazel_user/540135163923dd7d5820f3ee4b306b32/execroot/apollo/bazel-out/local-fastbuild/testlogs/modules/planning/open_space/coarse_trajectory_generator/node3d_test/test.log)
____(10-17 12:06:48.679) From Testing //modules/planning/open_space/coarse_trajectory_generator:node3d_test:
==================== Test output for //modules/planning/open_space/coarse_trajectory_generator:node3d_test:
/home/user/.cache/bazel/_bazel_user/540135163923dd7d5820f3ee4b306b32/execroot/apollo/bazel-out/local-fastbuild/bin/modules/planning/open_space/coarse_trajectory_generator/node3d_test.runfiles/apollo/modules/planning/open_space/coarse_trajectory_generator/node3d_test: error while loading shared libraries: libadolc.so.2: cannot open shared object file: No such file or directory
================================================================================
==================== Test output for //modules/planning/open_space/coarse_trajectory_generator:hybrid_a_star_test:
FAIL: (10-17 12:06:48.808) //modules/planning/open_space/coarse_trajectory_generator:hybrid_a_star_test (see /home/user/.cache/bazel/_bazel_user/540135163923dd7d5820f3ee4b306b32/execroot/apollo/bazel-out/local-fastbuild/testlogs/modules/planning/open_space/coarse_trajectory_generator/hybrid_a_star_test/test.log)
____(10-17 12:06:48.808) From Testing //modules/planning/open_space/coarse_trajectory_generator:hybrid_a_star_test:
/home/user/.cache/bazel/_bazel_user/540135163923dd7d5820f3ee4b306b32/execroot/apollo/bazel-out/local-fastbuild/bin/modules/planning/open_space/coarse_trajectory_generator/hybrid_a_star_test.runfiles/apollo/modules/planning/open_space/coarse_trajectory_generator/hybrid_a_star_test: error while loading shared libraries: libadolc.so.2: cannot open shared object file: No such file or directory
================================================================================
FAIL: (10-17 12:06:48.903) //modules/planning/open_space/coarse_trajectory_generator:reeds_shepp_path_test (see /home/user/.cache/bazel/_bazel_user/540135163923dd7d5820f3ee4b306b32/execroot/apollo/bazel-out/local-fastbuild/testlogs/modules/planning/open_space/coarse_trajectory_generator/reeds_shepp_path_test/test.log)
____(10-17 12:06:48.903) From Testing //modules/planning/open_space/coarse_trajectory_generator:reeds_shepp_path_test:
==================== Test output for //modules/planning/open_space/coarse_trajectory_generator:reeds_shepp_path_test:
/home/user/.cache/bazel/_bazel_user/540135163923dd7d5820f3ee4b306b32/execroot/apollo/bazel-out/local-fastbuild/bin/modules/planning/open_space/coarse_trajectory_generator/reeds_shepp_path_test.runfiles/apollo/modules/planning/open_space/coarse_trajectory_generator/reeds_shepp_path_test: error while loading shared libraries: libadolc.so.2: cannot open shared object file: No such file or directory
================================================================================
____(10-17 12:06:48.941) [2,449 / 2,493] Writing file modules/planning/open_space/tools/distance_approach_problem_wrapper_lib.so-2.params
FAIL: (10-17 12:06:48.974) //modules/planning/open_space/trajectory_smoother:dual_variable_warm_start_problem_test (see /home/user/.cache/bazel/_bazel_user/540135163923dd7d5820f3ee4b306b32/execroot/apollo/bazel-out/local-fastbuild/testlogs/modules/planning/open_space/trajectory_smoother/dual_variable_warm_start_problem_test/test.log)
____(10-17 12:06:48.974) From Testing //modules/planning/open_space/trajectory_smoother:dual_variable_warm_start_problem_test:
==================== Test output for //modules/planning/open_space/trajectory_smoother:dual_variable_warm_start_problem_test:
/home/user/.cache/bazel/_bazel_user/540135163923dd7d5820f3ee4b306b32/execroot/apollo/bazel-out/local-fastbuild/bin/modules/planning/open_space/trajectory_smoother/dual_variable_warm_start_problem_test.runfiles/apollo/modules/planning/open_space/trajectory_smoother/dual_variable_warm_start_problem_test: error while loading shared libraries: libadolc.so.2: cannot open shared object file: No such file or directory
================================================================================
FAIL: (10-17 12:06:49.344) //modules/planning/tuning:autotuning_raw_feature_generator_test (see /home/user/.cache/bazel/_bazel_user/540135163923dd7d5820f3ee4b306b32/execroot/apollo/bazel-out/local-fastbuild/testlogs/modules/planning/tuning/autotuning_raw_feature_generator_test/test.log)
____(10-17 12:06:49.345) From Testing //modules/planning/tuning:autotuning_raw_feature_generator_test:
==================== Test output for //modules/planning/tuning:autotuning_raw_feature_generator_test:
/home/user/.cache/bazel/_bazel_user/540135163923dd7d5820f3ee4b306b32/execroot/apollo/bazel-out/local-fastbuild/bin/modules/planning/tuning/autotuning_raw_feature_generator_test.runfiles/apollo/modules/planning/tuning/autotuning_raw_feature_generator_test: error while loading shared libraries: libadolc.so.2: cannot open shared object file: No such file or directory
================================================================================
==================== Test output for //modules/planning/open_space/trajectory_smoother:distance_approach_ipopt_interface_test:
FAIL: (10-17 12:06:49.375) //modules/planning/open_space/trajectory_smoother:distance_approach_ipopt_interface_test (see /home/user/.cache/bazel/_bazel_user/540135163923dd7d5820f3ee4b306b32/execroot/apollo/bazel-out/local-fastbuild/testlogs/modules/planning/open_space/trajectory_smoother/distance_approach_ipopt_interface_test/test.log)
____(10-17 12:06:49.376) From Testing //modules/planning/open_space/trajectory_smoother:distance_approach_ipopt_interface_test:
/home/user/.cache/bazel/_bazel_user/540135163923dd7d5820f3ee4b306b32/execroot/apollo/bazel-out/local-fastbuild/bin/modules/planning/open_space/trajectory_smoother/distance_approach_ipopt_interface_test.runfiles/apollo/modules/planning/open_space/trajectory_smoother/distance_approach_ipopt_interface_test: error while loading shared libraries: libadolc.so.2: cannot open shared object file: No such file or directory
================================================================================
PASS: (10-17 12:06:49.555) //modules/planning/open_space/tools:hybrid_a_star_wrapper_lib.so_cpplint
PASS: (10-17 12:06:49.596) //modules/planning/math:polynomial_xd_cpplint
____(10-17 12:06:49.628) [2,486 / 2,530] Testing //modules/planning/math/curve1d:quintic_spiral_path_cpplint
PASS: (10-17 12:06:49.721) //modules/planning/math:discrete_points_math_cpplint
PASS: (10-17 12:06:49.727) //modules/planning/math:curve_math_test_cpplint
PASS: (10-17 12:06:49.786) //modules/planning/open_space/tools:distance_approach_problem_wrapper_lib.so_cpplint
PASS: (10-17 12:06:49.847) //modules/planning/math:curve_math_cpplint
PASS: (10-17 12:06:49.967) //modules/planning/math/curve1d:quintic_polynomial_curve1d_test_cpplint
PASS: (10-17 12:06:50.319) //modules/planning/math/curve1d:quintic_spiral_path_cpplint
FAIL: (10-17 12:06:50.744) //modules/planning/open_space/trajectory_smoother:distance_approach_problem_test (see /home/user/.cache/bazel/_bazel_user/540135163923dd7d5820f3ee4b306b32/execroot/apollo/bazel-out/local-fastbuild/testlogs/modules/planning/open_space/trajectory_smoother/distance_approach_problem_test/test.log)
____(10-17 12:06:50.746) From Testing //modules/planning/open_space/trajectory_smoother:distance_approach_problem_test:
==================== Test output for //modules/planning/open_space/trajectory_smoother:distance_approach_problem_test:
/home/user/.cache/bazel/_bazel_user/540135163923dd7d5820f3ee4b306b32/execroot/apollo/bazel-out/local-fastbuild/bin/modules/planning/open_space/trajectory_smoother/distance_approach_problem_test.runfiles/apollo/modules/planning/open_space/trajectory_smoother/distance_approach_problem_test: error while loading shared libraries: libadolc.so.2: cannot open shared object file: No such file or directory
================================================================================
FAIL: (10-17 12:06:50.787) //modules/planning/open_space/trajectory_smoother:distance_approach_ipopt_cuda_interface_test (see /home/user/.cache/bazel/_bazel_user/540135163923dd7d5820f3ee4b306b32/execroot/apollo/bazel-out/local-fastbuild/testlogs/modules/planning/open_space/trajectory_smoother/distance_approach_ipopt_cuda_interface_test/test.log)
____(10-17 12:06:50.788) From Testing //modules/planning/open_space/trajectory_smoother:distance_approach_ipopt_cuda_interface_test:
==================== Test output for //modules/planning/open_space/trajectory_smoother:distance_approach_ipopt_cuda_interface_test:
/home/user/.cache/bazel/_bazel_user/540135163923dd7d5820f3ee4b306b32/execroot/apollo/bazel-out/local-fastbuild/bin/modules/planning/open_space/trajectory_smoother/distance_approach_ipopt_cuda_interface_test.runfiles/apollo/modules/planning/open_space/trajectory_smoother/distance_approach_ipopt_cuda_interface_test: error while loading shared libraries: libadolc.so.2: cannot open shared object file: No such file or directory
================================================================================
PASS: (10-17 12:06:50.851) //modules/planning/math:curve_math_test
PASS: (10-17 12:06:51.069) //modules/planning/math/curve1d:quartic_polynomial_curve1d_test_cpplint
PASS: (10-17 12:06:51.130) //modules/planning/math/curve1d:polynomial_curve1d_cpplint
PASS: (10-17 12:06:51.201) //modules/planning/math/curve1d:quartic_polynomial_curve1d_cpplint
PASS: (10-17 12:06:51.258) //modules/planning/math/curve1d:piecewise_quintic_spiral_path_test_cpplint
____(10-17 12:06:51.264) [2,552 / 2,599] Testing //modules/planning/math/curve1d:quintic_polynomial_curve1d_test
PASS: (10-17 12:06:51.273) //modules/planning/math/curve1d:quintic_polynomial_curve1d_cpplint
PASS: (10-17 12:06:51.339) //modules/planning/math/curve1d:quintic_polynomial_curve1d_test
PASS: (10-17 12:06:51.527) //modules/planning/math/curve1d:curve1d_cpplint
PASS: (10-17 12:06:51.545) //modules/planning/math/curve1d:cubic_polynomial_curve1d_test_cpplint
PASS: (10-17 12:06:51.652) //modules/planning/math/curve1d:piecewise_quintic_spiral_path_cpplint
PASS: (10-17 12:06:51.691) //modules/planning/math/curve1d:cubic_polynomial_curve1d_cpplint
PASS: (10-17 12:06:51.999) //modules/planning/math/piecewise_jerk:piecewise_jerk_speed_problem_cpplint
PASS: (10-17 12:06:52.007) //modules/planning/math/piecewise_jerk:piecewise_jerk_path_problem_cpplint
PASS: (10-17 12:06:52.124) //modules/planning/math/smoothing_spline:spline_seg_kernel_cpplint
PASS: (10-17 12:06:52.177) //modules/planning/math/piecewise_jerk:piecewise_jerk_problem_cpplint
PASS: (10-17 12:06:52.180) //modules/planning/math/smoothing_spline:spline_2d_seg_cpplint
PASS: (10-17 12:06:52.261) //modules/planning/math/smoothing_spline:spline_2d_solver_cpplint
PASS: (10-17 12:06:52.310) //modules/planning/math/smoothing_spline:spline_2d_kernel_test_cpplint
____(10-17 12:06:52.341) [2,642 / 2,687] Compiling modules/planning/math/smoothing_spline/spline_1d_solver.cc
PASS: (10-17 12:06:52.535) //modules/planning/math/smoothing_spline:spline_2d_kernel_cpplint
PASS: (10-17 12:06:52.579) //modules/planning/reference_line:qp_spline_reference_line_smoother_test_cpplint
PASS: (10-17 12:06:52.584) //modules/planning/math/smoothing_spline:spline_2d_constraint_test_cpplint
PASS: (10-17 12:06:52.647) //modules/planning/math/smoothing_spline:spline_2d_cpplint
PASS: (10-17 12:06:52.652) //modules/planning/math/smoothing_spline:spline_1d_solver_cpplint
PASS: (10-17 12:06:52.972) //modules/planning/math/smoothing_spline:spline_2d_constraint_cpplint
PASS: (10-17 12:06:52.994) //modules/planning/math/smoothing_spline:spline_1d_seg_cpplint
PASS: (10-17 12:06:53.048) //modules/planning/math/curve1d:piecewise_quintic_spiral_path_test
PASS: (10-17 12:06:53.530) //modules/planning/reference_line:reference_line_cpplint
PASS: (10-17 12:06:53.668) //modules/planning/math/smoothing_spline:spline_1d_kernel_test_cpplint
PASS: (10-17 12:06:53.673) //modules/planning/math/curve1d:quartic_polynomial_curve1d_test
PASS: (10-17 12:06:53.689) //modules/planning/math/curve1d:cubic_polynomial_curve1d_test
PASS: (10-17 12:06:53.852) //modules/planning/math/smoothing_spline:spline_1d_kernel_cpplint
PASS: (10-17 12:06:53.931) //modules/planning/math/smoothing_spline:spline_1d_cpplint
PASS: (10-17 12:06:54.137) //modules/planning/math/smoothing_spline:spline_1d_constraint_test_cpplint
PASS: (10-17 12:06:54.200) //modules/planning/math/smoothing_spline:piecewise_linear_kernel_test_cpplint
____(10-17 12:06:54.331) [2,744 / 2,788] Linking modules/planning/scenarios/libscenario_manager.so
PASS: (10-17 12:06:54.371) //modules/planning/math/smoothing_spline:spline_2d_kernel_test
PASS: (10-17 12:06:54.402) //modules/planning/math/smoothing_spline:spline_1d_constraint_cpplint
PASS: (10-17 12:06:54.639) //modules/planning/math/smoothing_spline:piecewise_linear_constraint_test_cpplint
PASS: (10-17 12:06:54.682) //modules/planning/math/smoothing_spline:piecewise_linear_generator_cpplint
PASS: (10-17 12:06:54.732) //modules/planning/math/smoothing_spline:piecewise_linear_kernel_cpplint
PASS: (10-17 12:06:54.881) //modules/planning/math/smoothing_spline:osqp_spline_2d_solver_test_cpplint
PASS: (10-17 12:06:54.916) //modules/planning/math/smoothing_spline:spline_2d_constraint_test
PASS: (10-17 12:06:54.940) //modules/planning/math/smoothing_spline:piecewise_linear_constraint_cpplint
PASS: (10-17 12:06:55.120) //modules/planning/math/smoothing_spline:osqp_spline_1d_solver_test_cpplint
PASS: (10-17 12:06:55.210) //modules/planning/math/smoothing_spline:affine_constraint_cpplint
PASS: (10-17 12:06:55.290) //modules/planning/math/smoothing_spline:osqp_spline_2d_solver_cpplint
PASS: (10-17 12:06:55.306) //modules/planning/math/smoothing_spline:active_set_spline_2d_solver_test_cpplint
PASS: (10-17 12:06:55.383) //modules/planning/math/smoothing_spline:osqp_spline_1d_solver_cpplint
PASS: (10-17 12:06:55.595) //modules/planning/math/smoothing_spline:active_set_spline_1d_solver_test_cpplint
PASS: (10-17 12:06:55.733) //modules/planning/math/smoothing_spline:active_set_spline_2d_solver_cpplint
PASS: (10-17 12:06:55.787) //modules/planning/math/smoothing_spline:active_set_spline_1d_solver_cpplint
PASS: (10-17 12:06:55.963) //modules/planning/math/discretized_points_smoothing:fem_pos_deviation_smoother_cpplint
____(10-17 12:06:55.994) [2,858 / 2,905] Testing //modules/planning/math/discretized_points_smoothing:cos_theta_smoother_cpplint
____(10-17 12:06:56.147) [2,872 / 2,915] Creating source manifest for //modules/planning/reference_line:spiral_smoother_util_cpplint
PASS: (10-17 12:06:56.256) //modules/planning/math/discretized_points_smoothing:cos_theta_smoother_cpplint
PASS: (10-17 12:06:56.302) //modules/planning/math/discretized_points_smoothing:fem_pos_deviation_osqp_interface_cpplint
____(10-17 12:06:56.449) [2,892 / 2,935] Compiling modules/planning/reference_line/spiral_smoother_util.cc
PASS: (10-17 12:06:56.458) //modules/planning/reference_line:spiral_smoother_util_cpplint
____(10-17 12:06:56.478) [2,896 / 2,939] Linking modules/planning/proto/librule_based_stop_decider_config_proto_lib.a
PASS: (10-17 12:06:56.545) //modules/planning/math/discretized_points_smoothing:fem_pos_deviation_ipopt_interface_cpplint
PASS: (10-17 12:06:56.939) //modules/planning/math/smoothing_spline:spline_1d_constraint_test
____(10-17 12:06:56.943) [2,980 / 3,020] Linking modules/common/math/libangle.a
PASS: (10-17 12:06:57.044) //modules/planning/math/smoothing_spline:piecewise_linear_kernel_test
____(10-17 12:06:57.062) [3,006 / 3,047] Writing file modules/planning/proto/libnavi_obstacle_decider_config_proto_lib.a-2.params
PASS: (10-17 12:06:57.070) //modules/planning/math/discretized_points_smoothing:cos_theta_ipopt_interface_cpplint
PASS: (10-17 12:06:57.240) //modules/planning/math/smoothing_spline:spline_1d_kernel_test
____(10-17 12:06:57.770) [3,117 / 3,149] Testing //modules/planning/reference_line:reference_line_provider_cpplint
PASS: (10-17 12:06:57.778) //modules/planning/math/smoothing_spline:piecewise_linear_constraint_test
PASS: (10-17 12:06:57.878) //modules/planning/math/smoothing_spline:osqp_spline_2d_solver_test
PASS: (10-17 12:06:57.892) //modules/planning/reference_line:spiral_reference_line_smoother_test_cpplint
PASS: (10-17 12:06:57.988) //modules/planning/reference_line:smoother_util_cpplint
PASS: (10-17 12:06:58.048) //modules/planning/reference_line:reference_line_smoother_cpplint
PASS: (10-17 12:06:58.145) //modules/planning/math/smoothing_spline:osqp_spline_1d_solver_test
PASS: (10-17 12:06:58.273) //modules/planning/math/smoothing_spline:active_set_spline_1d_solver_test
PASS: (10-17 12:06:58.282) //modules/planning/reference_line:discrete_points_reference_line_smoother_test_cpplint
____(10-17 12:06:58.304) [3,171 / 3,204] Expanding template modules/planning/common/speed_profile_generator_cpplint
PASS: (10-17 12:06:58.416) //modules/planning/reference_line:qp_spline_reference_line_smoother_cpplint
PASS: (10-17 12:06:58.422) //modules/planning/common:st_graph_data_test_cpplint
PASS: (10-17 12:06:58.444) //modules/planning/common:speed_profile_generator_test_cpplint
____(10-17 12:06:58.451) [3,184 / 3,218] Compiling modules/planning/common/speed_limit_test.cc
PASS: (10-17 12:06:58.502) //modules/planning/common:trajectory_stitcher_cpplint
PASS: (10-17 12:06:58.510) //modules/planning/common:st_graph_data_cpplint
PASS: (10-17 12:06:58.536) //modules/planning/reference_line:discrete_points_reference_line_smoother_cpplint
PASS: (10-17 12:06:58.557) //modules/planning/math/smoothing_spline:active_set_spline_2d_solver_test
PASS: (10-17 12:06:58.709) //modules/planning/reference_line:reference_line_provider_cpplint
PASS: (10-17 12:06:58.715) //modules/planning/common:speed_limit_test_cpplint
PASS: (10-17 12:06:58.731) //modules/planning/common:reference_line_info_test_cpplint
PASS: (10-17 12:06:58.755) //modules/planning/common:speed_limit_cpplint
PASS: (10-17 12:06:58.909) //modules/planning/common:speed_profile_generator_cpplint
PASS: (10-17 12:06:58.996) //modules/planning/reference_line:spiral_reference_line_smoother_cpplint
PASS: (10-17 12:06:59.038) //modules/planning/common:open_space_info_test_cpplint
PASS: (10-17 12:06:59.049) //modules/planning/common:planning_context_cpplint
PASS: (10-17 12:06:59.051) //modules/planning/common:path_boundary_cpplint
PASS: (10-17 12:06:59.191) //modules/planning/common:path_decision_cpplint
PASS: (10-17 12:06:59.497) //modules/planning/common:reference_line_info_cpplint
PASS: (10-17 12:06:59.529) //modules/planning/common:obstacle_blocking_analyzer_cpplint
PASS: (10-17 12:06:59.561) //modules/planning/common:planning_gflags_cpplint
PASS: (10-17 12:06:59.601) //modules/planning/common:obstacle_test_cpplint
PASS: (10-17 12:06:59.816) //modules/planning/common:local_view_cpplint
PASS: (10-17 12:06:59.840) //modules/planning/common:indexed_queue_test_cpplint
PASS: (10-17 12:06:59.872) //modules/planning/common:open_space_info_cpplint
PASS: (10-17 12:06:59.882) //modules/planning/common:indexed_queue_cpplint
PASS: (10-17 12:06:59.964) //modules/planning/common:obstacle_cpplint
PASS: (10-17 12:07:00.069) //modules/planning/common:indexed_list_test_cpplint
PASS: (10-17 12:07:00.112) //modules/planning/common:frame_test_cpplint
PASS: (10-17 12:07:00.326) //modules/planning/common:indexed_list_cpplint
PASS: (10-17 12:07:00.459) //modules/planning/common:speed_limit_test
PASS: (10-17 12:07:00.527) //modules/planning/common:ego_info_test_cpplint
PASS: (10-17 12:07:00.813) //modules/planning/common:ego_info_cpplint
____(10-17 12:07:00.844) [3,328 / 3,368] Creating runfiles tree bazel-out/local-fastbuild/bin/modules/planning/common/util/common_lib_cpplint.runfiles
PASS: (10-17 12:07:00.936) //modules/planning/common/util:util_lib_cpplint
PASS: (10-17 12:07:01.188) //modules/planning/common:frame_cpplint
PASS: (10-17 12:07:01.311) //modules/planning/common/util:common_lib_cpplint
PASS: (10-17 12:07:01.410) //modules/planning/common/path:path_data_cpplint
PASS: (10-17 12:07:01.584) //modules/planning/common/path:frenet_frame_path_test_cpplint
PASS: (10-17 12:07:01.726) //modules/planning/common/path:frenet_frame_path_cpplint
PASS: (10-17 12:07:01.904) //modules/planning/common/path:discretized_path_test_cpplint
PASS: (10-17 12:07:02.375) //modules/planning/common/path:discretized_path_cpplint
PASS: (10-17 12:07:02.389) //modules/planning/common:indexed_queue_test
PASS: (10-17 12:07:02.683) //modules/planning/common/trajectory1d:standing_still_trajectory1d_cpplint
PASS: (10-17 12:07:02.790) //modules/planning/common/trajectory1d:piecewise_trajectory1d_cpplint
PASS: (10-17 12:07:03.024) //modules/planning/common/trajectory1d:piecewise_jerk_trajectory1d_cpplint
PASS: (10-17 12:07:03.214) //modules/planning/common/trajectory1d:piecewise_acceleration_trajectory1d_cpplint
PASS: (10-17 12:07:03.468) //modules/planning/common/trajectory1d:constant_jerk_trajectory1d_cpplint
PASS: (10-17 12:07:03.658) //modules/planning/common:indexed_list_test
PASS: (10-17 12:07:03.786) //modules/planning/common/path:frenet_frame_path_test
PASS: (10-17 12:07:03.939) //modules/planning/common/trajectory1d:constant_deceleration_trajectory1d_cpplint
PASS: (10-17 12:07:03.978) //modules/planning/common/speed:st_point_cpplint
____(10-17 12:07:04.009) [3,432 / 3,470] Creating runfiles tree bazel-out/local-fastbuild/bin/modules/planning/common/speed/speed_data_cpplint.runfiles
____(10-17 12:07:04.040) [3,435 / 3,473] Testing //modules/planning/common/path:discretized_path_test
PASS: (10-17 12:07:04.067) //modules/planning/common/speed:st_boundary_test_cpplint
____(10-17 12:07:04.072) [3,436 / 3,475] Writing file modules/planning/common/speed/libspeed_data.a-2.params
PASS: (10-17 12:07:04.160) //modules/planning/common/path:discretized_path_test
PASS: (10-17 12:07:04.323) //modules/planning/common:st_graph_data_test
PASS: (10-17 12:07:04.331) //modules/planning/common/speed:speed_data_cpplint
PASS: (10-17 12:07:04.334) //modules/planning/common/trajectory:publishable_trajectory_test_cpplint
____(10-17 12:07:04.390) [3,456 / 3,496] Testing //modules/planning/common/trajectory:discretized_trajectory_test_cpplint
PASS: (10-17 12:07:04.564) //modules/planning/common/speed:st_boundary_cpplint
PASS: (10-17 12:07:04.612) //modules/planning/common/trajectory:discretized_trajectory_test_cpplint
PASS: (10-17 12:07:04.701) //modules/planning/common/trajectory:publishable_trajectory_cpplint
____(10-17 12:07:04.738) [3,473 / 3,512] Expanding template modules/planning/tasks/task_cpplint
PASS: (10-17 12:07:04.998) //modules/planning/common/trajectory:discretized_trajectory_cpplint
PASS: (10-17 12:07:04.998) //modules/planning/tasks:task_factory_cpplint
FAIL: (10-17 12:07:07.744) //modules/planning/reference_line:discrete_points_reference_line_smoother_test (see /home/user/.cache/bazel/_bazel_user/540135163923dd7d5820f3ee4b306b32/execroot/apollo/bazel-out/local-fastbuild/testlogs/modules/planning/reference_line/discrete_points_reference_line_smoother_test/test.log)
____(10-17 12:07:07.745) From Testing //modules/planning/reference_line:discrete_points_reference_line_smoother_test:
==================== Test output for //modules/planning/reference_line:discrete_points_reference_line_smoother_test:
/home/user/.cache/bazel/_bazel_user/540135163923dd7d5820f3ee4b306b32/execroot/apollo/bazel-out/local-fastbuild/bin/modules/planning/reference_line/discrete_points_reference_line_smoother_test.runfiles/apollo/modules/planning/reference_line/discrete_points_reference_line_smoother_test: error while loading shared libraries: libadolc.so.2: cannot open shared object file: No such file or directory
================================================================================
PASS: (10-17 12:07:09.540) //modules/planning/common:open_space_info_test
____(10-17 12:07:10.054) [3,523 / 3,551] Writing file modules/planning/tasks/optimizers/libspeed_optimizer.a-2.params
____(10-17 12:07:10.084) [3,525 / 3,552] Expanding template modules/planning/tasks/optimizers/path_optimizer_cpplint
FAIL: (10-17 12:07:10.211) //modules/planning/common:speed_profile_generator_test (see /home/user/.cache/bazel/_bazel_user/540135163923dd7d5820f3ee4b306b32/execroot/apollo/bazel-out/local-fastbuild/testlogs/modules/planning/common/speed_profile_generator_test/test.log)
____(10-17 12:07:10.212) From Testing //modules/planning/common:speed_profile_generator_test:
==================== Test output for //modules/planning/common:speed_profile_generator_test:
/home/user/.cache/bazel/_bazel_user/540135163923dd7d5820f3ee4b306b32/execroot/apollo/bazel-out/local-fastbuild/bin/modules/planning/common/speed_profile_generator_test.runfiles/apollo/modules/planning/common/speed_profile_generator_test: error while loading shared libraries: libadolc.so.2: cannot open shared object file: No such file or directory
================================================================================
PASS: (10-17 12:07:10.213) //modules/planning/common/speed:st_boundary_test
PASS: (10-17 12:07:10.683) //modules/planning/reference_line:qp_spline_reference_line_smoother_test
PASS: (10-17 12:07:10.924) //modules/planning/common/trajectory:discretized_trajectory_test
PASS: (10-17 12:07:11.236) //modules/planning/common:reference_line_info_test
____(10-17 12:07:11.380) [3,549 / 3,578] Creating source manifest for //modules/planning/tasks/optimizers/open_space_trajectory_partition:open_space_trajectory_partition_test_cpplint
PASS: (10-17 12:07:11.437) //modules/planning/common/trajectory:publishable_trajectory_test
____(10-17 12:07:11.449) [3,555 / 3,584] Compiling modules/planning/tasks/optimizers/open_space_trajectory_partition/open_space_trajectory_partition_test.cc
FAIL: (10-17 12:07:11.689) //modules/planning/tasks/rss:decider_rss_test (see /home/user/.cache/bazel/_bazel_user/540135163923dd7d5820f3ee4b306b32/execroot/apollo/bazel-out/local-fastbuild/testlogs/modules/planning/tasks/rss/decider_rss_test/test.log)
____(10-17 12:07:11.690) From Testing //modules/planning/tasks/rss:decider_rss_test:
==================== Test output for //modules/planning/tasks/rss:decider_rss_test:
/home/user/.cache/bazel/_bazel_user/540135163923dd7d5820f3ee4b306b32/execroot/apollo/bazel-out/local-fastbuild/bin/modules/planning/tasks/rss/decider_rss_test.runfiles/apollo/modules/planning/tasks/rss/decider_rss_test: error while loading shared libraries: libadolc.so.2: cannot open shared object file: No such file or directory
================================================================================
____(10-17 12:07:11.700) [3,566 / 3,595] Creating runfiles tree bazel-out/local-fastbuild/bin/modules/planning/tasks/optimizers/open_space_trajectory_partition/open_space_trajectory_partition_test.runfiles
PASS: (10-17 12:07:12.079) //modules/planning/tasks/optimizers:trajectory_optimizer_cpplint
____(10-17 12:07:12.125) [3,575 / 3,604] Expanding template modules/planning/tasks/optimizers/open_space_trajectory_generation/open_space_trajectory_provider_test_cpplint
PASS: (10-17 12:07:12.143) //modules/planning/tasks/optimizers:speed_optimizer_cpplint
PASS: (10-17 12:07:12.192) //modules/planning/tasks:task_cpplint
PASS: (10-17 12:07:12.211) //modules/planning/tasks/rss:decider_rss_test_cpplint
PASS: (10-17 12:07:12.242) //modules/planning/tasks/smoothers:smoother_cpplint
PASS: (10-17 12:07:12.255) //modules/planning/tasks/optimizers/open_space_trajectory_partition:open_space_trajectory_partition_test_cpplint
PASS: (10-17 12:07:12.294) //modules/planning/common:obstacle_test
PASS: (10-17 12:07:12.324) //modules/planning/tasks/optimizers:path_optimizer_cpplint
PASS: (10-17 12:07:12.530) //modules/planning/tasks/optimizers/piecewise_jerk_speed:piecewise_jerk_speed_optimizer_cpplint
____(10-17 12:07:12.535) [3,616 / 3,646] Creating source manifest for //modules/planning/tasks/optimizers/path_time_heuristic:gridded_path_time_graph_test_cpplint
PASS: (10-17 12:07:12.571) //modules/planning/tasks/optimizers/piecewise_jerk_path:piecewise_jerk_path_optimizer_cpplint
PASS: (10-17 12:07:12.588) //modules/planning/tasks/rss:decider_rss_cpplint
____(10-17 12:07:12.612) [3,627 / 3,657] Testing //modules/planning/tasks/optimizers/path_time_heuristic:path_time_heuristic_optimizer_cpplint
PASS: (10-17 12:07:12.671) //modules/planning/tasks/optimizers/open_space_trajectory_generation:open_space_trajectory_provider_test_cpplint
PASS: (10-17 12:07:12.708) //modules/planning/tasks/optimizers/piecewise_jerk_path:piecewise_jerk_path_ipopt_solver_cpplint
PASS: (10-17 12:07:12.968) //modules/planning/tasks/optimizers/open_space_trajectory_generation:open_space_trajectory_optimizer_test_cpplint
PASS: (10-17 12:07:13.143) //modules/planning/tasks/optimizers/open_space_trajectory_generation:open_space_trajectory_provider_cpplint
PASS: (10-17 12:07:13.231) //modules/planning/tasks/optimizers/path_time_heuristic:gridded_path_time_graph_test_cpplint
PASS: (10-17 12:07:13.246) //modules/planning/tasks/optimizers/path_time_heuristic:path_time_heuristic_optimizer_cpplint
PASS: (10-17 12:07:13.362) //modules/planning/tasks/optimizers/path_time_heuristic:st_graph_point_cpplint
PASS: (10-17 12:07:13.499) //modules/planning/tasks/deciders:decider_base_cpplint
PASS: (10-17 12:07:13.504) //modules/planning/tasks/optimizers/open_space_trajectory_partition:open_space_trajectory_partition_cpplint
PASS: (10-17 12:07:13.551) //modules/planning/tasks/deciders/path_lane_borrow_decider:path_lane_borrow_decider_cpplint
____(10-17 12:07:13.595) [3,685 / 3,717] Compiling modules/planning/tasks/deciders/creep_decider/creep_decider_test.cc
PASS: (10-17 12:07:13.731) //modules/planning/tasks/deciders/rule_based_stop_decider:rule_based_stop_decider_cpplint
PASS: (10-17 12:07:13.827) //modules/planning/tasks/optimizers/path_time_heuristic:dp_st_cost_cpplint
PASS: (10-17 12:07:13.846) //modules/planning/tasks/deciders/path_bounds_decider:path_bounds_decider_test_cpplint
PASS: (10-17 12:07:13.960) //modules/planning/tasks/optimizers/path_time_heuristic:gridded_path_time_graph_cpplint
PASS: (10-17 12:07:13.999) //modules/planning/tasks/deciders/creep_decider:creep_decider_test_cpplint
PASS: (10-17 12:07:14.199) //modules/planning/tasks/deciders/path_decider:path_decider_cpplint
PASS: (10-17 12:07:14.374) //modules/planning/tasks/deciders/open_space_decider:open_space_roi_decider_test_cpplint
PASS: (10-17 12:07:14.459) //modules/planning/tasks/optimizers/open_space_trajectory_generation:open_space_trajectory_optimizer_cpplint
PASS: (10-17 12:07:14.501) //modules/planning/tasks/deciders/creep_decider:creep_decider_cpplint
PASS: (10-17 12:07:14.811) //modules/planning/tasks/deciders/open_space_decider:open_space_fallback_decider_test_cpplint
PASS: (10-17 12:07:15.057) //modules/planning/tasks/deciders/path_assessment_decider:path_assessment_decider_cpplint
PASS: (10-17 12:07:15.179) //modules/planning/tasks/deciders/speed_bounds_decider:st_boundary_mapper_test_cpplint
PASS: (10-17 12:07:15.271) //modules/planning/tasks/deciders/open_space_decider:open_space_fallback_decider_cpplint
PASS: (10-17 12:07:15.375) //modules/planning/tasks/deciders/open_space_decider:open_space_pre_stop_decider_cpplint
PASS: (10-17 12:07:15.387) //modules/planning/tasks/deciders/path_bounds_decider:path_bounds_decider_cpplint
PASS: (10-17 12:07:15.886) //modules/planning/tasks/deciders/speed_bounds_decider:speed_limit_decider_test_cpplint
PASS: (10-17 12:07:15.924) //modules/planning/tasks/deciders/open_space_decider:open_space_roi_decider_cpplint
PASS: (10-17 12:07:15.938) //modules/planning/tasks/deciders/speed_decider:speed_decider_cpplint
____(10-17 12:07:16.049) [3,779 / 3,816] Compiling modules/planning/integration_tests/planning_test_base.cc
PASS: (10-17 12:07:16.115) //modules/planning/tasks/deciders/speed_bounds_decider:speed_bounds_decider_cpplint
PASS: (10-17 12:07:16.441) //modules/planning/tasks/deciders/speed_bounds_decider:st_boundary_mapper_cpplint
PASS: (10-17 12:07:16.531) //modules/planning/tasks/deciders/utils:path_decider_obstacle_utils_cpplint
PASS: (10-17 12:07:16.719) //modules/planning/scenarios:stage_intersection_cruise_impl_cpplint
PASS: (10-17 12:07:16.810) //modules/planning/tasks/deciders/lane_change_decider:lane_change_decider_cpplint
____(10-17 12:07:16.830) [3,805 / 3,842] Linking modules/planning/common/frame_test
PASS: (10-17 12:07:17.331) //modules/planning/scenarios:stage_cpplint
PASS: (10-17 12:07:17.376) //modules/planning/integration_tests:planning_test_base_cpplint
PASS: (10-17 12:07:17.522) //modules/planning/scenarios/bare_intersection/unprotected:bare_intersection_unprotected_scenario_test_cpplint
PASS: (10-17 12:07:17.562) //modules/planning/scenarios:scenario_cpplint
____(10-17 12:07:17.610) [3,824 / 3,864] Compiling modules/planning/scenarios/park_and_go/stage_check.cc
PASS: (10-17 12:07:18.147) //modules/planning/scenarios/park_and_go:stage_check_test_cpplint
PASS: (10-17 12:07:18.403) //modules/planning/scenarios:scenario_manager_cpplint
PASS: (10-17 12:07:18.562) //modules/planning/scenarios/bare_intersection/unprotected:bare_intersection_unprotected_scenario_cpplint
PASS: (10-17 12:07:19.080) //modules/planning/scenarios/park_and_go:park_and_go_scenario_test_cpplint
==================== Test output for //modules/planning/common:frame_test:
/home/user/.cache/bazel/_bazel_user/540135163923dd7d5820f3ee4b306b32/execroot/apollo/bazel-out/local-fastbuild/bin/modules/planning/common/frame_test.runfiles/apollo/modules/planning/common/frame_test: error while loading shared libraries: libadolc.so.2: cannot open shared object file: No such file or directory
================================================================================
FAIL: (10-17 12:07:19.819) //modules/planning/common:frame_test (see /home/user/.cache/bazel/_bazel_user/540135163923dd7d5820f3ee4b306b32/execroot/apollo/bazel-out/local-fastbuild/testlogs/modules/planning/common/frame_test/test.log)
____(10-17 12:07:19.820) From Testing //modules/planning/common:frame_test:
____(10-17 12:07:20.707) [3,845 / 3,886] Linking modules/planning/common/ego_info_test
PASS: (10-17 12:07:20.976) //modules/planning/scenarios/park_and_go:park_and_go_scenario_cpplint
PASS: (10-17 12:07:22.147) //modules/planning/scenarios/lane_follow:lane_follow_stage_cpplint
PASS: (10-17 12:07:22.963) //modules/planning/scenarios/lane_follow:lane_follow_scenario_test_cpplint
FAIL: (10-17 12:07:23.522) //modules/planning/common:ego_info_test (see /home/user/.cache/bazel/_bazel_user/540135163923dd7d5820f3ee4b306b32/execroot/apollo/bazel-out/local-fastbuild/testlogs/modules/planning/common/ego_info_test/test.log)
____(10-17 12:07:23.522) From Testing //modules/planning/common:ego_info_test:
==================== Test output for //modules/planning/common:ego_info_test:
/home/user/.cache/bazel/_bazel_user/540135163923dd7d5820f3ee4b306b32/execroot/apollo/bazel-out/local-fastbuild/bin/modules/planning/common/ego_info_test.runfiles/apollo/modules/planning/common/ego_info_test: error while loading shared libraries: libadolc.so.2: cannot open shared object file: No such file or directory
================================================================================
PASS: (10-17 12:07:24.475) //modules/planning/scenarios/lane_follow:lane_follow_scenario_cpplint
PASS: (10-17 12:07:26.129) //modules/planning/scenarios/traffic_light/unprotected_left_turn:traffic_light_unprotected_left_turn_scenario_cpplint
PASS: (10-17 12:07:26.823) //modules/planning/scenarios/traffic_light/unprotected_left_turn:traffic_light_left_turn_unprotected_scenario_test_cpplint
FAIL: (10-17 12:07:35.346) //modules/planning/tasks/deciders/speed_bounds_decider:st_boundary_mapper_test (see /home/user/.cache/bazel/_bazel_user/540135163923dd7d5820f3ee4b306b32/execroot/apollo/bazel-out/local-fastbuild/testlogs/modules/planning/tasks/deciders/speed_bounds_decider/st_boundary_mapper_test/test.log)==================== Test output for //modules/planning/tasks/deciders/speed_bounds_decider:st_boundary_mapper_test:
/home/user/.cache/bazel/_bazel_user/540135163923dd7d5820f3ee4b306b32/execroot/apollo/bazel-out/local-fastbuild/bin/modules/planning/tasks/deciders/speed_bounds_decider/st_boundary_mapper_test.runfiles/apollo/modules/planning/tasks/deciders/speed_bounds_decider/st_boundary_mapper_test: error while loading shared libraries: libadolc.so.2: cannot open shared object file: No such file or directory
================================================================================

____(10-17 12:07:35.347) From Testing //modules/planning/tasks/deciders/speed_bounds_decider:st_boundary_mapper_test:
FAIL: (10-17 12:07:36.256) //modules/planning/tasks/optimizers/open_space_trajectory_generation:open_space_trajectory_provider_test (see /home/user/.cache/bazel/_bazel_user/540135163923dd7d5820f3ee4b306b32/execroot/apollo/bazel-out/local-fastbuild/testlogs/modules/planning/tasks/optimizers/open_space_trajectory_generation/open_space_trajectory_provider_test/test.log)
____(10-17 12:07:36.257) From Testing //modules/planning/tasks/optimizers/open_space_trajectory_generation:open_space_trajectory_provider_test:
==================== Test output for //modules/planning/tasks/optimizers/open_space_trajectory_generation:open_space_trajectory_provider_test:
/home/user/.cache/bazel/_bazel_user/540135163923dd7d5820f3ee4b306b32/execroot/apollo/bazel-out/local-fastbuild/bin/modules/planning/tasks/optimizers/open_space_trajectory_generation/open_space_trajectory_provider_test.runfiles/apollo/modules/planning/tasks/optimizers/open_space_trajectory_generation/open_space_trajectory_provider_test: error while loading shared libraries: libadolc.so.2: cannot open shared object file: No such file or directory
================================================================================
____(10-17 12:07:36.569) [3,896 / 3,934] Expanding template modules/planning/scenarios/traffic_light/unprotected_right_turn/traffic_light_right_turn_unprotected_scenario_test_cpplint
____(10-17 12:07:36.618) [3,899 / 3,936] Linking modules/planning/tasks/deciders/open_space_decider/open_space_roi_decider_test
FAIL: (10-17 12:07:36.786) //modules/planning/tasks/deciders/speed_bounds_decider:speed_limit_decider_test (see /home/user/.cache/bazel/_bazel_user/540135163923dd7d5820f3ee4b306b32/execroot/apollo/bazel-out/local-fastbuild/testlogs/modules/planning/tasks/deciders/speed_bounds_decider/speed_limit_decider_test/test.log)
____(10-17 12:07:36.789) From Testing //modules/planning/tasks/deciders/speed_bounds_decider:speed_limit_decider_test:
==================== Test output for //modules/planning/tasks/deciders/speed_bounds_decider:speed_limit_decider_test:
/home/user/.cache/bazel/_bazel_user/540135163923dd7d5820f3ee4b306b32/execroot/apollo/bazel-out/local-fastbuild/bin/modules/planning/tasks/deciders/speed_bounds_decider/speed_limit_decider_test.runfiles/apollo/modules/planning/tasks/deciders/speed_bounds_decider/speed_limit_decider_test: error while loading shared libraries: libadolc.so.2: cannot open shared object file: No such file or directory
================================================================================
FAIL: (10-17 12:07:38.348) //modules/planning/tasks/optimizers/path_time_heuristic:gridded_path_time_graph_test (see /home/user/.cache/bazel/_bazel_user/540135163923dd7d5820f3ee4b306b32/execroot/apollo/bazel-out/local-fastbuild/testlogs/modules/planning/tasks/optimizers/path_time_heuristic/gridded_path_time_graph_test/test.log)
____(10-17 12:07:38.349) From Testing //modules/planning/tasks/optimizers/path_time_heuristic:gridded_path_time_graph_test:
==================== Test output for //modules/planning/tasks/optimizers/path_time_heuristic:gridded_path_time_graph_test:
/home/user/.cache/bazel/_bazel_user/540135163923dd7d5820f3ee4b306b32/execroot/apollo/bazel-out/local-fastbuild/bin/modules/planning/tasks/optimizers/path_time_heuristic/gridded_path_time_graph_test.runfiles/apollo/modules/planning/tasks/optimizers/path_time_heuristic/gridded_path_time_graph_test: error while loading shared libraries: libadolc.so.2: cannot open shared object file: No such file or directory
================================================================================
FAIL: (10-17 12:07:38.372) //modules/planning/tasks/optimizers/open_space_trajectory_generation:open_space_trajectory_optimizer_test (see /home/user/.cache/bazel/_bazel_user/540135163923dd7d5820f3ee4b306b32/execroot/apollo/bazel-out/local-fastbuild/testlogs/modules/planning/tasks/optimizers/open_space_trajectory_generation/open_space_trajectory_optimizer_test/test.log)
____(10-17 12:07:38.373) From Testing //modules/planning/tasks/optimizers/open_space_trajectory_generation:open_space_trajectory_optimizer_test:
==================== Test output for //modules/planning/tasks/optimizers/open_space_trajectory_generation:open_space_trajectory_optimizer_test:
/home/user/.cache/bazel/_bazel_user/540135163923dd7d5820f3ee4b306b32/execroot/apollo/bazel-out/local-fastbuild/bin/modules/planning/tasks/optimizers/open_space_trajectory_generation/open_space_trajectory_optimizer_test.runfiles/apollo/modules/planning/tasks/optimizers/open_space_trajectory_generation/open_space_trajectory_optimizer_test: error while loading shared libraries: libadolc.so.2: cannot open shared object file: No such file or directory
================================================================================
FAIL: (10-17 12:07:38.622) //modules/planning/tasks/optimizers/open_space_trajectory_partition:open_space_trajectory_partition_test (see /home/user/.cache/bazel/_bazel_user/540135163923dd7d5820f3ee4b306b32/execroot/apollo/bazel-out/local-fastbuild/testlogs/modules/planning/tasks/optimizers/open_space_trajectory_partition/open_space_trajectory_partition_test/test.log)
____(10-17 12:07:38.633) From Testing //modules/planning/tasks/optimizers/open_space_trajectory_partition:open_space_trajectory_partition_test:
==================== Test output for //modules/planning/tasks/optimizers/open_space_trajectory_partition:open_space_trajectory_partition_test:
/home/user/.cache/bazel/_bazel_user/540135163923dd7d5820f3ee4b306b32/execroot/apollo/bazel-out/local-fastbuild/bin/modules/planning/tasks/optimizers/open_space_trajectory_partition/open_space_trajectory_partition_test.runfiles/apollo/modules/planning/tasks/optimizers/open_space_trajectory_partition/open_space_trajectory_partition_test: error while loading shared libraries: libadolc.so.2: cannot open shared object file: No such file or directory
================================================================================
____(10-17 12:07:38.683) [3,915 / 3,952] Compiling modules/planning/scenarios/traffic_light/protected/traffic_light_protected_scenario_test.cc
FAIL: (10-17 12:07:39.785) //modules/planning/tasks/deciders/open_space_decider:open_space_roi_decider_test (see /home/user/.cache/bazel/_bazel_user/540135163923dd7d5820f3ee4b306b32/execroot/apollo/bazel-out/local-fastbuild/testlogs/modules/planning/tasks/deciders/open_space_decider/open_space_roi_decider_test/test.log)
____(10-17 12:07:39.789) From Testing //modules/planning/tasks/deciders/open_space_decider:open_space_roi_decider_test:
==================== Test output for //modules/planning/tasks/deciders/open_space_decider:open_space_roi_decider_test:
/home/user/.cache/bazel/_bazel_user/540135163923dd7d5820f3ee4b306b32/execroot/apollo/bazel-out/local-fastbuild/bin/modules/planning/tasks/deciders/open_space_decider/open_space_roi_decider_test.runfiles/apollo/modules/planning/tasks/deciders/open_space_decider/open_space_roi_decider_test: error while loading shared libraries: libadolc.so.2: cannot open shared object file: No such file or directory
================================================================================
____(10-17 12:07:39.878) [3,927 / 3,961] Linking modules/planning/integration_tests/libplanning_test_base.so
____(10-17 12:07:41.044) [3,936 / 3,966] Testing //modules/planning/tasks/deciders/path_bounds_decider:path_bounds_decider_test
FAIL: (10-17 12:07:41.139) //modules/planning/tasks/deciders/creep_decider:creep_decider_test (see /home/user/.cache/bazel/_bazel_user/540135163923dd7d5820f3ee4b306b32/execroot/apollo/bazel-out/local-fastbuild/testlogs/modules/planning/tasks/deciders/creep_decider/creep_decider_test/test.log)
____(10-17 12:07:41.153) From Testing //modules/planning/tasks/deciders/creep_decider:creep_decider_test:
==================== Test output for //modules/planning/tasks/deciders/creep_decider:creep_decider_test:
/home/user/.cache/bazel/_bazel_user/540135163923dd7d5820f3ee4b306b32/execroot/apollo/bazel-out/local-fastbuild/bin/modules/planning/tasks/deciders/creep_decider/creep_decider_test.runfiles/apollo/modules/planning/tasks/deciders/creep_decider/creep_decider_test: error while loading shared libraries: libadolc.so.2: cannot open shared object file: No such file or directory
================================================================================
FAIL: (10-17 12:07:41.247) //modules/planning/tasks/deciders/path_bounds_decider:path_bounds_decider_test (see /home/user/.cache/bazel/_bazel_user/540135163923dd7d5820f3ee4b306b32/execroot/apollo/bazel-out/local-fastbuild/testlogs/modules/planning/tasks/deciders/path_bounds_decider/path_bounds_decider_test/test.log)
____(10-17 12:07:41.261) From Testing //modules/planning/tasks/deciders/path_bounds_decider:path_bounds_decider_test:
==================== Test output for //modules/planning/tasks/deciders/path_bounds_decider:path_bounds_decider_test:
/home/user/.cache/bazel/_bazel_user/540135163923dd7d5820f3ee4b306b32/execroot/apollo/bazel-out/local-fastbuild/bin/modules/planning/tasks/deciders/path_bounds_decider/path_bounds_decider_test.runfiles/apollo/modules/planning/tasks/deciders/path_bounds_decider/path_bounds_decider_test: error while loading shared libraries: libadolc.so.2: cannot open shared object file: No such file or directory
================================================================================
FAIL: (10-17 12:07:41.800) //modules/planning/scenarios/bare_intersection/unprotected:bare_intersection_unprotected_scenario_test (see /home/user/.cache/bazel/_bazel_user/540135163923dd7d5820f3ee4b306b32/execroot/apollo/bazel-out/local-fastbuild/testlogs/modules/planning/scenarios/bare_intersection/unprotected/bare_intersection_unprotected_scenario_test/test.log)
____(10-17 12:07:41.801) From Testing //modules/planning/scenarios/bare_intersection/unprotected:bare_intersection_unprotected_scenario_test:
==================== Test output for //modules/planning/scenarios/bare_intersection/unprotected:bare_intersection_unprotected_scenario_test:
/home/user/.cache/bazel/_bazel_user/540135163923dd7d5820f3ee4b306b32/execroot/apollo/bazel-out/local-fastbuild/bin/modules/planning/scenarios/bare_intersection/unprotected/bare_intersection_unprotected_scenario_test.runfiles/apollo/modules/planning/scenarios/bare_intersection/unprotected/bare_intersection_unprotected_scenario_test: error while loading shared libraries: libadolc.so.2: cannot open shared object file: No such file or directory
================================================================================
FAIL: (10-17 12:07:42.255) //modules/planning/tasks/deciders/open_space_decider:open_space_fallback_decider_test (see /home/user/.cache/bazel/_bazel_user/540135163923dd7d5820f3ee4b306b32/execroot/apollo/bazel-out/local-fastbuild/testlogs/modules/planning/tasks/deciders/open_space_decider/open_space_fallback_decider_test/test.log)
____(10-17 12:07:42.255) From Testing //modules/planning/tasks/deciders/open_space_decider:open_space_fallback_decider_test:
==================== Test output for //modules/planning/tasks/deciders/open_space_decider:open_space_fallback_decider_test:
/home/user/.cache/bazel/_bazel_user/540135163923dd7d5820f3ee4b306b32/execroot/apollo/bazel-out/local-fastbuild/bin/modules/planning/tasks/deciders/open_space_decider/open_space_fallback_decider_test.runfiles/apollo/modules/planning/tasks/deciders/open_space_decider/open_space_fallback_decider_test: error while loading shared libraries: libadolc.so.2: cannot open shared object file: No such file or directory
================================================================================
PASS: (10-17 12:07:42.567) //modules/planning/reference_line:spiral_reference_line_smoother_test
____(10-17 12:07:42.827) [3,962 / 3,992] Compiling modules/planning/scenarios/park/pull_over/stage_approach_test.cc
____(10-17 12:07:42.859) [3,963 / 3,994] Creating source manifest for //modules/planning/scenarios/park/pull_over:pull_over_scenario_test_cpplint
FAIL: (10-17 12:07:42.883) //modules/planning/scenarios/park_and_go:stage_check_test (see /home/user/.cache/bazel/_bazel_user/540135163923dd7d5820f3ee4b306b32/execroot/apollo/bazel-out/local-fastbuild/testlogs/modules/planning/scenarios/park_and_go/stage_check_test/test.log)
____(10-17 12:07:42.883) From Testing //modules/planning/scenarios/park_and_go:stage_check_test:
==================== Test output for //modules/planning/scenarios/park_and_go:stage_check_test:
/home/user/.cache/bazel/_bazel_user/540135163923dd7d5820f3ee4b306b32/execroot/apollo/bazel-out/local-fastbuild/bin/modules/planning/scenarios/park_and_go/stage_check_test.runfiles/apollo/modules/planning/scenarios/park_and_go/stage_check_test: error while loading shared libraries: libadolc.so.2: cannot open shared object file: No such file or directory
================================================================================
____(10-17 12:07:42.890) [3,968 / 4,000] Writing file modules/planning/scenarios/park/pull_over/pull_over_scenario_test-2.params
____(10-17 12:07:42.922) [3,971 / 4,002] Creating runfiles tree bazel-out/local-fastbuild/bin/modules/planning/scenarios/park/pull_over/pull_over_scenario_test.runfiles
PASS: (10-17 12:07:43.046) //modules/planning/scenarios/traffic_light/unprotected_right_turn:traffic_light_right_turn_unprotected_scenario_test_cpplint
____(10-17 12:07:43.048) [3,982 / 4,014] Creating source manifest for //modules/planning/scenarios/park/valet_parking:valet_parking_scenario_test_cpplint
____(10-17 12:07:43.081) [3,987 / 4,019] Compiling modules/planning/scenarios/park/valet_parking/valet_parking_scenario_test.cc
PASS: (10-17 12:07:43.159) //modules/planning/scenarios/traffic_light/protected:traffic_light_protected_scenario_test_cpplint
PASS: (10-17 12:07:43.163) //modules/planning/scenarios/stop_sign/unprotected:stop_sign_unprotected_scenario_test_cpplint
PASS: (10-17 12:07:43.231) //modules/planning/scenarios/park/pull_over:stage_approach_test_cpplint
____(10-17 12:07:43.233) [3,996 / 4,029] Creating source manifest for //modules/planning/scenarios/park/valet_parking:stage_parking_test_cpplint
PASS: (10-17 12:07:43.303) //modules/planning/scenarios/park/pull_over:pull_over_scenario_test_cpplint
PASS: (10-17 12:07:43.339) //modules/planning/scenarios/park/valet_parking:valet_parking_scenario_test_cpplint
PASS: (10-17 12:07:43.455) //modules/planning/scenarios/util:scenario_util_lib_cpplint
PASS: (10-17 12:07:43.498) //modules/planning/scenarios/park/valet_parking:stage_parking_test_cpplint
PASS: (10-17 12:07:43.580) //modules/planning/scenarios/traffic_light/protected:traffic_light_protected_scenario_cpplint
FAIL: (10-17 12:07:43.586) //modules/planning/scenarios/park_and_go:park_and_go_scenario_test (see /home/user/.cache/bazel/_bazel_user/540135163923dd7d5820f3ee4b306b32/execroot/apollo/bazel-out/local-fastbuild/testlogs/modules/planning/scenarios/park_and_go/park_and_go_scenario_test/test.log)
____(10-17 12:07:43.587) From Testing //modules/planning/scenarios/park_and_go:park_and_go_scenario_test:
==================== Test output for //modules/planning/scenarios/park_and_go:park_and_go_scenario_test:
/home/user/.cache/bazel/_bazel_user/540135163923dd7d5820f3ee4b306b32/execroot/apollo/bazel-out/local-fastbuild/bin/modules/planning/scenarios/park_and_go/park_and_go_scenario_test.runfiles/apollo/modules/planning/scenarios/park_and_go/park_and_go_scenario_test: error while loading shared libraries: libadolc.so.2: cannot open shared object file: No such file or directory
================================================================================
____(10-17 12:07:43.611) [4,022 / 4,059] Compiling modules/planning/scenarios/narrow_street_u_turn/narrow_street_u_turn_scenario_test.cc
PASS: (10-17 12:07:43.699) //modules/planning/scenarios/park/valet_parking:stage_approaching_parking_spot_test_cpplint
PASS: (10-17 12:07:43.760) //modules/planning/scenarios/park/pull_over:pull_over_scenario_cpplint
PASS: (10-17 12:07:43.784) //modules/planning/scenarios/park/valet_parking:valet_parking_cpplint
PASS: (10-17 12:07:43.790) //modules/planning/scenarios/narrow_street_u_turn:narrow_street_u_turn_scenario_test_cpplint
____(10-17 12:07:43.795) [4,038 / 4,077] Writing file modules/planning/constraint_checker/libconstraint_checker.a-2.params
PASS: (10-17 12:07:43.846) //modules/planning/scenarios/traffic_light/unprotected_right_turn:traffic_light_unprotected_right_turn_scenario_cpplint
____(10-17 12:07:43.878) [4,050 / 4,090] Writing file modules/planning/proto/libspiral_curve_config_proto_lib.a-2.params
____(10-17 12:07:44.011) [4,064 / 4,104] Generating Descriptor Set proto_library //modules/planning/proto:proceed_with_caution_speed_config_proto_lib
PASS: (10-17 12:07:44.028) //modules/planning/scenarios/narrow_street_u_turn:narrow_street_u_turn_scenario_cpplint
PASS: (10-17 12:07:44.084) //modules/planning/constraint_checker:constraint_checker_cpplint
PASS: (10-17 12:07:44.096) //modules/planning/constraint_checker:constraint_checker1d_cpplint
____(10-17 12:07:44.183) From Generating Descriptor Set proto_library //modules/perception/proto:perception_proto_lib:
modules/perception/proto/perception_camera.proto: warning: Import modules/common/proto/error_code.proto but not used.
PASS: (10-17 12:07:44.267) //modules/planning/constraint_checker:collision_checker_cpplint
____(10-17 12:07:44.269) [4,117 / 4,163] Writing file modules/planning/proto/liblattice_sampling_config_proto_lib.a-2.params
PASS: (10-17 12:07:44.355) //modules/planning/scenarios/stop_sign/unprotected:stop_sign_unprotected_scenario_cpplint
____(10-17 12:07:44.453) [4,151 / 4,193] Testing //modules/planning/navi/decider:navi_obstacle_decider_cpplint
PASS: (10-17 12:07:44.638) //modules/planning/navi/decider:navi_task_cpplint
PASS: (10-17 12:07:44.914) //modules/planning/navi/decider:navi_path_decider_cpplint
PASS: (10-17 12:07:45.189) //modules/planning/navi/decider:navi_decider_test_cpplint
PASS: (10-17 12:07:45.270) //modules/planning/navi/decider:navi_obstacle_decider_cpplint
PASS: (10-17 12:07:45.394) //modules/planning/navi/decider:navi_speed_decider_cpplint
____(10-17 12:07:45.426) [4,170 / 4,210] Linking modules/planning/traffic_rules/libtraffic_rules.a
PASS: (10-17 12:07:45.875) //modules/planning/traffic_rules:traffic_decider_cpplint
PASS: (10-17 12:07:46.360) //modules/planning/lattice/trajectory_generation:trajectory_combiner_cpplint
PASS: (10-17 12:07:46.650) //modules/planning/lattice/trajectory_generation:trajectory_evaluator_cpplint
PASS: (10-17 12:07:46.931) //modules/planning/traffic_rules:traffic_rules_cpplint
PASS: (10-17 12:07:46.935) //modules/planning/lattice/trajectory_generation:trajectory1d_generator_cpplint
PASS: (10-17 12:07:47.076) //modules/planning/lattice/trajectory_generation:piecewise_braking_trajectory_generator_cpplint
____(10-17 12:07:47.107) [4,219 / 4,257] Testing //modules/planning/lattice/trajectory_generation:lateral_osqp_optimizer_cpplint
PASS: (10-17 12:07:47.322) //modules/planning/lattice/trajectory_generation:lattice_trajectory1d_cpplint
FAIL: (10-17 12:07:47.413) //modules/planning/scenarios/lane_follow:lane_follow_scenario_test (see /home/user/.cache/bazel/_bazel_user/540135163923dd7d5820f3ee4b306b32/execroot/apollo/bazel-out/local-fastbuild/testlogs/modules/planning/scenarios/lane_follow/lane_follow_scenario_test/test.log)
____(10-17 12:07:47.414) From Testing //modules/planning/scenarios/lane_follow:lane_follow_scenario_test:
==================== Test output for //modules/planning/scenarios/lane_follow:lane_follow_scenario_test:
/home/user/.cache/bazel/_bazel_user/540135163923dd7d5820f3ee4b306b32/execroot/apollo/bazel-out/local-fastbuild/bin/modules/planning/scenarios/lane_follow/lane_follow_scenario_test.runfiles/apollo/modules/planning/scenarios/lane_follow/lane_follow_scenario_test: error while loading shared libraries: libadolc.so.2: cannot open shared object file: No such file or directory
================================================================================
PASS: (10-17 12:07:47.427) //modules/planning/lattice/trajectory_generation:lateral_qp_optimizer_cpplint
____(10-17 12:07:47.447) [4,239 / 4,277] Writing file modules/planning/lattice/behavior/libprediction_querier.a-2.params
PASS: (10-17 12:07:47.519) //modules/planning/lattice/trajectory_generation:lateral_osqp_optimizer_cpplint
PASS: (10-17 12:07:47.738) //modules/planning/lattice/trajectory_generation:backup_trajectory_generator_cpplint
PASS: (10-17 12:07:47.847) //modules/planning/lattice/behavior:prediction_querier_cpplint
PASS: (10-17 12:07:47.937) //modules/planning/lattice/behavior:feasible_region_cpplint
PASS: (10-17 12:07:47.941) //modules/planning/lattice/trajectory_generation:end_condition_sampler_cpplint
PASS: (10-17 12:07:48.036) //modules/planning/lattice/behavior:path_time_graph_cpplint
PASS: (10-17 12:07:48.200) //modules/planning/planner:on_lane_planner_dispatcher_test_cpplint
PASS: (10-17 12:07:48.201) //modules/planning/planner:planner_cpplint
PASS: (10-17 12:07:48.232) //modules/planning/planner:planner_dispatcher_cpplint
____(10-17 12:07:48.274) [4,285 / 4,325] Compiling modules/planning/planner/public_road/public_road_planner_test.cc
PASS: (10-17 12:07:48.328) //modules/planning/planner:navi_planner_dispatcher_test_cpplint
PASS: (10-17 12:07:48.558) //modules/planning/planner/public_road:public_road_planner_test_cpplint
PASS: (10-17 12:07:48.897) //modules/planning/planner/public_road:public_road_planner_cpplint
PASS: (10-17 12:07:48.970) //modules/planning/planner/rtk:rtk_replay_planner_test_cpplint
FAIL: (10-17 12:07:49.295) //modules/planning/scenarios/traffic_light/unprotected_left_turn:traffic_light_left_turn_unprotected_scenario_test (see /home/user/.cache/bazel/_bazel_user/540135163923dd7d5820f3ee4b306b32/execroot/apollo/bazel-out/local-fastbuild/testlogs/modules/planning/scenarios/traffic_light/unprotected_left_turn/traffic_light_left_turn_unprotected_scenario_test/test.log)
____(10-17 12:07:49.296) From Testing //modules/planning/scenarios/traffic_light/unprotected_left_turn:traffic_light_left_turn_unprotected_scenario_test:
==================== Test output for //modules/planning/scenarios/traffic_light/unprotected_left_turn:traffic_light_left_turn_unprotected_scenario_test:
/home/user/.cache/bazel/_bazel_user/540135163923dd7d5820f3ee4b306b32/execroot/apollo/bazel-out/local-fastbuild/bin/modules/planning/scenarios/traffic_light/unprotected_left_turn/traffic_light_left_turn_unprotected_scenario_test.runfiles/apollo/modules/planning/scenarios/traffic_light/unprotected_left_turn/traffic_light_left_turn_unprotected_scenario_test: error while loading shared libraries: libadolc.so.2: cannot open shared object file: No such file or directory
================================================================================
PASS: (10-17 12:07:49.426) //modules/planning/planner/rtk:rtk_planner_cpplint
==================== Test output for //modules/planning/scenarios/traffic_light/protected:traffic_light_protected_scenario_test:
/home/user/.cache/bazel/_bazel_user/540135163923dd7d5820f3ee4b306b32/execroot/apollo/bazel-out/local-fastbuild/bin/modules/planning/scenarios/traffic_light/protected/traffic_light_protected_scenario_test.runfiles/apollo/modules/planning/scenarios/traffic_light/protected/traffic_light_protected_scenario_test: error while loading shared libraries: libadolc.so.2: cannot open shared object file: No such file or directory
================================================================================
FAIL: (10-17 12:07:56.290) //modules/planning/scenarios/traffic_light/protected:traffic_light_protected_scenario_test (see /home/user/.cache/bazel/_bazel_user/540135163923dd7d5820f3ee4b306b32/execroot/apollo/bazel-out/local-fastbuild/testlogs/modules/planning/scenarios/traffic_light/protected/traffic_light_protected_scenario_test/test.log)
____(10-17 12:07:56.291) From Testing //modules/planning/scenarios/traffic_light/protected:traffic_light_protected_scenario_test:
FAIL: (10-17 12:07:56.572) //modules/planning/scenarios/traffic_light/unprotected_right_turn:traffic_light_right_turn_unprotected_scenario_test (see /home/user/.cache/bazel/_bazel_user/540135163923dd7d5820f3ee4b306b32/execroot/apollo/bazel-out/local-fastbuild/testlogs/modules/planning/scenarios/traffic_light/unprotected_right_turn/traffic_light_right_turn_unprotected_scenario_test/test.log)
____(10-17 12:07:56.573) From Testing //modules/planning/scenarios/traffic_light/unprotected_right_turn:traffic_light_right_turn_unprotected_scenario_test:
==================== Test output for //modules/planning/scenarios/traffic_light/unprotected_right_turn:traffic_light_right_turn_unprotected_scenario_test:
/home/user/.cache/bazel/_bazel_user/540135163923dd7d5820f3ee4b306b32/execroot/apollo/bazel-out/local-fastbuild/bin/modules/planning/scenarios/traffic_light/unprotected_right_turn/traffic_light_right_turn_unprotected_scenario_test.runfiles/apollo/modules/planning/scenarios/traffic_light/unprotected_right_turn/traffic_light_right_turn_unprotected_scenario_test: error while loading shared libraries: libadolc.so.2: cannot open shared object file: No such file or directory
================================================================================
FAIL: (10-17 12:07:59.062) //modules/planning/scenarios/stop_sign/unprotected:stop_sign_unprotected_scenario_test (see /home/user/.cache/bazel/_bazel_user/540135163923dd7d5820f3ee4b306b32/execroot/apollo/bazel-out/local-fastbuild/testlogs/modules/planning/scenarios/stop_sign/unprotected/stop_sign_unprotected_scenario_test/test.log)
____(10-17 12:07:59.062) From Testing //modules/planning/scenarios/stop_sign/unprotected:stop_sign_unprotected_scenario_test:
==================== Test output for //modules/planning/scenarios/stop_sign/unprotected:stop_sign_unprotected_scenario_test:
/home/user/.cache/bazel/_bazel_user/540135163923dd7d5820f3ee4b306b32/execroot/apollo/bazel-out/local-fastbuild/bin/modules/planning/scenarios/stop_sign/unprotected/stop_sign_unprotected_scenario_test.runfiles/apollo/modules/planning/scenarios/stop_sign/unprotected/stop_sign_unprotected_scenario_test: error while loading shared libraries: libadolc.so.2: cannot open shared object file: No such file or directory
================================================================================
FAIL: (10-17 12:07:59.218) //modules/planning/scenarios/park/pull_over:stage_approach_test (see /home/user/.cache/bazel/_bazel_user/540135163923dd7d5820f3ee4b306b32/execroot/apollo/bazel-out/local-fastbuild/testlogs/modules/planning/scenarios/park/pull_over/stage_approach_test/test.log)
____(10-17 12:07:59.219) From Testing //modules/planning/scenarios/park/pull_over:stage_approach_test:
==================== Test output for //modules/planning/scenarios/park/pull_over:stage_approach_test:
/home/user/.cache/bazel/_bazel_user/540135163923dd7d5820f3ee4b306b32/execroot/apollo/bazel-out/local-fastbuild/bin/modules/planning/scenarios/park/pull_over/stage_approach_test.runfiles/apollo/modules/planning/scenarios/park/pull_over/stage_approach_test: error while loading shared libraries: libadolc.so.2: cannot open shared object file: No such file or directory
================================================================================
FAIL: (10-17 12:07:59.732) //modules/planning/scenarios/park/valet_parking:valet_parking_scenario_test (see /home/user/.cache/bazel/_bazel_user/540135163923dd7d5820f3ee4b306b32/execroot/apollo/bazel-out/local-fastbuild/testlogs/modules/planning/scenarios/park/valet_parking/valet_parking_scenario_test/test.log)
____(10-17 12:07:59.732) From Testing //modules/planning/scenarios/park/valet_parking:valet_parking_scenario_test:
==================== Test output for //modules/planning/scenarios/park/valet_parking:valet_parking_scenario_test:
/home/user/.cache/bazel/_bazel_user/540135163923dd7d5820f3ee4b306b32/execroot/apollo/bazel-out/local-fastbuild/bin/modules/planning/scenarios/park/valet_parking/valet_parking_scenario_test.runfiles/apollo/modules/planning/scenarios/park/valet_parking/valet_parking_scenario_test: error while loading shared libraries: libadolc.so.2: cannot open shared object file: No such file or directory
================================================================================
FAIL: (10-17 12:07:59.843) //modules/planning/scenarios/park/pull_over:pull_over_scenario_test (see /home/user/.cache/bazel/_bazel_user/540135163923dd7d5820f3ee4b306b32/execroot/apollo/bazel-out/local-fastbuild/testlogs/modules/planning/scenarios/park/pull_over/pull_over_scenario_test/test.log)
____(10-17 12:07:59.843) From Testing //modules/planning/scenarios/park/pull_over:pull_over_scenario_test:
==================== Test output for //modules/planning/scenarios/park/pull_over:pull_over_scenario_test:
/home/user/.cache/bazel/_bazel_user/540135163923dd7d5820f3ee4b306b32/execroot/apollo/bazel-out/local-fastbuild/bin/modules/planning/scenarios/park/pull_over/pull_over_scenario_test.runfiles/apollo/modules/planning/scenarios/park/pull_over/pull_over_scenario_test: error while loading shared libraries: libadolc.so.2: cannot open shared object file: No such file or directory
================================================================================
FAIL: (10-17 12:08:00.161) //modules/planning/scenarios/narrow_street_u_turn:narrow_street_u_turn_scenario_test (see /home/user/.cache/bazel/_bazel_user/540135163923dd7d5820f3ee4b306b32/execroot/apollo/bazel-out/local-fastbuild/testlogs/modules/planning/scenarios/narrow_street_u_turn/narrow_street_u_turn_scenario_test/test.log)
____(10-17 12:08:00.162) From Testing //modules/planning/scenarios/narrow_street_u_turn:narrow_street_u_turn_scenario_test:
==================== Test output for //modules/planning/scenarios/narrow_street_u_turn:narrow_street_u_turn_scenario_test:
/home/user/.cache/bazel/_bazel_user/540135163923dd7d5820f3ee4b306b32/execroot/apollo/bazel-out/local-fastbuild/bin/modules/planning/scenarios/narrow_street_u_turn/narrow_street_u_turn_scenario_test.runfiles/apollo/modules/planning/scenarios/narrow_street_u_turn/narrow_street_u_turn_scenario_test: error while loading shared libraries: libadolc.so.2: cannot open shared object file: No such file or directory
================================================================================
==================== Test output for //modules/planning/scenarios/park/valet_parking:stage_parking_test:
/home/user/.cache/bazel/_bazel_user/540135163923dd7d5820f3ee4b306b32/execroot/apollo/bazel-out/local-fastbuild/bin/modules/planning/scenarios/park/valet_parking/stage_parking_test.runfiles/apollo/modules/planning/scenarios/park/valet_parking/stage_parking_test: error while loading shared libraries: libadolc.so.2: cannot open shared object file: No such file or directory
================================================================================
FAIL: (10-17 12:08:00.668) //modules/planning/scenarios/park/valet_parking:stage_parking_test (see /home/user/.cache/bazel/_bazel_user/540135163923dd7d5820f3ee4b306b32/execroot/apollo/bazel-out/local-fastbuild/testlogs/modules/planning/scenarios/park/valet_parking/stage_parking_test/test.log)
____(10-17 12:08:00.668) From Testing //modules/planning/scenarios/park/valet_parking:stage_parking_test:
FAIL: (10-17 12:08:01.133) //modules/planning/scenarios/park/valet_parking:stage_approaching_parking_spot_test (see /home/user/.cache/bazel/_bazel_user/540135163923dd7d5820f3ee4b306b32/execroot/apollo/bazel-out/local-fastbuild/testlogs/modules/planning/scenarios/park/valet_parking/stage_approaching_parking_spot_test/test.log)
____(10-17 12:08:01.134) From Testing //modules/planning/scenarios/park/valet_parking:stage_approaching_parking_spot_test:
==================== Test output for //modules/planning/scenarios/park/valet_parking:stage_approaching_parking_spot_test:
/home/user/.cache/bazel/_bazel_user/540135163923dd7d5820f3ee4b306b32/execroot/apollo/bazel-out/local-fastbuild/bin/modules/planning/scenarios/park/valet_parking/stage_approaching_parking_spot_test.runfiles/apollo/modules/planning/scenarios/park/valet_parking/stage_approaching_parking_spot_test: error while loading shared libraries: libadolc.so.2: cannot open shared object file: No such file or directory
================================================================================
FAIL: (10-17 12:08:03.874) //modules/planning/navi/decider:navi_decider_test (see /home/user/.cache/bazel/_bazel_user/540135163923dd7d5820f3ee4b306b32/execroot/apollo/bazel-out/local-fastbuild/testlogs/modules/planning/navi/decider/navi_decider_test/test.log)
____(10-17 12:08:03.874) From Testing //modules/planning/navi/decider:navi_decider_test:
==================== Test output for //modules/planning/navi/decider:navi_decider_test:
/home/user/.cache/bazel/_bazel_user/540135163923dd7d5820f3ee4b306b32/execroot/apollo/bazel-out/local-fastbuild/bin/modules/planning/navi/decider/navi_decider_test.runfiles/apollo/modules/planning/navi/decider/navi_decider_test: error while loading shared libraries: libadolc.so.2: cannot open shared object file: No such file or directory
================================================================================
FAIL: (10-17 12:08:04.323) //modules/planning/planner/public_road:public_road_planner_test (see /home/user/.cache/bazel/_bazel_user/540135163923dd7d5820f3ee4b306b32/execroot/apollo/bazel-out/local-fastbuild/testlogs/modules/planning/planner/public_road/public_road_planner_test/test.log)
____(10-17 12:08:04.323) From Testing //modules/planning/planner/public_road:public_road_planner_test:
==================== Test output for //modules/planning/planner/public_road:public_road_planner_test:
/home/user/.cache/bazel/_bazel_user/540135163923dd7d5820f3ee4b306b32/execroot/apollo/bazel-out/local-fastbuild/bin/modules/planning/planner/public_road/public_road_planner_test.runfiles/apollo/modules/planning/planner/public_road/public_road_planner_test: error while loading shared libraries: libadolc.so.2: cannot open shared object file: No such file or directory
================================================================================
==================== Test output for //modules/planning/planner:on_lane_planner_dispatcher_test:
FAIL: (10-17 12:08:04.915) //modules/planning/planner:on_lane_planner_dispatcher_test (see /home/user/.cache/bazel/_bazel_user/540135163923dd7d5820f3ee4b306b32/execroot/apollo/bazel-out/local-fastbuild/testlogs/modules/planning/planner/on_lane_planner_dispatcher_test/test.log)
____(10-17 12:08:04.917) From Testing //modules/planning/planner:on_lane_planner_dispatcher_test:
/home/user/.cache/bazel/_bazel_user/540135163923dd7d5820f3ee4b306b32/execroot/apollo/bazel-out/local-fastbuild/bin/modules/planning/planner/on_lane_planner_dispatcher_test.runfiles/apollo/modules/planning/planner/on_lane_planner_dispatcher_test: error while loading shared libraries: libadolc.so.2: cannot open shared object file: No such file or directory
================================================================================
FAIL: (10-17 12:08:05.113) //modules/planning/planner:navi_planner_dispatcher_test (see /home/user/.cache/bazel/_bazel_user/540135163923dd7d5820f3ee4b306b32/execroot/apollo/bazel-out/local-fastbuild/testlogs/modules/planning/planner/navi_planner_dispatcher_test/test.log)
____(10-17 12:08:05.113) From Testing //modules/planning/planner:navi_planner_dispatcher_test:
==================== Test output for //modules/planning/planner:navi_planner_dispatcher_test:
/home/user/.cache/bazel/_bazel_user/540135163923dd7d5820f3ee4b306b32/execroot/apollo/bazel-out/local-fastbuild/bin/modules/planning/planner/navi_planner_dispatcher_test.runfiles/apollo/modules/planning/planner/navi_planner_dispatcher_test: error while loading shared libraries: libadolc.so.2: cannot open shared object file: No such file or directory
================================================================================
FAIL: (10-17 12:08:06.368) //modules/planning/planner/navi:navi_planner_test (see /home/user/.cache/bazel/_bazel_user/540135163923dd7d5820f3ee4b306b32/execroot/apollo/bazel-out/local-fastbuild/testlogs/modules/planning/planner/navi/navi_planner_test/test.log)
____(10-17 12:08:06.369) From Testing //modules/planning/planner/navi:navi_planner_test:
==================== Test output for //modules/planning/planner/navi:navi_planner_test:
/home/user/.cache/bazel/_bazel_user/540135163923dd7d5820f3ee4b306b32/execroot/apollo/bazel-out/local-fastbuild/bin/modules/planning/planner/navi/navi_planner_test.runfiles/apollo/modules/planning/planner/navi/navi_planner_test: error while loading shared libraries: libadolc.so.2: cannot open shared object file: No such file or directory
================================================================================
==================== Test output for //modules/planning/planner/rtk:rtk_replay_planner_test:
/home/user/.cache/bazel/_bazel_user/540135163923dd7d5820f3ee4b306b32/execroot/apollo/bazel-out/local-fastbuild/bin/modules/planning/planner/rtk/rtk_replay_planner_test.runfiles/apollo/modules/planning/planner/rtk/rtk_replay_planner_test: error while loading shared libraries: libadolc.so.2: cannot open shared object file: No such file or directory
FAIL: (10-17 12:08:06.464) //modules/planning/planner/rtk:rtk_replay_planner_test (see /home/user/.cache/bazel/_bazel_user/540135163923dd7d5820f3ee4b306b32/execroot/apollo/bazel-out/local-fastbuild/testlogs/modules/planning/planner/rtk/rtk_replay_planner_test/test.log)
____(10-17 12:08:06.464) From Testing //modules/planning/planner/rtk:rtk_replay_planner_test:
================================================================================
____(10-17 12:08:07.823) [4,365 / 4,367] Linking modules/planning/libplanning_component.so
____(10-17 12:08:09.245) Elapsed time: 244.014s, Critical Path: 111.03s
//modules/planning/common:ego_info_cpplint                               PASSED in 0.3s
//modules/planning/common:ego_info_test_cpplint                          PASSED in 0.3s
//modules/planning/common:frame_cpplint                                  PASSED in 1.1s
//modules/planning/common:frame_test_cpplint                             PASSED in 0.2s
//modules/planning/common:indexed_list_cpplint                           PASSED in 0.4s
//modules/planning/common:indexed_list_test                              PASSED in 0.2s
//modules/planning/common:indexed_list_test_cpplint                      PASSED in 0.2s
//modules/planning/common:indexed_queue_cpplint                          PASSED in 0.2s
//modules/planning/common:indexed_queue_test                             PASSED in 0.1s
//modules/planning/common:indexed_queue_test_cpplint                     PASSED in 0.3s
//modules/planning/common:local_view_cpplint                             PASSED in 0.2s
//modules/planning/common:obstacle_blocking_analyzer_cpplint             PASSED in 0.3s
//modules/planning/common:obstacle_cpplint                               PASSED in 0.9s
//modules/planning/common:obstacle_test                                  PASSED in 0.9s
//modules/planning/common:obstacle_test_cpplint                          PASSED in 0.5s
//modules/planning/common:open_space_info_cpplint                        PASSED in 0.9s
//modules/planning/common:open_space_info_test                           PASSED in 0.7s
//modules/planning/common:open_space_info_test_cpplint                   PASSED in 0.2s
//modules/planning/common/path:discretized_path_cpplint                  PASSED in 0.4s
//modules/planning/common/path:discretized_path_test                     PASSED in 0.1s
//modules/planning/common/path:discretized_path_test_cpplint             PASSED in 0.3s
//modules/planning/common/path:frenet_frame_path_cpplint                 PASSED in 0.3s
//modules/planning/common/path:frenet_frame_path_test                    PASSED in 0.2s
//modules/planning/common/path:frenet_frame_path_test_cpplint            PASSED in 0.3s
//modules/planning/common/path:path_data_cpplint                         PASSED in 0.4s
//modules/planning/common:path_boundary_cpplint                          PASSED in 0.3s
//modules/planning/common:path_decision_cpplint                          PASSED in 0.4s
//modules/planning/common:planning_context_cpplint                       PASSED in 0.3s
//modules/planning/common:planning_gflags_cpplint                        PASSED in 0.9s
//modules/planning/common:reference_line_info_cpplint                    PASSED in 0.9s
//modules/planning/common:reference_line_info_test                       PASSED in 1.2s
//modules/planning/common:reference_line_info_test_cpplint               PASSED in 0.2s
//modules/planning/common/speed:speed_data_cpplint                       PASSED in 0.3s
//modules/planning/common/speed:st_boundary_cpplint                      PASSED in 0.6s
//modules/planning/common/speed:st_boundary_test                         PASSED in 0.4s
//modules/planning/common/speed:st_boundary_test_cpplint                 PASSED in 0.4s
//modules/planning/common/speed:st_point_cpplint                         PASSED in 0.4s
//modules/planning/common:speed_limit_cpplint                            PASSED in 0.3s
//modules/planning/common:speed_limit_test                               PASSED in 0.1s
//modules/planning/common:speed_limit_test_cpplint                       PASSED in 0.3s
//modules/planning/common:speed_profile_generator_cpplint                PASSED in 0.6s
//modules/planning/common:speed_profile_generator_test_cpplint           PASSED in 0.3s
//modules/planning/common:st_graph_data_cpplint                          PASSED in 0.4s
//modules/planning/common:st_graph_data_test                             PASSED in 0.5s
//modules/planning/common:st_graph_data_test_cpplint                     PASSED in 0.3s
//modules/planning/common/trajectory:discretized_trajectory_cpplint      PASSED in 0.4s
//modules/planning/common/trajectory:discretized_trajectory_test         PASSED in 0.4s
//modules/planning/common/trajectory:discretized_trajectory_test_cpplint PASSED in 0.2s
//modules/planning/common/trajectory:publishable_trajectory_cpplint      PASSED in 0.3s
//modules/planning/common/trajectory:publishable_trajectory_test         PASSED in 0.6s
//modules/planning/common/trajectory:publishable_trajectory_test_cpplint PASSED in 0.2s
//modules/planning/common/trajectory1d:constant_deceleration_trajectory1d_cpplint PASSED in 0.3s
//modules/planning/common/trajectory1d:constant_jerk_trajectory1d_cpplint PASSED in 0.4s
//modules/planning/common/trajectory1d:piecewise_acceleration_trajectory1d_cpplint PASSED in 0.4s
//modules/planning/common/trajectory1d:piecewise_jerk_trajectory1d_cpplint PASSED in 0.3s
//modules/planning/common/trajectory1d:piecewise_trajectory1d_cpplint    PASSED in 0.4s
//modules/planning/common/trajectory1d:standing_still_trajectory1d_cpplint PASSED in 0.3s
//modules/planning/common:trajectory_stitcher_cpplint                    PASSED in 0.4s
//modules/planning/common/util:common_lib_cpplint                        PASSED in 0.4s
//modules/planning/common/util:util_lib_cpplint                          PASSED in 0.4s
//modules/planning/constraint_checker:collision_checker_cpplint          PASSED in 0.4s
//modules/planning/constraint_checker:constraint_checker1d_cpplint       PASSED in 0.3s
//modules/planning/constraint_checker:constraint_checker_cpplint         PASSED in 0.4s
//modules/planning/integration_tests:planning_test_base_cpplint          PASSED in 1.3s
//modules/planning/lattice/behavior:feasible_region_cpplint              PASSED in 0.3s
//modules/planning/lattice/behavior:path_time_graph_cpplint              PASSED in 0.6s
//modules/planning/lattice/behavior:prediction_querier_cpplint           PASSED in 0.4s
//modules/planning/lattice/trajectory_generation:backup_trajectory_generator_cpplint PASSED in 0.3s
//modules/planning/lattice/trajectory_generation:end_condition_sampler_cpplint PASSED in 0.6s
//modules/planning/lattice/trajectory_generation:lateral_osqp_optimizer_cpplint PASSED in 0.4s
//modules/planning/lattice/trajectory_generation:lateral_qp_optimizer_cpplint PASSED in 0.4s
//modules/planning/lattice/trajectory_generation:lattice_trajectory1d_cpplint PASSED in 0.4s
//modules/planning/lattice/trajectory_generation:piecewise_braking_trajectory_generator_cpplint PASSED in 0.4s
//modules/planning/lattice/trajectory_generation:trajectory1d_generator_cpplint PASSED in 0.5s
//modules/planning/lattice/trajectory_generation:trajectory_combiner_cpplint PASSED in 0.3s
//modules/planning/lattice/trajectory_generation:trajectory_evaluator_cpplint PASSED in 0.7s
//modules/planning/math/curve1d:cubic_polynomial_curve1d_cpplint         PASSED in 0.3s
//modules/planning/math/curve1d:cubic_polynomial_curve1d_test            PASSED in 0.1s
//modules/planning/math/curve1d:cubic_polynomial_curve1d_test_cpplint    PASSED in 0.3s
//modules/planning/math/curve1d:curve1d_cpplint                          PASSED in 0.3s
//modules/planning/math/curve1d:piecewise_quintic_spiral_path_cpplint    PASSED in 0.4s
//modules/planning/math/curve1d:piecewise_quintic_spiral_path_test       PASSED in 0.1s
//modules/planning/math/curve1d:piecewise_quintic_spiral_path_test_cpplint PASSED in 0.4s
//modules/planning/math/curve1d:polynomial_curve1d_cpplint               PASSED in 0.3s
//modules/planning/math/curve1d:quartic_polynomial_curve1d_cpplint       PASSED in 0.4s
//modules/planning/math/curve1d:quartic_polynomial_curve1d_test          PASSED in 0.1s
//modules/planning/math/curve1d:quartic_polynomial_curve1d_test_cpplint  PASSED in 0.3s
//modules/planning/math/curve1d:quintic_polynomial_curve1d_cpplint       PASSED in 0.5s
//modules/planning/math/curve1d:quintic_polynomial_curve1d_test          PASSED in 0.1s
//modules/planning/math/curve1d:quintic_polynomial_curve1d_test_cpplint  PASSED in 0.2s
//modules/planning/math/curve1d:quintic_spiral_path_cpplint              PASSED in 0.7s
//modules/planning/math:curve_math_cpplint                               PASSED in 0.3s
//modules/planning/math:curve_math_test                                  PASSED in 0.0s
//modules/planning/math:curve_math_test_cpplint                          PASSED in 0.3s
//modules/planning/math:discrete_points_math_cpplint                     PASSED in 0.4s
//modules/planning/math/discretized_points_smoothing:cos_theta_ipopt_interface_cpplint PASSED in 0.9s
//modules/planning/math/discretized_points_smoothing:cos_theta_smoother_cpplint PASSED in 0.3s
//modules/planning/math/discretized_points_smoothing:fem_pos_deviation_ipopt_interface_cpplint PASSED in 0.7s
//modules/planning/math/discretized_points_smoothing:fem_pos_deviation_osqp_interface_cpplint PASSED in 0.5s
//modules/planning/math/discretized_points_smoothing:fem_pos_deviation_smoother_cpplint PASSED in 0.3s
//modules/planning/math/piecewise_jerk:piecewise_jerk_path_problem_cpplint PASSED in 0.4s
//modules/planning/math/piecewise_jerk:piecewise_jerk_problem_cpplint    PASSED in 0.6s
//modules/planning/math/piecewise_jerk:piecewise_jerk_speed_problem_cpplint PASSED in 0.5s
//modules/planning/math:polynomial_xd_cpplint                            PASSED in 0.3s
//modules/planning/math/smoothing_spline:active_set_spline_1d_solver_cpplint PASSED in 0.4s
//modules/planning/math/smoothing_spline:active_set_spline_1d_solver_test PASSED in 0.3s
//modules/planning/math/smoothing_spline:active_set_spline_1d_solver_test_cpplint PASSED in 0.3s
//modules/planning/math/smoothing_spline:active_set_spline_2d_solver_cpplint PASSED in 0.5s
//modules/planning/math/smoothing_spline:active_set_spline_2d_solver_test PASSED in 0.1s
//modules/planning/math/smoothing_spline:active_set_spline_2d_solver_test_cpplint PASSED in 0.3s
//modules/planning/math/smoothing_spline:affine_constraint_cpplint       PASSED in 0.3s
//modules/planning/math/smoothing_spline:osqp_spline_1d_solver_cpplint   PASSED in 0.5s
//modules/planning/math/smoothing_spline:osqp_spline_1d_solver_test      PASSED in 0.1s
//modules/planning/math/smoothing_spline:osqp_spline_1d_solver_test_cpplint PASSED in 0.3s
//modules/planning/math/smoothing_spline:osqp_spline_2d_solver_cpplint   PASSED in 0.4s
//modules/planning/math/smoothing_spline:osqp_spline_2d_solver_test      PASSED in 0.1s
//modules/planning/math/smoothing_spline:osqp_spline_2d_solver_test_cpplint PASSED in 0.4s
//modules/planning/math/smoothing_spline:piecewise_linear_constraint_cpplint PASSED in 0.4s
//modules/planning/math/smoothing_spline:piecewise_linear_constraint_test PASSED in 0.1s
//modules/planning/math/smoothing_spline:piecewise_linear_constraint_test_cpplint PASSED in 0.3s
//modules/planning/math/smoothing_spline:piecewise_linear_generator_cpplint PASSED in 0.4s
//modules/planning/math/smoothing_spline:piecewise_linear_kernel_cpplint PASSED in 0.4s
//modules/planning/math/smoothing_spline:piecewise_linear_kernel_test    PASSED in 0.1s
//modules/planning/math/smoothing_spline:piecewise_linear_kernel_test_cpplint PASSED in 0.3s
//modules/planning/math/smoothing_spline:spline_1d_constraint_cpplint    PASSED in 0.7s
//modules/planning/math/smoothing_spline:spline_1d_constraint_test       PASSED in 0.1s
//modules/planning/math/smoothing_spline:spline_1d_constraint_test_cpplint PASSED in 0.5s
//modules/planning/math/smoothing_spline:spline_1d_cpplint               PASSED in 0.3s
//modules/planning/math/smoothing_spline:spline_1d_kernel_cpplint        PASSED in 0.6s
//modules/planning/math/smoothing_spline:spline_1d_kernel_test           PASSED in 0.1s
//modules/planning/math/smoothing_spline:spline_1d_kernel_test_cpplint   PASSED in 0.7s
//modules/planning/math/smoothing_spline:spline_1d_seg_cpplint           PASSED in 0.3s
//modules/planning/math/smoothing_spline:spline_1d_solver_cpplint        PASSED in 0.4s
//modules/planning/math/smoothing_spline:spline_2d_constraint_cpplint    PASSED in 0.8s
//modules/planning/math/smoothing_spline:spline_2d_constraint_test       PASSED in 0.1s
//modules/planning/math/smoothing_spline:spline_2d_constraint_test_cpplint PASSED in 0.4s
//modules/planning/math/smoothing_spline:spline_2d_cpplint               PASSED in 0.5s
//modules/planning/math/smoothing_spline:spline_2d_kernel_cpplint        PASSED in 0.4s
//modules/planning/math/smoothing_spline:spline_2d_kernel_test           PASSED in 0.2s
//modules/planning/math/smoothing_spline:spline_2d_kernel_test_cpplint   PASSED in 0.2s
//modules/planning/math/smoothing_spline:spline_2d_seg_cpplint           PASSED in 0.4s
//modules/planning/math/smoothing_spline:spline_2d_solver_cpplint        PASSED in 0.5s
//modules/planning/math/smoothing_spline:spline_seg_kernel_cpplint       PASSED in 0.4s
//modules/planning/navi/decider:navi_decider_test_cpplint                PASSED in 0.7s
//modules/planning/navi/decider:navi_obstacle_decider_cpplint            PASSED in 0.8s
//modules/planning/navi/decider:navi_path_decider_cpplint                PASSED in 0.5s
//modules/planning/navi/decider:navi_speed_decider_cpplint               PASSED in 1.1s
//modules/planning/navi/decider:navi_task_cpplint                        PASSED in 0.3s
//modules/planning/open_space/coarse_trajectory_generator:grid_search_cpplint PASSED in 0.5s
//modules/planning/open_space/coarse_trajectory_generator:hybrid_a_star_cpplint PASSED in 0.8s
//modules/planning/open_space/coarse_trajectory_generator:hybrid_a_star_test_cpplint PASSED in 0.3s
//modules/planning/open_space/coarse_trajectory_generator:node3d_cpplint PASSED in 0.4s
//modules/planning/open_space/coarse_trajectory_generator:node3d_test_cpplint PASSED in 0.3s
//modules/planning/open_space/coarse_trajectory_generator:reeds_shepp_path_cpplint PASSED in 0.9s
//modules/planning/open_space/coarse_trajectory_generator:reeds_shepp_path_test_cpplint PASSED in 0.3s
//modules/planning/open_space/tools:distance_approach_problem_wrapper_lib.so_cpplint PASSED in 0.6s
//modules/planning/open_space/tools:hybrid_a_star_wrapper_lib.so_cpplint PASSED in 0.4s
//modules/planning/open_space/tools:open_space_roi_wrapper_lib.so_cpplint PASSED in 0.6s
//modules/planning/open_space/trajectory_smoother:distance_approach_ipopt_cuda_interface_cpplint PASSED in 0.8s
//modules/planning/open_space/trajectory_smoother:distance_approach_ipopt_cuda_interface_test_cpplint PASSED in 0.4s
//modules/planning/open_space/trajectory_smoother:distance_approach_ipopt_fixed_dual_interface_cpplint PASSED in 1.1s
//modules/planning/open_space/trajectory_smoother:distance_approach_ipopt_fixed_ts_interface_cpplint PASSED in 1.2s
//modules/planning/open_space/trajectory_smoother:distance_approach_ipopt_interface_cpplint PASSED in 1.6s
//modules/planning/open_space/trajectory_smoother:distance_approach_ipopt_interface_test_cpplint PASSED in 0.4s
//modules/planning/open_space/trajectory_smoother:distance_approach_ipopt_relax_end_interface_cpplint PASSED in 1.3s
//modules/planning/open_space/trajectory_smoother:distance_approach_ipopt_relax_end_slack_interface_cpplint PASSED in 1.1s
//modules/planning/open_space/trajectory_smoother:distance_approach_problem_cpplint PASSED in 0.4s
//modules/planning/open_space/trajectory_smoother:distance_approach_problem_test_cpplint PASSED in 0.3s
//modules/planning/open_space/trajectory_smoother:dual_variable_warm_start_ipopt_interface_cpplint PASSED in 1.2s
//modules/planning/open_space/trajectory_smoother:dual_variable_warm_start_ipopt_interface_test_cpplint PASSED in 0.2s
//modules/planning/open_space/trajectory_smoother:dual_variable_warm_start_ipopt_qp_interface_cpplint PASSED in 0.7s
//modules/planning/open_space/trajectory_smoother:dual_variable_warm_start_osqp_interface_cpplint PASSED in 0.9s
//modules/planning/open_space/trajectory_smoother:dual_variable_warm_start_osqp_interface_test_cpplint PASSED in 0.3s
//modules/planning/open_space/trajectory_smoother:dual_variable_warm_start_problem_cpplint PASSED in 0.6s
//modules/planning/open_space/trajectory_smoother:dual_variable_warm_start_problem_test_cpplint PASSED in 0.3s
//modules/planning/open_space/trajectory_smoother:dual_variable_warm_start_slack_osqp_interface_cpplint PASSED in 0.9s
//modules/planning/open_space/trajectory_smoother:iterative_anchoring_smoother_cpplint PASSED in 0.8s
//modules/planning/open_space/trajectory_smoother:planning_block_cpplint PASSED in 0.3s
//modules/planning/planner/lattice:lattice_planner_cpplint               PASSED in 0.5s
//modules/planning/planner/navi:navi_planner_cpplint                     PASSED in 0.6s
//modules/planning/planner/navi:navi_planner_test_cpplint                PASSED in 0.3s
//modules/planning/planner:navi_planner_dispatcher_test_cpplint          PASSED in 0.3s
//modules/planning/planner:on_lane_planner_dispatcher_test_cpplint       PASSED in 0.2s
//modules/planning/planner:planner_cpplint                               PASSED in 0.3s
//modules/planning/planner:planner_dispatcher_cpplint                    PASSED in 0.5s
//modules/planning/planner/public_road:public_road_planner_cpplint       PASSED in 0.5s
//modules/planning/planner/public_road:public_road_planner_test_cpplint  PASSED in 0.3s
//modules/planning/planner/rtk:rtk_planner_cpplint                       PASSED in 0.4s
//modules/planning/planner/rtk:rtk_replay_planner_test_cpplint           PASSED in 0.4s
//modules/planning:planning_component_lib_cpplint                        PASSED in 0.5s
//modules/planning:planning_lib_cpplint                                  PASSED in 1.2s
//modules/planning/reference_line:discrete_points_reference_line_smoother_cpplint PASSED in 0.5s
//modules/planning/reference_line:discrete_points_reference_line_smoother_test_cpplint PASSED in 0.3s
//modules/planning/reference_line:qp_spline_reference_line_smoother_cpplint PASSED in 0.4s
//modules/planning/reference_line:qp_spline_reference_line_smoother_test PASSED in 1.0s
//modules/planning/reference_line:qp_spline_reference_line_smoother_test_cpplint PASSED in 0.3s
//modules/planning/reference_line:reference_line_cpplint                 PASSED in 0.8s
//modules/planning/reference_line:reference_line_provider_cpplint        PASSED in 0.9s
//modules/planning/reference_line:reference_line_smoother_cpplint        PASSED in 0.3s
//modules/planning/reference_line:smoother_util_cpplint                  PASSED in 0.4s
//modules/planning/reference_line:spiral_reference_line_smoother_cpplint PASSED in 1.4s
//modules/planning/reference_line:spiral_reference_line_smoother_test    PASSED in 36.3s
//modules/planning/reference_line:spiral_reference_line_smoother_test_cpplint PASSED in 0.3s
//modules/planning/reference_line:spiral_smoother_util_cpplint           PASSED in 0.3s
//modules/planning/scenarios/bare_intersection/unprotected:bare_intersection_unprotected_scenario_cpplint PASSED in 1.0s
//modules/planning/scenarios/bare_intersection/unprotected:bare_intersection_unprotected_scenario_test_cpplint PASSED in 0.6s
//modules/planning/scenarios/lane_follow:lane_follow_scenario_cpplint    PASSED in 0.9s
//modules/planning/scenarios/lane_follow:lane_follow_scenario_test_cpplint PASSED in 0.7s
//modules/planning/scenarios/lane_follow:lane_follow_stage_cpplint       PASSED in 1.1s
//modules/planning/scenarios/narrow_street_u_turn:narrow_street_u_turn_scenario_cpplint PASSED in 0.3s
//modules/planning/scenarios/narrow_street_u_turn:narrow_street_u_turn_scenario_test_cpplint PASSED in 0.3s
//modules/planning/scenarios/park/pull_over:pull_over_scenario_cpplint   PASSED in 0.7s
//modules/planning/scenarios/park/pull_over:pull_over_scenario_test_cpplint PASSED in 0.3s
//modules/planning/scenarios/park/pull_over:stage_approach_test_cpplint  PASSED in 0.3s
//modules/planning/scenarios/park/valet_parking:stage_approaching_parking_spot_test_cpplint PASSED in 0.4s
//modules/planning/scenarios/park/valet_parking:stage_parking_test_cpplint PASSED in 0.2s
//modules/planning/scenarios/park/valet_parking:valet_parking_cpplint    PASSED in 0.6s
//modules/planning/scenarios/park/valet_parking:valet_parking_scenario_test_cpplint PASSED in 0.3s
//modules/planning/scenarios/park_and_go:park_and_go_scenario_cpplint    PASSED in 1.1s
//modules/planning/scenarios/park_and_go:park_and_go_scenario_test_cpplint PASSED in 0.5s
//modules/planning/scenarios/park_and_go:stage_check_test_cpplint        PASSED in 0.5s
//modules/planning/scenarios:scenario_cpplint                            PASSED in 0.7s
//modules/planning/scenarios:scenario_manager_cpplint                    PASSED in 1.8s
//modules/planning/scenarios:stage_cpplint                               PASSED in 0.8s
//modules/planning/scenarios:stage_intersection_cruise_impl_cpplint      PASSED in 0.5s
//modules/planning/scenarios/stop_sign/unprotected:stop_sign_unprotected_scenario_cpplint PASSED in 1.4s
//modules/planning/scenarios/stop_sign/unprotected:stop_sign_unprotected_scenario_test_cpplint PASSED in 0.3s
//modules/planning/scenarios/traffic_light/protected:traffic_light_protected_scenario_cpplint PASSED in 0.7s
//modules/planning/scenarios/traffic_light/protected:traffic_light_protected_scenario_test_cpplint PASSED in 0.3s
//modules/planning/scenarios/traffic_light/unprotected_left_turn:traffic_light_left_turn_unprotected_scenario_test_cpplint PASSED in 0.6s
//modules/planning/scenarios/traffic_light/unprotected_left_turn:traffic_light_unprotected_left_turn_scenario_cpplint PASSED in 1.5s
//modules/planning/scenarios/traffic_light/unprotected_right_turn:traffic_light_right_turn_unprotected_scenario_test_cpplint PASSED in 0.3s
//modules/planning/scenarios/traffic_light/unprotected_right_turn:traffic_light_unprotected_right_turn_scenario_cpplint PASSED in 1.1s
//modules/planning/scenarios/util:scenario_util_lib_cpplint              PASSED in 0.5s
//modules/planning/tasks/deciders/creep_decider:creep_decider_cpplint    PASSED in 0.8s
//modules/planning/tasks/deciders/creep_decider:creep_decider_test_cpplint PASSED in 0.4s
//modules/planning/tasks/deciders:decider_base_cpplint                   PASSED in 0.6s
//modules/planning/tasks/deciders/lane_change_decider:lane_change_decider_cpplint PASSED in 0.8s
//modules/planning/tasks/deciders/open_space_decider:open_space_fallback_decider_cpplint PASSED in 0.8s
//modules/planning/tasks/deciders/open_space_decider:open_space_fallback_decider_test_cpplint PASSED in 0.5s
//modules/planning/tasks/deciders/open_space_decider:open_space_pre_stop_decider_cpplint PASSED in 1.2s
//modules/planning/tasks/deciders/open_space_decider:open_space_roi_decider_cpplint PASSED in 2.0s
//modules/planning/tasks/deciders/open_space_decider:open_space_roi_decider_test_cpplint PASSED in 0.5s
//modules/planning/tasks/deciders/path_assessment_decider:path_assessment_decider_cpplint PASSED in 1.3s
//modules/planning/tasks/deciders/path_bounds_decider:path_bounds_decider_cpplint PASSED in 2.1s
//modules/planning/tasks/deciders/path_bounds_decider:path_bounds_decider_test_cpplint PASSED in 0.6s
//modules/planning/tasks/deciders/path_decider:path_decider_cpplint      PASSED in 1.1s
//modules/planning/tasks/deciders/path_lane_borrow_decider:path_lane_borrow_decider_cpplint PASSED in 0.6s
//modules/planning/tasks/deciders/rule_based_stop_decider:rule_based_stop_decider_cpplint PASSED in 0.7s
//modules/planning/tasks/deciders/speed_bounds_decider:speed_bounds_decider_cpplint PASSED in 0.7s
//modules/planning/tasks/deciders/speed_bounds_decider:speed_limit_decider_test_cpplint PASSED in 0.6s
//modules/planning/tasks/deciders/speed_bounds_decider:st_boundary_mapper_cpplint PASSED in 1.3s
//modules/planning/tasks/deciders/speed_bounds_decider:st_boundary_mapper_test_cpplint PASSED in 0.6s
//modules/planning/tasks/deciders/speed_decider:speed_decider_cpplint    PASSED in 1.4s
//modules/planning/tasks/deciders/utils:path_decider_obstacle_utils_cpplint PASSED in 0.8s
//modules/planning/tasks/optimizers/open_space_trajectory_generation:open_space_trajectory_optimizer_cpplint PASSED in 1.9s
//modules/planning/tasks/optimizers/open_space_trajectory_generation:open_space_trajectory_optimizer_test_cpplint PASSED in 0.5s
//modules/planning/tasks/optimizers/open_space_trajectory_generation:open_space_trajectory_provider_cpplint PASSED in 0.9s
//modules/planning/tasks/optimizers/open_space_trajectory_generation:open_space_trajectory_provider_test_cpplint PASSED in 0.5s
//modules/planning/tasks/optimizers/open_space_trajectory_partition:open_space_trajectory_partition_cpplint PASSED in 1.7s
//modules/planning/tasks/optimizers/open_space_trajectory_partition:open_space_trajectory_partition_test_cpplint PASSED in 0.5s
//modules/planning/tasks/optimizers:path_optimizer_cpplint               PASSED in 0.7s
//modules/planning/tasks/optimizers/path_time_heuristic:dp_st_cost_cpplint PASSED in 1.0s
//modules/planning/tasks/optimizers/path_time_heuristic:gridded_path_time_graph_cpplint PASSED in 1.3s
//modules/planning/tasks/optimizers/path_time_heuristic:gridded_path_time_graph_test_cpplint PASSED in 0.6s
//modules/planning/tasks/optimizers/path_time_heuristic:path_time_heuristic_optimizer_cpplint PASSED in 0.6s
//modules/planning/tasks/optimizers/path_time_heuristic:st_graph_point_cpplint PASSED in 0.8s
//modules/planning/tasks/optimizers/piecewise_jerk_path:piecewise_jerk_path_ipopt_solver_cpplint PASSED in 1.0s
//modules/planning/tasks/optimizers/piecewise_jerk_path:piecewise_jerk_path_optimizer_cpplint PASSED in 0.9s
//modules/planning/tasks/optimizers/piecewise_jerk_speed:piecewise_jerk_speed_optimizer_cpplint PASSED in 0.9s
//modules/planning/tasks/optimizers:speed_optimizer_cpplint              PASSED in 0.6s
//modules/planning/tasks/optimizers:trajectory_optimizer_cpplint         PASSED in 0.5s
//modules/planning/tasks/rss:decider_rss_cpplint                         PASSED in 1.1s
//modules/planning/tasks/rss:decider_rss_test_cpplint                    PASSED in 0.8s
//modules/planning/tasks/smoothers:smoother_cpplint                      PASSED in 0.7s
//modules/planning/tasks:task_cpplint                                    PASSED in 0.8s
//modules/planning/tasks:task_factory_cpplint                            PASSED in 0.3s
//modules/planning/traffic_rules:traffic_decider_cpplint                 PASSED in 0.4s
//modules/planning/traffic_rules:traffic_rules_cpplint                   PASSED in 1.5s
//modules/planning/tuning:autotuning_base_model_cpplint                  PASSED in 0.4s
//modules/planning/tuning:autotuning_feature_builder_cpplint             PASSED in 0.4s
//modules/planning/tuning:autotuning_mlp_net_model_cpplint               PASSED in 0.5s
//modules/planning/tuning:autotuning_mlp_net_model_test                  PASSED in 0.4s
//modules/planning/tuning:autotuning_mlp_net_model_test_cpplint          PASSED in 0.2s
//modules/planning/tuning:autotuning_raw_feature_generator_cpplint       PASSED in 0.4s
//modules/planning/tuning:autotuning_raw_feature_generator_test_cpplint  PASSED in 0.2s
//modules/planning/tuning/speed_model:autotuning_speed_feature_builder_cpplint PASSED in 0.4s
//modules/planning/tuning/speed_model:autotuning_speed_feature_builder_test PASSED in 0.1s
//modules/planning/tuning/speed_model:autotuning_speed_feature_builder_test_cpplint PASSED in 0.3s
//modules/planning/tuning/speed_model:autotuning_speed_mlp_model_cpplint PASSED in 0.4s
//modules/planning/tuning/speed_model:autotuning_speed_mlp_model_test    PASSED in 0.6s
//modules/planning/tuning/speed_model:autotuning_speed_mlp_model_test_cpplint PASSED in 0.2s
//modules/planning/common:ego_info_test                                  FAILED in 0.3s
  /home/user/.cache/bazel/_bazel_user/540135163923dd7d5820f3ee4b306b32/execroot/apollo/bazel-out/local-fastbuild/testlogs/modules/planning/common/ego_info_test/test.log
//modules/planning/common:frame_test                                     FAILED in 0.2s
  /home/user/.cache/bazel/_bazel_user/540135163923dd7d5820f3ee4b306b32/execroot/apollo/bazel-out/local-fastbuild/testlogs/modules/planning/common/frame_test/test.log
//modules/planning/common:speed_profile_generator_test                   FAILED in 0.2s
  /home/user/.cache/bazel/_bazel_user/540135163923dd7d5820f3ee4b306b32/execroot/apollo/bazel-out/local-fastbuild/testlogs/modules/planning/common/speed_profile_generator_test/test.log
//modules/planning/navi/decider:navi_decider_test                        FAILED in 0.1s
  /home/user/.cache/bazel/_bazel_user/540135163923dd7d5820f3ee4b306b32/execroot/apollo/bazel-out/local-fastbuild/testlogs/modules/planning/navi/decider/navi_decider_test/test.log
//modules/planning/open_space/coarse_trajectory_generator:hybrid_a_star_test FAILED in 0.1s
  /home/user/.cache/bazel/_bazel_user/540135163923dd7d5820f3ee4b306b32/execroot/apollo/bazel-out/local-fastbuild/testlogs/modules/planning/open_space/coarse_trajectory_generator/hybrid_a_star_test/test.log
//modules/planning/open_space/coarse_trajectory_generator:node3d_test    FAILED in 0.1s
  /home/user/.cache/bazel/_bazel_user/540135163923dd7d5820f3ee4b306b32/execroot/apollo/bazel-out/local-fastbuild/testlogs/modules/planning/open_space/coarse_trajectory_generator/node3d_test/test.log
//modules/planning/open_space/coarse_trajectory_generator:reeds_shepp_path_test FAILED in 0.1s
  /home/user/.cache/bazel/_bazel_user/540135163923dd7d5820f3ee4b306b32/execroot/apollo/bazel-out/local-fastbuild/testlogs/modules/planning/open_space/coarse_trajectory_generator/reeds_shepp_path_test/test.log
//modules/planning/open_space/trajectory_smoother:distance_approach_ipopt_cuda_interface_test FAILED in 0.1s
  /home/user/.cache/bazel/_bazel_user/540135163923dd7d5820f3ee4b306b32/execroot/apollo/bazel-out/local-fastbuild/testlogs/modules/planning/open_space/trajectory_smoother/distance_approach_ipopt_cuda_interface_test/test.log
//modules/planning/open_space/trajectory_smoother:distance_approach_ipopt_interface_test FAILED in 0.1s
  /home/user/.cache/bazel/_bazel_user/540135163923dd7d5820f3ee4b306b32/execroot/apollo/bazel-out/local-fastbuild/testlogs/modules/planning/open_space/trajectory_smoother/distance_approach_ipopt_interface_test/test.log
//modules/planning/open_space/trajectory_smoother:distance_approach_problem_test FAILED in 0.1s
  /home/user/.cache/bazel/_bazel_user/540135163923dd7d5820f3ee4b306b32/execroot/apollo/bazel-out/local-fastbuild/testlogs/modules/planning/open_space/trajectory_smoother/distance_approach_problem_test/test.log
//modules/planning/open_space/trajectory_smoother:dual_variable_warm_start_ipopt_interface_test FAILED in 0.1s
  /home/user/.cache/bazel/_bazel_user/540135163923dd7d5820f3ee4b306b32/execroot/apollo/bazel-out/local-fastbuild/testlogs/modules/planning/open_space/trajectory_smoother/dual_variable_warm_start_ipopt_interface_test/test.log
//modules/planning/open_space/trajectory_smoother:dual_variable_warm_start_osqp_interface_test FAILED in 0.1s
  /home/user/.cache/bazel/_bazel_user/540135163923dd7d5820f3ee4b306b32/execroot/apollo/bazel-out/local-fastbuild/testlogs/modules/planning/open_space/trajectory_smoother/dual_variable_warm_start_osqp_interface_test/test.log
//modules/planning/open_space/trajectory_smoother:dual_variable_warm_start_problem_test FAILED in 0.1s
  /home/user/.cache/bazel/_bazel_user/540135163923dd7d5820f3ee4b306b32/execroot/apollo/bazel-out/local-fastbuild/testlogs/modules/planning/open_space/trajectory_smoother/dual_variable_warm_start_problem_test/test.log
//modules/planning/planner/navi:navi_planner_test                        FAILED in 0.1s
  /home/user/.cache/bazel/_bazel_user/540135163923dd7d5820f3ee4b306b32/execroot/apollo/bazel-out/local-fastbuild/testlogs/modules/planning/planner/navi/navi_planner_test/test.log
//modules/planning/planner:navi_planner_dispatcher_test                  FAILED in 0.1s
  /home/user/.cache/bazel/_bazel_user/540135163923dd7d5820f3ee4b306b32/execroot/apollo/bazel-out/local-fastbuild/testlogs/modules/planning/planner/navi_planner_dispatcher_test/test.log
//modules/planning/planner:on_lane_planner_dispatcher_test               FAILED in 0.1s
  /home/user/.cache/bazel/_bazel_user/540135163923dd7d5820f3ee4b306b32/execroot/apollo/bazel-out/local-fastbuild/testlogs/modules/planning/planner/on_lane_planner_dispatcher_test/test.log
//modules/planning/planner/public_road:public_road_planner_test          FAILED in 0.1s
  /home/user/.cache/bazel/_bazel_user/540135163923dd7d5820f3ee4b306b32/execroot/apollo/bazel-out/local-fastbuild/testlogs/modules/planning/planner/public_road/public_road_planner_test/test.log
//modules/planning/planner/rtk:rtk_replay_planner_test                   FAILED in 0.1s
  /home/user/.cache/bazel/_bazel_user/540135163923dd7d5820f3ee4b306b32/execroot/apollo/bazel-out/local-fastbuild/testlogs/modules/planning/planner/rtk/rtk_replay_planner_test/test.log
//modules/planning/reference_line:discrete_points_reference_line_smoother_test FAILED in 0.2s
  /home/user/.cache/bazel/_bazel_user/540135163923dd7d5820f3ee4b306b32/execroot/apollo/bazel-out/local-fastbuild/testlogs/modules/planning/reference_line/discrete_points_reference_line_smoother_test/test.log
//modules/planning/scenarios/bare_intersection/unprotected:bare_intersection_unprotected_scenario_test FAILED in 0.3s
  /home/user/.cache/bazel/_bazel_user/540135163923dd7d5820f3ee4b306b32/execroot/apollo/bazel-out/local-fastbuild/testlogs/modules/planning/scenarios/bare_intersection/unprotected/bare_intersection_unprotected_scenario_test/test.log
//modules/planning/scenarios/lane_follow:lane_follow_scenario_test       FAILED in 0.1s
  /home/user/.cache/bazel/_bazel_user/540135163923dd7d5820f3ee4b306b32/execroot/apollo/bazel-out/local-fastbuild/testlogs/modules/planning/scenarios/lane_follow/lane_follow_scenario_test/test.log
//modules/planning/scenarios/narrow_street_u_turn:narrow_street_u_turn_scenario_test FAILED in 0.1s
  /home/user/.cache/bazel/_bazel_user/540135163923dd7d5820f3ee4b306b32/execroot/apollo/bazel-out/local-fastbuild/testlogs/modules/planning/scenarios/narrow_street_u_turn/narrow_street_u_turn_scenario_test/test.log
//modules/planning/scenarios/park/pull_over:pull_over_scenario_test      FAILED in 0.1s
  /home/user/.cache/bazel/_bazel_user/540135163923dd7d5820f3ee4b306b32/execroot/apollo/bazel-out/local-fastbuild/testlogs/modules/planning/scenarios/park/pull_over/pull_over_scenario_test/test.log
//modules/planning/scenarios/park/pull_over:stage_approach_test          FAILED in 0.1s
  /home/user/.cache/bazel/_bazel_user/540135163923dd7d5820f3ee4b306b32/execroot/apollo/bazel-out/local-fastbuild/testlogs/modules/planning/scenarios/park/pull_over/stage_approach_test/test.log
//modules/planning/scenarios/park/valet_parking:stage_approaching_parking_spot_test FAILED in 0.1s
  /home/user/.cache/bazel/_bazel_user/540135163923dd7d5820f3ee4b306b32/execroot/apollo/bazel-out/local-fastbuild/testlogs/modules/planning/scenarios/park/valet_parking/stage_approaching_parking_spot_test/test.log
//modules/planning/scenarios/park/valet_parking:stage_parking_test       FAILED in 0.1s
  /home/user/.cache/bazel/_bazel_user/540135163923dd7d5820f3ee4b306b32/execroot/apollo/bazel-out/local-fastbuild/testlogs/modules/planning/scenarios/park/valet_parking/stage_parking_test/test.log
//modules/planning/scenarios/park/valet_parking:valet_parking_scenario_test FAILED in 0.1s
  /home/user/.cache/bazel/_bazel_user/540135163923dd7d5820f3ee4b306b32/execroot/apollo/bazel-out/local-fastbuild/testlogs/modules/planning/scenarios/park/valet_parking/valet_parking_scenario_test/test.log
//modules/planning/scenarios/park_and_go:park_and_go_scenario_test       FAILED in 0.1s
  /home/user/.cache/bazel/_bazel_user/540135163923dd7d5820f3ee4b306b32/execroot/apollo/bazel-out/local-fastbuild/testlogs/modules/planning/scenarios/park_and_go/park_and_go_scenario_test/test.log
//modules/planning/scenarios/park_and_go:stage_check_test                FAILED in 0.1s
  /home/user/.cache/bazel/_bazel_user/540135163923dd7d5820f3ee4b306b32/execroot/apollo/bazel-out/local-fastbuild/testlogs/modules/planning/scenarios/park_and_go/stage_check_test/test.log
//modules/planning/scenarios/stop_sign/unprotected:stop_sign_unprotected_scenario_test FAILED in 0.1s
  /home/user/.cache/bazel/_bazel_user/540135163923dd7d5820f3ee4b306b32/execroot/apollo/bazel-out/local-fastbuild/testlogs/modules/planning/scenarios/stop_sign/unprotected/stop_sign_unprotected_scenario_test/test.log
//modules/planning/scenarios/traffic_light/protected:traffic_light_protected_scenario_test FAILED in 0.1s
  /home/user/.cache/bazel/_bazel_user/540135163923dd7d5820f3ee4b306b32/execroot/apollo/bazel-out/local-fastbuild/testlogs/modules/planning/scenarios/traffic_light/protected/traffic_light_protected_scenario_test/test.log
//modules/planning/scenarios/traffic_light/unprotected_left_turn:traffic_light_left_turn_unprotected_scenario_test FAILED in 0.1s
  /home/user/.cache/bazel/_bazel_user/540135163923dd7d5820f3ee4b306b32/execroot/apollo/bazel-out/local-fastbuild/testlogs/modules/planning/scenarios/traffic_light/unprotected_left_turn/traffic_light_left_turn_unprotected_scenario_test/test.log
//modules/planning/scenarios/traffic_light/unprotected_right_turn:traffic_light_right_turn_unprotected_scenario_test FAILED in 0.1s
  /home/user/.cache/bazel/_bazel_user/540135163923dd7d5820f3ee4b306b32/execroot/apollo/bazel-out/local-fastbuild/testlogs/modules/planning/scenarios/traffic_light/unprotected_right_turn/traffic_light_right_turn_unprotected_scenario_test/test.log
//modules/planning/tasks/deciders/creep_decider:creep_decider_test       FAILED in 0.2s
  /home/user/.cache/bazel/_bazel_user/540135163923dd7d5820f3ee4b306b32/execroot/apollo/bazel-out/local-fastbuild/testlogs/modules/planning/tasks/deciders/creep_decider/creep_decider_test/test.log
//modules/planning/tasks/deciders/open_space_decider:open_space_fallback_decider_test FAILED in 0.2s
  /home/user/.cache/bazel/_bazel_user/540135163923dd7d5820f3ee4b306b32/execroot/apollo/bazel-out/local-fastbuild/testlogs/modules/planning/tasks/deciders/open_space_decider/open_space_fallback_decider_test/test.log
//modules/planning/tasks/deciders/open_space_decider:open_space_roi_decider_test FAILED in 0.2s
  /home/user/.cache/bazel/_bazel_user/540135163923dd7d5820f3ee4b306b32/execroot/apollo/bazel-out/local-fastbuild/testlogs/modules/planning/tasks/deciders/open_space_decider/open_space_roi_decider_test/test.log
//modules/planning/tasks/deciders/path_bounds_decider:path_bounds_decider_test FAILED in 0.2s
  /home/user/.cache/bazel/_bazel_user/540135163923dd7d5820f3ee4b306b32/execroot/apollo/bazel-out/local-fastbuild/testlogs/modules/planning/tasks/deciders/path_bounds_decider/path_bounds_decider_test/test.log
//modules/planning/tasks/deciders/speed_bounds_decider:speed_limit_decider_test FAILED in 0.2s
  /home/user/.cache/bazel/_bazel_user/540135163923dd7d5820f3ee4b306b32/execroot/apollo/bazel-out/local-fastbuild/testlogs/modules/planning/tasks/deciders/speed_bounds_decider/speed_limit_decider_test/test.log
//modules/planning/tasks/deciders/speed_bounds_decider:st_boundary_mapper_test FAILED in 0.2s
  /home/user/.cache/bazel/_bazel_user/540135163923dd7d5820f3ee4b306b32/execroot/apollo/bazel-out/local-fastbuild/testlogs/modules/planning/tasks/deciders/speed_bounds_decider/st_boundary_mapper_test/test.log
//modules/planning/tasks/optimizers/open_space_trajectory_generation:open_space_trajectory_optimizer_test FAILED in 0.2s
  /home/user/.cache/bazel/_bazel_user/540135163923dd7d5820f3ee4b306b32/execroot/apollo/bazel-out/local-fastbuild/testlogs/modules/planning/tasks/optimizers/open_space_trajectory_generation/open_space_trajectory_optimizer_test/test.log
//modules/planning/tasks/optimizers/open_space_trajectory_generation:open_space_trajectory_provider_test FAILED in 0.2s
  /home/user/.cache/bazel/_bazel_user/540135163923dd7d5820f3ee4b306b32/execroot/apollo/bazel-out/local-fastbuild/testlogs/modules/planning/tasks/optimizers/open_space_trajectory_generation/open_space_trajectory_provider_test/test.log
//modules/planning/tasks/optimizers/open_space_trajectory_partition:open_space_trajectory_partition_test FAILED in 0.2s
  /home/user/.cache/bazel/_bazel_user/540135163923dd7d5820f3ee4b306b32/execroot/apollo/bazel-out/local-fastbuild/testlogs/modules/planning/tasks/optimizers/open_space_trajectory_partition/open_space_trajectory_partition_test/test.log
//modules/planning/tasks/optimizers/path_time_heuristic:gridded_path_time_graph_test FAILED in 0.3s
  /home/user/.cache/bazel/_bazel_user/540135163923dd7d5820f3ee4b306b32/execroot/apollo/bazel-out/local-fastbuild/testlogs/modules/planning/tasks/optimizers/path_time_heuristic/gridded_path_time_graph_test/test.log
//modules/planning/tasks/rss:decider_rss_test                            FAILED in 0.2s
  /home/user/.cache/bazel/_bazel_user/540135163923dd7d5820f3ee4b306b32/execroot/apollo/bazel-out/local-fastbuild/testlogs/modules/planning/tasks/rss/decider_rss_test/test.log
//modules/planning/tuning:autotuning_raw_feature_generator_test          FAILED in 0.1s
  /home/user/.cache/bazel/_bazel_user/540135163923dd7d5820f3ee4b306b32/execroot/apollo/bazel-out/local-fastbuild/testlogs/modules/planning/tuning/autotuning_raw_feature_generator_test/test.log

Executed 337 out of 337 tests: 292 tests pass and 45 fail locally.
