INFO: Reading 'startup' options from /apollo/tools/bazel.rc: --batch_cpu_scheduling --host_jvm_args=-XX:-UseParallelGC
____(10-17 14:42:50.390) Loading package: modules/planning/math
____(10-17 14:42:50.658) Loading package: @bazel_tools//tools/cpp
____(10-17 14:42:50.695) Loading package: @bazel_tools//tools/jdk
____(10-17 14:42:50.726) Loading package: @local_config_xcode//
____(10-17 14:42:50.842) Loading package: @local_jdk//
____(10-17 14:42:51.356) Loading complete.  Analyzing...
____(10-17 14:42:51.720) Loading package: modules/routing/proto
____(10-17 14:42:51.759) Loading package: tools/defaults
____(10-17 14:42:51.794) Loading package: cyber
____(10-17 14:42:51.827) Loading package: cyber/blocker
____(10-17 14:42:51.862) Loading package: @glog//
____(10-17 14:42:51.895) Loading package: modules/common/vehicle_model
____(10-17 14:42:51.927) Loading package: cyber/transport
____(10-17 14:42:52.029) Loading package: @bazel_tools//tools/coverage
____(10-17 14:42:52.101) Loading package: @qpOASES//
____(10-17 14:42:52.140) Loading package: @bazel_tools//tools/genrule
____(10-17 14:42:52.324) Loading package: modules/map/hdmap/adapter
____(10-17 14:42:52.476) Loading package: @proj4//
____(10-17 14:42:52.556) Loading package: modules/routing/common
____(10-17 14:42:53.189) Found 246 targets and 335 test targets...
____(10-17 14:42:53.228) Building...
____(10-17 14:42:53.261) [0 / 3] BazelWorkspaceStatusAction stable-status.txt
____(10-17 14:42:53.291) [22 / 63] Creating runfiles tree bazel-out/local-fastbuild/bin/modules/planning/planner/navi/navi_planner_test.runfiles
____(10-17 14:42:53.348) [25 / 102] Symlinking virtual headers for @qpOASES//:qpOASES
____(10-17 14:42:53.380) [71 / 192] Writing file modules/planning/math/smoothing_spline/libosqp_spline_2d_solver.so-2.params
____(10-17 14:42:53.414) [112 / 414] Writing file external/com_google_protobuf/js_embed-2.params [for host]
____(10-17 14:42:53.727) [121 / 481] Compiling external/com_google_protobuf/src/google/protobuf/util/internal/object_writer.cc [for host]
____(10-17 14:42:57.178) [158 / 481] Compiling external/com_google_protobuf/src/google/protobuf/util/internal/json_objectwriter.cc [for host]
____(10-17 14:42:58.694) [175 / 481] Compiling external/com_google_protobuf/src/google/protobuf/compiler/java/java_field.cc [for host]
____(10-17 14:43:05.152) [229 / 481] Compiling external/com_google_protobuf/src/google/protobuf/compiler/java/java_enum_field.cc [for host]
____(10-17 14:43:09.854) [270 / 480] Compiling external/com_google_protobuf/src/google/protobuf/stubs/atomicops_internals_x86_gcc.cc [for host]
____(10-17 14:43:09.947) [303 / 574] Writing file modules/planning/common/libreference_line_info.so-2.params
____(10-17 14:43:09.986) [305 / 589] Creating source manifest for //modules/planning/tuning:autotuning_mlp_net_model_test_cpplint
____(10-17 14:43:10.049) [314 / 613] Writing file modules/planning/libplanning_lib.a-2.params
____(10-17 14:43:10.109) [319 / 632] Writing file modules/planning/libplanning_component_lib.so-2.params
PASS: (10-17 14:43:10.248) //modules/planning/tuning:autotuning_mlp_net_model_test_cpplint
PASS: (10-17 14:43:10.261) //modules/planning/math:curve_math_test_cpplint
____(10-17 14:43:10.267) [355 / 715] Creating runfiles tree bazel-out/local-fastbuild/bin/modules/planning/tuning/autotuning_mlp_net_model_test.runfiles
____(10-17 14:43:10.298) [367 / 748] Testing //modules/planning/tuning:autotuning_mlp_net_model_cpplint
PASS: (10-17 14:43:10.470) //modules/planning:planning_component_lib_cpplint
PASS: (10-17 14:43:10.477) //modules/planning/tuning:autotuning_raw_feature_generator_test_cpplint
____(10-17 14:43:10.485) [378 / 759] Creating runfiles tree bazel-out/local-fastbuild/bin/modules/planning/tuning/speed_model/autotuning_speed_mlp_model_test.runfiles
____(10-17 14:43:10.517) [384 / 777] Expanding template modules/planning/tuning/speed_model/autotuning_speed_mlp_model_cpplint
PASS: (10-17 14:43:10.593) //modules/planning/tuning:autotuning_mlp_net_model_cpplint
PASS: (10-17 14:43:10.612) //modules/planning/tuning:autotuning_feature_builder_cpplint
____(10-17 14:43:10.626) [408 / 805] Testing //modules/planning/tuning/speed_model:autotuning_speed_feature_builder_cpplint
PASS: (10-17 14:43:10.704) //modules/planning/tuning/speed_model:autotuning_speed_mlp_model_test_cpplint
PASS: (10-17 14:43:10.723) //modules/planning/tuning:autotuning_raw_feature_generator_cpplint
____(10-17 14:43:10.723) [422 / 825] Creating source manifest for //modules/planning/open_space/coarse_trajectory_generator:reeds_shepp_path_test
PASS: (10-17 14:43:10.799) //modules/planning/tuning:autotuning_base_model_cpplint
PASS: (10-17 14:43:10.851) //modules/planning/tuning/speed_model:autotuning_speed_feature_builder_test_cpplint
____(10-17 14:43:10.873) [445 / 851] Testing //modules/planning/open_space/coarse_trajectory_generator:hybrid_a_star_test_cpplint
PASS: (10-17 14:43:10.949) //modules/planning/tuning/speed_model:autotuning_speed_mlp_model_cpplint
PASS: (10-17 14:43:10.999) //modules/planning/tuning/speed_model:autotuning_speed_feature_builder_cpplint
____(10-17 14:43:11.030) [464 / 876] Testing //modules/planning/open_space/trajectory_smoother:planning_block_cpplint
PASS: (10-17 14:43:11.068) //modules/planning/open_space/coarse_trajectory_generator:node3d_test_cpplint
PASS: (10-17 14:43:11.123) //modules/planning/open_space/coarse_trajectory_generator:hybrid_a_star_test_cpplint
PASS: (10-17 14:43:11.138) //modules/planning/open_space/coarse_trajectory_generator:reeds_shepp_path_test_cpplint
PASS: (10-17 14:43:11.167) //modules/planning/open_space/trajectory_partition:trajectory_partitioner_cpplint
____(10-17 14:43:11.168) [483 / 902] Testing //modules/planning/open_space/trajectory_smoother:dual_variable_warm_start_problem_cpplint
PASS: (10-17 14:43:11.183) //modules/planning/open_space:open_space_trajectory_generator_cpplint
PASS: (10-17 14:43:11.307) //modules/planning/open_space/coarse_trajectory_generator:node3d_cpplint
____(10-17 14:43:11.351) [515 / 941] Creating source manifest for //modules/planning/open_space/trajectory_smoother:distance_approach_problem_cpplint
PASS: (10-17 14:43:11.365) //modules/planning/open_space/trajectory_smoother:planning_block_cpplint
PASS: (10-17 14:43:11.365) //modules/planning/open_space/trajectory_smoother:dual_variable_warm_start_problem_test_cpplint
PASS: (10-17 14:43:11.455) //modules/planning/open_space/trajectory_smoother:dual_variable_warm_start_osqp_interface_test_cpplint
PASS: (10-17 14:43:11.494) //modules/planning/open_space/constraints_formulation:open_space_ROI_cpplint
____(10-17 14:43:11.556) [551 / 998] Expanding template modules/planning/math/polynomial_xd_cpplint
PASS: (10-17 14:43:11.557) //modules/planning/open_space/trajectory_smoother:dual_variable_warm_start_ipopt_interface_test_cpplint
PASS: (10-17 14:43:11.603) //modules/planning/open_space/coarse_trajectory_generator:grid_search_cpplint
PASS: (10-17 14:43:11.615) //modules/planning/open_space/trajectory_smoother:distance_approach_problem_test_cpplint
PASS: (10-17 14:43:11.665) //modules/planning/open_space/coarse_trajectory_generator:hybrid_a_star_cpplint
PASS: (10-17 14:43:11.705) //modules/planning/open_space/trajectory_smoother:dual_variable_warm_start_problem_cpplint
____(10-17 14:43:11.707) [649 / 1,262] Writing file modules/planning/math/curve1d/libquintic_polynomial_curve1d.a-2.params
PASS: (10-17 14:43:11.727) //modules/planning/open_space/trajectory_smoother:distance_approach_ipopt_interface_test_cpplint
PASS: (10-17 14:43:11.737) //modules/planning/open_space/trajectory_smoother:dual_variable_warm_start_osqp_interface_cpplint
PASS: (10-17 14:43:11.814) //modules/planning/open_space/trajectory_smoother:distance_approach_ipopt_cuda_interface_test_cpplint
PASS: (10-17 14:43:11.820) //modules/planning/open_space/coarse_trajectory_generator:reeds_shepp_path_cpplint
PASS: (10-17 14:43:11.820) //modules/planning/open_space/trajectory_smoother:distance_approach_problem_cpplint
PASS: (10-17 14:43:11.882) //modules/planning/math:polynomial_xd_cpplint
PASS: (10-17 14:43:11.934) //modules/planning/math/curve1d:quintic_polynomial_curve1d_test_cpplint
PASS: (10-17 14:43:11.957) //modules/planning/math:curve_math_cpplint
PASS: (10-17 14:43:12.034) //modules/planning/math/curve1d:quartic_polynomial_curve1d_test_cpplint
PASS: (10-17 14:43:12.064) //modules/planning/math/curve1d:piecewise_quintic_spiral_path_test_cpplint
PASS: (10-17 14:43:12.075) //modules/planning:planning_lib_cpplint
PASS: (10-17 14:43:12.083) //modules/planning/math/curve1d:polynomial_curve1d_cpplint
PASS: (10-17 14:43:12.105) //modules/planning/open_space/trajectory_smoother:dual_variable_warm_start_ipopt_qp_interface_cpplint
PASS: (10-17 14:43:12.112) //modules/planning/math/curve1d:quintic_polynomial_curve1d_cpplint
PASS: (10-17 14:43:12.125) //modules/planning/math/curve1d:curve1d_cpplint
____(10-17 14:43:12.130) [735 / 1,374] Creating source manifest for //modules/planning/math/smoothing_spline:spline_2d_kernel_cpplint
PASS: (10-17 14:43:12.133) //modules/planning/open_space/trajectory_smoother:dual_variable_warm_start_ipopt_interface_cpplint
PASS: (10-17 14:43:12.170) //modules/planning/math/curve1d:cubic_polynomial_curve1d_test_cpplint
____(10-17 14:43:12.196) [751 / 1,393] Expanding template modules/planning/math/smoothing_spline/spline_2d_constraint_cpplint
PASS: (10-17 14:43:12.200) //modules/planning/math/curve1d:piecewise_quintic_spiral_path_cpplint
PASS: (10-17 14:43:12.264) //modules/planning/math/curve1d:quartic_polynomial_curve1d_cpplint
PASS: (10-17 14:43:12.274) //modules/planning/math/finite_element_qp:fem_1d_qp_problem_test_cpplint
PASS: (10-17 14:43:12.347) //modules/planning/math/smoothing_spline:spline_2d_kernel_test_cpplint
PASS: (10-17 14:43:12.352) //modules/planning/math/curve1d:cubic_polynomial_curve1d_cpplint
____(10-17 14:43:12.378) [776 / 1,425] Creating source manifest for //modules/planning/math/smoothing_spline:spline_1d_kernel_cpplint
PASS: (10-17 14:43:12.434) //modules/planning/open_space/trajectory_smoother:distance_approach_ipopt_cuda_interface_cpplint
PASS: (10-17 14:43:12.508) //modules/planning/math/smoothing_spline:spline_2d_kernel_cpplint
PASS: (10-17 14:43:12.531) //modules/planning/math/smoothing_spline:spline_2d_seg_cpplint
____(10-17 14:43:12.539) [792 / 1,448] Writing file modules/prediction/proto/libprediction_point_proto_lib.so-2.params
PASS: (10-17 14:43:12.555) //modules/planning/math/smoothing_spline:spline_2d_cpplint
PASS: (10-17 14:43:12.564) //modules/planning/math/smoothing_spline:spline_1d_solver_cpplint
PASS: (10-17 14:43:12.575) //modules/planning/math/smoothing_spline:spline_2d_constraint_test_cpplint
PASS: (10-17 14:43:12.591) //modules/planning/math/smoothing_spline:spline_1d_seg_cpplint
PASS: (10-17 14:43:12.592) //modules/planning/math/smoothing_spline:spline_seg_kernel_cpplint
____(10-17 14:43:12.599) [831 / 1,524] Writing file modules/planning/scenarios/valet_parking/libvalet_parking.so-2.params
____(10-17 14:43:12.630) [841 / 1,540] Writing file modules/planning/math/smoothing_spline/piecewise_linear_constraint_test-2.params
PASS: (10-17 14:43:12.634) //modules/planning/math/curve1d:quintic_spiral_path_cpplint
PASS: (10-17 14:43:12.639) //modules/planning/math/smoothing_spline:spline_2d_solver_cpplint
____(10-17 14:43:12.693) [859 / 1,574] Writing file cyber/timer/libtimer_task.so-2.params
PASS: (10-17 14:43:12.726) //modules/planning/math/finite_element_qp:fem_1d_qp_problem_cpplint
PASS: (10-17 14:43:12.784) //modules/planning/math/smoothing_spline:spline_1d_cpplint
PASS: (10-17 14:43:12.807) //modules/planning/math/smoothing_spline:spline_1d_kernel_cpplint
____(10-17 14:43:12.815) [885 / 1,646] Expanding template modules/planning/math/smoothing_spline/osqp_spline_1d_solver_cpplint
____(10-17 14:43:12.845) [903 / 1,698] Writing file modules/planning/common/libplanning_context.so-2.params
PASS: (10-17 14:43:12.905) //modules/planning/math/smoothing_spline:piecewise_linear_kernel_test_cpplint
PASS: (10-17 14:43:12.917) //modules/planning/math/smoothing_spline:spline_1d_kernel_test_cpplint
PASS: (10-17 14:43:12.931) //modules/planning/math/smoothing_spline:piecewise_linear_generator_cpplint
PASS: (10-17 14:43:12.940) //modules/planning/math/smoothing_spline:spline_2d_constraint_cpplint
PASS: (10-17 14:43:12.949) //modules/planning/math/smoothing_spline:piecewise_linear_constraint_test_cpplint
PASS: (10-17 14:43:12.977) //modules/planning/math/smoothing_spline:osqp_spline_2d_solver_test_cpplint
PASS: (10-17 14:43:13.002) //modules/planning/math/smoothing_spline:piecewise_linear_kernel_cpplint
PASS: (10-17 14:43:13.045) //modules/planning/math/smoothing_spline:spline_1d_constraint_test_cpplint
PASS: (10-17 14:43:13.046) //modules/planning/math/smoothing_spline:piecewise_linear_constraint_cpplint
PASS: (10-17 14:43:13.059) //modules/planning/math/smoothing_spline:osqp_spline_2d_solver_cpplint
PASS: (10-17 14:43:13.064) //modules/planning/math/smoothing_spline:osqp_spline_1d_solver_test_cpplint
____(10-17 14:43:13.076) [1,022 / 1,939] Writing file modules/common/proto/liberror_code_proto_lib.a-2.params
____(10-17 14:43:13.136) [1,159 / 2,235] Creating source manifest for //modules/planning/reference_line:spiral_reference_line_smoother_test
PASS: (10-17 14:43:13.199) //modules/planning/math/finite_element_optimizer:finite_element1d_optimizer_test_cpplint
PASS: (10-17 14:43:13.246) //modules/planning/math/smoothing_spline:osqp_spline_1d_solver_cpplint
PASS: (10-17 14:43:13.246) //modules/planning/math/smoothing_spline:affine_constraint_cpplint
PASS: (10-17 14:43:13.248) //modules/planning/math/smoothing_spline:active_set_spline_1d_solver_test_cpplint
PASS: (10-17 14:43:13.301) //modules/planning/math/smoothing_spline:active_set_spline_2d_solver_test_cpplint
____(10-17 14:43:13.329) [1,233 / 2,376] Writing file modules/planning/tasks/optimizers/speed_decider/libspeed_decider.so-2.params
PASS: (10-17 14:43:13.376) //modules/planning/reference_line:spiral_smoother_util_cpplint
PASS: (10-17 14:43:13.378) //modules/planning/math/smoothing_spline:spline_1d_constraint_cpplint
PASS: (10-17 14:43:13.424) //modules/planning/math/smoothing_spline:active_set_spline_1d_solver_cpplint
PASS: (10-17 14:43:13.435) //modules/planning/math/smoothing_spline:active_set_spline_2d_solver_cpplint
PASS: (10-17 14:43:13.459) //modules/planning/reference_line:spiral_reference_line_smoother_test_cpplint
PASS: (10-17 14:43:13.474) //modules/planning/reference_line:reference_line_smoother_cpplint
PASS: (10-17 14:43:13.582) //modules/planning/reference_line:qp_spline_reference_line_smoother_test_cpplint
PASS: (10-17 14:43:13.585) //modules/planning/reference_line:cos_theta_reference_line_smoother_test_cpplint
PASS: (10-17 14:43:13.590) //modules/planning/reference_line:smoother_util_cpplint
____(10-17 14:43:13.603) [1,291 / 2,475] Testing //modules/planning/common:trajectory_stitcher_cpplint
PASS: (10-17 14:43:13.627) //modules/planning/math/finite_element_optimizer:finite_element1d_optimizer_cpplint
PASS: (10-17 14:43:13.685) //modules/planning/open_space/trajectory_smoother:distance_approach_ipopt_interface_cpplint
____(10-17 14:43:13.723) [1,298 / 2,484] Writing file modules/planning/common/libspeed_profile_generator.a-2.params
PASS: (10-17 14:43:13.769) //modules/planning/reference_line:qp_spline_reference_line_smoother_cpplint
____(10-17 14:43:13.783) [1,318 / 2,510] Expanding template modules/planning/common/reference_line_info_cpplint
PASS: (10-17 14:43:13.840) //modules/planning/common:st_graph_data_cpplint
PASS: (10-17 14:43:13.919) //modules/planning/common:st_graph_data_test_cpplint
PASS: (10-17 14:43:13.923) //modules/planning/common:speed_profile_generator_test_cpplint
____(10-17 14:43:13.950) [1,344 / 2,540] Testing //modules/planning/common:open_space_info_test_cpplint
PASS: (10-17 14:43:13.982) //modules/planning/common:speed_limit_test_cpplint
PASS: (10-17 14:43:13.986) //modules/planning/planner/navi:navi_planner_cpplint
PASS: (10-17 14:43:14.008) //modules/planning/common:trajectory_stitcher_cpplint
____(10-17 14:43:14.012) [1,366 / 2,588] Writing file modules/routing/core/librouting_result_generator.so-2.params
PASS: (10-17 14:43:14.034) //modules/planning/common:reference_line_info_test_cpplint
PASS: (10-17 14:43:14.142) //modules/planning/common:speed_limit_cpplint
PASS: (10-17 14:43:14.194) //modules/planning/common:planning_context_cpplint
PASS: (10-17 14:43:14.198) //modules/planning/common:open_space_info_test_cpplint
PASS: (10-17 14:43:14.205) //modules/planning/common:open_space_info_cpplint
PASS: (10-17 14:43:14.252) //modules/planning/common:indexed_queue_test_cpplint
____(10-17 14:43:14.259) [1,417 / 2,678] Writing file modules/planning/common/indexed_list_test-2.params
PASS: (10-17 14:43:14.259) //modules/planning/common:speed_profile_generator_cpplint
____(10-17 14:43:14.289) [1,427 / 2,700] Writing file cyber/service_discovery/libsubscriber_listener.so-2.params
PASS: (10-17 14:43:14.317) //modules/planning/common:local_view_cpplint
____(10-17 14:43:14.319) [1,433 / 2,709] Writing file cyber/message/libintra_message.so-2.params
PASS: (10-17 14:43:14.328) //modules/planning/common:path_decision_cpplint
PASS: (10-17 14:43:14.366) //modules/planning/common:obstacle_blocking_analyzer_cpplint
PASS: (10-17 14:43:14.458) //modules/planning/common:obstacle_test_cpplint
PASS: (10-17 14:43:14.498) //modules/planning/common:indexed_queue_cpplint
PASS: (10-17 14:43:14.515) //modules/planning/common:indexed_list_test_cpplint
PASS: (10-17 14:43:14.518) //modules/planning/reference_line:reference_line_cpplint
PASS: (10-17 14:43:14.528) //modules/planning/common/trajectory1d:constant_jerk_trajectory1d_cpplint
PASS: (10-17 14:43:14.563) //modules/planning/common:frame_test_cpplint
PASS: (10-17 14:43:14.585) //modules/planning/common:ego_info_test_cpplint
PASS: (10-17 14:43:14.596) //modules/planning/reference_line:spiral_reference_line_smoother_cpplint
____(10-17 14:43:14.596) [1,498 / 2,818] Creating source manifest for //modules/planning/common/path:discretized_path_test
PASS: (10-17 14:43:14.615) //modules/planning/tasks/deciders:decider_rule_based_stop_cpplint
PASS: (10-17 14:43:14.653) //modules/planning/common:planning_gflags_cpplint
PASS: (10-17 14:43:14.662) //modules/planning/reference_line:cos_theta_reference_line_smoother_cpplint
PASS: (10-17 14:43:14.696) //modules/planning/common:indexed_list_cpplint
PASS: (10-17 14:43:14.851) //modules/planning/common/path:frenet_frame_path_test_cpplint
PASS: (10-17 14:43:14.852) //modules/planning/common/path:discretized_path_test_cpplint
PASS: (10-17 14:43:14.853) //modules/planning/common:ego_info_cpplint
PASS: (10-17 14:43:15.046) //modules/planning/common/util:util_lib_cpplint
PASS: (10-17 14:43:15.046) //modules/planning/common:change_lane_decider_cpplint
PASS: (10-17 14:43:15.047) //modules/planning/common:reference_line_info_cpplint
PASS: (10-17 14:43:15.048) //modules/planning/common/path:frenet_frame_path_cpplint
PASS: (10-17 14:43:15.049) //modules/planning/common/path:discretized_path_cpplint
PASS: (10-17 14:43:15.049) //modules/planning/common:obstacle_cpplint
PASS: (10-17 14:43:15.130) //modules/planning/common/trajectory1d:piecewise_trajectory1d_cpplint
PASS: (10-17 14:43:15.155) //modules/planning/common/trajectory1d:standing_still_trajectory1d_cpplint
PASS: (10-17 14:43:15.159) //modules/planning/common/trajectory1d:piecewise_acceleration_trajectory1d_cpplint
PASS: (10-17 14:43:15.174) //modules/planning/common/trajectory1d:piecewise_jerk_trajectory1d_cpplint
PASS: (10-17 14:43:15.186) //modules/planning/common/speed:st_point_cpplint
____(10-17 14:43:15.190) [1,607 / 2,954] Creating runfiles tree bazel-out/local-fastbuild/bin/modules/planning/tasks/smoothers/smoother_cpplint.runfiles
PASS: (10-17 14:43:15.242) //modules/planning/common/path:path_data_cpplint
PASS: (10-17 14:43:15.269) //modules/planning/common/trajectory1d:constant_deceleration_trajectory1d_cpplint
____(10-17 14:43:15.288) [1,629 / 2,980] Testing //modules/planning/tasks/optimizers/dp_poly_path:dp_poly_path_optimizer_cpplint
PASS: (10-17 14:43:15.318) //modules/planning/tasks/optimizers/qp_spline_st_speed:qp_piecewise_st_graph_cpplint
PASS: (10-17 14:43:15.341) //modules/planning/common/speed:st_boundary_test_cpplint
____(10-17 14:43:15.350) [1,636 / 2,991] Writing file modules/planning/tasks/optimizers/open_space_trajectory_partition/open_space_trajectory_partition_test-2.params
PASS: (10-17 14:43:15.379) //modules/planning/common/trajectory:publishable_trajectory_test_cpplint
PASS: (10-17 14:43:15.391) //modules/planning/common/trajectory:discretized_trajectory_test_cpplint
PASS: (10-17 14:43:15.401) //modules/planning/common/trajectory:publishable_trajectory_cpplint
PASS: (10-17 14:43:15.435) //modules/planning/tasks/rss:decider_rss_test_cpplint
PASS: (10-17 14:43:15.458) //modules/planning/common/speed:speed_data_cpplint
PASS: (10-17 14:43:15.465) //modules/planning/tasks:task_cpplint
____(10-17 14:43:15.511) [1,662 / 3,024] Creating runfiles tree bazel-out/local-fastbuild/bin/modules/planning/integration_tests/garage_test.runfiles
PASS: (10-17 14:43:15.538) //modules/planning/tasks/optimizers:trajectory_optimizer_cpplint
PASS: (10-17 14:43:15.556) //modules/planning/tasks/optimizers:speed_optimizer_cpplint
PASS: (10-17 14:43:15.587) //modules/planning/tasks/optimizers:path_optimizer_cpplint
____(10-17 14:43:15.661) [1,665 / 3,025] Expanding template modules/planning/tasks/optimizers/speed_decider/speed_decider_cpplint
____(10-17 14:43:15.719) [1,665 / 3,032] Writing file modules/planning/tasks/optimizers/speed_decider/libspeed_decider.a-2.params
PASS: (10-17 14:43:15.725) //modules/planning/tasks/optimizers/open_space_trajectory_partition:open_space_trajectory_partition_test_cpplint
PASS: (10-17 14:43:15.734) //modules/planning/tasks/smoothers:smoother_cpplint
PASS: (10-17 14:43:15.736) //modules/planning/tasks/optimizers/dp_poly_path:dp_poly_path_optimizer_cpplint
PASS: (10-17 14:43:15.737) //modules/planning/common:frame_cpplint
PASS: (10-17 14:43:15.738) //modules/planning/common/trajectory:discretized_trajectory_cpplint
PASS: (10-17 14:43:15.739) //modules/planning/tasks:task_factory_cpplint
PASS: (10-17 14:43:15.739) //modules/planning/common/speed:st_boundary_cpplint
____(10-17 14:43:15.749) [1,696 / 3,070] Writing file modules/planning/tasks/optimizers/proceed_with_caution_speed/libproceed_with_caution_speed_generator.a-2.params
PASS: (10-17 14:43:15.845) //modules/planning/tasks/optimizers/qp_spline_st_speed:qp_spline_st_speed_optimizer_cpplint
PASS: (10-17 14:43:15.911) //modules/planning/tasks/rss:decider_rss_cpplint
PASS: (10-17 14:43:16.114) //modules/planning/tasks/optimizers/open_space_trajectory_partition:open_space_trajectory_partition_cpplint
PASS: (10-17 14:43:16.115) //modules/planning/tasks/optimizers/dp_st_speed:st_graph_point_cpplint
____(10-17 14:43:16.146) [1,748 / 3,135] Writing file modules/planning/tasks/optimizers/open_space_trajectory_generation/libopen_space_trajectory_provider.a-2.params
PASS: (10-17 14:43:16.269) //modules/planning/tasks/optimizers/qp_spline_st_speed:qp_spline_st_graph_cpplint
PASS: (10-17 14:43:16.270) //modules/planning/tasks/optimizers/dp_st_speed:dp_st_graph_test_cpplint
PASS: (10-17 14:43:16.270) //modules/planning/tasks/optimizers/proceed_with_caution_speed:proceed_with_caution_speed_generator_test_cpplint
PASS: (10-17 14:43:16.271) //modules/planning/tasks/optimizers/road_graph:trajectory_cost_test_cpplint
PASS: (10-17 14:43:16.271) //modules/planning/tasks/optimizers/dp_st_speed:dp_st_speed_optimizer_cpplint
PASS: (10-17 14:43:16.272) //modules/planning/tasks/optimizers/proceed_with_caution_speed:proceed_with_caution_speed_generator_cpplint
PASS: (10-17 14:43:16.288) //modules/planning/tasks/optimizers/speed_decider:speed_decider_cpplint
PASS: (10-17 14:43:16.347) //modules/planning/tasks/optimizers/open_space_trajectory_generation:open_space_trajectory_provider_test_cpplint
PASS: (10-17 14:43:16.351) //modules/planning/tasks/optimizers/road_graph:comparable_cost_test_cpplint
PASS: (10-17 14:43:16.382) //modules/planning/tasks/optimizers/path_decider:path_decider_cpplint
____(10-17 14:43:16.409) [1,805 / 3,207] Creating runfiles tree bazel-out/local-fastbuild/bin/modules/planning/tasks/deciders/open_space_fallback_decider_test.runfiles
PASS: (10-17 14:43:16.412) //modules/planning/tasks/optimizers/piecewise_jerk_path:piecewise_jerk_path_optimizer_cpplint
PASS: (10-17 14:43:16.460) //modules/planning/tasks/optimizers/dp_st_speed:dp_st_cost_cpplint
____(10-17 14:43:16.476) [1,820 / 3,226] Testing //modules/planning/tasks/deciders:decider_cpplint
PASS: (10-17 14:43:16.495) //modules/planning/tasks/optimizers/open_space_trajectory_generation:open_space_trajectory_optimizer_test_cpplint
PASS: (10-17 14:43:16.504) //modules/planning/tasks/optimizers/dp_st_speed:dp_st_graph_cpplint
PASS: (10-17 14:43:16.526) //modules/planning/reference_line:reference_line_provider_cpplint
____(10-17 14:43:16.540) [1,831 / 3,243] Writing file modules/planning/tasks/deciders/speed_bounds_decider/st_boundary_mapper_test-2.params
PASS: (10-17 14:43:16.630) //modules/planning/tasks/deciders:open_space_fallback_decider_test_cpplint
PASS: (10-17 14:43:16.755) //modules/planning/tasks/deciders:path_decider_obstacle_utils_cpplint
PASS: (10-17 14:43:16.772) //modules/planning/tasks/deciders:side_pass_decider_test_cpplint
PASS: (10-17 14:43:16.774) //modules/planning/tasks/deciders:open_space_roi_decider_test_cpplint
____(10-17 14:43:16.796) [1,843 / 3,255] Writing file modules/planning/tasks/deciders/speed_bounds_decider/speed_limit_decider_test-2.params
PASS: (10-17 14:43:16.881) //modules/planning/tasks/deciders:open_space_fallback_decider_cpplint
PASS: (10-17 14:43:16.884) //modules/planning/tasks/deciders/speed_bounds_decider:st_boundary_mapper_test_cpplint
PASS: (10-17 14:43:16.915) //modules/planning/tasks/deciders:decider_base_cpplint
PASS: (10-17 14:43:16.939) //modules/planning/tasks/optimizers/qp_piecewise_jerk_path:qp_piecewise_jerk_path_optimizer_cpplint
PASS: (10-17 14:43:16.945) //modules/planning/tasks/deciders:path_assessment_decider_cpplint
PASS: (10-17 14:43:16.964) //modules/planning/tasks/optimizers/open_space_trajectory_generation:open_space_trajectory_provider_cpplint
PASS: (10-17 14:43:17.066) //modules/planning/tasks/optimizers/open_space_trajectory_generation:open_space_trajectory_optimizer_cpplint
PASS: (10-17 14:43:17.146) //modules/planning/tasks/deciders/speed_bounds_decider:speed_limit_decider_test_cpplint
PASS: (10-17 14:43:17.352) //modules/planning/tasks/optimizers/qp_spline_path:qp_spline_path_cpplint
PASS: (10-17 14:43:17.353) //modules/planning/tasks/deciders:path_bounds_decider_cpplint
PASS: (10-17 14:43:17.353) //modules/planning/tasks/deciders:open_space_roi_decider_cpplint
PASS: (10-17 14:43:17.391) //modules/planning/tasks/deciders/speed_bounds_decider:st_boundary_mapper_cpplint
PASS: (10-17 14:43:17.464) //modules/planning/tasks/optimizers/road_graph:road_graph_cpplint
PASS: (10-17 14:43:17.466) //modules/planning/tasks/deciders/speed_bounds_decider:speed_bounds_decider_cpplint
PASS: (10-17 14:43:17.504) //modules/planning/integration_tests:sunnyvale_loop_test_cpplint
PASS: (10-17 14:43:17.686) //modules/planning/integration_tests:sunnyvale_big_loop_test_cpplint
PASS: (10-17 14:43:17.687) //modules/planning/tasks/deciders:decider_cpplint
____(10-17 14:43:17.760) [1,931 / 3,362] Testing //modules/planning/scenarios/bare_intersection/unprotected:bare_intersection_unprotected_scenario_cpplint
PASS: (10-17 14:43:17.806) //modules/planning/integration_tests:garage_test_cpplint
____(10-17 14:43:17.942) [1,951 / 3,387] Testing //modules/planning/scenarios/traffic_light/unprotected_left_turn:traffic_light_left_turn_unprotected_scenario_test_cpplint
PASS: (10-17 14:43:18.002) //modules/planning/scenarios:stage_cpplint
PASS: (10-17 14:43:18.029) //modules/planning/scenarios/bare_intersection/unprotected:bare_intersection_unprotected_scenario_test_cpplint
PASS: (10-17 14:43:18.182) //modules/planning/integration_tests:planning_test_base_cpplint
PASS: (10-17 14:43:18.187) //modules/planning/scenarios/side_pass:side_pass_scenario_test_cpplint
PASS: (10-17 14:43:18.187) //modules/planning/scenarios:scenario_cpplint
____(10-17 14:43:18.214) [1,975 / 3,419] Testing //modules/planning/scenarios/stop_sign/unprotected:stop_sign_unprotected_scenario_test_cpplint
PASS: (10-17 14:43:18.278) //modules/planning/scenarios/lane_follow:lane_follow_scenario_test_cpplint
PASS: (10-17 14:43:18.287) //modules/planning/scenarios/traffic_light/unprotected_left_turn:traffic_light_left_turn_unprotected_scenario_test_cpplint
PASS: (10-17 14:43:18.370) //modules/planning/scenarios/lane_follow:lane_follow_scenario_cpplint
PASS: (10-17 14:43:18.371) //modules/planning/scenarios/traffic_light/protected:traffic_light_protected_scenario_test_cpplint
PASS: (10-17 14:43:18.374) //modules/planning/scenarios/traffic_light/unprotected_right_turn:traffic_light_right_turn_unprotected_scenario_test_cpplint
PASS: (10-17 14:43:18.471) //modules/planning/scenarios:scenario_manager_cpplint
PASS: (10-17 14:43:18.482) //modules/planning/scenarios/stop_sign/unprotected:stop_sign_unprotected_scenario_test_cpplint
____(10-17 14:43:18.530) [1,992 / 3,443] Compiling external/ad_rss_lib/src/world/RssSituationCoordinateSystemConversion.cpp
____(10-17 14:43:18.560) [1,993 / 3,445] Compiling external/proj4/src/PJ_moll.c
PASS: (10-17 14:43:18.635) //modules/planning/scenarios/lane_follow:lane_follow_stage_cpplint
PASS: (10-17 14:43:18.666) //modules/planning/scenarios/bare_intersection/unprotected:bare_intersection_unprotected_scenario_cpplint
PASS: (10-17 14:43:18.721) //modules/planning/scenarios/traffic_light/unprotected_left_turn:traffic_light_unprotected_left_turn_scenario_cpplint
PASS: (10-17 14:43:18.875) //modules/planning/scenarios/traffic_light/protected:traffic_light_protected_scenario_cpplint
PASS: (10-17 14:43:19.115) //modules/planning/scenarios/traffic_light/unprotected_right_turn:traffic_light_unprotected_right_turn_scenario_cpplint
PASS: (10-17 14:43:19.391) //modules/planning/scenarios/util:scenario_util_lib_cpplint
PASS: (10-17 14:43:19.483) //modules/planning/scenarios/side_pass:side_pass_cpplint
____(10-17 14:43:19.580) [2,052 / 3,521] Compiling external/proj4/src/PJ_sconics.c
PASS: (10-17 14:43:20.374) //modules/planning/scenarios/stop_sign/unprotected:stop_sign_unprotected_scenario_cpplint
____(10-17 14:43:21.583) [2,122 / 3,622] Compiling external/proj4/src/pj_gridcatalog.c
____(10-17 14:43:22.317) [2,150 / 3,655] Linking modules/planning/math/smoothing_spline/libspline_1d_kernel.a
____(10-17 14:43:22.411) [2,154 / 3,660] Compiling modules/routing/common/routing_gflags.cc
____(10-17 14:43:22.735) [2,179 / 3,666] Generating C++ proto_library //modules/planning/proto:auto_tuning_raw_feature_lib
____(10-17 14:43:22.836) [2,184 / 3,666] Linking cyber/message/libintra_message.so
____(10-17 14:43:22.991) [2,197 / 3,666] Compiling modules/planning/proto/qp_spline_path_config.pb.cc
____(10-17 14:43:24.204) [2,220 / 3,666] Linking modules/planning/proto/libnavi_obstacle_decider_config_proto_lib.a
____(10-17 14:43:24.794) [2,252 / 3,666] Linking modules/planning/proto/libnavi_speed_decider_config_proto_lib.so
____(10-17 14:43:24.854) [2,257 / 3,666] Linking modules/planning/proto/libqp_piecewise_jerk_path_config_proto_lib.a
____(10-17 14:43:25.598) [2,287 / 3,666] Generating C++ proto_library //modules/planning/proto:lattice_structure_proto_lib
____(10-17 14:43:25.810) [2,304 / 3,666] Compiling modules/planning/proto/lattice_sampling_config.pb.cc
____(10-17 14:43:27.242) [2,350 / 3,666] Linking modules/planning/proto/libsl_boundary_proto_lib.a
____(10-17 14:43:28.074) [2,380 / 3,666] Compiling modules/canbus/proto/vehicle_parameter.pb.cc
____(10-17 14:43:28.517) [2,403 / 3,666] Linking modules/prediction/proto/liblane_graph_proto_lib.a
____(10-17 14:43:29.267) [2,424 / 3,666] Linking modules/common/configs/proto/libvehicle_config_proto_lib.a
____(10-17 14:43:33.903) [2,501 / 3,666] Linking cyber/proto/librecord_proto.a
____(10-17 14:43:34.075) [2,509 / 3,666] Compiling cyber/time/time.cc
____(10-17 14:43:36.338) [2,591 / 3,666] Compiling cyber/cyber.cc
____(10-17 14:43:37.955) [2,621 / 3,666] Linking cyber/service_discovery/libnode_manager.a
____(10-17 14:43:39.096) [2,641 / 3,666] Compiling modules/common/math/vec2d.cc
____(10-17 14:43:39.211) [2,645 / 3,666] Compiling modules/common/math/line_segment2d.cc
____(10-17 14:43:39.737) [2,655 / 3,666] Compiling modules/planning/math/smoothing_spline/osqp_spline_2d_solver_test.cc
____(10-17 14:43:40.893) [2,672 / 3,666] Linking modules/planning/math/smoothing_spline/libosqp_spline_1d_solver.so
____(10-17 14:43:41.113) [2,676 / 3,666] Compiling modules/planning/math/curve1d/piecewise_quintic_spiral_path_test.cc
____(10-17 14:43:41.275) [2,680 / 3,666] Linking cyber/libinit.so
____(10-17 14:43:41.802) [2,701 / 3,666] Compiling modules/prediction/network/net_model.cc
____(10-17 14:43:41.911) [2,707 / 3,666] Compiling modules/planning/lattice/trajectory_generation/lateral_osqp_optimizer.cc
____(10-17 14:43:42.726) [2,727 / 3,666] Compiling modules/common/vehicle_model/vehicle_model.cc
____(10-17 14:43:44.111) [2,750 / 3,666] Compiling modules/planning/common/trajectory/discretized_trajectory_test.cc
____(10-17 14:43:46.919) [2,789 / 3,666] Compiling modules/planning/reference_line/spiral_problem_interface.cc
____(10-17 14:43:47.772) [2,802 / 3,666] Compiling modules/planning/reference_line/cos_theta_problem_interface.cc
____(10-17 14:43:48.478) [2,809 / 3,666] Compiling modules/planning/reference_line/smoother_util.cc
____(10-17 14:43:50.182) [2,819 / 3,666] Compiling modules/planning/common/ego_info_test.cc
____(10-17 14:43:50.695) [2,824 / 3,666] Compiling modules/planning/tasks/deciders/speed_bounds_decider/speed_limit_decider.cc
____(10-17 14:44:07.057) [2,865 / 3,666] Linking modules/planning/reference_line/libreference_line_provider.a
____(10-17 14:44:10.557) [2,879 / 3,666] Compiling modules/planning/tasks/optimizers/road_graph/comparable_cost_test.cc
____(10-17 14:44:19.302) [2,911 / 3,666] Compiling modules/planning/tasks/deciders/path_assessment_decider.cc
____(10-17 14:44:30.191) [2,947 / 3,666] Compiling modules/planning/navi/decider/navi_path_decider.cc
____(10-17 14:44:32.802) [2,959 / 3,666] Compiling modules/planning/tasks/optimizers/trajectory_optimizer.cc
____(10-17 14:44:40.454) [2,974 / 3,666] Compiling modules/planning/tasks/task_factory.cc
____(10-17 14:44:43.779) [2,999 / 3,666] Linking modules/planning/tasks/optimizers/speed_decider/libspeed_decider.a
____(10-17 14:44:43.939) [3,003 / 3,666] Compiling modules/planning/scenarios/stop_sign/unprotected/stop_sign_unprotected_scenario.cc
____(10-17 14:44:56.913) [3,043 / 3,675] Compiling modules/planning/common/trajectory1d/piecewise_acceleration_trajectory1d.cc
____(10-17 14:45:01.541) [3,100 / 3,707] Linking cyber/transport/libstate.a
____(10-17 14:45:03.511) [3,128 / 3,724] Compiling modules/planning/tasks/optimizers/qp_piecewise_jerk_path/qp_piecewise_jerk_path_optimizer.cc
____(10-17 14:45:03.550) [3,129 / 3,725] Compiling modules/planning/tasks/deciders/open_space_roi_decider.cc
____(10-17 14:45:04.142) [3,143 / 3,733] Compiling external/qpOASES/src/Indexlist.cpp
____(10-17 14:45:04.522) [3,154 / 3,736] Linking modules/planning/open_space/trajectory_smoother/libdistance_approach_problem.a
____(10-17 14:45:15.215) [3,255 / 3,782] Linking modules/planning/open_space/coarse_trajectory_generator/libnode3d.a
____(10-17 14:45:18.397) [3,305 / 3,803] Compiling external/com_google_protobuf/src/google/protobuf/io/zero_copy_stream.cc
____(10-17 14:45:18.535) [3,311 / 3,804] Compiling external/proj4/src/PJ_tpeqd.c
____(10-17 14:45:18.771) [3,317 / 3,808] Linking cyber/transport/libsub_listener.so
____(10-17 14:45:21.271) [3,360 / 3,828] Linking modules/planning/open_space/trajectory_smoother/libdistance_approach_ipopt_interface.a
____(10-17 14:45:22.447) [3,375 / 3,835] Compiling modules/planning/reference_line/spiral_reference_line_smoother.cc
____(10-17 14:45:24.811) [3,410 / 3,848] Compiling external/com_google_protobuf/src/google/protobuf/util/internal/protostream_objectsource.cc
____(10-17 14:45:28.875) [3,457 / 3,871] Compiling cyber/transport/rtps/underlay_message.cc
____(10-17 14:45:29.995) [3,479 / 3,883] Compiling cyber/parameter/parameter_client.cc
____(10-17 14:45:30.502) [3,492 / 3,889] Compiling external/ad_rss_lib/src/generated/state/LongitudinalResponse.cpp
____(10-17 14:45:30.751) [3,496 / 3,889] Linking modules/planning/tasks/optimizers/qp_spline_path/libqp_spline_path.so
____(10-17 14:45:30.783) [3,497 / 3,890] Compiling modules/map/hdmap/hdmap_impl.cc
____(10-17 14:45:33.917) [3,539 / 3,910] Compiling modules/planning/scenarios/stage.cc
____(10-17 14:45:34.376) [3,548 / 3,918] Compiling cyber/service_discovery/container/graph.cc
____(10-17 14:45:35.100) [3,555 / 3,921] Compiling external/proj4/src/PJ_fahey.c
____(10-17 14:45:35.679) [3,564 / 3,926] Compiling modules/planning/common/frame_manager.cc
____(10-17 14:45:37.161) [3,572 / 3,929] Compiling external/proj4/src/pj_utils.c
____(10-17 14:45:37.332) [3,575 / 3,931] Compiling modules/common/configs/vehicle_config_helper.cc
____(10-17 14:45:39.329) [3,597 / 3,939] Compiling cyber/common/file.cc
____(10-17 14:45:42.122) [3,624 / 3,955] Compiling cyber/scheduler/policy/scheduler_classic.cc
____(10-17 14:45:43.011) [3,639 / 3,961] Compiling external/proj4/src/pj_qsfn.c
____(10-17 14:45:46.340) [3,683 / 3,980] Linking modules/planning/tasks/optimizers/dp_poly_path/libdp_poly_path_optimizer.a
____(10-17 14:45:48.535) [3,713 / 3,991] Compiling modules/routing/core/result_generator.cc
____(10-17 14:45:48.920) [3,724 / 3,995] Compiling external/qpOASES/src/Flipper.cpp
____(10-17 14:45:49.760) [3,748 / 4,005] Linking modules/common/math/libpath_matcher.so
____(10-17 14:45:49.890) [3,753 / 4,008] Compiling external/proj4/src/PJ_eck5.c
____(10-17 14:45:50.883) [3,772 / 4,015] Compiling external/proj4/src/PJ_nsper.c
____(10-17 14:45:52.104) [3,799 / 4,030] Compiling external/com_google_protobuf/src/google/protobuf/extension_set.cc
____(10-17 14:45:53.830) [3,836 / 4,047] Linking external/gtest/libgtest.so
____(10-17 14:45:53.861) [3,838 / 4,048] Compiling external/proj4/src/PJ_august.c
____(10-17 14:45:54.097) [3,847 / 4,052] Linking modules/planning/math/finite_element_optimizer/finite_element1d_optimizer_test
PASS: (10-17 14:45:54.296) //modules/planning/math/finite_element_optimizer:finite_element1d_optimizer_test
____(10-17 14:45:54.451) [3,857 / 4,055] Compiling external/proj4/src/pj_gc_reader.c
PASS: (10-17 14:45:54.462) //modules/planning/math/finite_element_qp:fem_1d_qp_problem_test
PASS: (10-17 14:45:54.510) //modules/planning/math:curve_math_test
PASS: (10-17 14:45:54.833) //modules/planning/math/smoothing_spline:spline_1d_kernel_test
____(10-17 14:45:55.225) [3,887 / 4,061] Compiling modules/planning/planner/rtk/rtk_replay_planner.cc
PASS: (10-17 14:45:55.631) //modules/planning/math/smoothing_spline:piecewise_linear_constraint_test
PASS: (10-17 14:45:55.666) //modules/planning/math/smoothing_spline:piecewise_linear_kernel_test
PASS: (10-17 14:45:55.919) //modules/planning/math/smoothing_spline:spline_1d_constraint_test
PASS: (10-17 14:45:56.048) //modules/planning/math/curve1d:cubic_polynomial_curve1d_test
PASS: (10-17 14:45:56.233) //modules/planning/math/curve1d:quartic_polynomial_curve1d_test
PASS: (10-17 14:45:56.358) //modules/planning/math/curve1d:quintic_polynomial_curve1d_test
PASS: (10-17 14:45:56.495) //modules/planning/tuning/speed_model:autotuning_speed_feature_builder_test
____(10-17 14:46:01.399) [3,923 / 4,068] Compiling modules/planning/integration_tests/sunnyvale_big_loop_test.cc
____(10-17 14:46:02.737) [3,928 / 4,068] Linking cyber/parameter/libparameter_client.a
____(10-17 14:46:06.786) [3,941 / 4,068] Linking modules/planning/tasks/deciders/speed_bounds_decider/speed_limit_decider_test
____(10-17 14:46:08.262) [3,944 / 4,068] Linking modules/planning/tasks/deciders/libdecider_rule_based_stop.a
____(10-17 14:46:08.690) [3,950 / 4,069] Testing //modules/planning/tasks/deciders/speed_bounds_decider:speed_limit_decider_test
____(10-17 14:46:09.319) [3,953 / 4,069] Linking modules/planning/scenarios/traffic_light/unprotected_left_turn/traffic_light_left_turn_unprotected_scenario_test
PASS: (10-17 14:46:10.254) //modules/planning/tasks/deciders/speed_bounds_decider:speed_limit_decider_test
____(10-17 14:46:10.264) [3,956 / 4,070] Linking modules/planning/scenarios/side_pass/libside_pass.so
FAIL: (10-17 14:46:10.526) //modules/planning/scenarios/stop_sign/unprotected:stop_sign_unprotected_scenario_test (see /home/user/.cache/bazel/_bazel_user/540135163923dd7d5820f3ee4b306b32/execroot/apollo/bazel-out/local-fastbuild/testlogs/modules/planning/scenarios/stop_sign/unprotected/stop_sign_unprotected_scenario_test/test.log)
____(10-17 14:46:10.526) From Testing //modules/planning/scenarios/stop_sign/unprotected:stop_sign_unprotected_scenario_test:
==================== Test output for //modules/planning/scenarios/stop_sign/unprotected:stop_sign_unprotected_scenario_test:
/home/user/.cache/bazel/_bazel_user/540135163923dd7d5820f3ee4b306b32/execroot/apollo/bazel-out/local-fastbuild/bin/modules/planning/scenarios/stop_sign/unprotected/stop_sign_unprotected_scenario_test.runfiles/apollo/modules/planning/scenarios/stop_sign/unprotected/stop_sign_unprotected_scenario_test: error while loading shared libraries: libadolc.so.2: cannot open shared object file: No such file or directory
================================================================================
____(10-17 14:46:10.932) [3,971 / 4,072] Linking modules/planning/planner/public_road/libpublic_road_planner.so
FAIL: (10-17 14:46:10.940) //modules/planning/scenarios/traffic_light/protected:traffic_light_protected_scenario_test (see /home/user/.cache/bazel/_bazel_user/540135163923dd7d5820f3ee4b306b32/execroot/apollo/bazel-out/local-fastbuild/testlogs/modules/planning/scenarios/traffic_light/protected/traffic_light_protected_scenario_test/test.log)
____(10-17 14:46:10.941) From Testing //modules/planning/scenarios/traffic_light/protected:traffic_light_protected_scenario_test:
==================== Test output for //modules/planning/scenarios/traffic_light/protected:traffic_light_protected_scenario_test:
/home/user/.cache/bazel/_bazel_user/540135163923dd7d5820f3ee4b306b32/execroot/apollo/bazel-out/local-fastbuild/bin/modules/planning/scenarios/traffic_light/protected/traffic_light_protected_scenario_test.runfiles/apollo/modules/planning/scenarios/traffic_light/protected/traffic_light_protected_scenario_test: error while loading shared libraries: libadolc.so.2: cannot open shared object file: No such file or directory
================================================================================
____(10-17 14:46:11.248) [3,973 / 4,073] Testing //modules/planning/scenarios/traffic_light/unprotected_left_turn:traffic_light_left_turn_unprotected_scenario_test
FAIL: (10-17 14:46:11.335) //modules/planning/scenarios/traffic_light/unprotected_left_turn:traffic_light_left_turn_unprotected_scenario_test (see /home/user/.cache/bazel/_bazel_user/540135163923dd7d5820f3ee4b306b32/execroot/apollo/bazel-out/local-fastbuild/testlogs/modules/planning/scenarios/traffic_light/unprotected_left_turn/traffic_light_left_turn_unprotected_scenario_test/test.log)
____(10-17 14:46:11.335) From Testing //modules/planning/scenarios/traffic_light/unprotected_left_turn:traffic_light_left_turn_unprotected_scenario_test:
==================== Test output for //modules/planning/scenarios/traffic_light/unprotected_left_turn:traffic_light_left_turn_unprotected_scenario_test:
/home/user/.cache/bazel/_bazel_user/540135163923dd7d5820f3ee4b306b32/execroot/apollo/bazel-out/local-fastbuild/bin/modules/planning/scenarios/traffic_light/unprotected_left_turn/traffic_light_left_turn_unprotected_scenario_test.runfiles/apollo/modules/planning/scenarios/traffic_light/unprotected_left_turn/traffic_light_left_turn_unprotected_scenario_test: error while loading shared libraries: libadolc.so.2: cannot open shared object file: No such file or directory
================================================================================
FAIL: (10-17 14:46:11.378) //modules/planning/scenarios/traffic_light/unprotected_right_turn:traffic_light_right_turn_unprotected_scenario_test (see /home/user/.cache/bazel/_bazel_user/540135163923dd7d5820f3ee4b306b32/execroot/apollo/bazel-out/local-fastbuild/testlogs/modules/planning/scenarios/traffic_light/unprotected_right_turn/traffic_light_right_turn_unprotected_scenario_test/test.log)
____(10-17 14:46:11.379) From Testing //modules/planning/scenarios/traffic_light/unprotected_right_turn:traffic_light_right_turn_unprotected_scenario_test:
==================== Test output for //modules/planning/scenarios/traffic_light/unprotected_right_turn:traffic_light_right_turn_unprotected_scenario_test:
/home/user/.cache/bazel/_bazel_user/540135163923dd7d5820f3ee4b306b32/execroot/apollo/bazel-out/local-fastbuild/bin/modules/planning/scenarios/traffic_light/unprotected_right_turn/traffic_light_right_turn_unprotected_scenario_test.runfiles/apollo/modules/planning/scenarios/traffic_light/unprotected_right_turn/traffic_light_right_turn_unprotected_scenario_test: error while loading shared libraries: libadolc.so.2: cannot open shared object file: No such file or directory
================================================================================
PASS: (10-17 14:46:12.060) //modules/planning/tasks/deciders/speed_bounds_decider:st_boundary_mapper_test
____(10-17 14:46:12.074) [3,978 / 4,074] Linking modules/planning/planner/lattice/liblattice_planner.a
FAIL: (10-17 14:46:12.463) //modules/planning/scenarios/side_pass:side_pass_scenario_test (see /home/user/.cache/bazel/_bazel_user/540135163923dd7d5820f3ee4b306b32/execroot/apollo/bazel-out/local-fastbuild/testlogs/modules/planning/scenarios/side_pass/side_pass_scenario_test/test.log)
____(10-17 14:46:12.464) From Testing //modules/planning/scenarios/side_pass:side_pass_scenario_test:
==================== Test output for //modules/planning/scenarios/side_pass:side_pass_scenario_test:
/home/user/.cache/bazel/_bazel_user/540135163923dd7d5820f3ee4b306b32/execroot/apollo/bazel-out/local-fastbuild/bin/modules/planning/scenarios/side_pass/side_pass_scenario_test.runfiles/apollo/modules/planning/scenarios/side_pass/side_pass_scenario_test: error while loading shared libraries: libadolc.so.2: cannot open shared object file: No such file or directory
================================================================================
FAIL: (10-17 14:46:12.722) //modules/planning/scenarios/lane_follow:lane_follow_scenario_test (see /home/user/.cache/bazel/_bazel_user/540135163923dd7d5820f3ee4b306b32/execroot/apollo/bazel-out/local-fastbuild/testlogs/modules/planning/scenarios/lane_follow/lane_follow_scenario_test/test.log)
____(10-17 14:46:12.723) From Testing //modules/planning/scenarios/lane_follow:lane_follow_scenario_test:
==================== Test output for //modules/planning/scenarios/lane_follow:lane_follow_scenario_test:
/home/user/.cache/bazel/_bazel_user/540135163923dd7d5820f3ee4b306b32/execroot/apollo/bazel-out/local-fastbuild/bin/modules/planning/scenarios/lane_follow/lane_follow_scenario_test.runfiles/apollo/modules/planning/scenarios/lane_follow/lane_follow_scenario_test: error while loading shared libraries: libadolc.so.2: cannot open shared object file: No such file or directory
================================================================================
==================== Test output for //modules/planning/scenarios/bare_intersection/unprotected:bare_intersection_unprotected_scenario_test:
/home/user/.cache/bazel/_bazel_user/540135163923dd7d5820f3ee4b306b32/execroot/apollo/bazel-out/local-fastbuild/bin/modules/planning/scenarios/bare_intersection/unprotected/bare_intersection_unprotected_scenario_test.runfiles/apollo/modules/planning/scenarios/bare_intersection/unprotected/bare_intersection_unprotected_scenario_test: error while loading shared libraries: libadolc.so.2: cannot open shared object file: No such file or directory
================================================================================
FAIL: (10-17 14:46:12.890) //modules/planning/scenarios/bare_intersection/unprotected:bare_intersection_unprotected_scenario_test (see /home/user/.cache/bazel/_bazel_user/540135163923dd7d5820f3ee4b306b32/execroot/apollo/bazel-out/local-fastbuild/testlogs/modules/planning/scenarios/bare_intersection/unprotected/bare_intersection_unprotected_scenario_test/test.log)
____(10-17 14:46:12.891) From Testing //modules/planning/scenarios/bare_intersection/unprotected:bare_intersection_unprotected_scenario_test:
____(10-17 14:46:12.924) [3,991 / 4,078] Linking modules/planning/tasks/optimizers/open_space_trajectory_partition/open_space_trajectory_partition_test
FAIL: (10-17 14:46:14.094) //modules/planning/tasks/optimizers/open_space_trajectory_generation:open_space_trajectory_optimizer_test (see /home/user/.cache/bazel/_bazel_user/540135163923dd7d5820f3ee4b306b32/execroot/apollo/bazel-out/local-fastbuild/testlogs/modules/planning/tasks/optimizers/open_space_trajectory_generation/open_space_trajectory_optimizer_test/test.log)==================== Test output for //modules/planning/tasks/optimizers/open_space_trajectory_generation:open_space_trajectory_optimizer_test:
/home/user/.cache/bazel/_bazel_user/540135163923dd7d5820f3ee4b306b32/execroot/apollo/bazel-out/local-fastbuild/bin/modules/planning/tasks/optimizers/open_space_trajectory_generation/open_space_trajectory_optimizer_test.runfiles/apollo/modules/planning/tasks/optimizers/open_space_trajectory_generation/open_space_trajectory_optimizer_test: error while loading shared libraries: libadolc.so.2: cannot open shared object file: No such file or directory
================================================================================

____(10-17 14:46:14.095) From Testing //modules/planning/tasks/optimizers/open_space_trajectory_generation:open_space_trajectory_optimizer_test:
PASS: (10-17 14:46:14.107) //modules/planning/tasks/deciders:side_pass_decider_test
PASS: (10-17 14:46:14.133) //modules/planning/tasks/deciders:open_space_fallback_decider_test
FAIL: (10-17 14:46:14.447) //modules/planning/tasks/optimizers/open_space_trajectory_generation:open_space_trajectory_provider_test (see /home/user/.cache/bazel/_bazel_user/540135163923dd7d5820f3ee4b306b32/execroot/apollo/bazel-out/local-fastbuild/testlogs/modules/planning/tasks/optimizers/open_space_trajectory_generation/open_space_trajectory_provider_test/test.log)
____(10-17 14:46:14.447) From Testing //modules/planning/tasks/optimizers/open_space_trajectory_generation:open_space_trajectory_provider_test:
==================== Test output for //modules/planning/tasks/optimizers/open_space_trajectory_generation:open_space_trajectory_provider_test:
/home/user/.cache/bazel/_bazel_user/540135163923dd7d5820f3ee4b306b32/execroot/apollo/bazel-out/local-fastbuild/bin/modules/planning/tasks/optimizers/open_space_trajectory_generation/open_space_trajectory_provider_test.runfiles/apollo/modules/planning/tasks/optimizers/open_space_trajectory_generation/open_space_trajectory_provider_test: error while loading shared libraries: libadolc.so.2: cannot open shared object file: No such file or directory
================================================================================
PASS: (10-17 14:46:15.595) //modules/planning/tasks/deciders:open_space_roi_decider_test
PASS: (10-17 14:46:15.599) //modules/planning/tasks/optimizers/road_graph:trajectory_cost_test
PASS: (10-17 14:46:15.722) //modules/planning/tasks/optimizers/road_graph:comparable_cost_test
PASS: (10-17 14:46:16.210) //modules/planning/common/trajectory:discretized_trajectory_test
PASS: (10-17 14:46:16.672) //modules/planning/tasks/optimizers/dp_st_speed:dp_st_graph_test
PASS: (10-17 14:46:16.834) //modules/planning/tasks/optimizers/proceed_with_caution_speed:proceed_with_caution_speed_generator_test
PASS: (10-17 14:46:17.108) //modules/planning/tasks/rss:decider_rss_test
PASS: (10-17 14:46:17.189) //modules/planning/common/speed:st_boundary_test
PASS: (10-17 14:46:17.347) //modules/planning/common/path:frenet_frame_path_test
PASS: (10-17 14:46:17.422) //modules/planning/common/trajectory:publishable_trajectory_test
PASS: (10-17 14:46:17.422) //modules/planning/common/path:discretized_path_test
PASS: (10-17 14:46:17.549) //modules/planning/tasks/optimizers/open_space_trajectory_partition:open_space_trajectory_partition_test
PASS: (10-17 14:46:17.668) //modules/planning/common:indexed_list_test
PASS: (10-17 14:46:18.039) //modules/planning/common:indexed_queue_test
PASS: (10-17 14:46:18.476) //modules/planning/common:obstacle_test
PASS: (10-17 14:46:18.855) //modules/planning/common:speed_limit_test
PASS: (10-17 14:46:18.975) //modules/planning/common:ego_info_test
PASS: (10-17 14:46:18.986) //modules/planning/common:open_space_info_test
PASS: (10-17 14:46:19.138) //modules/planning/common:frame_test
PASS: (10-17 14:46:19.434) //modules/planning/common:reference_line_info_test
PASS: (10-17 14:46:19.655) //modules/planning/common:st_graph_data_test
PASS: (10-17 14:46:19.728) //modules/planning/math/smoothing_spline:active_set_spline_1d_solver_test
PASS: (10-17 14:46:20.108) //modules/planning/math/smoothing_spline:osqp_spline_1d_solver_test
PASS: (10-17 14:46:20.112) //modules/planning/math/smoothing_spline:active_set_spline_2d_solver_test
PASS: (10-17 14:46:20.265) //modules/planning/common:speed_profile_generator_test
PASS: (10-17 14:46:20.291) //modules/planning/reference_line:qp_spline_reference_line_smoother_test
____(10-17 14:46:20.471) [4,066 / 4,112] Testing //modules/planning/math/smoothing_spline:spline_2d_constraint_test
PASS: (10-17 14:46:20.481) //modules/planning/math/smoothing_spline:osqp_spline_2d_solver_test
PASS: (10-17 14:46:20.699) //modules/planning/reference_line:cos_theta_reference_line_smoother_test
PASS: (10-17 14:46:20.730) //modules/planning/math/smoothing_spline:spline_2d_kernel_test
PASS: (10-17 14:46:20.880) //modules/planning/math/smoothing_spline:spline_2d_constraint_test
PASS: (10-17 14:46:20.937) //modules/planning/math/curve1d:piecewise_quintic_spiral_path_test
FAIL: (10-17 14:46:21.411) //modules/planning/open_space/trajectory_smoother:distance_approach_ipopt_cuda_interface_test (see /home/user/.cache/bazel/_bazel_user/540135163923dd7d5820f3ee4b306b32/execroot/apollo/bazel-out/local-fastbuild/testlogs/modules/planning/open_space/trajectory_smoother/distance_approach_ipopt_cuda_interface_test/test.log)
____(10-17 14:46:21.412) From Testing //modules/planning/open_space/trajectory_smoother:distance_approach_ipopt_cuda_interface_test:
==================== Test output for //modules/planning/open_space/trajectory_smoother:distance_approach_ipopt_cuda_interface_test:
/home/user/.cache/bazel/_bazel_user/540135163923dd7d5820f3ee4b306b32/execroot/apollo/bazel-out/local-fastbuild/bin/modules/planning/open_space/trajectory_smoother/distance_approach_ipopt_cuda_interface_test.runfiles/apollo/modules/planning/open_space/trajectory_smoother/distance_approach_ipopt_cuda_interface_test: error while loading shared libraries: libadolc.so.2: cannot open shared object file: No such file or directory
================================================================================
FAIL: (10-17 14:46:21.682) //modules/planning/open_space/trajectory_smoother:distance_approach_ipopt_interface_test (see /home/user/.cache/bazel/_bazel_user/540135163923dd7d5820f3ee4b306b32/execroot/apollo/bazel-out/local-fastbuild/testlogs/modules/planning/open_space/trajectory_smoother/distance_approach_ipopt_interface_test/test.log)
____(10-17 14:46:21.690) From Testing //modules/planning/open_space/trajectory_smoother:distance_approach_ipopt_interface_test:
==================== Test output for //modules/planning/open_space/trajectory_smoother:distance_approach_ipopt_interface_test:
/home/user/.cache/bazel/_bazel_user/540135163923dd7d5820f3ee4b306b32/execroot/apollo/bazel-out/local-fastbuild/bin/modules/planning/open_space/trajectory_smoother/distance_approach_ipopt_interface_test.runfiles/apollo/modules/planning/open_space/trajectory_smoother/distance_approach_ipopt_interface_test: error while loading shared libraries: libadolc.so.2: cannot open shared object file: No such file or directory
================================================================================
FAIL: (10-17 14:46:21.776) //modules/planning/open_space/trajectory_smoother:dual_variable_warm_start_ipopt_interface_test (see /home/user/.cache/bazel/_bazel_user/540135163923dd7d5820f3ee4b306b32/execroot/apollo/bazel-out/local-fastbuild/testlogs/modules/planning/open_space/trajectory_smoother/dual_variable_warm_start_ipopt_interface_test/test.log)
____(10-17 14:46:21.776) From Testing //modules/planning/open_space/trajectory_smoother:dual_variable_warm_start_ipopt_interface_test:
==================== Test output for //modules/planning/open_space/trajectory_smoother:dual_variable_warm_start_ipopt_interface_test:
/home/user/.cache/bazel/_bazel_user/540135163923dd7d5820f3ee4b306b32/execroot/apollo/bazel-out/local-fastbuild/bin/modules/planning/open_space/trajectory_smoother/dual_variable_warm_start_ipopt_interface_test.runfiles/apollo/modules/planning/open_space/trajectory_smoother/dual_variable_warm_start_ipopt_interface_test: error while loading shared libraries: libadolc.so.2: cannot open shared object file: No such file or directory
================================================================================
FAIL: (10-17 14:46:22.092) //modules/planning/open_space/trajectory_smoother:distance_approach_problem_test (see /home/user/.cache/bazel/_bazel_user/540135163923dd7d5820f3ee4b306b32/execroot/apollo/bazel-out/local-fastbuild/testlogs/modules/planning/open_space/trajectory_smoother/distance_approach_problem_test/test.log)
____(10-17 14:46:22.093) From Testing //modules/planning/open_space/trajectory_smoother:distance_approach_problem_test:
==================== Test output for //modules/planning/open_space/trajectory_smoother:distance_approach_problem_test:
/home/user/.cache/bazel/_bazel_user/540135163923dd7d5820f3ee4b306b32/execroot/apollo/bazel-out/local-fastbuild/bin/modules/planning/open_space/trajectory_smoother/distance_approach_problem_test.runfiles/apollo/modules/planning/open_space/trajectory_smoother/distance_approach_problem_test: error while loading shared libraries: libadolc.so.2: cannot open shared object file: No such file or directory
================================================================================
PASS: (10-17 14:46:23.215) //modules/planning/open_space/trajectory_smoother:dual_variable_warm_start_osqp_interface_test
FAIL: (10-17 14:46:23.254) //modules/planning/open_space/trajectory_smoother:dual_variable_warm_start_problem_test (see /home/user/.cache/bazel/_bazel_user/540135163923dd7d5820f3ee4b306b32/execroot/apollo/bazel-out/local-fastbuild/testlogs/modules/planning/open_space/trajectory_smoother/dual_variable_warm_start_problem_test/test.log)
____(10-17 14:46:23.269) From Testing //modules/planning/open_space/trajectory_smoother:dual_variable_warm_start_problem_test:
==================== Test output for //modules/planning/open_space/trajectory_smoother:dual_variable_warm_start_problem_test:
/home/user/.cache/bazel/_bazel_user/540135163923dd7d5820f3ee4b306b32/execroot/apollo/bazel-out/local-fastbuild/bin/modules/planning/open_space/trajectory_smoother/dual_variable_warm_start_problem_test.runfiles/apollo/modules/planning/open_space/trajectory_smoother/dual_variable_warm_start_problem_test: error while loading shared libraries: libadolc.so.2: cannot open shared object file: No such file or directory
================================================================================
FAIL: (10-17 14:46:23.601) //modules/planning/open_space/coarse_trajectory_generator:hybrid_a_star_test (see /home/user/.cache/bazel/_bazel_user/540135163923dd7d5820f3ee4b306b32/execroot/apollo/bazel-out/local-fastbuild/testlogs/modules/planning/open_space/coarse_trajectory_generator/hybrid_a_star_test/test.log)
____(10-17 14:46:23.602) From Testing //modules/planning/open_space/coarse_trajectory_generator:hybrid_a_star_test:
==================== Test output for //modules/planning/open_space/coarse_trajectory_generator:hybrid_a_star_test:
/home/user/.cache/bazel/_bazel_user/540135163923dd7d5820f3ee4b306b32/execroot/apollo/bazel-out/local-fastbuild/bin/modules/planning/open_space/coarse_trajectory_generator/hybrid_a_star_test.runfiles/apollo/modules/planning/open_space/coarse_trajectory_generator/hybrid_a_star_test: error while loading shared libraries: libadolc.so.2: cannot open shared object file: No such file or directory
================================================================================
PASS: (10-17 14:46:23.650) //modules/planning/tuning/speed_model:autotuning_speed_mlp_model_test
PASS: (10-17 14:46:23.851) //modules/planning/scenarios/valet_parking:valet_parking_scenario_test_cpplint
____(10-17 14:46:23.870) [4,103 / 4,139] Creating runfiles tree bazel-out/local-fastbuild/bin/modules/planning/scenarios/valet_parking/stage_approaching_parking_spot_test.runfiles
____(10-17 14:46:23.910) [4,106 / 4,143] Compiling modules/planning/scenarios/valet_parking/stage_approaching_parking_spot_test.cc
FAIL: (10-17 14:46:24.103) //modules/planning/open_space/coarse_trajectory_generator:node3d_test (see /home/user/.cache/bazel/_bazel_user/540135163923dd7d5820f3ee4b306b32/execroot/apollo/bazel-out/local-fastbuild/testlogs/modules/planning/open_space/coarse_trajectory_generator/node3d_test/test.log)
____(10-17 14:46:24.103) From Testing //modules/planning/open_space/coarse_trajectory_generator:node3d_test:
==================== Test output for //modules/planning/open_space/coarse_trajectory_generator:node3d_test:
/home/user/.cache/bazel/_bazel_user/540135163923dd7d5820f3ee4b306b32/execroot/apollo/bazel-out/local-fastbuild/bin/modules/planning/open_space/coarse_trajectory_generator/node3d_test.runfiles/apollo/modules/planning/open_space/coarse_trajectory_generator/node3d_test: error while loading shared libraries: libadolc.so.2: cannot open shared object file: No such file or directory
================================================================================
____(10-17 14:46:24.126) [4,114 / 4,154] Compiling modules/planning/scenarios/narrow_street_u_turn/narrow_street_u_turn_scenario.cc
FAIL: (10-17 14:46:24.351) //modules/planning/open_space/coarse_trajectory_generator:reeds_shepp_path_test (see /home/user/.cache/bazel/_bazel_user/540135163923dd7d5820f3ee4b306b32/execroot/apollo/bazel-out/local-fastbuild/testlogs/modules/planning/open_space/coarse_trajectory_generator/reeds_shepp_path_test/test.log)
____(10-17 14:46:24.357) From Testing //modules/planning/open_space/coarse_trajectory_generator:reeds_shepp_path_test:
==================== Test output for //modules/planning/open_space/coarse_trajectory_generator:reeds_shepp_path_test:
/home/user/.cache/bazel/_bazel_user/540135163923dd7d5820f3ee4b306b32/execroot/apollo/bazel-out/local-fastbuild/bin/modules/planning/open_space/coarse_trajectory_generator/reeds_shepp_path_test.runfiles/apollo/modules/planning/open_space/coarse_trajectory_generator/reeds_shepp_path_test: error while loading shared libraries: libadolc.so.2: cannot open shared object file: No such file or directory
================================================================================
PASS: (10-17 14:46:24.450) //modules/planning/scenarios/valet_parking:stage_parking_test_cpplint
____(10-17 14:46:24.455) [4,128 / 4,169] Testing //modules/planning/constraint_checker:constraint_checker_cpplint
PASS: (10-17 14:46:24.526) //modules/planning/scenarios/valet_parking:valet_parking_cpplint
PASS: (10-17 14:46:24.655) //modules/planning/tuning:autotuning_mlp_net_model_test
PASS: (10-17 14:46:24.763) //modules/planning/scenarios/valet_parking:stage_approaching_parking_spot_test_cpplint
PASS: (10-17 14:46:24.799) //modules/planning/scenarios/narrow_street_u_turn:narrow_street_u_turn_scenario_test_cpplint
____(10-17 14:46:25.059) [4,170 / 4,217] Generating Descriptor Set proto_library //modules/planning/proto:open_space_roi_decider_config_proto_lib
PASS: (10-17 14:46:25.073) //modules/planning/constraint_checker:constraint_checker1d_cpplint
PASS: (10-17 14:46:25.135) //modules/planning/scenarios/narrow_street_u_turn:narrow_street_u_turn_scenario_cpplint
____(10-17 14:46:25.170) [4,178 / 4,233] Testing //modules/planning/tuning:autotuning_raw_feature_generator_test
____(10-17 14:46:25.300) [4,194 / 4,246] Generating Descriptor Set proto_library //modules/localization/proto:localization_proto_lib
PASS: (10-17 14:46:25.399) //modules/planning/constraint_checker:constraint_checker_cpplint
PASS: (10-17 14:46:25.447) //modules/planning/constraint_checker:collision_checker_cpplint
____(10-17 14:46:25.876) [4,245 / 4,291] Writing file modules/planning/navi/decider/libnavi_obstacle_decider.a-2.params
PASS: (10-17 14:46:26.176) //modules/planning/navi/decider:navi_task_cpplint
PASS: (10-17 14:46:26.967) //modules/planning/navi/decider:navi_decider_test_cpplint
PASS: (10-17 14:46:27.162) //modules/planning/tuning:autotuning_raw_feature_generator_test
PASS: (10-17 14:46:27.410) //modules/planning/navi/decider:navi_path_decider_cpplint
PASS: (10-17 14:46:27.452) //modules/planning/navi/decider:navi_speed_decider_cpplint
PASS: (10-17 14:46:27.510) //modules/planning/navi/decider:navi_obstacle_decider_cpplint
PASS: (10-17 14:46:28.798) //modules/planning/traffic_rules:traffic_decider_cpplint
____(10-17 14:46:28.915) [4,283 / 4,326] Writing file modules/planning/lattice/trajectory_generation/libtrajectory_combiner.a-2.params
____(10-17 14:46:28.985) [4,289 / 4,331] Testing //modules/planning/lattice/trajectory_generation:trajectory1d_generator_cpplint
PASS: (10-17 14:46:29.378) //modules/planning/lattice/trajectory_generation:trajectory_evaluator_cpplint
PASS: (10-17 14:46:29.595) //modules/planning/lattice/trajectory_generation:trajectory_combiner_cpplint
PASS: (10-17 14:46:30.119) //modules/planning/lattice/trajectory_generation:trajectory1d_generator_cpplint
PASS: (10-17 14:46:30.347) //modules/planning/lattice/trajectory_generation:piecewise_braking_trajectory_generator_cpplint
____(10-17 14:46:30.437) [4,313 / 4,355] Testing //modules/planning/lattice/trajectory_generation:lateral_osqp_optimizer_cpplint
PASS: (10-17 14:46:30.590) //modules/planning/lattice/trajectory_generation:lattice_trajectory1d_cpplint
____(10-17 14:46:30.673) [4,324 / 4,366] Expanding template modules/planning/lattice/trajectory_generation/backup_trajectory_generator_cpplint
PASS: (10-17 14:46:30.970) //modules/planning/lattice/trajectory_generation:lateral_qp_optimizer_cpplint
PASS: (10-17 14:46:31.105) //modules/planning/traffic_rules:traffic_rules_cpplint
PASS: (10-17 14:46:31.223) //modules/planning/lattice/trajectory_generation:lateral_osqp_optimizer_cpplint
PASS: (10-17 14:46:31.327) //modules/planning/lattice/trajectory_generation:backup_trajectory_generator_cpplint
____(10-17 14:46:31.392) [4,349 / 4,391] Testing //modules/planning/planner:planner_dispatcher_cpplint
PASS: (10-17 14:46:31.511) //modules/planning/lattice/trajectory_generation:end_condition_sampler_cpplint
PASS: (10-17 14:46:31.844) //modules/planning/lattice/behavior:prediction_querier_cpplint
PASS: (10-17 14:46:32.037) //modules/planning/lattice/behavior:feasible_region_cpplint
PASS: (10-17 14:46:32.275) //modules/planning/planner:planner_cpplint
PASS: (10-17 14:46:32.356) //modules/planning/planner:on_lane_planner_dispatcher_test_cpplint
____(10-17 14:46:32.430) [4,369 / 4,413] Compiling modules/planning/planner/navi_planner_dispatcher_test.cc
PASS: (10-17 14:46:32.449) //modules/planning/lattice/behavior:path_time_graph_cpplint
PASS: (10-17 14:46:32.607) //modules/planning/planner:planner_dispatcher_cpplint
PASS: (10-17 14:46:33.003) //modules/planning/planner/public_road:public_road_planner_test_cpplint
PASS: (10-17 14:46:33.009) //modules/planning/planner:navi_planner_dispatcher_test_cpplint
____(10-17 14:46:33.220) [4,389 / 4,434] Testing //modules/planning/planner/open_space:open_space_planner_test_cpplint
PASS: (10-17 14:46:33.734) //modules/planning/planner/open_space:open_space_planner_test_cpplint
PASS: (10-17 14:46:34.048) //modules/planning/planner/public_road:public_road_planner_cpplint
PASS: (10-17 14:46:35.402) //modules/planning/planner/open_space:open_space_planner_cpplint
PASS: (10-17 14:46:36.119) //modules/planning/planner/rtk:rtk_replay_planner_test_cpplint
PASS: (10-17 14:46:42.314) //modules/planning/planner/rtk:rtk_planner_cpplint
PASS: (10-17 14:46:42.930) //modules/planning/planner/navi:navi_planner_test_cpplint
PASS: (10-17 14:46:43.951) //modules/planning/planner/lattice:lattice_planner_cpplint
FAIL: (10-17 14:46:46.689) //modules/planning/scenarios/valet_parking:valet_parking_scenario_test (see /home/user/.cache/bazel/_bazel_user/540135163923dd7d5820f3ee4b306b32/execroot/apollo/bazel-out/local-fastbuild/testlogs/modules/planning/scenarios/valet_parking/valet_parking_scenario_test/test.log)
____(10-17 14:46:46.692) From Testing //modules/planning/scenarios/valet_parking:valet_parking_scenario_test:
==================== Test output for //modules/planning/scenarios/valet_parking:valet_parking_scenario_test:
/home/user/.cache/bazel/_bazel_user/540135163923dd7d5820f3ee4b306b32/execroot/apollo/bazel-out/local-fastbuild/bin/modules/planning/scenarios/valet_parking/valet_parking_scenario_test.runfiles/apollo/modules/planning/scenarios/valet_parking/valet_parking_scenario_test: error while loading shared libraries: libadolc.so.2: cannot open shared object file: No such file or directory
================================================================================
FAIL: (10-17 14:46:47.245) //modules/planning/planner/navi:navi_planner_test (see /home/user/.cache/bazel/_bazel_user/540135163923dd7d5820f3ee4b306b32/execroot/apollo/bazel-out/local-fastbuild/testlogs/modules/planning/planner/navi/navi_planner_test/test.log)
____(10-17 14:46:47.246) From Testing //modules/planning/planner/navi:navi_planner_test:
==================== Test output for //modules/planning/planner/navi:navi_planner_test:
/home/user/.cache/bazel/_bazel_user/540135163923dd7d5820f3ee4b306b32/execroot/apollo/bazel-out/local-fastbuild/bin/modules/planning/planner/navi/navi_planner_test.runfiles/apollo/modules/planning/planner/navi/navi_planner_test: error while loading shared libraries: libadolc.so.2: cannot open shared object file: No such file or directory
================================================================================
FAIL: (10-17 14:46:47.839) //modules/planning/scenarios/narrow_street_u_turn:narrow_street_u_turn_scenario_test (see /home/user/.cache/bazel/_bazel_user/540135163923dd7d5820f3ee4b306b32/execroot/apollo/bazel-out/local-fastbuild/testlogs/modules/planning/scenarios/narrow_street_u_turn/narrow_street_u_turn_scenario_test/test.log)
____(10-17 14:46:47.840) From Testing //modules/planning/scenarios/narrow_street_u_turn:narrow_street_u_turn_scenario_test:
==================== Test output for //modules/planning/scenarios/narrow_street_u_turn:narrow_street_u_turn_scenario_test:
/home/user/.cache/bazel/_bazel_user/540135163923dd7d5820f3ee4b306b32/execroot/apollo/bazel-out/local-fastbuild/bin/modules/planning/scenarios/narrow_street_u_turn/narrow_street_u_turn_scenario_test.runfiles/apollo/modules/planning/scenarios/narrow_street_u_turn/narrow_street_u_turn_scenario_test: error while loading shared libraries: libadolc.so.2: cannot open shared object file: No such file or directory
================================================================================
____(10-17 14:46:48.106) [4,437 / 4,466] Testing //modules/planning/scenarios/valet_parking:stage_approaching_parking_spot_test
FAIL: (10-17 14:46:48.308) //modules/planning/scenarios/valet_parking:stage_approaching_parking_spot_test (see /home/user/.cache/bazel/_bazel_user/540135163923dd7d5820f3ee4b306b32/execroot/apollo/bazel-out/local-fastbuild/testlogs/modules/planning/scenarios/valet_parking/stage_approaching_parking_spot_test/test.log)
____(10-17 14:46:48.308) From Testing //modules/planning/scenarios/valet_parking:stage_approaching_parking_spot_test:
==================== Test output for //modules/planning/scenarios/valet_parking:stage_approaching_parking_spot_test:
/home/user/.cache/bazel/_bazel_user/540135163923dd7d5820f3ee4b306b32/execroot/apollo/bazel-out/local-fastbuild/bin/modules/planning/scenarios/valet_parking/stage_approaching_parking_spot_test.runfiles/apollo/modules/planning/scenarios/valet_parking/stage_approaching_parking_spot_test: error while loading shared libraries: libadolc.so.2: cannot open shared object file: No such file or directory
================================================================================
____(10-17 14:46:48.920) [4,440 / 4,466] Linking modules/planning/libplanning_lib.a
FAIL: (10-17 14:46:49.789) //modules/planning/scenarios/valet_parking:stage_parking_test (see /home/user/.cache/bazel/_bazel_user/540135163923dd7d5820f3ee4b306b32/execroot/apollo/bazel-out/local-fastbuild/testlogs/modules/planning/scenarios/valet_parking/stage_parking_test/test.log)
____(10-17 14:46:49.792) From Testing //modules/planning/scenarios/valet_parking:stage_parking_test:
==================== Test output for //modules/planning/scenarios/valet_parking:stage_parking_test:
/home/user/.cache/bazel/_bazel_user/540135163923dd7d5820f3ee4b306b32/execroot/apollo/bazel-out/local-fastbuild/bin/modules/planning/scenarios/valet_parking/stage_parking_test.runfiles/apollo/modules/planning/scenarios/valet_parking/stage_parking_test: error while loading shared libraries: libadolc.so.2: cannot open shared object file: No such file or directory
================================================================================
____(10-17 14:46:51.818) [4,449 / 4,467] Linking modules/planning/planner/on_lane_planner_dispatcher_test
PASS: (10-17 14:46:53.294) //modules/planning/navi/decider:navi_decider_test
FAIL: (10-17 14:46:53.318) //modules/planning/planner/public_road:public_road_planner_test (see /home/user/.cache/bazel/_bazel_user/540135163923dd7d5820f3ee4b306b32/execroot/apollo/bazel-out/local-fastbuild/testlogs/modules/planning/planner/public_road/public_road_planner_test/test.log)
____(10-17 14:46:53.319) From Testing //modules/planning/planner/public_road:public_road_planner_test:
==================== Test output for //modules/planning/planner/public_road:public_road_planner_test:
/home/user/.cache/bazel/_bazel_user/540135163923dd7d5820f3ee4b306b32/execroot/apollo/bazel-out/local-fastbuild/bin/modules/planning/planner/public_road/public_road_planner_test.runfiles/apollo/modules/planning/planner/public_road/public_road_planner_test: error while loading shared libraries: libadolc.so.2: cannot open shared object file: No such file or directory
================================================================================
PASS: (10-17 14:46:53.858) //modules/planning/reference_line:spiral_reference_line_smoother_test
FAIL: (10-17 14:46:53.877) //modules/planning/planner:on_lane_planner_dispatcher_test (see /home/user/.cache/bazel/_bazel_user/540135163923dd7d5820f3ee4b306b32/execroot/apollo/bazel-out/local-fastbuild/testlogs/modules/planning/planner/on_lane_planner_dispatcher_test/test.log)
____(10-17 14:46:53.878) From Testing //modules/planning/planner:on_lane_planner_dispatcher_test:
==================== Test output for //modules/planning/planner:on_lane_planner_dispatcher_test:
/home/user/.cache/bazel/_bazel_user/540135163923dd7d5820f3ee4b306b32/execroot/apollo/bazel-out/local-fastbuild/bin/modules/planning/planner/on_lane_planner_dispatcher_test.runfiles/apollo/modules/planning/planner/on_lane_planner_dispatcher_test: error while loading shared libraries: libadolc.so.2: cannot open shared object file: No such file or directory
================================================================================
FAIL: (10-17 14:46:54.349) //modules/planning/planner:navi_planner_dispatcher_test (see /home/user/.cache/bazel/_bazel_user/540135163923dd7d5820f3ee4b306b32/execroot/apollo/bazel-out/local-fastbuild/testlogs/modules/planning/planner/navi_planner_dispatcher_test/test.log)
____(10-17 14:46:54.350) From Testing //modules/planning/planner:navi_planner_dispatcher_test:
==================== Test output for //modules/planning/planner:navi_planner_dispatcher_test:
/home/user/.cache/bazel/_bazel_user/540135163923dd7d5820f3ee4b306b32/execroot/apollo/bazel-out/local-fastbuild/bin/modules/planning/planner/navi_planner_dispatcher_test.runfiles/apollo/modules/planning/planner/navi_planner_dispatcher_test: error while loading shared libraries: libadolc.so.2: cannot open shared object file: No such file or directory
================================================================================
FAIL: (10-17 14:46:56.152) //modules/planning/planner/open_space:open_space_planner_test (see /home/user/.cache/bazel/_bazel_user/540135163923dd7d5820f3ee4b306b32/execroot/apollo/bazel-out/local-fastbuild/testlogs/modules/planning/planner/open_space/open_space_planner_test/test.log)
____(10-17 14:46:56.152) From Testing //modules/planning/planner/open_space:open_space_planner_test:
==================== Test output for //modules/planning/planner/open_space:open_space_planner_test:
/home/user/.cache/bazel/_bazel_user/540135163923dd7d5820f3ee4b306b32/execroot/apollo/bazel-out/local-fastbuild/bin/modules/planning/planner/open_space/open_space_planner_test.runfiles/apollo/modules/planning/planner/open_space/open_space_planner_test: error while loading shared libraries: libadolc.so.2: cannot open shared object file: No such file or directory
================================================================================
FAIL: (10-17 14:46:56.705) //modules/planning/planner/rtk:rtk_replay_planner_test (see /home/user/.cache/bazel/_bazel_user/540135163923dd7d5820f3ee4b306b32/execroot/apollo/bazel-out/local-fastbuild/testlogs/modules/planning/planner/rtk/rtk_replay_planner_test/test.log)
____(10-17 14:46:56.706) From Testing //modules/planning/planner/rtk:rtk_replay_planner_test:
==================== Test output for //modules/planning/planner/rtk:rtk_replay_planner_test:
/home/user/.cache/bazel/_bazel_user/540135163923dd7d5820f3ee4b306b32/execroot/apollo/bazel-out/local-fastbuild/bin/modules/planning/planner/rtk/rtk_replay_planner_test.runfiles/apollo/modules/planning/planner/rtk/rtk_replay_planner_test: error while loading shared libraries: libadolc.so.2: cannot open shared object file: No such file or directory
================================================================================
____(10-17 14:47:07.067) [4,465 / 4,473] Still waiting for 1 job to complete:
      Running (local):
        Compiling modules/planning/planning_component.cc, 46 s
____(10-17 14:47:34.363) [4,469 / 4,473] Linking modules/planning/integration_tests/sunnyvale_big_loop_test
____(10-17 14:47:35.917) [4,471 / 4,474] Testing //modules/planning/integration_tests:garage_test
FAIL: (10-17 14:47:36.015) //modules/planning/integration_tests:garage_test (see /home/user/.cache/bazel/_bazel_user/540135163923dd7d5820f3ee4b306b32/execroot/apollo/bazel-out/local-fastbuild/testlogs/modules/planning/integration_tests/garage_test/test.log)
____(10-17 14:47:36.016) From Testing //modules/planning/integration_tests:garage_test:
==================== Test output for //modules/planning/integration_tests:garage_test:
/home/user/.cache/bazel/_bazel_user/540135163923dd7d5820f3ee4b306b32/execroot/apollo/bazel-out/local-fastbuild/bin/modules/planning/integration_tests/garage_test.runfiles/apollo/modules/planning/integration_tests/garage_test: error while loading shared libraries: libadolc.so.2: cannot open shared object file: No such file or directory
================================================================================
____(10-17 14:47:36.024) [4,473 / 4,475] Testing //modules/planning/integration_tests:sunnyvale_big_loop_test
____(10-17 14:47:36.067) [4,474 / 4,476] Testing //modules/planning/integration_tests:sunnyvale_loop_test
FAIL: (10-17 14:47:36.117) //modules/planning/integration_tests:sunnyvale_big_loop_test (see /home/user/.cache/bazel/_bazel_user/540135163923dd7d5820f3ee4b306b32/execroot/apollo/bazel-out/local-fastbuild/testlogs/modules/planning/integration_tests/sunnyvale_big_loop_test/test.log)
____(10-17 14:47:36.117) From Testing //modules/planning/integration_tests:sunnyvale_big_loop_test:
==================== Test output for //modules/planning/integration_tests:sunnyvale_big_loop_test:
/home/user/.cache/bazel/_bazel_user/540135163923dd7d5820f3ee4b306b32/execroot/apollo/bazel-out/local-fastbuild/bin/modules/planning/integration_tests/sunnyvale_big_loop_test.runfiles/apollo/modules/planning/integration_tests/sunnyvale_big_loop_test: error while loading shared libraries: libadolc.so.2: cannot open shared object file: No such file or directory
================================================================================
FAIL: (10-17 14:47:36.145) //modules/planning/integration_tests:sunnyvale_loop_test (see /home/user/.cache/bazel/_bazel_user/540135163923dd7d5820f3ee4b306b32/execroot/apollo/bazel-out/local-fastbuild/testlogs/modules/planning/integration_tests/sunnyvale_loop_test/test.log)
____(10-17 14:47:36.145) From Testing //modules/planning/integration_tests:sunnyvale_loop_test:
==================== Test output for //modules/planning/integration_tests:sunnyvale_loop_test:
/home/user/.cache/bazel/_bazel_user/540135163923dd7d5820f3ee4b306b32/execroot/apollo/bazel-out/local-fastbuild/bin/modules/planning/integration_tests/sunnyvale_loop_test.runfiles/apollo/modules/planning/integration_tests/sunnyvale_loop_test: error while loading shared libraries: libadolc.so.2: cannot open shared object file: No such file or directory
================================================================================
____(10-17 14:47:36.160) Building complete.
____(10-17 14:47:36.187) Elapsed time: 286.192s, Critical Path: 90.58s
//modules/planning/common:change_lane_decider_cpplint                    PASSED in 0.6s
//modules/planning/common:ego_info_cpplint                               PASSED in 0.4s
//modules/planning/common:ego_info_test                                  PASSED in 1.2s
//modules/planning/common:ego_info_test_cpplint                          PASSED in 0.2s
//modules/planning/common:frame_cpplint                                  PASSED in 1.4s
//modules/planning/common:frame_test                                     PASSED in 0.9s
//modules/planning/common:frame_test_cpplint                             PASSED in 0.3s
//modules/planning/common:indexed_list_cpplint                           PASSED in 0.4s
//modules/planning/common:indexed_list_test                              PASSED in 0.2s
//modules/planning/common:indexed_list_test_cpplint                      PASSED in 0.3s
//modules/planning/common:indexed_queue_cpplint                          PASSED in 0.3s
//modules/planning/common:indexed_queue_test                             PASSED in 0.3s
//modules/planning/common:indexed_queue_test_cpplint                     PASSED in 0.2s
//modules/planning/common:local_view_cpplint                             PASSED in 0.3s
//modules/planning/common:obstacle_blocking_analyzer_cpplint             PASSED in 0.3s
//modules/planning/common:obstacle_cpplint                               PASSED in 1.0s
//modules/planning/common:obstacle_test                                  PASSED in 0.6s
//modules/planning/common:obstacle_test_cpplint                          PASSED in 0.5s
//modules/planning/common:open_space_info_cpplint                        PASSED in 0.7s
//modules/planning/common:open_space_info_test                           PASSED in 0.6s
//modules/planning/common:open_space_info_test_cpplint                   PASSED in 0.2s
//modules/planning/common/path:discretized_path_cpplint                  PASSED in 0.4s
//modules/planning/common/path:discretized_path_test                     PASSED in 0.6s
//modules/planning/common/path:discretized_path_test_cpplint             PASSED in 0.2s
//modules/planning/common/path:frenet_frame_path_cpplint                 PASSED in 0.5s
//modules/planning/common/path:frenet_frame_path_test                    PASSED in 0.7s
//modules/planning/common/path:frenet_frame_path_test_cpplint            PASSED in 0.3s
//modules/planning/common/path:path_data_cpplint                         PASSED in 0.7s
//modules/planning/common:path_decision_cpplint                          PASSED in 0.4s
//modules/planning/common:planning_context_cpplint                       PASSED in 0.3s
//modules/planning/common:planning_gflags_cpplint                        PASSED in 0.8s
//modules/planning/common:reference_line_info_cpplint                    PASSED in 1.2s
//modules/planning/common:reference_line_info_test                       PASSED in 0.7s
//modules/planning/common:reference_line_info_test_cpplint               PASSED in 0.2s
//modules/planning/common/speed:speed_data_cpplint                       PASSED in 0.4s
//modules/planning/common/speed:st_boundary_cpplint                      PASSED in 0.7s
//modules/planning/common/speed:st_boundary_test                         PASSED in 0.6s
//modules/planning/common/speed:st_boundary_test_cpplint                 PASSED in 0.3s
//modules/planning/common/speed:st_point_cpplint                         PASSED in 0.4s
//modules/planning/common:speed_limit_cpplint                            PASSED in 0.4s
//modules/planning/common:speed_limit_test                               PASSED in 0.4s
//modules/planning/common:speed_limit_test_cpplint                       PASSED in 0.2s
//modules/planning/common:speed_profile_generator_cpplint                PASSED in 0.5s
//modules/planning/common:speed_profile_generator_test                   PASSED in 1.0s
//modules/planning/common:speed_profile_generator_test_cpplint           PASSED in 0.2s
//modules/planning/common:st_graph_data_cpplint                          PASSED in 0.4s
//modules/planning/common:st_graph_data_test                             PASSED in 0.5s
//modules/planning/common:st_graph_data_test_cpplint                     PASSED in 0.3s
//modules/planning/common/trajectory:discretized_trajectory_cpplint      PASSED in 0.6s
//modules/planning/common/trajectory:discretized_trajectory_test         PASSED in 0.8s
//modules/planning/common/trajectory:discretized_trajectory_test_cpplint PASSED in 0.3s
//modules/planning/common/trajectory:publishable_trajectory_cpplint      PASSED in 0.3s
//modules/planning/common/trajectory:publishable_trajectory_test         PASSED in 0.6s
//modules/planning/common/trajectory:publishable_trajectory_test_cpplint PASSED in 0.3s
//modules/planning/common/trajectory1d:constant_deceleration_trajectory1d_cpplint PASSED in 0.5s
//modules/planning/common/trajectory1d:constant_jerk_trajectory1d_cpplint PASSED in 0.4s
//modules/planning/common/trajectory1d:piecewise_acceleration_trajectory1d_cpplint PASSED in 0.5s
//modules/planning/common/trajectory1d:piecewise_jerk_trajectory1d_cpplint PASSED in 0.5s
//modules/planning/common/trajectory1d:piecewise_trajectory1d_cpplint    PASSED in 0.5s
//modules/planning/common/trajectory1d:standing_still_trajectory1d_cpplint PASSED in 0.5s
//modules/planning/common:trajectory_stitcher_cpplint                    PASSED in 0.4s
//modules/planning/common/util:util_lib_cpplint                          PASSED in 0.5s
//modules/planning/constraint_checker:collision_checker_cpplint          PASSED in 0.8s
//modules/planning/constraint_checker:constraint_checker1d_cpplint       PASSED in 0.6s
//modules/planning/constraint_checker:constraint_checker_cpplint         PASSED in 0.9s
//modules/planning/integration_tests:garage_test_cpplint                 PASSED in 0.4s
//modules/planning/integration_tests:planning_test_base_cpplint          PASSED in 0.8s
//modules/planning/integration_tests:sunnyvale_big_loop_test_cpplint     PASSED in 0.6s
//modules/planning/integration_tests:sunnyvale_loop_test_cpplint         PASSED in 0.4s
//modules/planning/lattice/behavior:feasible_region_cpplint              PASSED in 0.7s
//modules/planning/lattice/behavior:path_time_graph_cpplint              PASSED in 1.2s
//modules/planning/lattice/behavior:prediction_querier_cpplint           PASSED in 0.8s
//modules/planning/lattice/trajectory_generation:backup_trajectory_generator_cpplint PASSED in 0.6s
//modules/planning/lattice/trajectory_generation:end_condition_sampler_cpplint PASSED in 0.9s
//modules/planning/lattice/trajectory_generation:lateral_osqp_optimizer_cpplint PASSED in 0.8s
//modules/planning/lattice/trajectory_generation:lateral_qp_optimizer_cpplint PASSED in 0.8s
//modules/planning/lattice/trajectory_generation:lattice_trajectory1d_cpplint PASSED in 0.9s
//modules/planning/lattice/trajectory_generation:piecewise_braking_trajectory_generator_cpplint PASSED in 0.9s
//modules/planning/lattice/trajectory_generation:trajectory1d_generator_cpplint PASSED in 1.1s
//modules/planning/lattice/trajectory_generation:trajectory_combiner_cpplint PASSED in 0.7s
//modules/planning/lattice/trajectory_generation:trajectory_evaluator_cpplint PASSED in 1.4s
//modules/planning/math/curve1d:cubic_polynomial_curve1d_cpplint         PASSED in 0.4s
//modules/planning/math/curve1d:cubic_polynomial_curve1d_test            PASSED in 0.1s
//modules/planning/math/curve1d:cubic_polynomial_curve1d_test_cpplint    PASSED in 0.3s
//modules/planning/math/curve1d:curve1d_cpplint                          PASSED in 0.3s
//modules/planning/math/curve1d:piecewise_quintic_spiral_path_cpplint    PASSED in 0.3s
//modules/planning/math/curve1d:piecewise_quintic_spiral_path_test       PASSED in 0.3s
//modules/planning/math/curve1d:piecewise_quintic_spiral_path_test_cpplint PASSED in 0.2s
//modules/planning/math/curve1d:polynomial_curve1d_cpplint               PASSED in 0.3s
//modules/planning/math/curve1d:quartic_polynomial_curve1d_cpplint       PASSED in 0.5s
//modules/planning/math/curve1d:quartic_polynomial_curve1d_test          PASSED in 0.1s
//modules/planning/math/curve1d:quartic_polynomial_curve1d_test_cpplint  PASSED in 0.3s
//modules/planning/math/curve1d:quintic_polynomial_curve1d_cpplint       PASSED in 0.4s
//modules/planning/math/curve1d:quintic_polynomial_curve1d_test          PASSED in 0.1s
//modules/planning/math/curve1d:quintic_polynomial_curve1d_test_cpplint  PASSED in 0.3s
//modules/planning/math/curve1d:quintic_spiral_path_cpplint              PASSED in 1.0s
//modules/planning/math:curve_math_cpplint                               PASSED in 0.3s
//modules/planning/math:curve_math_test                                  PASSED in 0.1s
//modules/planning/math:curve_math_test_cpplint                          PASSED in 0.3s
//modules/planning/math/finite_element_optimizer:finite_element1d_optimizer_cpplint PASSED in 0.6s
//modules/planning/math/finite_element_optimizer:finite_element1d_optimizer_test PASSED in 0.1s
//modules/planning/math/finite_element_optimizer:finite_element1d_optimizer_test_cpplint PASSED in 0.2s
//modules/planning/math/finite_element_qp:fem_1d_qp_problem_cpplint      PASSED in 0.6s
//modules/planning/math/finite_element_qp:fem_1d_qp_problem_test         PASSED in 0.1s
//modules/planning/math/finite_element_qp:fem_1d_qp_problem_test_cpplint PASSED in 0.3s
//modules/planning/math:polynomial_xd_cpplint                            PASSED in 0.3s
//modules/planning/math/smoothing_spline:active_set_spline_1d_solver_cpplint PASSED in 0.4s
//modules/planning/math/smoothing_spline:active_set_spline_1d_solver_test PASSED in 0.4s
//modules/planning/math/smoothing_spline:active_set_spline_1d_solver_test_cpplint PASSED in 0.3s
//modules/planning/math/smoothing_spline:active_set_spline_2d_solver_cpplint PASSED in 0.5s
//modules/planning/math/smoothing_spline:active_set_spline_2d_solver_test PASSED in 0.3s
//modules/planning/math/smoothing_spline:active_set_spline_2d_solver_test_cpplint PASSED in 0.4s
//modules/planning/math/smoothing_spline:affine_constraint_cpplint       PASSED in 0.3s
//modules/planning/math/smoothing_spline:osqp_spline_1d_solver_cpplint   PASSED in 0.4s
//modules/planning/math/smoothing_spline:osqp_spline_1d_solver_test      PASSED in 0.3s
//modules/planning/math/smoothing_spline:osqp_spline_1d_solver_test_cpplint PASSED in 0.3s
//modules/planning/math/smoothing_spline:osqp_spline_2d_solver_cpplint   PASSED in 0.3s
//modules/planning/math/smoothing_spline:osqp_spline_2d_solver_test      PASSED in 0.3s
//modules/planning/math/smoothing_spline:osqp_spline_2d_solver_test_cpplint PASSED in 0.3s
//modules/planning/math/smoothing_spline:piecewise_linear_constraint_cpplint PASSED in 0.4s
//modules/planning/math/smoothing_spline:piecewise_linear_constraint_test PASSED in 0.1s
//modules/planning/math/smoothing_spline:piecewise_linear_constraint_test_cpplint PASSED in 0.3s
//modules/planning/math/smoothing_spline:piecewise_linear_generator_cpplint PASSED in 0.3s
//modules/planning/math/smoothing_spline:piecewise_linear_kernel_cpplint PASSED in 0.4s
//modules/planning/math/smoothing_spline:piecewise_linear_kernel_test    PASSED in 0.1s
//modules/planning/math/smoothing_spline:piecewise_linear_kernel_test_cpplint PASSED in 0.3s
//modules/planning/math/smoothing_spline:spline_1d_constraint_cpplint    PASSED in 0.8s
//modules/planning/math/smoothing_spline:spline_1d_constraint_test       PASSED in 0.1s
//modules/planning/math/smoothing_spline:spline_1d_constraint_test_cpplint PASSED in 0.5s
//modules/planning/math/smoothing_spline:spline_1d_cpplint               PASSED in 0.3s
//modules/planning/math/smoothing_spline:spline_1d_kernel_cpplint        PASSED in 0.4s
//modules/planning/math/smoothing_spline:spline_1d_kernel_test           PASSED in 0.0s
//modules/planning/math/smoothing_spline:spline_1d_kernel_test_cpplint   PASSED in 0.6s
//modules/planning/math/smoothing_spline:spline_1d_seg_cpplint           PASSED in 0.3s
//modules/planning/math/smoothing_spline:spline_1d_solver_cpplint        PASSED in 0.3s
//modules/planning/math/smoothing_spline:spline_2d_constraint_cpplint    PASSED in 0.7s
//modules/planning/math/smoothing_spline:spline_2d_constraint_test       PASSED in 0.4s
//modules/planning/math/smoothing_spline:spline_2d_constraint_test_cpplint PASSED in 0.4s
//modules/planning/math/smoothing_spline:spline_2d_cpplint               PASSED in 0.4s
//modules/planning/math/smoothing_spline:spline_2d_kernel_cpplint        PASSED in 0.4s
//modules/planning/math/smoothing_spline:spline_2d_kernel_test           PASSED in 0.4s
//modules/planning/math/smoothing_spline:spline_2d_kernel_test_cpplint   PASSED in 0.2s
//modules/planning/math/smoothing_spline:spline_2d_seg_cpplint           PASSED in 0.4s
//modules/planning/math/smoothing_spline:spline_2d_solver_cpplint        PASSED in 0.5s
//modules/planning/math/smoothing_spline:spline_seg_kernel_cpplint       PASSED in 0.5s
//modules/planning/navi/decider:navi_decider_test                        PASSED in 1.4s
//modules/planning/navi/decider:navi_decider_test_cpplint                PASSED in 1.0s
//modules/planning/navi/decider:navi_obstacle_decider_cpplint            PASSED in 1.7s
//modules/planning/navi/decider:navi_path_decider_cpplint                PASSED in 1.7s
//modules/planning/navi/decider:navi_speed_decider_cpplint               PASSED in 1.8s
//modules/planning/navi/decider:navi_task_cpplint                        PASSED in 0.5s
//modules/planning/open_space/coarse_trajectory_generator:grid_search_cpplint PASSED in 0.6s
//modules/planning/open_space/coarse_trajectory_generator:hybrid_a_star_cpplint PASSED in 0.7s
//modules/planning/open_space/coarse_trajectory_generator:hybrid_a_star_test_cpplint PASSED in 0.2s
//modules/planning/open_space/coarse_trajectory_generator:node3d_cpplint PASSED in 0.4s
//modules/planning/open_space/coarse_trajectory_generator:node3d_test_cpplint PASSED in 0.3s
//modules/planning/open_space/coarse_trajectory_generator:reeds_shepp_path_cpplint PASSED in 1.1s
//modules/planning/open_space/coarse_trajectory_generator:reeds_shepp_path_test_cpplint PASSED in 0.4s
//modules/planning/open_space/constraints_formulation:open_space_ROI_cpplint PASSED in 0.8s
//modules/planning/open_space:open_space_trajectory_generator_cpplint    PASSED in 0.5s
//modules/planning/open_space/trajectory_partition:trajectory_partitioner_cpplint PASSED in 0.5s
//modules/planning/open_space/trajectory_smoother:distance_approach_ipopt_cuda_interface_cpplint PASSED in 0.9s
//modules/planning/open_space/trajectory_smoother:distance_approach_ipopt_cuda_interface_test_cpplint PASSED in 0.3s
//modules/planning/open_space/trajectory_smoother:distance_approach_ipopt_interface_cpplint PASSED in 2.3s
//modules/planning/open_space/trajectory_smoother:distance_approach_ipopt_interface_test_cpplint PASSED in 0.3s
//modules/planning/open_space/trajectory_smoother:distance_approach_problem_cpplint PASSED in 0.5s
//modules/planning/open_space/trajectory_smoother:distance_approach_problem_test_cpplint PASSED in 0.3s
//modules/planning/open_space/trajectory_smoother:dual_variable_warm_start_ipopt_interface_cpplint PASSED in 0.8s
//modules/planning/open_space/trajectory_smoother:dual_variable_warm_start_ipopt_interface_test_cpplint PASSED in 0.3s
//modules/planning/open_space/trajectory_smoother:dual_variable_warm_start_ipopt_qp_interface_cpplint PASSED in 0.9s
//modules/planning/open_space/trajectory_smoother:dual_variable_warm_start_osqp_interface_cpplint PASSED in 0.5s
//modules/planning/open_space/trajectory_smoother:dual_variable_warm_start_osqp_interface_test PASSED in 1.5s
//modules/planning/open_space/trajectory_smoother:dual_variable_warm_start_osqp_interface_test_cpplint PASSED in 0.3s
//modules/planning/open_space/trajectory_smoother:dual_variable_warm_start_problem_cpplint PASSED in 0.5s
//modules/planning/open_space/trajectory_smoother:dual_variable_warm_start_problem_test_cpplint PASSED in 0.2s
//modules/planning/open_space/trajectory_smoother:planning_block_cpplint PASSED in 0.3s
//modules/planning/planner/lattice:lattice_planner_cpplint               PASSED in 1.1s
//modules/planning/planner/navi:navi_planner_cpplint                     PASSED in 0.6s
//modules/planning/planner/navi:navi_planner_test_cpplint                PASSED in 0.6s
//modules/planning/planner:navi_planner_dispatcher_test_cpplint          PASSED in 0.6s
//modules/planning/planner:on_lane_planner_dispatcher_test_cpplint       PASSED in 0.5s
//modules/planning/planner/open_space:open_space_planner_cpplint         PASSED in 1.2s
//modules/planning/planner/open_space:open_space_planner_test_cpplint    PASSED in 0.5s
//modules/planning/planner:planner_cpplint                               PASSED in 0.7s
//modules/planning/planner:planner_dispatcher_cpplint                    PASSED in 1.2s
//modules/planning/planner/public_road:public_road_planner_cpplint       PASSED in 1.0s
//modules/planning/planner/public_road:public_road_planner_test_cpplint  PASSED in 0.4s
//modules/planning/planner/rtk:rtk_planner_cpplint                       PASSED in 0.7s
//modules/planning/planner/rtk:rtk_replay_planner_test_cpplint           PASSED in 0.6s
//modules/planning:planning_component_lib_cpplint                        PASSED in 0.4s
//modules/planning:planning_lib_cpplint                                  PASSED in 2.0s
//modules/planning/reference_line:cos_theta_reference_line_smoother_cpplint PASSED in 1.1s
//modules/planning/reference_line:cos_theta_reference_line_smoother_test PASSED in 0.9s
//modules/planning/reference_line:cos_theta_reference_line_smoother_test_cpplint PASSED in 0.3s
//modules/planning/reference_line:qp_spline_reference_line_smoother_cpplint PASSED in 0.5s
//modules/planning/reference_line:qp_spline_reference_line_smoother_test PASSED in 0.8s
//modules/planning/reference_line:qp_spline_reference_line_smoother_test_cpplint PASSED in 0.3s
//modules/planning/reference_line:reference_line_cpplint                 PASSED in 1.3s
//modules/planning/reference_line:reference_line_provider_cpplint        PASSED in 1.1s
//modules/planning/reference_line:reference_line_smoother_cpplint        PASSED in 0.2s
//modules/planning/reference_line:smoother_util_cpplint                  PASSED in 0.4s
//modules/planning/reference_line:spiral_reference_line_smoother_cpplint PASSED in 1.4s
//modules/planning/reference_line:spiral_reference_line_smoother_test    PASSED in 33.4s
//modules/planning/reference_line:spiral_reference_line_smoother_test_cpplint PASSED in 0.3s
//modules/planning/reference_line:spiral_smoother_util_cpplint           PASSED in 0.3s
//modules/planning/scenarios/bare_intersection/unprotected:bare_intersection_unprotected_scenario_cpplint PASSED in 0.9s
//modules/planning/scenarios/bare_intersection/unprotected:bare_intersection_unprotected_scenario_test_cpplint PASSED in 0.3s
//modules/planning/scenarios/lane_follow:lane_follow_scenario_cpplint    PASSED in 0.4s
//modules/planning/scenarios/lane_follow:lane_follow_scenario_test_cpplint PASSED in 0.4s
//modules/planning/scenarios/lane_follow:lane_follow_stage_cpplint       PASSED in 0.8s
//modules/planning/scenarios/narrow_street_u_turn:narrow_street_u_turn_scenario_cpplint PASSED in 0.7s
//modules/planning/scenarios/narrow_street_u_turn:narrow_street_u_turn_scenario_test_cpplint PASSED in 0.5s
//modules/planning/scenarios:scenario_cpplint                            PASSED in 0.4s
//modules/planning/scenarios:scenario_manager_cpplint                    PASSED in 0.7s
//modules/planning/scenarios/side_pass:side_pass_cpplint                 PASSED in 1.6s
//modules/planning/scenarios/side_pass:side_pass_scenario_test_cpplint   PASSED in 0.4s
//modules/planning/scenarios:stage_cpplint                               PASSED in 0.6s
//modules/planning/scenarios/stop_sign/unprotected:stop_sign_unprotected_scenario_cpplint PASSED in 1.3s
//modules/planning/scenarios/stop_sign/unprotected:stop_sign_unprotected_scenario_test_cpplint PASSED in 0.3s
//modules/planning/scenarios/traffic_light/protected:traffic_light_protected_scenario_cpplint PASSED in 0.7s
//modules/planning/scenarios/traffic_light/protected:traffic_light_protected_scenario_test_cpplint PASSED in 0.3s
//modules/planning/scenarios/traffic_light/unprotected_left_turn:traffic_light_left_turn_unprotected_scenario_test_cpplint PASSED in 0.3s
//modules/planning/scenarios/traffic_light/unprotected_left_turn:traffic_light_unprotected_left_turn_scenario_cpplint PASSED in 0.8s
//modules/planning/scenarios/traffic_light/unprotected_right_turn:traffic_light_right_turn_unprotected_scenario_test_cpplint PASSED in 0.4s
//modules/planning/scenarios/traffic_light/unprotected_right_turn:traffic_light_unprotected_right_turn_scenario_cpplint PASSED in 1.2s
//modules/planning/scenarios/util:scenario_util_lib_cpplint              PASSED in 0.3s
//modules/planning/scenarios/valet_parking:stage_approaching_parking_spot_test_cpplint PASSED in 0.6s
//modules/planning/scenarios/valet_parking:stage_parking_test_cpplint    PASSED in 0.4s
//modules/planning/scenarios/valet_parking:valet_parking_cpplint         PASSED in 1.3s
//modules/planning/scenarios/valet_parking:valet_parking_scenario_test_cpplint PASSED in 0.5s
//modules/planning/tasks/deciders:decider_base_cpplint                   PASSED in 0.4s
//modules/planning/tasks/deciders:decider_cpplint                        PASSED in 1.2s
//modules/planning/tasks/deciders:decider_rule_based_stop_cpplint        PASSED in 0.4s
//modules/planning/tasks/deciders:open_space_fallback_decider_cpplint    PASSED in 0.4s
//modules/planning/tasks/deciders:open_space_fallback_decider_test       PASSED in 1.0s
//modules/planning/tasks/deciders:open_space_fallback_decider_test_cpplint PASSED in 0.2s
//modules/planning/tasks/deciders:open_space_roi_decider_cpplint         PASSED in 0.9s
//modules/planning/tasks/deciders:open_space_roi_decider_test            PASSED in 1.3s
//modules/planning/tasks/deciders:open_space_roi_decider_test_cpplint    PASSED in 0.4s
//modules/planning/tasks/deciders:path_assessment_decider_cpplint        PASSED in 0.6s
//modules/planning/tasks/deciders:path_bounds_decider_cpplint            PASSED in 1.0s
//modules/planning/tasks/deciders:path_decider_obstacle_utils_cpplint    PASSED in 0.4s
//modules/planning/tasks/deciders:side_pass_decider_test                 PASSED in 1.6s
//modules/planning/tasks/deciders:side_pass_decider_test_cpplint         PASSED in 0.4s
//modules/planning/tasks/deciders/speed_bounds_decider:speed_bounds_decider_cpplint PASSED in 0.6s
//modules/planning/tasks/deciders/speed_bounds_decider:speed_limit_decider_test PASSED in 1.6s
//modules/planning/tasks/deciders/speed_bounds_decider:speed_limit_decider_test_cpplint PASSED in 0.3s
//modules/planning/tasks/deciders/speed_bounds_decider:st_boundary_mapper_cpplint PASSED in 0.8s
//modules/planning/tasks/deciders/speed_bounds_decider:st_boundary_mapper_test PASSED in 1.8s
//modules/planning/tasks/deciders/speed_bounds_decider:st_boundary_mapper_test_cpplint PASSED in 0.4s
//modules/planning/tasks/optimizers/dp_poly_path:dp_poly_path_optimizer_cpplint PASSED in 0.4s
//modules/planning/tasks/optimizers/dp_st_speed:dp_st_cost_cpplint       PASSED in 0.6s
//modules/planning/tasks/optimizers/dp_st_speed:dp_st_graph_cpplint      PASSED in 0.7s
//modules/planning/tasks/optimizers/dp_st_speed:dp_st_graph_test         PASSED in 1.2s
//modules/planning/tasks/optimizers/dp_st_speed:dp_st_graph_test_cpplint PASSED in 0.5s
//modules/planning/tasks/optimizers/dp_st_speed:dp_st_speed_optimizer_cpplint PASSED in 0.5s
//modules/planning/tasks/optimizers/dp_st_speed:st_graph_point_cpplint   PASSED in 0.3s
//modules/planning/tasks/optimizers/open_space_trajectory_generation:open_space_trajectory_optimizer_cpplint PASSED in 0.8s
//modules/planning/tasks/optimizers/open_space_trajectory_generation:open_space_trajectory_optimizer_test_cpplint PASSED in 0.2s
//modules/planning/tasks/optimizers/open_space_trajectory_generation:open_space_trajectory_provider_cpplint PASSED in 0.7s
//modules/planning/tasks/optimizers/open_space_trajectory_generation:open_space_trajectory_provider_test_cpplint PASSED in 0.3s
//modules/planning/tasks/optimizers/open_space_trajectory_partition:open_space_trajectory_partition_cpplint PASSED in 0.7s
//modules/planning/tasks/optimizers/open_space_trajectory_partition:open_space_trajectory_partition_test PASSED in 1.8s
//modules/planning/tasks/optimizers/open_space_trajectory_partition:open_space_trajectory_partition_test_cpplint PASSED in 0.4s
//modules/planning/tasks/optimizers/path_decider:path_decider_cpplint    PASSED in 0.5s
//modules/planning/tasks/optimizers:path_optimizer_cpplint               PASSED in 0.3s
//modules/planning/tasks/optimizers/piecewise_jerk_path:piecewise_jerk_path_optimizer_cpplint PASSED in 0.5s
//modules/planning/tasks/optimizers/proceed_with_caution_speed:proceed_with_caution_speed_generator_cpplint PASSED in 0.4s
//modules/planning/tasks/optimizers/proceed_with_caution_speed:proceed_with_caution_speed_generator_test PASSED in 1.2s
//modules/planning/tasks/optimizers/proceed_with_caution_speed:proceed_with_caution_speed_generator_test_cpplint PASSED in 0.4s
//modules/planning/tasks/optimizers/qp_piecewise_jerk_path:qp_piecewise_jerk_path_optimizer_cpplint PASSED in 0.6s
//modules/planning/tasks/optimizers/qp_spline_path:qp_spline_path_cpplint PASSED in 1.4s
//modules/planning/tasks/optimizers/qp_spline_st_speed:qp_piecewise_st_graph_cpplint PASSED in 0.6s
//modules/planning/tasks/optimizers/qp_spline_st_speed:qp_spline_st_graph_cpplint PASSED in 0.8s
//modules/planning/tasks/optimizers/qp_spline_st_speed:qp_spline_st_speed_optimizer_cpplint PASSED in 0.4s
//modules/planning/tasks/optimizers/road_graph:comparable_cost_test      PASSED in 1.2s
//modules/planning/tasks/optimizers/road_graph:comparable_cost_test_cpplint PASSED in 0.4s
//modules/planning/tasks/optimizers/road_graph:road_graph_cpplint        PASSED in 1.5s
//modules/planning/tasks/optimizers/road_graph:trajectory_cost_test      PASSED in 1.1s
//modules/planning/tasks/optimizers/road_graph:trajectory_cost_test_cpplint PASSED in 0.3s
//modules/planning/tasks/optimizers/speed_decider:speed_decider_cpplint  PASSED in 0.6s
//modules/planning/tasks/optimizers:speed_optimizer_cpplint              PASSED in 0.3s
//modules/planning/tasks/optimizers:trajectory_optimizer_cpplint         PASSED in 0.3s
//modules/planning/tasks/rss:decider_rss_cpplint                         PASSED in 0.7s
//modules/planning/tasks/rss:decider_rss_test                            PASSED in 1.1s
//modules/planning/tasks/rss:decider_rss_test_cpplint                    PASSED in 0.3s
//modules/planning/tasks/smoothers:smoother_cpplint                      PASSED in 0.5s
//modules/planning/tasks:task_cpplint                                    PASSED in 0.3s
//modules/planning/tasks:task_factory_cpplint                            PASSED in 0.6s
//modules/planning/traffic_rules:traffic_decider_cpplint                 PASSED in 1.0s
//modules/planning/traffic_rules:traffic_rules_cpplint                   PASSED in 3.6s
//modules/planning/tuning:autotuning_base_model_cpplint                  PASSED in 0.3s
//modules/planning/tuning:autotuning_feature_builder_cpplint             PASSED in 0.3s
//modules/planning/tuning:autotuning_mlp_net_model_cpplint               PASSED in 0.3s
//modules/planning/tuning:autotuning_mlp_net_model_test                  PASSED in 0.8s
//modules/planning/tuning:autotuning_mlp_net_model_test_cpplint          PASSED in 0.2s
//modules/planning/tuning:autotuning_raw_feature_generator_cpplint       PASSED in 0.5s
//modules/planning/tuning:autotuning_raw_feature_generator_test          PASSED in 2.0s
//modules/planning/tuning:autotuning_raw_feature_generator_test_cpplint  PASSED in 0.3s
//modules/planning/tuning/speed_model:autotuning_speed_feature_builder_cpplint PASSED in 0.4s
//modules/planning/tuning/speed_model:autotuning_speed_feature_builder_test PASSED in 0.1s
//modules/planning/tuning/speed_model:autotuning_speed_feature_builder_test_cpplint PASSED in 0.3s
//modules/planning/tuning/speed_model:autotuning_speed_mlp_model_cpplint PASSED in 0.4s
//modules/planning/tuning/speed_model:autotuning_speed_mlp_model_test    PASSED in 0.8s
//modules/planning/tuning/speed_model:autotuning_speed_mlp_model_test_cpplint PASSED in 0.2s
//modules/planning/integration_tests:garage_test                         FAILED in 0.1s
  /home/user/.cache/bazel/_bazel_user/540135163923dd7d5820f3ee4b306b32/execroot/apollo/bazel-out/local-fastbuild/testlogs/modules/planning/integration_tests/garage_test/test.log
//modules/planning/integration_tests:sunnyvale_big_loop_test             FAILED in 0.1s
  /home/user/.cache/bazel/_bazel_user/540135163923dd7d5820f3ee4b306b32/execroot/apollo/bazel-out/local-fastbuild/testlogs/modules/planning/integration_tests/sunnyvale_big_loop_test/test.log
//modules/planning/integration_tests:sunnyvale_loop_test                 FAILED in 0.1s
  /home/user/.cache/bazel/_bazel_user/540135163923dd7d5820f3ee4b306b32/execroot/apollo/bazel-out/local-fastbuild/testlogs/modules/planning/integration_tests/sunnyvale_loop_test/test.log
//modules/planning/open_space/coarse_trajectory_generator:hybrid_a_star_test FAILED in 0.2s
  /home/user/.cache/bazel/_bazel_user/540135163923dd7d5820f3ee4b306b32/execroot/apollo/bazel-out/local-fastbuild/testlogs/modules/planning/open_space/coarse_trajectory_generator/hybrid_a_star_test/test.log
//modules/planning/open_space/coarse_trajectory_generator:node3d_test    FAILED in 0.2s
  /home/user/.cache/bazel/_bazel_user/540135163923dd7d5820f3ee4b306b32/execroot/apollo/bazel-out/local-fastbuild/testlogs/modules/planning/open_space/coarse_trajectory_generator/node3d_test/test.log
//modules/planning/open_space/coarse_trajectory_generator:reeds_shepp_path_test FAILED in 0.2s
  /home/user/.cache/bazel/_bazel_user/540135163923dd7d5820f3ee4b306b32/execroot/apollo/bazel-out/local-fastbuild/testlogs/modules/planning/open_space/coarse_trajectory_generator/reeds_shepp_path_test/test.log
//modules/planning/open_space/trajectory_smoother:distance_approach_ipopt_cuda_interface_test FAILED in 0.2s
  /home/user/.cache/bazel/_bazel_user/540135163923dd7d5820f3ee4b306b32/execroot/apollo/bazel-out/local-fastbuild/testlogs/modules/planning/open_space/trajectory_smoother/distance_approach_ipopt_cuda_interface_test/test.log
//modules/planning/open_space/trajectory_smoother:distance_approach_ipopt_interface_test FAILED in 0.2s
  /home/user/.cache/bazel/_bazel_user/540135163923dd7d5820f3ee4b306b32/execroot/apollo/bazel-out/local-fastbuild/testlogs/modules/planning/open_space/trajectory_smoother/distance_approach_ipopt_interface_test/test.log
//modules/planning/open_space/trajectory_smoother:distance_approach_problem_test FAILED in 0.2s
  /home/user/.cache/bazel/_bazel_user/540135163923dd7d5820f3ee4b306b32/execroot/apollo/bazel-out/local-fastbuild/testlogs/modules/planning/open_space/trajectory_smoother/distance_approach_problem_test/test.log
//modules/planning/open_space/trajectory_smoother:dual_variable_warm_start_ipopt_interface_test FAILED in 0.2s
  /home/user/.cache/bazel/_bazel_user/540135163923dd7d5820f3ee4b306b32/execroot/apollo/bazel-out/local-fastbuild/testlogs/modules/planning/open_space/trajectory_smoother/dual_variable_warm_start_ipopt_interface_test/test.log
//modules/planning/open_space/trajectory_smoother:dual_variable_warm_start_problem_test FAILED in 0.2s
  /home/user/.cache/bazel/_bazel_user/540135163923dd7d5820f3ee4b306b32/execroot/apollo/bazel-out/local-fastbuild/testlogs/modules/planning/open_space/trajectory_smoother/dual_variable_warm_start_problem_test/test.log
//modules/planning/planner/navi:navi_planner_test                        FAILED in 0.2s
  /home/user/.cache/bazel/_bazel_user/540135163923dd7d5820f3ee4b306b32/execroot/apollo/bazel-out/local-fastbuild/testlogs/modules/planning/planner/navi/navi_planner_test/test.log
//modules/planning/planner:navi_planner_dispatcher_test                  FAILED in 0.1s
  /home/user/.cache/bazel/_bazel_user/540135163923dd7d5820f3ee4b306b32/execroot/apollo/bazel-out/local-fastbuild/testlogs/modules/planning/planner/navi_planner_dispatcher_test/test.log
//modules/planning/planner:on_lane_planner_dispatcher_test               FAILED in 0.1s
  /home/user/.cache/bazel/_bazel_user/540135163923dd7d5820f3ee4b306b32/execroot/apollo/bazel-out/local-fastbuild/testlogs/modules/planning/planner/on_lane_planner_dispatcher_test/test.log
//modules/planning/planner/open_space:open_space_planner_test            FAILED in 0.1s
  /home/user/.cache/bazel/_bazel_user/540135163923dd7d5820f3ee4b306b32/execroot/apollo/bazel-out/local-fastbuild/testlogs/modules/planning/planner/open_space/open_space_planner_test/test.log
//modules/planning/planner/public_road:public_road_planner_test          FAILED in 0.2s
  /home/user/.cache/bazel/_bazel_user/540135163923dd7d5820f3ee4b306b32/execroot/apollo/bazel-out/local-fastbuild/testlogs/modules/planning/planner/public_road/public_road_planner_test/test.log
//modules/planning/planner/rtk:rtk_replay_planner_test                   FAILED in 0.1s
  /home/user/.cache/bazel/_bazel_user/540135163923dd7d5820f3ee4b306b32/execroot/apollo/bazel-out/local-fastbuild/testlogs/modules/planning/planner/rtk/rtk_replay_planner_test/test.log
//modules/planning/scenarios/bare_intersection/unprotected:bare_intersection_unprotected_scenario_test FAILED in 0.1s
  /home/user/.cache/bazel/_bazel_user/540135163923dd7d5820f3ee4b306b32/execroot/apollo/bazel-out/local-fastbuild/testlogs/modules/planning/scenarios/bare_intersection/unprotected/bare_intersection_unprotected_scenario_test/test.log
//modules/planning/scenarios/lane_follow:lane_follow_scenario_test       FAILED in 0.1s
  /home/user/.cache/bazel/_bazel_user/540135163923dd7d5820f3ee4b306b32/execroot/apollo/bazel-out/local-fastbuild/testlogs/modules/planning/scenarios/lane_follow/lane_follow_scenario_test/test.log
//modules/planning/scenarios/narrow_street_u_turn:narrow_street_u_turn_scenario_test FAILED in 0.2s
  /home/user/.cache/bazel/_bazel_user/540135163923dd7d5820f3ee4b306b32/execroot/apollo/bazel-out/local-fastbuild/testlogs/modules/planning/scenarios/narrow_street_u_turn/narrow_street_u_turn_scenario_test/test.log
//modules/planning/scenarios/side_pass:side_pass_scenario_test           FAILED in 0.1s
  /home/user/.cache/bazel/_bazel_user/540135163923dd7d5820f3ee4b306b32/execroot/apollo/bazel-out/local-fastbuild/testlogs/modules/planning/scenarios/side_pass/side_pass_scenario_test/test.log
//modules/planning/scenarios/stop_sign/unprotected:stop_sign_unprotected_scenario_test FAILED in 0.1s
  /home/user/.cache/bazel/_bazel_user/540135163923dd7d5820f3ee4b306b32/execroot/apollo/bazel-out/local-fastbuild/testlogs/modules/planning/scenarios/stop_sign/unprotected/stop_sign_unprotected_scenario_test/test.log
//modules/planning/scenarios/traffic_light/protected:traffic_light_protected_scenario_test FAILED in 0.1s
  /home/user/.cache/bazel/_bazel_user/540135163923dd7d5820f3ee4b306b32/execroot/apollo/bazel-out/local-fastbuild/testlogs/modules/planning/scenarios/traffic_light/protected/traffic_light_protected_scenario_test/test.log
//modules/planning/scenarios/traffic_light/unprotected_left_turn:traffic_light_left_turn_unprotected_scenario_test FAILED in 0.1s
  /home/user/.cache/bazel/_bazel_user/540135163923dd7d5820f3ee4b306b32/execroot/apollo/bazel-out/local-fastbuild/testlogs/modules/planning/scenarios/traffic_light/unprotected_left_turn/traffic_light_left_turn_unprotected_scenario_test/test.log
//modules/planning/scenarios/traffic_light/unprotected_right_turn:traffic_light_right_turn_unprotected_scenario_test FAILED in 0.1s
  /home/user/.cache/bazel/_bazel_user/540135163923dd7d5820f3ee4b306b32/execroot/apollo/bazel-out/local-fastbuild/testlogs/modules/planning/scenarios/traffic_light/unprotected_right_turn/traffic_light_right_turn_unprotected_scenario_test/test.log
//modules/planning/scenarios/valet_parking:stage_approaching_parking_spot_test FAILED in 0.2s
  /home/user/.cache/bazel/_bazel_user/540135163923dd7d5820f3ee4b306b32/execroot/apollo/bazel-out/local-fastbuild/testlogs/modules/planning/scenarios/valet_parking/stage_approaching_parking_spot_test/test.log
//modules/planning/scenarios/valet_parking:stage_parking_test            FAILED in 0.2s
  /home/user/.cache/bazel/_bazel_user/540135163923dd7d5820f3ee4b306b32/execroot/apollo/bazel-out/local-fastbuild/testlogs/modules/planning/scenarios/valet_parking/stage_parking_test/test.log
//modules/planning/scenarios/valet_parking:valet_parking_scenario_test   FAILED in 0.2s
  /home/user/.cache/bazel/_bazel_user/540135163923dd7d5820f3ee4b306b32/execroot/apollo/bazel-out/local-fastbuild/testlogs/modules/planning/scenarios/valet_parking/valet_parking_scenario_test/test.log
//modules/planning/tasks/optimizers/open_space_trajectory_generation:open_space_trajectory_optimizer_test FAILED in 0.2s
  /home/user/.cache/bazel/_bazel_user/540135163923dd7d5820f3ee4b306b32/execroot/apollo/bazel-out/local-fastbuild/testlogs/modules/planning/tasks/optimizers/open_space_trajectory_generation/open_space_trajectory_optimizer_test/test.log
//modules/planning/tasks/optimizers/open_space_trajectory_generation:open_space_trajectory_provider_test FAILED in 0.1s
  /home/user/.cache/bazel/_bazel_user/540135163923dd7d5820f3ee4b306b32/execroot/apollo/bazel-out/local-fastbuild/testlogs/modules/planning/tasks/optimizers/open_space_trajectory_generation/open_space_trajectory_provider_test/test.log

Executed 335 out of 335 tests: 305 tests pass and 30 fail locally.
