System check passed. Build continue ...
[33m[WARNING] ESD CAN library supplied by ESD Electronics does not exist. If you need ESD CAN, please refer to third_party/can_card_library/esd_can/README.md.[0m
INFO: Reading 'startup' options from /apollo/tools/bazel.rc: --batch_cpu_scheduling --host_jvm_args=-XX:-UseParallelGC
WARNING: ignoring LD_PRELOAD in environment.
____(10-09 08:47:46.907) Starting clean (this may take a while). Consider using --async if the clean takes more than several minutes.
INFO: Reading 'startup' options from /apollo/tools/bazel.rc: --batch_cpu_scheduling --host_jvm_args=-XX:-UseParallelGC
WARNING: ignoring LD_PRELOAD in environment.
____Loading package: modules/planning/tasks/deciders/path_assessment_decider
____Loading package: modules/common/status
____Loading package: modules/drivers/canbus/proto
____Loading package: cyber/message
INFO: Reading 'startup' options from /apollo/tools/bazel.rc: --batch_cpu_scheduling --host_jvm_args=-XX:-UseParallelGC
WARNING: ignoring LD_PRELOAD in environment.
____(10-09 08:48:28.509) Loading package: @bazel_tools//tools/cpp
____(10-09 08:48:28.540) Loading package: @local_jdk//
____(10-09 08:48:28.621) Loading complete.  Analyzing...
____(10-09 08:48:28.995) Loading package: tools/defaults
____(10-09 08:48:29.028) Loading package: third_party/json
____(10-09 08:48:29.058) Loading package: @xxhash//
____(10-09 08:48:29.182) Loading package: @python27//
____(10-09 08:48:29.251) Found 1766 targets and 244 test targets...
____(10-09 08:48:29.578) Building...
____(10-09 08:48:29.612) [1 / 7] Creating source manifest for //modules/v2x/v2x_proxy/obu_interface/grpc_interface:grpc_server_cpplint
____(10-09 08:48:30.613) [504 / 1,149] Compiling modules/common/math/polygon2d.cc
____(10-09 08:48:30.942) [542 / 1,193] Compiling external/proj4/src/PJ_labrd.c
____(10-09 08:48:31.036) [550 / 1,201] Compiling external/gtest/googlemock/src/gmock-spec-builders.cc
____(10-09 08:48:31.405) [578 / 1,233] Compiling external/gtest/googletest/src/gtest-printers.cc
____(10-09 08:48:32.158) [614 / 1,296] Compiling cyber/service_discovery/communication/participant_listener.cc
____(10-09 08:48:32.862) [639 / 1,341] Compiling external/com_google_protobuf/src/google/protobuf/stubs/once.cc
____(10-09 08:48:34.302) [777 / 1,582] Compiling external/com_google_protobuf/src/google/protobuf/compiler/cpp/cpp_message.cc [for host]
____(10-09 08:48:36.305) [830 / 1,613] Compiling external/com_google_protobuf/src/google/protobuf/compiler/csharp/csharp_source_generator_base.cc [for host]
____(10-09 08:48:38.226) [893 / 1,681] Compiling external/com_google_protobuf/src/google/protobuf/generated_message_reflection.cc [for host]
____(10-09 08:48:41.240) [1,448 / 2,658] Writing file modules/perception/inference/paddlepaddle/libpaddle_net_lib.so-2.params
____(10-09 08:48:41.713) [1,823 / 3,328] Writing file modules/perception/camera/test/libcamera_common_undistortion.a-2.params
____(10-09 08:48:42.585) [2,049 / 3,641] Writing file modules/perception/common/geometry/libroi_filter.so-2.params
____(10-09 08:48:42.616) [2,065 / 3,661] Compiling modules/perception/common/graph/conditional_clustering_test.cc
____(10-09 08:48:44.167) [2,368 / 4,091] Creating source manifest for //modules/perception/fusion/lib/data_fusion/existance_fusion/dst_existance_fusion:dst_existance_fusion_test
____(10-09 08:48:44.921) [2,644 / 4,470] Creating source manifest for //modules/perception/lib/config_manager:config_manager_test
____(10-09 08:48:45.390) [2,735 / 4,619] Writing file modules/perception/lidar/lib/pointcloud_preprocessor/libpointcloud_preprocessor.a-2.params
____(10-09 08:48:45.562) [2,826 / 4,781] Writing file modules/perception/lidar/lib/dummy/libdummy_algorithms.a-2.params
____(10-09 08:48:45.823) [2,966 / 5,005] Expanding template modules/perception/lidar/lib/scene_manager/roi_service/roi_service_cpplint
____(10-09 08:48:46.556) [3,472 / 5,972] Compiling modules/planning/math/smoothing_spline/spline_seg_kernel.cc
____(10-09 08:48:47.057) [3,662 / 6,403] Writing file modules/planning/tasks/rss/libdecider_rss.a-2.params
____(10-09 08:48:47.166) [3,719 / 6,551] Writing file modules/planning/navi/decider/libnavi_speed_decider.so-2.params
PASS: (10-09 08:48:52.816) //modules/perception/lib/utils:perception_time_util_test
PASS: (10-09 08:48:52.819) //modules/perception/common/graph:secure_matrix_test
PASS: (10-09 08:48:52.839) //modules/perception/common/graph:hungarian_optimizer_test
PASS: (10-09 08:48:52.855) //modules/perception/common/graph:conditional_clustering_test
____(10-09 08:48:52.894) [5,800 / 9,541] Linking modules/planning/math/libpolynomial_xd.so
PASS: (10-09 08:48:52.910) //modules/perception/base:box_test
PASS: (10-09 08:48:52.911) //modules/perception/common/geometry:basic_test
FAIL: (10-09 08:48:52.913) //modules/perception/base:common_test (see /home/mrb2/.cache/bazel/_bazel_mrb2/540135163923dd7d5820f3ee4b306b32/execroot/apollo/bazel-out/local-dbg/testlogs/modules/perception/base/common_test/test.log)
____(10-09 08:48:52.913) From Testing //modules/perception/base:common_test:
==================== Test output for //modules/perception/base:common_test:
/home/mrb2/.cache/bazel/_bazel_mrb2/540135163923dd7d5820f3ee4b306b32/execroot/apollo/bazel-out/local-dbg/bin/modules/perception/base/common_test.runfiles/apollo/modules/perception/base/common_test: error while loading shared libraries: libcuda.so.1: cannot open shared object file: No such file or directory
================================================================================
PASS: (10-09 08:48:52.918) //modules/perception/base:point_cloud_test
____(10-09 08:48:52.956) [5,826 / 9,543] Linking modules/routing/graph/librouting_topo_range.so
PASS: (10-09 08:48:52.998) //modules/planning/math:curve_math_test
PASS: (10-09 08:48:53.012) //modules/perception/common/geometry:convex_hull_2d_test
PASS: (10-09 08:48:53.018) //modules/planning/math/smoothing_spline:spline_1d_kernel_test
____(10-09 08:48:53.125) [5,874 / 9,546] Linking modules/perception/base/libobject.so
PASS: (10-09 08:48:53.167) //modules/perception/common/graph:disjoint_set_test
PASS: (10-09 08:48:53.169) //modules/perception/lidar/common:cloud_mask_test
PASS: (10-09 08:48:53.169) //modules/perception/common/image_processing:hough_transfer_test
____(10-09 08:48:53.193) [5,890 / 9,549] Linking external/yaml_cpp/libyaml.a
____(10-09 08:48:53.225) [5,899 / 9,550] Linking modules/perception/common/geometry/roi_filter_test
PASS: (10-09 08:48:53.242) //modules/perception/base:polynomial_test
PASS: (10-09 08:48:53.283) //modules/perception/common/geometry:camera_homography_test
PASS: (10-09 08:48:53.313) //modules/perception/base:camera_test
PASS: (10-09 08:48:53.378) //modules/perception/common/geometry:roi_filter_test
PASS: (10-09 08:48:53.391) //modules/perception/base:object_test
____(10-09 08:48:53.491) [5,969 / 9,554] Linking cyber/transport/libsegment.a
PASS: (10-09 08:48:53.812) //modules/planning/math/smoothing_spline:spline_2d_kernel_test
____(10-09 08:48:53.849) From Generating Descriptor Set proto_library //modules/perception/proto:perception_proto_lib:
modules/perception/proto/perception_camera.proto: warning: Import modules/common/proto/error_code.proto but not used.
____(10-09 08:48:54.382) [6,197 / 9,720] Generating Descriptor Set proto_library //modules/perception/lidar/lib/segmentation/ncut/proto:ncut_param_proto_lib
____(10-09 08:48:54.448) [6,223 / 9,720] Linking modules/perception/onboard/proto/libradar_component_config_proto_lib.a
____(10-09 08:48:54.605) [6,262 / 9,720] Linking modules/perception/proto/libhm_tracker_config_proto_lib.a
____(10-09 08:48:55.097) [6,323 / 9,720] Linking modules/perception/lidar/lib/segmentation/ncut/proto/libncut_param_proto_lib.a
____(10-09 08:48:55.851) [6,472 / 9,720] Compiling modules/drivers/gnss/proto/config.pb.cc
____(10-09 08:48:56.991) [6,554 / 9,720] Compiling modules/planning/proto/decider_config.pb.cc
____(10-09 08:48:57.621) [6,638 / 9,720] Linking modules/planning/proto/libpiecewise_jerk_speed_config_proto_lib.a
____(10-09 08:48:57.823) [6,678 / 9,720] Generating C++ proto_library //modules/prediction/proto:scenario_proto_lib
____(10-09 08:48:57.994) From Generating C++ proto_library //modules/perception/proto:perception_proto_lib:
modules/perception/proto/perception_camera.proto: warning: Import modules/common/proto/error_code.proto but not used.
____(10-09 08:48:58.246) [6,732 / 9,720] Linking modules/common/adapters/proto/libadapter_config_proto_lib.a
____(10-09 08:48:58.429) [6,752 / 9,720] Linking modules/prediction/proto/libprediction_point_proto_lib.so
____(10-09 08:48:59.396) [6,814 / 9,720] Compiling modules/planning/math/smoothing_spline/active_set_spline_2d_solver.cc
PASS: (10-09 08:48:59.533) //modules/planning/math/smoothing_spline:piecewise_linear_kernel_test
PASS: (10-09 08:48:59.560) //modules/planning/math/smoothing_spline:spline_1d_constraint_test
PASS: (10-09 08:48:59.626) //modules/planning/math/curve1d:cubic_polynomial_curve1d_test
PASS: (10-09 08:48:59.635) //modules/planning/math/smoothing_spline:piecewise_linear_constraint_test
PASS: (10-09 08:48:59.878) //modules/planning/math/curve1d:quintic_polynomial_curve1d_test
PASS: (10-09 08:48:59.905) //modules/planning/math/curve1d:quartic_polynomial_curve1d_test
PASS: (10-09 08:49:00.096) //modules/prediction/common:prediction_thread_pool_test
PASS: (10-09 08:49:00.301) //modules/planning/math/smoothing_spline:osqp_spline_1d_solver_test
____(10-09 08:49:00.305) [6,897 / 9,729] Compiling cyber/proto/qos_profile.pb.cc
PASS: (10-09 08:49:00.419) //modules/planning/math/smoothing_spline:active_set_spline_1d_solver_test
____(10-09 08:49:00.562) [6,910 / 9,730] Linking cyber/transport/libnotifier_factory.a
PASS: (10-09 08:49:00.582) //modules/planning/math/smoothing_spline:osqp_spline_2d_solver_test
PASS: (10-09 08:49:00.749) //modules/planning/math/smoothing_spline:active_set_spline_2d_solver_test
____(10-09 08:49:00.954) [6,954 / 9,731] Compiling cyber/scheduler/policy/scheduler_classic.cc
____(10-09 08:49:01.524) [7,003 / 9,731] Compiling cyber/service_discovery/specific_manager/node_manager.cc
____(10-09 08:49:01.792) [7,018 / 9,731] Compiling cyber/transport/transport.cc
____(10-09 08:49:02.781) [7,067 / 9,731] Compiling modules/common/util/http_client.cc
PASS: (10-09 08:49:03.411) //modules/planning/tuning/speed_model:autotuning_speed_feature_builder_test
____(10-09 08:49:04.696) [7,174 / 9,732] Compiling modules/drivers/proto/radar.pb.cc
____(10-09 08:49:05.677) [7,224 / 9,732] Compiling modules/canbus/proto/chassis_detail.pb.cc
PASS: (10-09 08:49:07.483) //modules/planning/math/curve1d:piecewise_quintic_spiral_path_test
____(10-09 08:49:07.681) [7,308 / 9,733] Compiling modules/map/tools/quaternion_euler.cc
PASS: (10-09 08:49:08.342) //modules/planning/common:indexed_queue_test
PASS: (10-09 08:49:08.491) //modules/planning/common/path:discretized_path_test
PASS: (10-09 08:49:08.747) //modules/planning/common:indexed_list_test
____(10-09 08:49:09.640) [7,385 / 9,736] Compiling modules/perception/proto/traffic_light_detection.pb.cc
____(10-09 08:49:09.670) [7,386 / 9,736] Compiling modules/perception/proto/perception_camera.pb.cc
PASS: (10-09 08:49:10.643) //modules/prediction/common:validation_checker_test
____(10-09 08:49:10.708) [7,417 / 9,737] Compiling modules/map/tools/map_xysl.cc
____(10-09 08:49:11.101) [7,427 / 9,737] Linking modules/v2x/proto/libv2x_service_car_to_obu_grpc.a
____(10-09 08:49:11.134) [7,430 / 9,737] Compiling modules/prediction/proto/feature.pb.cc
____(10-09 08:49:11.203) [7,434 / 9,737] Linking modules/prediction/container/pose/pose_container_test
PASS: (10-09 08:49:11.358) //modules/prediction/container/pose:pose_container_test
____(10-09 08:49:11.396) [7,443 / 9,738] Compiling modules/routing/topo_creator/node_creator.cc
PASS: (10-09 08:49:14.286) //modules/routing/topo_creator:graph_creator_test
____(10-09 08:49:14.288) [7,512 / 9,739] Compiling modules/planning/open_space/coarse_trajectory_generator/grid_search.cc
____(10-09 08:49:15.480) [7,535 / 9,739] Compiling modules/planning/proto/planning_internal.pb.cc
____(10-09 08:49:15.911) [7,547 / 9,739] Linking modules/planning/proto/libplanner_open_space_config_proto_lib.a
____(10-09 08:49:16.078) [7,557 / 9,739] Linking modules/map/pnc_map/libpath.a
____(10-09 08:49:17.682) [7,607 / 9,739] Compiling modules/planning/reference_line/spiral_reference_line_smoother.cc
____(10-09 08:49:18.096) [7,627 / 9,739] Compiling modules/planning/reference_line/discrete_points_reference_line_smoother.cc
____(10-09 08:49:19.318) [7,654 / 9,739] Linking modules/map/tools/refresh_default_end_way_point
____(10-09 08:49:19.359) [7,656 / 9,739] Linking modules/prediction/container/obstacles/obstacle_clusters_test
PASS: (10-09 08:49:20.679) //modules/prediction/container/obstacles:obstacle_clusters_test
PASS: (10-09 08:49:20.955) //modules/prediction/common:road_graph_test
PASS: (10-09 08:49:21.062) //modules/prediction/common:prediction_util_test
PASS: (10-09 08:49:21.234) //modules/prediction/common:junction_analyzer_test
PASS: (10-09 08:49:21.241) //modules/prediction/common:prediction_map_test
____(10-09 08:49:21.266) [7,693 / 9,744] Linking modules/planning/reference_line/libqp_spline_reference_line_smoother.a
____(10-09 08:49:21.747) [7,705 / 9,744] Compiling modules/planning/common/open_space_info.cc
____(10-09 08:49:22.457) [7,716 / 9,744] Compiling modules/prediction/container/adc_trajectory/adc_trajectory_container.cc
PASS: (10-09 08:49:24.912) //modules/planning/open_space/trajectory_smoother:dual_variable_warm_start_problem_test
____(10-09 08:49:25.291) [7,789 / 9,747] Linking modules/planning/common/libopen_space_info.so
PASS: (10-09 08:49:25.531) //modules/planning/open_space/trajectory_smoother:dual_variable_warm_start_osqp_interface_test
PASS: (10-09 08:49:26.186) //modules/planning/reference_line:qp_spline_reference_line_smoother_test
PASS: (10-09 08:49:26.481) //modules/planning/common/trajectory:publishable_trajectory_test
PASS: (10-09 08:49:26.532) //modules/planning/reference_line:discrete_points_reference_line_smoother_test
____(10-09 08:49:26.668) [7,816 / 9,751] Linking modules/prediction/container/adc_trajectory/adc_trajectory_container_test
PASS: (10-09 08:49:26.808) //modules/planning/common/trajectory:discretized_trajectory_test
PASS: (10-09 08:49:27.058) //modules/planning/open_space/trajectory_smoother:dual_variable_warm_start_ipopt_interface_test
____(10-09 08:49:27.376) [7,827 / 9,755] Linking modules/planning/common/open_space_info_test
PASS: (10-09 08:49:27.691) //modules/planning/open_space/trajectory_smoother:distance_approach_problem_test
PASS: (10-09 08:49:27.708) //modules/planning/open_space/trajectory_smoother:distance_approach_ipopt_interface_test
PASS: (10-09 08:49:27.791) //modules/planning/open_space/trajectory_smoother:distance_approach_ipopt_cuda_interface_test
PASS: (10-09 08:49:27.884) //modules/planning/common/path:frenet_frame_path_test
PASS: (10-09 08:49:27.986) //modules/planning/common/speed:st_boundary_test
PASS: (10-09 08:49:27.991) //modules/prediction/container/adc_trajectory:adc_trajectory_container_test
PASS: (10-09 08:49:28.432) //modules/planning/common:st_graph_data_test
PASS: (10-09 08:49:28.643) //modules/planning/common:open_space_info_test
PASS: (10-09 08:49:28.711) //modules/planning/common:obstacle_test
PASS: (10-09 08:49:28.891) //modules/planning/common:speed_limit_test
____(10-09 08:49:29.788) [7,876 / 9,762] Compiling modules/tools/visualizer/moc_grid.cpp
____(10-09 08:49:31.130) [7,894 / 9,762] Compiling modules/perception/lidar/lib/classifier/fused_classifier/util.cc
____(10-09 08:49:33.738) [7,913 / 9,762] Compiling modules/perception/common/graph/graph_segmentor.cc
____(10-09 08:49:37.202) [7,944 / 9,762] SkylarkAction modules/perception/inference/tensorrt/plugins/libperception_inference_tensorrt_plugins_slice_cuda.so
____(10-09 08:49:37.325) [7,949 / 9,762] Compiling modules/perception/camera/test/camera_lib_calibrator_common_histogram_estimator_test.cc
____(10-09 08:49:40.158) [7,982 / 9,762] Compiling modules/perception/lib/thread/thread_test.cc
____(10-09 08:49:41.035) [7,995 / 9,762] Compiling modules/perception/lib/thread/thread.cc
____(10-09 08:49:41.098) [7,999 / 9,762] Compiling modules/map/tools/map_datachecker/server/pj_transformer.cc
____(10-09 08:49:41.402) [8,007 / 9,762] Compiling modules/map/tools/map_datachecker/server/laps_checker.cc
____(10-09 08:49:41.821) [8,015 / 9,762] Compiling modules/map/tools/map_datachecker/server/main.cc
____(10-09 08:49:46.441) [8,026 / 9,762] Linking modules/transform/libtf2_buffer_lib.a
____(10-09 08:49:47.005) [8,033 / 9,762] Compiling modules/map/tools/map_datachecker/server/common.cc
____(10-09 08:49:50.926) [8,068 / 9,762] Compiling modules/perception/lidar/lib/scene_manager/ground_service/ground_service.cc
____(10-09 08:49:52.274) [8,083 / 9,762] Compiling modules/perception/common/sensor_manager/sensor_manager.cc
____(10-09 08:49:54.599) [8,135 / 9,762] Linking modules/map/tools/map_datachecker/client/libclient.a
PASS: (10-09 08:49:55.423) //modules/planning/reference_line:spiral_reference_line_smoother_test
____(10-09 08:49:56.983) [8,177 / 9,762] Compiling modules/perception/lidar/lib/tracker/common/tracked_object.cc
____(10-09 08:49:58.472) [8,208 / 9,762] Compiling modules/perception/radar/lib/preprocessor/conti_ars_preprocessor/conti_ars_preprocessor_test.cc
____(10-09 08:49:59.462) [8,222 / 9,762] Compiling modules/perception/radar/lib/tracker/matcher/hm_matcher_test.cc
____(10-09 08:50:01.237) [8,245 / 9,762] Compiling modules/perception/radar/lib/interface/base_matcher.cc
____(10-09 08:50:01.368) [8,249 / 9,762] Compiling modules/perception/radar/lib/dummy/dummy_algorithms_test.cc
____(10-09 08:50:01.530) [8,253 / 9,762] Linking modules/perception/lidar/lib/tracker/multi_lidar_fusion/libmlf_motion_filter.so
____(10-09 08:50:01.840) [8,258 / 9,762] Compiling modules/perception/radar/app/radar_obstacle_perception.cc
____(10-09 08:50:02.263) [8,264 / 9,762] Compiling modules/perception/lidar/lib/segmentation/ncut/common/flood_fill.cc
____(10-09 08:50:03.165) [8,278 / 9,762] Compiling modules/perception/lidar/lib/tracker/multi_lidar_fusion/mlf_tracker.cc
____(10-09 08:50:03.939) [8,296 / 9,762] Compiling modules/perception/lidar/lib/segmentation/cnnseg/spp_engine/spp_cluster_list.cc
____(10-09 08:50:06.633) [8,347 / 9,762] Compiling modules/perception/lidar/lib/segmentation/ncut/ncut_segmentation.cc
____(10-09 08:50:06.976) [8,355 / 9,762] Compiling modules/perception/lidar/lib/ground_detector/spatio_temporal_ground_detector/spatio_temporal_ground_detector_test.cc
____(10-09 08:50:07.610) [8,367 / 9,762] Linking modules/perception/radar/lib/detector/conti_ars_detector/libconti_ars_detector.a
____(10-09 08:50:07.876) [8,370 / 9,762] Compiling modules/perception/lidar/lib/dummy/dummy_multi_target_tracker.cc
____(10-09 08:50:08.093) [8,373 / 9,762] Linking modules/perception/lidar/lib/classifier/fused_classifier/libccrf_type_fusion.a
____(10-09 08:50:09.829) [8,390 / 9,762] Linking modules/perception/lidar/lib/tracker/multi_lidar_fusion/libmlf_engine.a
____(10-09 08:50:10.084) From Compiling modules/perception/lidar/tools/exporter/msg_exporter_main.cc:
In file included from ./modules/perception/lidar/tools/exporter/msg_exporter.h:25:0,
                 from modules/perception/lidar/tools/exporter/msg_exporter_main.cc:22:
./modules/perception/lidar/common/pcl_util.h:49:13: warning: 'bool apollo::perception::lidar::LoadPCLPCD(const string&, apollo::perception::base::PointFCloud*)' defined but not used [-Wunused-function]
 static bool LoadPCLPCD(const std::string& file_path,
             ^
____(10-09 08:50:10.361) [8,400 / 9,762] Compiling modules/perception/lidar/app/lidar_obstacle_segmentation.cc
____(10-09 08:50:10.817) [8,408 / 9,762] Compiling modules/perception/fusion/common/camera_util.cc
____(10-09 08:50:11.073) [8,412 / 9,762] Compiling modules/perception/fusion/base/sensor_test.cc
____(10-09 08:50:12.225) [8,422 / 9,762] Linking modules/perception/lidar/lib/dummy/libdummy_algorithms.a
____(10-09 08:50:14.467) [8,460 / 9,762] Compiling modules/perception/fusion/lib/dummy/dummy_algorithms_test.cc
____(10-09 08:50:15.270) From Compiling modules/perception/lidar/lib/segmentation/ncut/ncut_segmentation.cc:
In file included from ./modules/perception/lidar/lib/segmentation/ncut/ncut_segmentation.h:28:0,
                 from modules/perception/lidar/lib/segmentation/ncut/ncut_segmentation.cc:17:
./modules/perception/lidar/common/pcl_util.h:49:13: warning: 'bool apollo::perception::lidar::LoadPCLPCD(const string&, apollo::perception::base::PointFCloud*)' defined but not used [-Wunused-function]
 static bool LoadPCLPCD(const std::string& file_path,
             ^
____(10-09 08:50:15.665) [8,476 / 9,762] Compiling modules/perception/fusion/lib/data_fusion/tracker/pbf_tracker/pbf_tracker.cc
____(10-09 08:50:17.522) [8,498 / 9,762] Compiling modules/perception/fusion/base/sensor_object.cc
____(10-09 08:50:18.659) [8,513 / 9,762] Linking modules/perception/camera/lib/traffic_light/preprocessor/libpose.so
____(10-09 08:50:19.139) [8,526 / 9,762] Linking modules/perception/fusion/app/libobstacle_multi_sensor_fusion.so
____(10-09 08:50:19.277) [8,533 / 9,762] Compiling modules/perception/inference/tools/lane_sample.cc
____(10-09 08:50:20.371) [8,548 / 9,762] Compiling modules/perception/inference/tensorrt/rt_net.cc
____(10-09 08:50:20.937) [8,554 / 9,762] Compiling modules/perception/camera/test/camera_common_veh_template_test.cc
____(10-09 08:50:21.032) [8,557 / 9,762] Compiling modules/perception/camera/common/util.cc
____(10-09 08:50:21.318) From Compiling modules/perception/lidar/tools/exporter/msg_exporter.cc:
In file included from ./modules/perception/lidar/tools/exporter/msg_exporter.h:25:0,
                 from modules/perception/lidar/tools/exporter/msg_exporter.cc:16:
./modules/perception/lidar/common/pcl_util.h:49:13: warning: 'bool apollo::perception::lidar::LoadPCLPCD(const string&, apollo::perception::base::PointFCloud*)' defined but not used [-Wunused-function]
 static bool LoadPCLPCD(const std::string& file_path,
             ^
____(10-09 08:50:25.344) [8,620 / 9,762] Compiling modules/perception/camera/app/traffic_light_camera_perception.cc
____(10-09 08:50:26.754) [8,627 / 9,762] Linking modules/perception/camera/lib/obstacle/postprocessor/location_refiner/libobj_postprocessor.a
____(10-09 08:50:28.219) [8,654 / 9,762] Linking modules/perception/camera/app/libtraffic_light_camera_perception.so
____(10-09 08:50:28.220) From Compiling modules/perception/lidar/lib/segmentation/cnnseg/cnn_segmentation.cc:
In file included from ./modules/perception/lidar/lib/segmentation/ncut/ncut_segmentation.h:28:0,
                 from modules/perception/lidar/lib/segmentation/cnnseg/cnn_segmentation.cc:29:
./modules/perception/lidar/common/pcl_util.h:49:13: warning: 'bool apollo::perception::lidar::LoadPCLPCD(const string&, apollo::perception::base::PointFCloud*)' defined but not used [-Wunused-function]
 static bool LoadPCLPCD(const std::string& file_path,
             ^
____(10-09 08:50:28.330) [8,658 / 9,762] Linking modules/perception/lidar/lib/segmentation/cnnseg/libcnn_segmentation.so
____(10-09 08:50:28.578) [8,661 / 9,762] Compiling modules/perception/camera/test/camera_lib_obstacle_detector_yolo_yolo_obstacle_detector_test.cc
____(10-09 08:50:31.137) [8,681 / 9,762] Compiling modules/perception/camera/test/camera_lib_lane_detector_darkscnn_lane_detector_test.cc
____(10-09 08:50:31.233) [8,683 / 9,762] Compiling modules/perception/camera/lib/lane/detector/darkSCNN/darkSCNN_lane_detector.cc
____(10-09 08:50:31.724) [8,687 / 9,762] Linking modules/perception/camera/lib/obstacle/tracker/omt/libobstacle_reference.a
____(10-09 08:50:31.773) [8,689 / 9,762] Compiling modules/perception/camera/lib/calibrator/laneline/laneline_calibrator.cc
____(10-09 08:50:33.958) [8,709 / 9,762] Compiling modules/perception/camera/tools/lane_detection/lane_common.cc
____(10-09 08:50:34.905) [8,722 / 9,762] Compiling modules/perception/camera/test/camera_app_obstacle_camera_perception_test.cc
____(10-09 08:50:35.536) [8,745 / 9,762] Linking modules/perception/camera/lib/calibration_service/online_calibration_service/libonline_calibration_service.a
____(10-09 08:50:35.622) [8,748 / 9,762] Compiling modules/perception/onboard/component/lane_detection_component.cc
____(10-09 08:50:39.768) [8,783 / 9,762] Compiling modules/prediction/util/data_extraction.cc
____(10-09 08:50:41.241) [8,809 / 9,762] Compiling modules/prediction/network/net_layer_test.cc
____(10-09 08:50:41.441) [8,820 / 9,762] Compiling modules/planning/tuning/speed_model/autotuning_speed_mlp_model.cc
____(10-09 08:50:42.373) [8,840 / 9,762] Compiling modules/prediction/predictor/empty/empty_predictor.cc
____(10-09 08:50:43.446) [8,857 / 9,762] Compiling modules/prediction/evaluator/vehicle/mlp_evaluator.cc
____(10-09 08:50:44.833) [8,872 / 9,762] Compiling modules/prediction/evaluator/vehicle/mlp_evaluator_test.cc
____(10-09 08:50:49.403) [8,923 / 9,762] Linking modules/perception/camera/lib/lane/postprocessor/darkSCNN/libdarkSCNN_lane_postprocessor.a
____(10-09 08:50:49.714) [8,925 / 9,762] Linking modules/prediction/container/obstacles/libobstacle.a
____(10-09 08:50:50.916) [8,940 / 9,762] Compiling modules/prediction/evaluator/vehicle/junction_map_evaluator.cc
____(10-09 08:50:54.290) [8,963 / 9,762] Linking modules/prediction/evaluator/pedestrian/libpedestrian_interaction_evaluator.a
____(10-09 08:50:55.642) [8,978 / 9,762] Linking modules/prediction/evaluator/vehicle/libjunction_mlp_evaluator.a
____(10-09 08:50:56.544) [8,987 / 9,762] Linking modules/prediction/predictor/interaction/libinteraction_predictor.a
____(10-09 08:50:59.430) [9,021 / 9,762] Linking modules/prediction/evaluator/libevaluator_manager.a
____(10-09 08:50:59.591) [9,024 / 9,762] Linking modules/prediction/evaluator/vehicle/libjunction_map_evaluator.so
____(10-09 08:50:59.781) [9,033 / 9,762] Compiling modules/map/relative_map/tools/navigation_dummy.cc
____(10-09 08:51:03.365) [9,067 / 9,762] Compiling modules/routing/graph/topo_range_test.cc
____(10-09 08:51:04.891) [9,096 / 9,762] Compiling modules/planning/common/frame_test.cc
____(10-09 08:51:06.975) [9,105 / 9,762] Linking modules/monitor/software/libsummary_monitor.a
____(10-09 08:51:07.460) [9,110 / 9,762] Compiling modules/planning/tasks/optimizers/path_time_heuristic/gridded_path_time_graph_test.cc
____(10-09 08:51:08.017) [9,117 / 9,762] Compiling modules/planning/tasks/optimizers/path_time_heuristic/dp_st_cost.cc
____(10-09 08:51:08.166) [9,119 / 9,762] Compiling modules/planning/common/speed_profile_generator_test.cc
____(10-09 08:51:11.220) [9,135 / 9,762] Compiling modules/planning/lattice/behavior/path_time_graph.cc
____(10-09 08:51:11.413) [9,138 / 9,762] Compiling modules/planning/open_space/coarse_trajectory_generator/node3d.cc
____(10-09 08:51:13.778) [9,158 / 9,762] Compiling modules/planning/tasks/optimizers/open_space_trajectory_generation/open_space_trajectory_optimizer_test.cc
____(10-09 08:51:15.161) [9,169 / 9,762] Compiling modules/planning/constraint_checker/collision_checker.cc
____(10-09 08:51:15.466) [9,170 / 9,762] Compiling modules/planning/tasks/deciders/speed_bounds_decider/st_boundary_mapper_test.cc
____(10-09 08:51:18.881) [9,201 / 9,762] Compiling modules/planning/traffic_rules/change_lane.cc
____(10-09 08:51:21.300) [9,212 / 9,762] Linking modules/planning/constraint_checker/libcollision_checker.a
____(10-09 08:51:21.484) [9,223 / 9,762] Compiling modules/planning/navi/decider/navi_speed_ts_graph.cc
____(10-09 08:51:23.841) [9,243 / 9,762] Linking modules/map/relative_map/librelative_map_component_lib.so
____(10-09 08:51:23.891) [9,245 / 9,762] Compiling modules/planning/navi/decider/navi_path_decider.cc
____(10-09 08:51:24.986) [9,251 / 9,762] Compiling modules/planning/tasks/optimizers/path_optimizer.cc
____(10-09 08:51:27.587) [9,266 / 9,762] Linking modules/planning/traffic_rules/libtraffic_decider.a
____(10-09 08:51:30.265) [9,281 / 9,762] Compiling modules/planning/tasks/deciders/open_space_decider/open_space_roi_decider_test.cc
____(10-09 08:51:31.047) [9,297 / 9,762] Compiling modules/planning/tasks/deciders/open_space_decider/open_space_fallback_decider.cc
____(10-09 08:51:33.479) [9,315 / 9,762] Linking modules/planning/tasks/optimizers/open_space_trajectory_partition/libopen_space_trajectory_partition.so
____(10-09 08:51:34.586) [9,334 / 9,762] Linking modules/planning/tasks/optimizers/open_space_trajectory_generation/libopen_space_trajectory_provider.a
____(10-09 08:51:37.232) [9,351 / 9,762] Linking modules/planning/tasks/deciders/open_space_decider/libopen_space_fallback_decider.a
____(10-09 08:51:38.445) [9,364 / 9,762] Compiling modules/planning/scenarios/traffic_light/protected/traffic_light_protected_scenario_test.cc
____(10-09 08:51:39.520) [9,371 / 9,762] Compiling modules/planning/scenarios/traffic_light/protected/traffic_light_protected_scenario.cc
____(10-09 08:51:39.895) [9,378 / 9,762] Compiling modules/planning/scenarios/stop_sign/unprotected/stage_creep.cc
____(10-09 08:51:40.224) [9,383 / 9,762] Compiling modules/planning/scenarios/stop_sign/unprotected/stage_stop.cc
____(10-09 08:51:43.221) [9,394 / 9,762] Linking modules/planning/scenarios/traffic_light/unprotected_right_turn/libtraffic_light_unprotected_right_turn_scenario.a
____(10-09 08:51:44.490) [9,404 / 9,762] Compiling modules/planning/scenarios/park/pull_over/stage_approach.cc
____(10-09 08:51:45.664) [9,409 / 9,762] Compiling modules/planning/scenarios/lane_follow/lane_follow_scenario.cc
____(10-09 08:51:45.748) [9,411 / 9,762] Compiling modules/planning/scenarios/bare_intersection/unprotected/bare_intersection_unprotected_scenario_test.cc
____(10-09 08:51:46.041) [9,414 / 9,762] Compiling modules/planning/planner/public_road/public_road_planner_test.cc
____(10-09 08:51:49.467) [9,427 / 9,762] Compiling modules/planning/on_lane_planning.cc
____(10-09 08:51:50.856) [9,436 / 9,762] Compiling modules/planning/planner/navi_planner_dispatcher.cc
____(10-09 08:51:52.320) [9,450 / 9,762] Compiling modules/planning/scenarios/scenario.cc
____(10-09 08:51:56.981) [9,473 / 9,762] Linking modules/planning/planner/libplanner_dispatcher.a
____(10-09 08:51:57.537) [9,491 / 9,766] Writing file modules/v2x/v2x_proxy/obu_interface/grpc_interface/grpc_client_test-2.params
____(10-09 08:51:57.603) [9,498 / 9,772] Testing //modules/planning/math/smoothing_spline:spline_2d_constraint_test
PASS: (10-09 08:51:57.658) //modules/planning/math/smoothing_spline:spline_2d_constraint_test
____(10-09 08:52:02.109) [9,542 / 9,772] Linking modules/routing/tools/routing_dump
____(10-09 08:52:02.202) [9,547 / 9,772] Linking modules/third_party_perception/libthird_party_perception_component.so
____(10-09 08:52:02.270) [9,551 / 9,773] Linking modules/routing/graph/topo_graph_test
____(10-09 08:52:02.398) [9,559 / 9,774] Linking modules/planning/scenarios/traffic_light/unprotected_right_turn/traffic_light_right_turn_unprotected_scenario_test
PASS: (10-09 08:52:02.564) //modules/v2x/v2x_proxy/obu_interface/grpc_interface:grpc_client_test
PASS: (10-09 08:52:02.631) //modules/v2x/v2x_proxy/obu_interface:obu_interface_grpc_impl_test
PASS: (10-09 08:52:02.684) //modules/transform:static_transform_component_test
PASS: (10-09 08:52:03.173) //modules/routing/graph:topo_range_test
PASS: (10-09 08:52:03.321) //modules/routing/graph:topo_node_test
PASS: (10-09 08:52:03.357) //modules/routing/graph:topo_graph_test
PASS: (10-09 08:52:03.537) //modules/routing/graph:sub_topo_graph_test
PASS: (10-09 08:52:03.756) //modules/prediction/scenario/scenario_features:cruise_scenario_features_test
PASS: (10-09 08:52:04.417) //modules/planning/tuning:autotuning_raw_feature_generator_test
PASS: (10-09 08:52:04.882) //modules/planning/scenarios/traffic_light/unprotected_right_turn:traffic_light_right_turn_unprotected_scenario_test
PASS: (10-09 08:52:05.393) //modules/planning/scenarios/traffic_light/protected:traffic_light_protected_scenario_test
PASS: (10-09 08:52:05.405) //modules/planning/scenarios/traffic_light/unprotected_left_turn:traffic_light_left_turn_unprotected_scenario_test
PASS: (10-09 08:52:05.817) //modules/planning/scenarios/park_and_go:stage_check_test
____(10-09 08:52:05.849) [9,598 / 9,792] Testing //modules/planning/scenarios/park/valet_parking:stage_approaching_parking_spot_test
PASS: (10-09 08:52:05.912) //modules/planning/scenarios/stop_sign/unprotected:stop_sign_unprotected_scenario_test
PASS: (10-09 08:52:06.035) //modules/planning/scenarios/park_and_go:park_and_go_scenario_test
____(10-09 08:52:06.552) [9,605 / 9,797] Testing //modules/planning/planner/rtk:rtk_replay_planner_test
PASS: (10-09 08:52:06.591) //modules/planning/scenarios/park/valet_parking:stage_parking_test
PASS: (10-09 08:52:06.607) //modules/planning/scenarios/park/valet_parking:valet_parking_scenario_test
PASS: (10-09 08:52:06.788) //modules/planning/scenarios/park/pull_over:stage_approach_test
PASS: (10-09 08:52:06.793) //modules/planning/scenarios/park/pull_over:pull_over_scenario_test
PASS: (10-09 08:52:06.821) //modules/planning/scenarios/park/valet_parking:stage_approaching_parking_spot_test
PASS: (10-09 08:52:07.294) //modules/planning/scenarios/narrow_street_u_turn:narrow_street_u_turn_scenario_test
PASS: (10-09 08:52:07.403) //modules/planning/scenarios/lane_follow:lane_follow_scenario_test
PASS: (10-09 08:52:07.621) //modules/planning/scenarios/bare_intersection/unprotected:bare_intersection_unprotected_scenario_test
PASS: (10-09 08:52:07.720) //modules/planning/planner/rtk:rtk_replay_planner_test
PASS: (10-09 08:52:07.745) //modules/planning/planner/public_road:public_road_planner_test
PASS: (10-09 08:52:07.931) //modules/planning/tasks/rss:decider_rss_test
PASS: (10-09 08:52:08.030) //modules/planning/tasks/optimizers/path_time_heuristic:gridded_path_time_graph_test
PASS: (10-09 08:52:08.126) //modules/planning/planner/navi:navi_planner_test
PASS: (10-09 08:52:08.273) //modules/planning/planner:on_lane_planner_dispatcher_test
PASS: (10-09 08:52:08.451) //modules/planning/tasks/optimizers/open_space_trajectory_partition:open_space_trajectory_partition_test
PASS: (10-09 08:52:08.475) //modules/planning/planner:navi_planner_dispatcher_test
PASS: (10-09 08:52:08.651) //modules/planning/tasks/optimizers/open_space_trajectory_generation:open_space_trajectory_provider_test
PASS: (10-09 08:52:08.690) //modules/planning/tasks/optimizers/open_space_trajectory_generation:open_space_trajectory_optimizer_test
PASS: (10-09 08:52:08.696) //modules/planning/tasks/deciders/speed_bounds_decider:st_boundary_mapper_test
PASS: (10-09 08:52:08.745) //modules/planning/tasks/deciders/speed_bounds_decider:speed_limit_decider_test
____(10-09 08:52:09.123) [9,643 / 9,812] Linking modules/prediction/predictor/regional/regional_predictor_test
PASS: (10-09 08:52:09.143) //modules/planning/tasks/deciders/open_space_decider:open_space_roi_decider_test
PASS: (10-09 08:52:09.143) //modules/planning/tasks/deciders/path_bounds_decider:path_bounds_decider_test
PASS: (10-09 08:52:09.527) //modules/planning/tasks/deciders/open_space_decider:open_space_fallback_decider_test
PASS: (10-09 08:52:09.536) //modules/planning/tasks/deciders/creep_decider:creep_decider_test
____(10-09 08:52:09.621) [9,652 / 9,815] Linking modules/routing/librouting_component.so
PASS: (10-09 08:52:09.681) //modules/planning/open_space/coarse_trajectory_generator:reeds_shepp_path_test
____(10-09 08:52:09.712) [9,655 / 9,817] Testing //modules/prediction/scenario/analyzer:scenario_analyzer_test
PASS: (10-09 08:52:10.042) //modules/planning/open_space/coarse_trajectory_generator:node3d_test
____(10-09 08:52:10.073) [9,660 / 9,821] Testing //modules/prediction/scenario:scenario_manager_test
PASS: (10-09 08:52:10.171) //modules/prediction/scenario/analyzer:scenario_analyzer_test
PASS: (10-09 08:52:10.206) //modules/planning/navi/decider:navi_decider_test
PASS: (10-09 08:52:10.296) //modules/planning/open_space/coarse_trajectory_generator:hybrid_a_star_test
PASS: (10-09 08:52:10.343) //modules/planning/common:speed_profile_generator_test
PASS: (10-09 08:52:10.425) //modules/prediction/scenario/feature_extractor:feature_extractor_test
PASS: (10-09 08:52:10.468) //modules/planning/common:frame_test
PASS: (10-09 08:52:10.572) //modules/prediction/scenario:scenario_manager_test
PASS: (10-09 08:52:10.581) //modules/planning/common:ego_info_test
PASS: (10-09 08:52:10.751) //modules/prediction/predictor/sequence:sequence_predictor_test
PASS: (10-09 08:52:10.768) //modules/prediction/predictor/single_lane:single_lane_predictor_test
PASS: (10-09 08:52:10.870) //modules/prediction/predictor/regional:regional_predictor_test
PASS: (10-09 08:52:10.940) //modules/prediction/predictor/lane_sequence:lane_sequence_predictor_test
PASS: (10-09 08:52:11.068) //modules/prediction/predictor/move_sequence:move_sequence_predictor_test
PASS: (10-09 08:52:11.211) //modules/prediction/predictor/interaction:interaction_predictor_test
PASS: (10-09 08:52:11.240) //modules/prediction/network/rnn_model:rnn_model_test
PASS: (10-09 08:52:11.242) //modules/prediction/network:net_util_test
PASS: (10-09 08:52:11.371) //modules/prediction/network:net_layer_test
PASS: (10-09 08:52:11.425) //modules/prediction/predictor/free_move:free_move_predictor_test
PASS: (10-09 08:52:11.453) //modules/prediction/predictor/empty:empty_predictor_test
PASS: (10-09 08:52:11.690) //modules/prediction/predictor/junction:junction_predictor_test
PASS: (10-09 08:52:11.752) //modules/prediction/evaluator/vehicle:rnn_evaluator_test
PASS: (10-09 08:52:11.772) //modules/prediction/evaluator/vehicle:mlp_evaluator_test
____(10-09 08:52:11.964) [9,703 / 9,841] Testing //modules/prediction/evaluator/pedestrian:pedestrian_interaction_evaluator_test
PASS: (10-09 08:52:12.052) //modules/prediction/evaluator/vehicle:cost_evaluator_test
PASS: (10-09 08:52:12.462) //modules/prediction/common:environment_features_test
PASS: (10-09 08:52:12.554) //modules/prediction/container/obstacles:obstacles_container_test
PASS: (10-09 08:52:12.652) //modules/prediction/container/obstacles:obstacle_test
PASS: (10-09 08:52:12.731) //modules/prediction/evaluator/vehicle:junction_mlp_evaluator_test
PASS: (10-09 08:52:12.754) //modules/prediction/container:container_manager_test
PASS: (10-09 08:52:12.921) //modules/planning/tuning/speed_model:autotuning_speed_mlp_model_test
PASS: (10-09 08:52:12.956) //modules/prediction/evaluator/vehicle:cruise_mlp_evaluator_test
PASS: (10-09 08:52:12.956) //modules/prediction/common:feature_output_test
PASS: (10-09 08:52:12.957) //modules/prediction/predictor:predictor_manager_test
PASS: (10-09 08:52:13.017) //modules/planning/tuning:autotuning_mlp_net_model_test
PASS: (10-09 08:52:13.037) //modules/prediction/evaluator/pedestrian:pedestrian_interaction_evaluator_test
FAIL: (10-09 08:52:13.056) //modules/perception/radar/lib/tracker/matcher:hm_matcher_test (see /home/mrb2/.cache/bazel/_bazel_mrb2/540135163923dd7d5820f3ee4b306b32/execroot/apollo/bazel-out/local-dbg/testlogs/modules/perception/radar/lib/tracker/matcher/hm_matcher_test/test.log)
____(10-09 08:52:13.056) From Testing //modules/perception/radar/lib/tracker/matcher:hm_matcher_test:
==================== Test output for //modules/perception/radar/lib/tracker/matcher:hm_matcher_test:
/home/mrb2/.cache/bazel/_bazel_mrb2/540135163923dd7d5820f3ee4b306b32/execroot/apollo/bazel-out/local-dbg/bin/modules/perception/radar/lib/tracker/matcher/hm_matcher_test.runfiles/apollo/modules/perception/radar/lib/tracker/matcher/hm_matcher_test: error while loading shared libraries: libcuda.so.1: cannot open shared object file: No such file or directory
================================================================================
PASS: (10-09 08:52:13.070) //modules/prediction/evaluator/cyclist:cyclist_keep_lane_evaluator_test
FAIL: (10-09 08:52:13.142) //modules/perception/radar/lib/tracker/filter:adaptive_kalman_filter_test (see /home/mrb2/.cache/bazel/_bazel_mrb2/540135163923dd7d5820f3ee4b306b32/execroot/apollo/bazel-out/local-dbg/testlogs/modules/perception/radar/lib/tracker/filter/adaptive_kalman_filter_test/test.log)
____(10-09 08:52:13.142) From Testing //modules/perception/radar/lib/tracker/filter:adaptive_kalman_filter_test:
==================== Test output for //modules/perception/radar/lib/tracker/filter:adaptive_kalman_filter_test:
/home/mrb2/.cache/bazel/_bazel_mrb2/540135163923dd7d5820f3ee4b306b32/execroot/apollo/bazel-out/local-dbg/bin/modules/perception/radar/lib/tracker/filter/adaptive_kalman_filter_test.runfiles/apollo/modules/perception/radar/lib/tracker/filter/adaptive_kalman_filter_test: error while loading shared libraries: libcuda.so.1: cannot open shared object file: No such file or directory
================================================================================
PASS: (10-09 08:52:13.290) //modules/prediction/evaluator:evaluator_manager_test
FAIL: (10-09 08:52:13.354) //modules/perception/radar/lib/tracker/conti_ars_tracker:conti_ars_tracker_test (see /home/mrb2/.cache/bazel/_bazel_mrb2/540135163923dd7d5820f3ee4b306b32/execroot/apollo/bazel-out/local-dbg/testlogs/modules/perception/radar/lib/tracker/conti_ars_tracker/conti_ars_tracker_test/test.log)
____(10-09 08:52:13.355) From Testing //modules/perception/radar/lib/tracker/conti_ars_tracker:conti_ars_tracker_test:
==================== Test output for //modules/perception/radar/lib/tracker/conti_ars_tracker:conti_ars_tracker_test:
/home/mrb2/.cache/bazel/_bazel_mrb2/540135163923dd7d5820f3ee4b306b32/execroot/apollo/bazel-out/local-dbg/bin/modules/perception/radar/lib/tracker/conti_ars_tracker/conti_ars_tracker_test.runfiles/apollo/modules/perception/radar/lib/tracker/conti_ars_tracker/conti_ars_tracker_test: error while loading shared libraries: libcuda.so.1: cannot open shared object file: No such file or directory
================================================================================
FAIL: (10-09 08:52:13.390) //modules/perception/radar/lib/tracker/common:radar_track_test (see /home/mrb2/.cache/bazel/_bazel_mrb2/540135163923dd7d5820f3ee4b306b32/execroot/apollo/bazel-out/local-dbg/testlogs/modules/perception/radar/lib/tracker/common/radar_track_test/test.log)
==================== Test output for //modules/perception/radar/lib/tracker/common:radar_track_test:
/home/mrb2/.cache/bazel/_bazel_mrb2/540135163923dd7d5820f3ee4b306b32/execroot/apollo/bazel-out/local-dbg/bin/modules/perception/radar/lib/tracker/common/radar_track_test.runfiles/apollo/modules/perception/radar/lib/tracker/common/radar_track_test: error while loading shared libraries: libcuda.so.1: cannot open shared object file: No such file or directory
================================================================================
____(10-09 08:52:13.390) From Testing //modules/perception/radar/lib/tracker/common:radar_track_test:
FAIL: (10-09 08:52:13.396) //modules/perception/radar/lib/tracker/conti_ars_tracker:conti_ars_tracker_empty_test (see /home/mrb2/.cache/bazel/_bazel_mrb2/540135163923dd7d5820f3ee4b306b32/execroot/apollo/bazel-out/local-dbg/testlogs/modules/perception/radar/lib/tracker/conti_ars_tracker/conti_ars_tracker_empty_test/test.log)
____(10-09 08:52:13.396) From Testing //modules/perception/radar/lib/tracker/conti_ars_tracker:conti_ars_tracker_empty_test:
==================== Test output for //modules/perception/radar/lib/tracker/conti_ars_tracker:conti_ars_tracker_empty_test:
/home/mrb2/.cache/bazel/_bazel_mrb2/540135163923dd7d5820f3ee4b306b32/execroot/apollo/bazel-out/local-dbg/bin/modules/perception/radar/lib/tracker/conti_ars_tracker/conti_ars_tracker_empty_test.runfiles/apollo/modules/perception/radar/lib/tracker/conti_ars_tracker/conti_ars_tracker_empty_test: error while loading shared libraries: libcuda.so.1: cannot open shared object file: No such file or directory
================================================================================
FAIL: (10-09 08:52:13.413) //modules/perception/radar/lib/tracker/common:radar_track_manager_test (see /home/mrb2/.cache/bazel/_bazel_mrb2/540135163923dd7d5820f3ee4b306b32/execroot/apollo/bazel-out/local-dbg/testlogs/modules/perception/radar/lib/tracker/common/radar_track_manager_test/test.log)
____(10-09 08:52:13.413) From Testing //modules/perception/radar/lib/tracker/common:radar_track_manager_test:
==================== Test output for //modules/perception/radar/lib/tracker/common:radar_track_manager_test:
/home/mrb2/.cache/bazel/_bazel_mrb2/540135163923dd7d5820f3ee4b306b32/execroot/apollo/bazel-out/local-dbg/bin/modules/perception/radar/lib/tracker/common/radar_track_manager_test.runfiles/apollo/modules/perception/radar/lib/tracker/common/radar_track_manager_test: error while loading shared libraries: libcuda.so.1: cannot open shared object file: No such file or directory
================================================================================
PASS: (10-09 08:52:13.473) //modules/planning/common:reference_line_info_test
FAIL: (10-09 08:52:13.490) //modules/perception/radar/lib/roi_filter/hdmap_radar_roi_filter:hdmap_radar_roi_filter_test (see /home/mrb2/.cache/bazel/_bazel_mrb2/540135163923dd7d5820f3ee4b306b32/execroot/apollo/bazel-out/local-dbg/testlogs/modules/perception/radar/lib/roi_filter/hdmap_radar_roi_filter/hdmap_radar_roi_filter_test/test.log)
____(10-09 08:52:13.490) From Testing //modules/perception/radar/lib/roi_filter/hdmap_radar_roi_filter:hdmap_radar_roi_filter_test:
==================== Test output for //modules/perception/radar/lib/roi_filter/hdmap_radar_roi_filter:hdmap_radar_roi_filter_test:
/home/mrb2/.cache/bazel/_bazel_mrb2/540135163923dd7d5820f3ee4b306b32/execroot/apollo/bazel-out/local-dbg/bin/modules/perception/radar/lib/roi_filter/hdmap_radar_roi_filter/hdmap_radar_roi_filter_test.runfiles/apollo/modules/perception/radar/lib/roi_filter/hdmap_radar_roi_filter/hdmap_radar_roi_filter_test: error while loading shared libraries: libcuda.so.1: cannot open shared object file: No such file or directory
================================================================================
FAIL: (10-09 08:52:13.712) //modules/perception/radar/lib/preprocessor/conti_ars_preprocessor:conti_ars_preprocessor_test (see /home/mrb2/.cache/bazel/_bazel_mrb2/540135163923dd7d5820f3ee4b306b32/execroot/apollo/bazel-out/local-dbg/testlogs/modules/perception/radar/lib/preprocessor/conti_ars_preprocessor/conti_ars_preprocessor_test/test.log)
____(10-09 08:52:13.712) From Testing //modules/perception/radar/lib/preprocessor/conti_ars_preprocessor:conti_ars_preprocessor_test:
==================== Test output for //modules/perception/radar/lib/preprocessor/conti_ars_preprocessor:conti_ars_preprocessor_test:
/home/mrb2/.cache/bazel/_bazel_mrb2/540135163923dd7d5820f3ee4b306b32/execroot/apollo/bazel-out/local-dbg/bin/modules/perception/radar/lib/preprocessor/conti_ars_preprocessor/conti_ars_preprocessor_test.runfiles/apollo/modules/perception/radar/lib/preprocessor/conti_ars_preprocessor/conti_ars_preprocessor_test: error while loading shared libraries: libcuda.so.1: cannot open shared object file: No such file or directory
================================================================================
==================== Test output for //modules/perception/radar/lib/interface:base_matcher_test:
/home/mrb2/.cache/bazel/_bazel_mrb2/540135163923dd7d5820f3ee4b306b32/execroot/apollo/bazel-out/local-dbg/bin/modules/perception/radar/lib/interface/base_matcher_test.runfiles/apollo/modules/perception/radar/lib/interface/base_matcher_test: error while loading shared libraries: libcuda.so.1: cannot open shared object file: No such file or directory
================================================================================
FAIL: (10-09 08:52:13.785) //modules/perception/radar/lib/interface:base_matcher_test (see /home/mrb2/.cache/bazel/_bazel_mrb2/540135163923dd7d5820f3ee4b306b32/execroot/apollo/bazel-out/local-dbg/testlogs/modules/perception/radar/lib/interface/base_matcher_test/test.log)
____(10-09 08:52:13.785) From Testing //modules/perception/radar/lib/interface:base_matcher_test:
FAIL: (10-09 08:52:13.807) //modules/perception/radar/lib/dummy:dummy_algorithms_test (see /home/mrb2/.cache/bazel/_bazel_mrb2/540135163923dd7d5820f3ee4b306b32/execroot/apollo/bazel-out/local-dbg/testlogs/modules/perception/radar/lib/dummy/dummy_algorithms_test/test.log)
____(10-09 08:52:13.808) From Testing //modules/perception/radar/lib/dummy:dummy_algorithms_test:
==================== Test output for //modules/perception/radar/lib/dummy:dummy_algorithms_test:
/home/mrb2/.cache/bazel/_bazel_mrb2/540135163923dd7d5820f3ee4b306b32/execroot/apollo/bazel-out/local-dbg/bin/modules/perception/radar/lib/dummy/dummy_algorithms_test.runfiles/apollo/modules/perception/radar/lib/dummy/dummy_algorithms_test: error while loading shared libraries: libcuda.so.1: cannot open shared object file: No such file or directory
================================================================================
FAIL: (10-09 08:52:13.837) //modules/perception/radar/lib/detector/conti_ars_detector:conti_ars_detector_test (see /home/mrb2/.cache/bazel/_bazel_mrb2/540135163923dd7d5820f3ee4b306b32/execroot/apollo/bazel-out/local-dbg/testlogs/modules/perception/radar/lib/detector/conti_ars_detector/conti_ars_detector_test/test.log)
____(10-09 08:52:13.838) From Testing //modules/perception/radar/lib/detector/conti_ars_detector:conti_ars_detector_test:
==================== Test output for //modules/perception/radar/lib/detector/conti_ars_detector:conti_ars_detector_test:
/home/mrb2/.cache/bazel/_bazel_mrb2/540135163923dd7d5820f3ee4b306b32/execroot/apollo/bazel-out/local-dbg/bin/modules/perception/radar/lib/detector/conti_ars_detector/conti_ars_detector_test.runfiles/apollo/modules/perception/radar/lib/detector/conti_ars_detector/conti_ars_detector_test: error while loading shared libraries: libcuda.so.1: cannot open shared object file: No such file or directory
================================================================================
PASS: (10-09 08:52:13.977) //modules/prediction:prediction_component_test
FAIL: (10-09 08:52:14.296) //modules/perception/lidar/lib/object_filter_bank/roi_boundary_filter:roi_boundary_filter_test (see /home/mrb2/.cache/bazel/_bazel_mrb2/540135163923dd7d5820f3ee4b306b32/execroot/apollo/bazel-out/local-dbg/testlogs/modules/perception/lidar/lib/object_filter_bank/roi_boundary_filter/roi_boundary_filter_test/test.log)
____(10-09 08:52:14.296) From Testing //modules/perception/lidar/lib/object_filter_bank/roi_boundary_filter:roi_boundary_filter_test:
==================== Test output for //modules/perception/lidar/lib/object_filter_bank/roi_boundary_filter:roi_boundary_filter_test:
/home/mrb2/.cache/bazel/_bazel_mrb2/540135163923dd7d5820f3ee4b306b32/execroot/apollo/bazel-out/local-dbg/bin/modules/perception/lidar/lib/object_filter_bank/roi_boundary_filter/roi_boundary_filter_test.runfiles/apollo/modules/perception/lidar/lib/object_filter_bank/roi_boundary_filter/roi_boundary_filter_test: error while loading shared libraries: libcuda.so.1: cannot open shared object file: No such file or directory
================================================================================
FAIL: (10-09 08:52:14.579) //modules/perception/lidar/lib/segmentation/cnnseg/spp_engine:spp_cluster_list_test (see /home/mrb2/.cache/bazel/_bazel_mrb2/540135163923dd7d5820f3ee4b306b32/execroot/apollo/bazel-out/local-dbg/testlogs/modules/perception/lidar/lib/segmentation/cnnseg/spp_engine/spp_cluster_list_test/test.log)
____(10-09 08:52:14.579) From Testing //modules/perception/lidar/lib/segmentation/cnnseg/spp_engine:spp_cluster_list_test:
==================== Test output for //modules/perception/lidar/lib/segmentation/cnnseg/spp_engine:spp_cluster_list_test:
/home/mrb2/.cache/bazel/_bazel_mrb2/540135163923dd7d5820f3ee4b306b32/execroot/apollo/bazel-out/local-dbg/bin/modules/perception/lidar/lib/segmentation/cnnseg/spp_engine/spp_cluster_list_test.runfiles/apollo/modules/perception/lidar/lib/segmentation/cnnseg/spp_engine/spp_cluster_list_test: error while loading shared libraries: libcuda.so.1: cannot open shared object file: No such file or directory
================================================================================
FAIL: (10-09 08:52:14.601) //modules/perception/lidar/lib/object_filter_bank:object_filter_bank_test (see /home/mrb2/.cache/bazel/_bazel_mrb2/540135163923dd7d5820f3ee4b306b32/execroot/apollo/bazel-out/local-dbg/testlogs/modules/perception/lidar/lib/object_filter_bank/object_filter_bank_test/test.log)
____(10-09 08:52:14.601) From Testing //modules/perception/lidar/lib/object_filter_bank:object_filter_bank_test:
==================== Test output for //modules/perception/lidar/lib/object_filter_bank:object_filter_bank_test:
/home/mrb2/.cache/bazel/_bazel_mrb2/540135163923dd7d5820f3ee4b306b32/execroot/apollo/bazel-out/local-dbg/bin/modules/perception/lidar/lib/object_filter_bank/object_filter_bank_test.runfiles/apollo/modules/perception/lidar/lib/object_filter_bank/object_filter_bank_test: error while loading shared libraries: libcuda.so.1: cannot open shared object file: No such file or directory
================================================================================
FAIL: (10-09 08:52:14.735) //modules/perception/lidar/lib/scene_manager:scene_manager_test (see /home/mrb2/.cache/bazel/_bazel_mrb2/540135163923dd7d5820f3ee4b306b32/execroot/apollo/bazel-out/local-dbg/testlogs/modules/perception/lidar/lib/scene_manager/scene_manager_test/test.log)
____(10-09 08:52:14.735) From Testing //modules/perception/lidar/lib/scene_manager:scene_manager_test:
==================== Test output for //modules/perception/lidar/lib/scene_manager:scene_manager_test:
/home/mrb2/.cache/bazel/_bazel_mrb2/540135163923dd7d5820f3ee4b306b32/execroot/apollo/bazel-out/local-dbg/bin/modules/perception/lidar/lib/scene_manager/scene_manager_test.runfiles/apollo/modules/perception/lidar/lib/scene_manager/scene_manager_test: error while loading shared libraries: libcuda.so.1: cannot open shared object file: No such file or directory
================================================================================
____(10-09 08:52:15.005) [9,764 / 9,868] Testing //modules/perception/lidar/lib/ground_detector/ground_service_detector:ground_service_detector_test
FAIL: (10-09 08:52:15.026) //modules/perception/lidar/lib/ground_detector/ground_service_detector:ground_service_detector_test (see /home/mrb2/.cache/bazel/_bazel_mrb2/540135163923dd7d5820f3ee4b306b32/execroot/apollo/bazel-out/local-dbg/testlogs/modules/perception/lidar/lib/ground_detector/ground_service_detector/ground_service_detector_test/test.log)
____(10-09 08:52:15.027) From Testing //modules/perception/lidar/lib/ground_detector/ground_service_detector:ground_service_detector_test:
==================== Test output for //modules/perception/lidar/lib/ground_detector/ground_service_detector:ground_service_detector_test:
/home/mrb2/.cache/bazel/_bazel_mrb2/540135163923dd7d5820f3ee4b306b32/execroot/apollo/bazel-out/local-dbg/bin/modules/perception/lidar/lib/ground_detector/ground_service_detector/ground_service_detector_test.runfiles/apollo/modules/perception/lidar/lib/ground_detector/ground_service_detector/ground_service_detector_test: error while loading shared libraries: libcuda.so.1: cannot open shared object file: No such file or directory
================================================================================
FAIL: (10-09 08:52:15.390) //modules/perception/lidar/lib/ground_detector/spatio_temporal_ground_detector:spatio_temporal_ground_detector_test (see /home/mrb2/.cache/bazel/_bazel_mrb2/540135163923dd7d5820f3ee4b306b32/execroot/apollo/bazel-out/local-dbg/testlogs/modules/perception/lidar/lib/ground_detector/spatio_temporal_ground_detector/spatio_temporal_ground_detector_test/test.log)
____(10-09 08:52:15.390) From Testing //modules/perception/lidar/lib/ground_detector/spatio_temporal_ground_detector:spatio_temporal_ground_detector_test:
==================== Test output for //modules/perception/lidar/lib/ground_detector/spatio_temporal_ground_detector:spatio_temporal_ground_detector_test:
/home/mrb2/.cache/bazel/_bazel_mrb2/540135163923dd7d5820f3ee4b306b32/execroot/apollo/bazel-out/local-dbg/bin/modules/perception/lidar/lib/ground_detector/spatio_temporal_ground_detector/spatio_temporal_ground_detector_test.runfiles/apollo/modules/perception/lidar/lib/ground_detector/spatio_temporal_ground_detector/spatio_temporal_ground_detector_test: error while loading shared libraries: libcuda.so.1: cannot open shared object file: No such file or directory
================================================================================
PASS: (10-09 08:52:15.411) //modules/perception/lib/thread:thread_test
FAIL: (10-09 08:52:15.497) //modules/perception/lidar/lib/dummy:dummy_algorithms_test (see /home/mrb2/.cache/bazel/_bazel_mrb2/540135163923dd7d5820f3ee4b306b32/execroot/apollo/bazel-out/local-dbg/testlogs/modules/perception/lidar/lib/dummy/dummy_algorithms_test/test.log)
____(10-09 08:52:15.498) From Testing //modules/perception/lidar/lib/dummy:dummy_algorithms_test:
==================== Test output for //modules/perception/lidar/lib/dummy:dummy_algorithms_test:
/home/mrb2/.cache/bazel/_bazel_mrb2/540135163923dd7d5820f3ee4b306b32/execroot/apollo/bazel-out/local-dbg/bin/modules/perception/lidar/lib/dummy/dummy_algorithms_test.runfiles/apollo/modules/perception/lidar/lib/dummy/dummy_algorithms_test: error while loading shared libraries: libcuda.so.1: cannot open shared object file: No such file or directory
================================================================================
PASS: (10-09 08:52:15.503) //modules/perception/lib/thread:concurrent_queue_test
PASS: (10-09 08:52:15.521) //modules/perception/lib/thread:thread_pool_test
FAIL: (10-09 08:52:15.539) //modules/perception/lidar/app:lidar_app_lidar_pipeline_test (see /home/mrb2/.cache/bazel/_bazel_mrb2/540135163923dd7d5820f3ee4b306b32/execroot/apollo/bazel-out/local-dbg/testlogs/modules/perception/lidar/app/lidar_app_lidar_pipeline_test/test.log)
____(10-09 08:52:15.539) From Testing //modules/perception/lidar/app:lidar_app_lidar_pipeline_test:
==================== Test output for //modules/perception/lidar/app:lidar_app_lidar_pipeline_test:
/home/mrb2/.cache/bazel/_bazel_mrb2/540135163923dd7d5820f3ee4b306b32/execroot/apollo/bazel-out/local-dbg/bin/modules/perception/lidar/app/lidar_app_lidar_pipeline_test.runfiles/apollo/modules/perception/lidar/app/lidar_app_lidar_pipeline_test: error while loading shared libraries: libcuda.so.1: cannot open shared object file: No such file or directory
================================================================================
PASS: (10-09 08:52:15.709) //modules/perception/lib/registerer:registerer_test
PASS: (10-09 08:52:15.731) //modules/perception/lib/config_manager:config_manager_test
FAIL: (10-09 08:52:15.735) //modules/perception/inference/utils:inference_util_test (see /home/mrb2/.cache/bazel/_bazel_mrb2/540135163923dd7d5820f3ee4b306b32/execroot/apollo/bazel-out/local-dbg/testlogs/modules/perception/inference/utils/inference_util_test/test.log)
____(10-09 08:52:15.735) From Testing //modules/perception/inference/utils:inference_util_test:
==================== Test output for //modules/perception/inference/utils:inference_util_test:
/home/mrb2/.cache/bazel/_bazel_mrb2/540135163923dd7d5820f3ee4b306b32/execroot/apollo/bazel-out/local-dbg/bin/modules/perception/inference/utils/inference_util_test.runfiles/apollo/modules/perception/inference/utils/inference_util_test: error while loading shared libraries: libcuda.so.1: cannot open shared object file: No such file or directory
================================================================================
PASS: (10-09 08:52:15.821) //modules/perception/lib/utils:perception_timer_test
FAIL: (10-09 08:52:15.842) //modules/perception/inference/utils:inference_binary_data_test (see /home/mrb2/.cache/bazel/_bazel_mrb2/540135163923dd7d5820f3ee4b306b32/execroot/apollo/bazel-out/local-dbg/testlogs/modules/perception/inference/utils/inference_binary_data_test/test.log)
____(10-09 08:52:15.843) From Testing //modules/perception/inference/utils:inference_binary_data_test:
==================== Test output for //modules/perception/inference/utils:inference_binary_data_test:
/home/mrb2/.cache/bazel/_bazel_mrb2/540135163923dd7d5820f3ee4b306b32/execroot/apollo/bazel-out/local-dbg/bin/modules/perception/inference/utils/inference_binary_data_test.runfiles/apollo/modules/perception/inference/utils/inference_binary_data_test: error while loading shared libraries: libcuda.so.1: cannot open shared object file: No such file or directory
================================================================================
FAIL: (10-09 08:52:16.091) //modules/perception/inference/tensorrt/plugins:slice_plugin_test (see /home/mrb2/.cache/bazel/_bazel_mrb2/540135163923dd7d5820f3ee4b306b32/execroot/apollo/bazel-out/local-dbg/testlogs/modules/perception/inference/tensorrt/plugins/slice_plugin_test/test.log)
____(10-09 08:52:16.091) From Testing //modules/perception/inference/tensorrt/plugins:slice_plugin_test:
==================== Test output for //modules/perception/inference/tensorrt/plugins:slice_plugin_test:
/home/mrb2/.cache/bazel/_bazel_mrb2/540135163923dd7d5820f3ee4b306b32/execroot/apollo/bazel-out/local-dbg/bin/modules/perception/inference/tensorrt/plugins/slice_plugin_test.runfiles/apollo/modules/perception/inference/tensorrt/plugins/slice_plugin_test: error while loading shared libraries: libcuda.so.1: cannot open shared object file: No such file or directory
================================================================================
____(10-09 08:52:16.334) [9,795 / 9,882] Testing //modules/perception/inference/tensorrt/plugins:argmax_plugin_test
FAIL: (10-09 08:52:16.357) //modules/perception/inference/tensorrt/plugins:argmax_plugin_test (see /home/mrb2/.cache/bazel/_bazel_mrb2/540135163923dd7d5820f3ee4b306b32/execroot/apollo/bazel-out/local-dbg/testlogs/modules/perception/inference/tensorrt/plugins/argmax_plugin_test/test.log)
____(10-09 08:52:16.357) From Testing //modules/perception/inference/tensorrt/plugins:argmax_plugin_test:
==================== Test output for //modules/perception/inference/tensorrt/plugins:argmax_plugin_test:
/home/mrb2/.cache/bazel/_bazel_mrb2/540135163923dd7d5820f3ee4b306b32/execroot/apollo/bazel-out/local-dbg/bin/modules/perception/inference/tensorrt/plugins/argmax_plugin_test.runfiles/apollo/modules/perception/inference/tensorrt/plugins/argmax_plugin_test: error while loading shared libraries: libcuda.so.1: cannot open shared object file: No such file or directory
================================================================================
FAIL: (10-09 08:52:16.379) //modules/perception/inference/tensorrt:rt_common_test (see /home/mrb2/.cache/bazel/_bazel_mrb2/540135163923dd7d5820f3ee4b306b32/execroot/apollo/bazel-out/local-dbg/testlogs/modules/perception/inference/tensorrt/rt_common_test/test.log)
____(10-09 08:52:16.379) From Testing //modules/perception/inference/tensorrt:rt_common_test:
==================== Test output for //modules/perception/inference/tensorrt:rt_common_test:
/home/mrb2/.cache/bazel/_bazel_mrb2/540135163923dd7d5820f3ee4b306b32/execroot/apollo/bazel-out/local-dbg/bin/modules/perception/inference/tensorrt/rt_common_test.runfiles/apollo/modules/perception/inference/tensorrt/rt_common_test: error while loading shared libraries: libcuda.so.1: cannot open shared object file: No such file or directory
================================================================================
PASS: (10-09 08:52:16.488) //modules/perception/inference/tensorrt:rt_utils_test
FAIL: (10-09 08:52:16.591) //modules/perception/inference:layer_test (see /home/mrb2/.cache/bazel/_bazel_mrb2/540135163923dd7d5820f3ee4b306b32/execroot/apollo/bazel-out/local-dbg/testlogs/modules/perception/inference/layer_test/test.log)
____(10-09 08:52:16.591) From Testing //modules/perception/inference:layer_test:
==================== Test output for //modules/perception/inference:layer_test:
/home/mrb2/.cache/bazel/_bazel_mrb2/540135163923dd7d5820f3ee4b306b32/execroot/apollo/bazel-out/local-dbg/bin/modules/perception/inference/layer_test.runfiles/apollo/modules/perception/inference/layer_test: error while loading shared libraries: libcuda.so.1: cannot open shared object file: No such file or directory
================================================================================
FAIL: (10-09 08:52:16.694) //modules/perception/inference/tensorrt:rt_net_test (see /home/mrb2/.cache/bazel/_bazel_mrb2/540135163923dd7d5820f3ee4b306b32/execroot/apollo/bazel-out/local-dbg/testlogs/modules/perception/inference/tensorrt/rt_net_test/test.log)
____(10-09 08:52:16.694) From Testing //modules/perception/inference/tensorrt:rt_net_test:
==================== Test output for //modules/perception/inference/tensorrt:rt_net_test:
/home/mrb2/.cache/bazel/_bazel_mrb2/540135163923dd7d5820f3ee4b306b32/execroot/apollo/bazel-out/local-dbg/bin/modules/perception/inference/tensorrt/rt_net_test.runfiles/apollo/modules/perception/inference/tensorrt/rt_net_test: error while loading shared libraries: libcuda.so.1: cannot open shared object file: No such file or directory
================================================================================
FAIL: (10-09 08:52:16.704) //modules/perception/inference/tensorrt:entropy_calibrator_test (see /home/mrb2/.cache/bazel/_bazel_mrb2/540135163923dd7d5820f3ee4b306b32/execroot/apollo/bazel-out/local-dbg/testlogs/modules/perception/inference/tensorrt/entropy_calibrator_test/test.log)
____(10-09 08:52:16.704) From Testing //modules/perception/inference/tensorrt:entropy_calibrator_test:
==================== Test output for //modules/perception/inference/tensorrt:entropy_calibrator_test:
/home/mrb2/.cache/bazel/_bazel_mrb2/540135163923dd7d5820f3ee4b306b32/execroot/apollo/bazel-out/local-dbg/bin/modules/perception/inference/tensorrt/entropy_calibrator_test.runfiles/apollo/modules/perception/inference/tensorrt/entropy_calibrator_test: error while loading shared libraries: libcuda.so.1: cannot open shared object file: No such file or directory
================================================================================
FAIL: (10-09 08:52:16.717) //modules/perception/inference/caffe:caffe_net_test (see /home/mrb2/.cache/bazel/_bazel_mrb2/540135163923dd7d5820f3ee4b306b32/execroot/apollo/bazel-out/local-dbg/testlogs/modules/perception/inference/caffe/caffe_net_test/test.log)
____(10-09 08:52:16.717) From Testing //modules/perception/inference/caffe:caffe_net_test:
==================== Test output for //modules/perception/inference/caffe:caffe_net_test:
/home/mrb2/.cache/bazel/_bazel_mrb2/540135163923dd7d5820f3ee4b306b32/execroot/apollo/bazel-out/local-dbg/bin/modules/perception/inference/caffe/caffe_net_test.runfiles/apollo/modules/perception/inference/caffe/caffe_net_test: error while loading shared libraries: libcuda.so.1: cannot open shared object file: No such file or directory
================================================================================
==================== Test output for //modules/perception/inference:inference_test:
/home/mrb2/.cache/bazel/_bazel_mrb2/540135163923dd7d5820f3ee4b306b32/execroot/apollo/bazel-out/local-dbg/bin/modules/perception/inference/inference_test.runfiles/apollo/modules/perception/inference/inference_test: error while loading shared libraries: libcuda.so.1: cannot open shared object file: No such file or directory
================================================================================
FAIL: (10-09 08:52:16.811) //modules/perception/inference:inference_test (see /home/mrb2/.cache/bazel/_bazel_mrb2/540135163923dd7d5820f3ee4b306b32/execroot/apollo/bazel-out/local-dbg/testlogs/modules/perception/inference/inference_test/test.log)
____(10-09 08:52:16.812) From Testing //modules/perception/inference:inference_test:
PASS: (10-09 08:52:16.932) //modules/perception/inference/tensorrt:batch_stream_test
FAIL: (10-09 08:52:17.081) //modules/perception/fusion/lib/dummy:dummy_algorithms_test (see /home/mrb2/.cache/bazel/_bazel_mrb2/540135163923dd7d5820f3ee4b306b32/execroot/apollo/bazel-out/local-dbg/testlogs/modules/perception/fusion/lib/dummy/dummy_algorithms_test/test.log)
____(10-09 08:52:17.081) From Testing //modules/perception/fusion/lib/dummy:dummy_algorithms_test:
==================== Test output for //modules/perception/fusion/lib/dummy:dummy_algorithms_test:
/home/mrb2/.cache/bazel/_bazel_mrb2/540135163923dd7d5820f3ee4b306b32/execroot/apollo/bazel-out/local-dbg/bin/modules/perception/fusion/lib/dummy/dummy_algorithms_test.runfiles/apollo/modules/perception/fusion/lib/dummy/dummy_algorithms_test: error while loading shared libraries: libcuda.so.1: cannot open shared object file: No such file or directory
================================================================================
FAIL: (10-09 08:52:17.090) //modules/perception/fusion/lib/gatekeeper/pbf_gatekeeper:pbf_gatekeeper_test (see /home/mrb2/.cache/bazel/_bazel_mrb2/540135163923dd7d5820f3ee4b306b32/execroot/apollo/bazel-out/local-dbg/testlogs/modules/perception/fusion/lib/gatekeeper/pbf_gatekeeper/pbf_gatekeeper_test/test.log)
____(10-09 08:52:17.090) From Testing //modules/perception/fusion/lib/gatekeeper/pbf_gatekeeper:pbf_gatekeeper_test:
==================== Test output for //modules/perception/fusion/lib/gatekeeper/pbf_gatekeeper:pbf_gatekeeper_test:
/home/mrb2/.cache/bazel/_bazel_mrb2/540135163923dd7d5820f3ee4b306b32/execroot/apollo/bazel-out/local-dbg/bin/modules/perception/fusion/lib/gatekeeper/pbf_gatekeeper/pbf_gatekeeper_test.runfiles/apollo/modules/perception/fusion/lib/gatekeeper/pbf_gatekeeper/pbf_gatekeeper_test: error while loading shared libraries: libcuda.so.1: cannot open shared object file: No such file or directory
================================================================================
FAIL: (10-09 08:52:17.164) //modules/perception/fusion/lib/data_fusion/type_fusion/dst_type_fusion:dst_type_fusion_test (see /home/mrb2/.cache/bazel/_bazel_mrb2/540135163923dd7d5820f3ee4b306b32/execroot/apollo/bazel-out/local-dbg/testlogs/modules/perception/fusion/lib/data_fusion/type_fusion/dst_type_fusion/dst_type_fusion_test/test.log)
____(10-09 08:52:17.165) From Testing //modules/perception/fusion/lib/data_fusion/type_fusion/dst_type_fusion:dst_type_fusion_test:
==================== Test output for //modules/perception/fusion/lib/data_fusion/type_fusion/dst_type_fusion:dst_type_fusion_test:
/home/mrb2/.cache/bazel/_bazel_mrb2/540135163923dd7d5820f3ee4b306b32/execroot/apollo/bazel-out/local-dbg/bin/modules/perception/fusion/lib/data_fusion/type_fusion/dst_type_fusion/dst_type_fusion_test.runfiles/apollo/modules/perception/fusion/lib/data_fusion/type_fusion/dst_type_fusion/dst_type_fusion_test: error while loading shared libraries: libcuda.so.1: cannot open shared object file: No such file or directory
================================================================================
FAIL: (10-09 08:52:17.177) //modules/perception/fusion/lib/fusion_system/probabilistic_fusion:probabilistic_fusion_test (see /home/mrb2/.cache/bazel/_bazel_mrb2/540135163923dd7d5820f3ee4b306b32/execroot/apollo/bazel-out/local-dbg/testlogs/modules/perception/fusion/lib/fusion_system/probabilistic_fusion/probabilistic_fusion_test/test.log)
____(10-09 08:52:17.177) From Testing //modules/perception/fusion/lib/fusion_system/probabilistic_fusion:probabilistic_fusion_test:==================== Test output for //modules/perception/fusion/lib/fusion_system/probabilistic_fusion:probabilistic_fusion_test:
/home/mrb2/.cache/bazel/_bazel_mrb2/540135163923dd7d5820f3ee4b306b32/execroot/apollo/bazel-out/local-dbg/bin/modules/perception/fusion/lib/fusion_system/probabilistic_fusion/probabilistic_fusion_test.runfiles/apollo/modules/perception/fusion/lib/fusion_system/probabilistic_fusion/probabilistic_fusion_test: error while loading shared libraries: libcuda.so.1: cannot open shared object file: No such file or directory
================================================================================

FAIL: (10-09 08:52:17.283) //modules/perception/inference:inference_factory_test (see /home/mrb2/.cache/bazel/_bazel_mrb2/540135163923dd7d5820f3ee4b306b32/execroot/apollo/bazel-out/local-dbg/testlogs/modules/perception/inference/inference_factory_test/test.log)
____(10-09 08:52:17.283) From Testing //modules/perception/inference:inference_factory_test:
==================== Test output for //modules/perception/inference:inference_factory_test:
/home/mrb2/.cache/bazel/_bazel_mrb2/540135163923dd7d5820f3ee4b306b32/execroot/apollo/bazel-out/local-dbg/bin/modules/perception/inference/inference_factory_test.runfiles/apollo/modules/perception/inference/inference_factory_test: error while loading shared libraries: libcuda.so.1: cannot open shared object file: No such file or directory
================================================================================
FAIL: (10-09 08:52:17.442) //modules/perception/fusion/lib/data_fusion/shape_fusion/pbf_shape_fusion:pbf_shape_fusion_test (see /home/mrb2/.cache/bazel/_bazel_mrb2/540135163923dd7d5820f3ee4b306b32/execroot/apollo/bazel-out/local-dbg/testlogs/modules/perception/fusion/lib/data_fusion/shape_fusion/pbf_shape_fusion/pbf_shape_fusion_test/test.log)
____(10-09 08:52:17.442) From Testing //modules/perception/fusion/lib/data_fusion/shape_fusion/pbf_shape_fusion:pbf_shape_fusion_test:
==================== Test output for //modules/perception/fusion/lib/data_fusion/shape_fusion/pbf_shape_fusion:pbf_shape_fusion_test:
/home/mrb2/.cache/bazel/_bazel_mrb2/540135163923dd7d5820f3ee4b306b32/execroot/apollo/bazel-out/local-dbg/bin/modules/perception/fusion/lib/data_fusion/shape_fusion/pbf_shape_fusion/pbf_shape_fusion_test.runfiles/apollo/modules/perception/fusion/lib/data_fusion/shape_fusion/pbf_shape_fusion/pbf_shape_fusion_test: error while loading shared libraries: libcuda.so.1: cannot open shared object file: No such file or directory
================================================================================
FAIL: (10-09 08:52:17.466) //modules/perception/fusion/lib/data_fusion/motion_fusion/kalman_motion_fusion:kalman_motion_fusion_test (see /home/mrb2/.cache/bazel/_bazel_mrb2/540135163923dd7d5820f3ee4b306b32/execroot/apollo/bazel-out/local-dbg/testlogs/modules/perception/fusion/lib/data_fusion/motion_fusion/kalman_motion_fusion/kalman_motion_fusion_test/test.log)
____(10-09 08:52:17.466) From Testing //modules/perception/fusion/lib/data_fusion/motion_fusion/kalman_motion_fusion:kalman_motion_fusion_test:
==================== Test output for //modules/perception/fusion/lib/data_fusion/motion_fusion/kalman_motion_fusion:kalman_motion_fusion_test:
/home/mrb2/.cache/bazel/_bazel_mrb2/540135163923dd7d5820f3ee4b306b32/execroot/apollo/bazel-out/local-dbg/bin/modules/perception/fusion/lib/data_fusion/motion_fusion/kalman_motion_fusion/kalman_motion_fusion_test.runfiles/apollo/modules/perception/fusion/lib/data_fusion/motion_fusion/kalman_motion_fusion/kalman_motion_fusion_test: error while loading shared libraries: libcuda.so.1: cannot open shared object file: No such file or directory
================================================================================
FAIL: (10-09 08:52:17.483) //modules/perception/fusion/lib/data_fusion/tracker/pbf_tracker:pbf_tracker_test (see /home/mrb2/.cache/bazel/_bazel_mrb2/540135163923dd7d5820f3ee4b306b32/execroot/apollo/bazel-out/local-dbg/testlogs/modules/perception/fusion/lib/data_fusion/tracker/pbf_tracker/pbf_tracker_test/test.log)
____(10-09 08:52:17.483) From Testing //modules/perception/fusion/lib/data_fusion/tracker/pbf_tracker:pbf_tracker_test:
==================== Test output for //modules/perception/fusion/lib/data_fusion/tracker/pbf_tracker:pbf_tracker_test:
/home/mrb2/.cache/bazel/_bazel_mrb2/540135163923dd7d5820f3ee4b306b32/execroot/apollo/bazel-out/local-dbg/bin/modules/perception/fusion/lib/data_fusion/tracker/pbf_tracker/pbf_tracker_test.runfiles/apollo/modules/perception/fusion/lib/data_fusion/tracker/pbf_tracker/pbf_tracker_test: error while loading shared libraries: libcuda.so.1: cannot open shared object file: No such file or directory
================================================================================
FAIL: (10-09 08:52:17.551) //modules/perception/fusion/lib/data_fusion/existance_fusion/dst_existance_fusion:dst_existance_fusion_test (see /home/mrb2/.cache/bazel/_bazel_mrb2/540135163923dd7d5820f3ee4b306b32/execroot/apollo/bazel-out/local-dbg/testlogs/modules/perception/fusion/lib/data_fusion/existance_fusion/dst_existance_fusion/dst_existance_fusion_test/test.log)
____(10-09 08:52:17.551) From Testing //modules/perception/fusion/lib/data_fusion/existance_fusion/dst_existance_fusion:dst_existance_fusion_test:
==================== Test output for //modules/perception/fusion/lib/data_fusion/existance_fusion/dst_existance_fusion:dst_existance_fusion_test:
/home/mrb2/.cache/bazel/_bazel_mrb2/540135163923dd7d5820f3ee4b306b32/execroot/apollo/bazel-out/local-dbg/bin/modules/perception/fusion/lib/data_fusion/existance_fusion/dst_existance_fusion/dst_existance_fusion_test.runfiles/apollo/modules/perception/fusion/lib/data_fusion/existance_fusion/dst_existance_fusion/dst_existance_fusion_test: error while loading shared libraries: libcuda.so.1: cannot open shared object file: No such file or directory
================================================================================
FAIL: (10-09 08:52:17.620) //modules/perception/fusion/lib/data_association/hm_data_association:track_object_test (see /home/mrb2/.cache/bazel/_bazel_mrb2/540135163923dd7d5820f3ee4b306b32/execroot/apollo/bazel-out/local-dbg/testlogs/modules/perception/fusion/lib/data_association/hm_data_association/track_object_test/test.log)
____(10-09 08:52:17.620) From Testing //modules/perception/fusion/lib/data_association/hm_data_association:track_object_test:
==================== Test output for //modules/perception/fusion/lib/data_association/hm_data_association:track_object_test:
/home/mrb2/.cache/bazel/_bazel_mrb2/540135163923dd7d5820f3ee4b306b32/execroot/apollo/bazel-out/local-dbg/bin/modules/perception/fusion/lib/data_association/hm_data_association/track_object_test.runfiles/apollo/modules/perception/fusion/lib/data_association/hm_data_association/track_object_test: error while loading shared libraries: libcuda.so.1: cannot open shared object file: No such file or directory
================================================================================
FAIL: (10-09 08:52:17.744) //modules/perception/fusion/lib/data_association/hm_data_association:track_object_distance_test (see /home/mrb2/.cache/bazel/_bazel_mrb2/540135163923dd7d5820f3ee4b306b32/execroot/apollo/bazel-out/local-dbg/testlogs/modules/perception/fusion/lib/data_association/hm_data_association/track_object_distance_test/test.log)
____(10-09 08:52:17.744) From Testing //modules/perception/fusion/lib/data_association/hm_data_association:track_object_distance_test:
==================== Test output for //modules/perception/fusion/lib/data_association/hm_data_association:track_object_distance_test:
/home/mrb2/.cache/bazel/_bazel_mrb2/540135163923dd7d5820f3ee4b306b32/execroot/apollo/bazel-out/local-dbg/bin/modules/perception/fusion/lib/data_association/hm_data_association/track_object_distance_test.runfiles/apollo/modules/perception/fusion/lib/data_association/hm_data_association/track_object_distance_test: error while loading shared libraries: libcuda.so.1: cannot open shared object file: No such file or directory
================================================================================
FAIL: (10-09 08:52:17.785) //modules/perception/fusion/common:kalman_filter_test (see /home/mrb2/.cache/bazel/_bazel_mrb2/540135163923dd7d5820f3ee4b306b32/execroot/apollo/bazel-out/local-dbg/testlogs/modules/perception/fusion/common/kalman_filter_test/test.log)
____(10-09 08:52:17.785) From Testing //modules/perception/fusion/common:kalman_filter_test:
==================== Test output for //modules/perception/fusion/common:kalman_filter_test:
/home/mrb2/.cache/bazel/_bazel_mrb2/540135163923dd7d5820f3ee4b306b32/execroot/apollo/bazel-out/local-dbg/bin/modules/perception/fusion/common/kalman_filter_test.runfiles/apollo/modules/perception/fusion/common/kalman_filter_test: error while loading shared libraries: libcuda.so.1: cannot open shared object file: No such file or directory
================================================================================
FAIL: (10-09 08:52:17.787) //modules/perception/fusion/lib/data_association/hm_data_association:hm_data_association_test (see /home/mrb2/.cache/bazel/_bazel_mrb2/540135163923dd7d5820f3ee4b306b32/execroot/apollo/bazel-out/local-dbg/testlogs/modules/perception/fusion/lib/data_association/hm_data_association/hm_data_association_test/test.log)
____(10-09 08:52:17.788) From Testing //modules/perception/fusion/lib/data_association/hm_data_association:hm_data_association_test:
==================== Test output for //modules/perception/fusion/lib/data_association/hm_data_association:hm_data_association_test:
/home/mrb2/.cache/bazel/_bazel_mrb2/540135163923dd7d5820f3ee4b306b32/execroot/apollo/bazel-out/local-dbg/bin/modules/perception/fusion/lib/data_association/hm_data_association/hm_data_association_test.runfiles/apollo/modules/perception/fusion/lib/data_association/hm_data_association/hm_data_association_test: error while loading shared libraries: libcuda.so.1: cannot open shared object file: No such file or directory
================================================================================
FAIL: (10-09 08:52:17.862) //modules/perception/fusion/common:information_filter_test (see /home/mrb2/.cache/bazel/_bazel_mrb2/540135163923dd7d5820f3ee4b306b32/execroot/apollo/bazel-out/local-dbg/testlogs/modules/perception/fusion/common/information_filter_test/test.log)
____(10-09 08:52:17.863) From Testing //modules/perception/fusion/common:information_filter_test:
==================== Test output for //modules/perception/fusion/common:information_filter_test:
/home/mrb2/.cache/bazel/_bazel_mrb2/540135163923dd7d5820f3ee4b306b32/execroot/apollo/bazel-out/local-dbg/bin/modules/perception/fusion/common/information_filter_test.runfiles/apollo/modules/perception/fusion/common/information_filter_test: error while loading shared libraries: libcuda.so.1: cannot open shared object file: No such file or directory
================================================================================
FAIL: (10-09 08:52:17.931) //modules/perception/fusion/common:dst_evidence_test (see /home/mrb2/.cache/bazel/_bazel_mrb2/540135163923dd7d5820f3ee4b306b32/execroot/apollo/bazel-out/local-dbg/testlogs/modules/perception/fusion/common/dst_evidence_test/test.log)
____(10-09 08:52:17.931) From Testing //modules/perception/fusion/common:dst_evidence_test:
==================== Test output for //modules/perception/fusion/common:dst_evidence_test:
/home/mrb2/.cache/bazel/_bazel_mrb2/540135163923dd7d5820f3ee4b306b32/execroot/apollo/bazel-out/local-dbg/bin/modules/perception/fusion/common/dst_evidence_test.runfiles/apollo/modules/perception/fusion/common/dst_evidence_test: error while loading shared libraries: libcuda.so.1: cannot open shared object file: No such file or directory
================================================================================
FAIL: (10-09 08:52:18.105) //modules/perception/fusion/common:camera_util_test (see /home/mrb2/.cache/bazel/_bazel_mrb2/540135163923dd7d5820f3ee4b306b32/execroot/apollo/bazel-out/local-dbg/testlogs/modules/perception/fusion/common/camera_util_test/test.log)
____(10-09 08:52:18.105) From Testing //modules/perception/fusion/common:camera_util_test:
==================== Test output for //modules/perception/fusion/common:camera_util_test:
/home/mrb2/.cache/bazel/_bazel_mrb2/540135163923dd7d5820f3ee4b306b32/execroot/apollo/bazel-out/local-dbg/bin/modules/perception/fusion/common/camera_util_test.runfiles/apollo/modules/perception/fusion/common/camera_util_test: error while loading shared libraries: libcuda.so.1: cannot open shared object file: No such file or directory
================================================================================
FAIL: (10-09 08:52:18.140) //modules/perception/fusion/base:track_test (see /home/mrb2/.cache/bazel/_bazel_mrb2/540135163923dd7d5820f3ee4b306b32/execroot/apollo/bazel-out/local-dbg/testlogs/modules/perception/fusion/base/track_test/test.log)
____(10-09 08:52:18.140) From Testing //modules/perception/fusion/base:track_test:
==================== Test output for //modules/perception/fusion/base:track_test:
/home/mrb2/.cache/bazel/_bazel_mrb2/540135163923dd7d5820f3ee4b306b32/execroot/apollo/bazel-out/local-dbg/bin/modules/perception/fusion/base/track_test.runfiles/apollo/modules/perception/fusion/base/track_test: error while loading shared libraries: libcuda.so.1: cannot open shared object file: No such file or directory
================================================================================
FAIL: (10-09 08:52:18.148) //modules/perception/fusion/base:sensor_test (see /home/mrb2/.cache/bazel/_bazel_mrb2/540135163923dd7d5820f3ee4b306b32/execroot/apollo/bazel-out/local-dbg/testlogs/modules/perception/fusion/base/sensor_test/test.log)
____(10-09 08:52:18.148) From Testing //modules/perception/fusion/base:sensor_test:==================== Test output for //modules/perception/fusion/base:sensor_test:

/home/mrb2/.cache/bazel/_bazel_mrb2/540135163923dd7d5820f3ee4b306b32/execroot/apollo/bazel-out/local-dbg/bin/modules/perception/fusion/base/sensor_test.runfiles/apollo/modules/perception/fusion/base/sensor_test: error while loading shared libraries: libcuda.so.1: cannot open shared object file: No such file or directory
================================================================================
FAIL: (10-09 08:52:18.214) //modules/perception/fusion/base:sensor_object_test (see /home/mrb2/.cache/bazel/_bazel_mrb2/540135163923dd7d5820f3ee4b306b32/execroot/apollo/bazel-out/local-dbg/testlogs/modules/perception/fusion/base/sensor_object_test/test.log)
____(10-09 08:52:18.214) From Testing //modules/perception/fusion/base:sensor_object_test:
==================== Test output for //modules/perception/fusion/base:sensor_object_test:
/home/mrb2/.cache/bazel/_bazel_mrb2/540135163923dd7d5820f3ee4b306b32/execroot/apollo/bazel-out/local-dbg/bin/modules/perception/fusion/base/sensor_object_test.runfiles/apollo/modules/perception/fusion/base/sensor_object_test: error while loading shared libraries: libcuda.so.1: cannot open shared object file: No such file or directory
================================================================================
FAIL: (10-09 08:52:18.278) //modules/perception/fusion/base:sensor_frame_test (see /home/mrb2/.cache/bazel/_bazel_mrb2/540135163923dd7d5820f3ee4b306b32/execroot/apollo/bazel-out/local-dbg/testlogs/modules/perception/fusion/base/sensor_frame_test/test.log)
____(10-09 08:52:18.278) From Testing //modules/perception/fusion/base:sensor_frame_test:
==================== Test output for //modules/perception/fusion/base:sensor_frame_test:
/home/mrb2/.cache/bazel/_bazel_mrb2/540135163923dd7d5820f3ee4b306b32/execroot/apollo/bazel-out/local-dbg/bin/modules/perception/fusion/base/sensor_frame_test.runfiles/apollo/modules/perception/fusion/base/sensor_frame_test: error while loading shared libraries: libcuda.so.1: cannot open shared object file: No such file or directory
================================================================================
FAIL: (10-09 08:52:18.435) //modules/perception/fusion/base:sensor_data_manager_test (see /home/mrb2/.cache/bazel/_bazel_mrb2/540135163923dd7d5820f3ee4b306b32/execroot/apollo/bazel-out/local-dbg/testlogs/modules/perception/fusion/base/sensor_data_manager_test/test.log)
____(10-09 08:52:18.436) From Testing //modules/perception/fusion/base:sensor_data_manager_test:
==================== Test output for //modules/perception/fusion/base:sensor_data_manager_test:
/home/mrb2/.cache/bazel/_bazel_mrb2/540135163923dd7d5820f3ee4b306b32/execroot/apollo/bazel-out/local-dbg/bin/modules/perception/fusion/base/sensor_data_manager_test.runfiles/apollo/modules/perception/fusion/base/sensor_data_manager_test: error while loading shared libraries: libcuda.so.1: cannot open shared object file: No such file or directory
================================================================================
____(10-09 08:52:18.466) [9,857 / 9,914] Testing //modules/perception/common/graph:gated_hungarian_bigraph_matcher_test
PASS: (10-09 08:52:18.528) //modules/perception/common/graph:graph_segmentor_test
PASS: (10-09 08:52:18.540) //modules/perception/common/sensor_manager:sensor_manager_test
PASS: (10-09 08:52:18.540) //modules/perception/common/io:io_util_test
PASS: (10-09 08:52:18.626) //modules/perception/common/graph:gated_hungarian_bigraph_matcher_test
PASS: (10-09 08:52:18.697) //modules/perception/common/graph:connected_component_analysis_test
____(10-09 08:52:18.727) [9,864 / 9,915] Linking modules/perception/camera/test/camera_lib_lane_common_functions_test
FAIL: (10-09 08:52:19.101) //modules/perception/camera/test:camera_lib_traffic_light_tracker_test (see /home/mrb2/.cache/bazel/_bazel_mrb2/540135163923dd7d5820f3ee4b306b32/execroot/apollo/bazel-out/local-dbg/testlogs/modules/perception/camera/test/camera_lib_traffic_light_tracker_test/test.log)
____(10-09 08:52:19.101) From Testing //modules/perception/camera/test:camera_lib_traffic_light_tracker_test:
==================== Test output for //modules/perception/camera/test:camera_lib_traffic_light_tracker_test:
/home/mrb2/.cache/bazel/_bazel_mrb2/540135163923dd7d5820f3ee4b306b32/execroot/apollo/bazel-out/local-dbg/bin/modules/perception/camera/test/camera_lib_traffic_light_tracker_test.runfiles/apollo/modules/perception/camera/test/camera_lib_traffic_light_tracker_test: error while loading shared libraries: libcuda.so.1: cannot open shared object file: No such file or directory
================================================================================
____(10-09 08:52:19.108) [9,868 / 9,917] Testing //modules/perception/camera/test:camera_lib_traffic_light_detector_select_test
FAIL: (10-09 08:52:19.130) //modules/perception/camera/test:camera_lib_traffic_light_detector_select_test (see /home/mrb2/.cache/bazel/_bazel_mrb2/540135163923dd7d5820f3ee4b306b32/execroot/apollo/bazel-out/local-dbg/testlogs/modules/perception/camera/test/camera_lib_traffic_light_detector_select_test/test.log)
____(10-09 08:52:19.130) From Testing //modules/perception/camera/test:camera_lib_traffic_light_detector_select_test:
==================== Test output for //modules/perception/camera/test:camera_lib_traffic_light_detector_select_test:
/home/mrb2/.cache/bazel/_bazel_mrb2/540135163923dd7d5820f3ee4b306b32/execroot/apollo/bazel-out/local-dbg/bin/modules/perception/camera/test/camera_lib_traffic_light_detector_select_test.runfiles/apollo/modules/perception/camera/test/camera_lib_traffic_light_detector_select_test: error while loading shared libraries: libcuda.so.1: cannot open shared object file: No such file or directory
================================================================================
FAIL: (10-09 08:52:19.137) //modules/perception/camera/test:camera_lib_traffic_light_detector_crop_test (see /home/mrb2/.cache/bazel/_bazel_mrb2/540135163923dd7d5820f3ee4b306b32/execroot/apollo/bazel-out/local-dbg/testlogs/modules/perception/camera/test/camera_lib_traffic_light_detector_crop_test/test.log)
____(10-09 08:52:19.137) From Testing //modules/perception/camera/test:camera_lib_traffic_light_detector_crop_test:
==================== Test output for //modules/perception/camera/test:camera_lib_traffic_light_detector_crop_test:
/home/mrb2/.cache/bazel/_bazel_mrb2/540135163923dd7d5820f3ee4b306b32/execroot/apollo/bazel-out/local-dbg/bin/modules/perception/camera/test/camera_lib_traffic_light_detector_crop_test.runfiles/apollo/modules/perception/camera/test/camera_lib_traffic_light_detector_crop_test: error while loading shared libraries: libcuda.so.1: cannot open shared object file: No such file or directory
================================================================================
____(10-09 08:52:19.138) [9,871 / 9,918] Linking modules/perception/camera/test/camera_lib_calibrator_common_histogram_estimator_test
FAIL: (10-09 08:52:19.501) //modules/perception/camera/test:camera_lib_obstacle_postprocessor_location_refiner_test (see /home/mrb2/.cache/bazel/_bazel_mrb2/540135163923dd7d5820f3ee4b306b32/execroot/apollo/bazel-out/local-dbg/testlogs/modules/perception/camera/test/camera_lib_obstacle_postprocessor_location_refiner_test/test.log)
____(10-09 08:52:19.501) From Testing //modules/perception/camera/test:camera_lib_obstacle_postprocessor_location_refiner_test:
==================== Test output for //modules/perception/camera/test:camera_lib_obstacle_postprocessor_location_refiner_test:
/home/mrb2/.cache/bazel/_bazel_mrb2/540135163923dd7d5820f3ee4b306b32/execroot/apollo/bazel-out/local-dbg/bin/modules/perception/camera/test/camera_lib_obstacle_postprocessor_location_refiner_test.runfiles/apollo/modules/perception/camera/test/camera_lib_obstacle_postprocessor_location_refiner_test: error while loading shared libraries: libcuda.so.1: cannot open shared object file: No such file or directory
================================================================================
____(10-09 08:52:19.508) [9,875 / 9,920] Testing //modules/perception/camera/test:camera_lib_obstacle_tracker_omt_frame_list_test
FAIL: (10-09 08:52:19.529) //modules/perception/camera/test:camera_lib_obstacle_tracker_omt_frame_list_test (see /home/mrb2/.cache/bazel/_bazel_mrb2/540135163923dd7d5820f3ee4b306b32/execroot/apollo/bazel-out/local-dbg/testlogs/modules/perception/camera/test/camera_lib_obstacle_tracker_omt_frame_list_test/test.log)
____(10-09 08:52:19.529) From Testing //modules/perception/camera/test:camera_lib_obstacle_tracker_omt_frame_list_test:
==================== Test output for //modules/perception/camera/test:camera_lib_obstacle_tracker_omt_frame_list_test:
/home/mrb2/.cache/bazel/_bazel_mrb2/540135163923dd7d5820f3ee4b306b32/execroot/apollo/bazel-out/local-dbg/bin/modules/perception/camera/test/camera_lib_obstacle_tracker_omt_frame_list_test.runfiles/apollo/modules/perception/camera/test/camera_lib_obstacle_tracker_omt_frame_list_test: error while loading shared libraries: libcuda.so.1: cannot open shared object file: No such file or directory
================================================================================
FAIL: (10-09 08:52:19.536) //modules/perception/camera/test:camera_lib_obstacle_tracker_omt_target_test (see /home/mrb2/.cache/bazel/_bazel_mrb2/540135163923dd7d5820f3ee4b306b32/execroot/apollo/bazel-out/local-dbg/testlogs/modules/perception/camera/test/camera_lib_obstacle_tracker_omt_target_test/test.log)
==================== Test output for //modules/perception/camera/test:camera_lib_obstacle_tracker_omt_target_test:
____(10-09 08:52:19.536) From Testing //modules/perception/camera/test:camera_lib_obstacle_tracker_omt_target_test:
/home/mrb2/.cache/bazel/_bazel_mrb2/540135163923dd7d5820f3ee4b306b32/execroot/apollo/bazel-out/local-dbg/bin/modules/perception/camera/test/camera_lib_obstacle_tracker_omt_target_test.runfiles/apollo/modules/perception/camera/test/camera_lib_obstacle_tracker_omt_target_test: error while loading shared libraries: libcuda.so.1: cannot open shared object file: No such file or directory
================================================================================
FAIL: (10-09 08:52:19.628) //modules/perception/camera/test:camera_lib_obstacle_transformer_multicue_multicue_obstacle_transformer_test (see /home/mrb2/.cache/bazel/_bazel_mrb2/540135163923dd7d5820f3ee4b306b32/execroot/apollo/bazel-out/local-dbg/testlogs/modules/perception/camera/test/camera_lib_obstacle_transformer_multicue_multicue_obstacle_transformer_test/test.log)
____(10-09 08:52:19.628) From Testing //modules/perception/camera/test:camera_lib_obstacle_transformer_multicue_multicue_obstacle_transformer_test:
==================== Test output for //modules/perception/camera/test:camera_lib_obstacle_transformer_multicue_multicue_obstacle_transformer_test:
/home/mrb2/.cache/bazel/_bazel_mrb2/540135163923dd7d5820f3ee4b306b32/execroot/apollo/bazel-out/local-dbg/bin/modules/perception/camera/test/camera_lib_obstacle_transformer_multicue_multicue_obstacle_transformer_test.runfiles/apollo/modules/perception/camera/test/camera_lib_obstacle_transformer_multicue_multicue_obstacle_transformer_test: error while loading shared libraries: libcuda.so.1: cannot open shared object file: No such file or directory
================================================================================
FAIL: (10-09 08:52:19.628) //modules/perception/camera/test:camera_lib_obstacle_tracker_common_test (see /home/mrb2/.cache/bazel/_bazel_mrb2/540135163923dd7d5820f3ee4b306b32/execroot/apollo/bazel-out/local-dbg/testlogs/modules/perception/camera/test/camera_lib_obstacle_tracker_common_test/test.log)
____(10-09 08:52:19.628) From Testing //modules/perception/camera/test:camera_lib_obstacle_tracker_common_test:
==================== Test output for //modules/perception/camera/test:camera_lib_obstacle_tracker_common_test:
/home/mrb2/.cache/bazel/_bazel_mrb2/540135163923dd7d5820f3ee4b306b32/execroot/apollo/bazel-out/local-dbg/bin/modules/perception/camera/test/camera_lib_obstacle_tracker_common_test.runfiles/apollo/modules/perception/camera/test/camera_lib_obstacle_tracker_common_test: error while loading shared libraries: libcuda.so.1: cannot open shared object file: No such file or directory
================================================================================
FAIL: (10-09 08:52:20.165) //modules/perception/camera/test:camera_lib_lane_postprocessor_denseline_lane_postprocessor_test (see /home/mrb2/.cache/bazel/_bazel_mrb2/540135163923dd7d5820f3ee4b306b32/execroot/apollo/bazel-out/local-dbg/testlogs/modules/perception/camera/test/camera_lib_lane_postprocessor_denseline_lane_postprocessor_test/test.log)
____(10-09 08:52:20.165) From Testing //modules/perception/camera/test:camera_lib_lane_postprocessor_denseline_lane_postprocessor_test:
==================== Test output for //modules/perception/camera/test:camera_lib_lane_postprocessor_denseline_lane_postprocessor_test:
/home/mrb2/.cache/bazel/_bazel_mrb2/540135163923dd7d5820f3ee4b306b32/execroot/apollo/bazel-out/local-dbg/bin/modules/perception/camera/test/camera_lib_lane_postprocessor_denseline_lane_postprocessor_test.runfiles/apollo/modules/perception/camera/test/camera_lib_lane_postprocessor_denseline_lane_postprocessor_test: error while loading shared libraries: libcuda.so.1: cannot open shared object file: No such file or directory
================================================================================
FAIL: (10-09 08:52:20.193) //modules/perception/camera/test:camera_lib_obstacle_detector_yolo_region_output_test (see /home/mrb2/.cache/bazel/_bazel_mrb2/540135163923dd7d5820f3ee4b306b32/execroot/apollo/bazel-out/local-dbg/testlogs/modules/perception/camera/test/camera_lib_obstacle_detector_yolo_region_output_test/test.log)
____(10-09 08:52:20.193) From Testing //modules/perception/camera/test:camera_lib_obstacle_detector_yolo_region_output_test:
==================== Test output for //modules/perception/camera/test:camera_lib_obstacle_detector_yolo_region_output_test:
/home/mrb2/.cache/bazel/_bazel_mrb2/540135163923dd7d5820f3ee4b306b32/execroot/apollo/bazel-out/local-dbg/bin/modules/perception/camera/test/camera_lib_obstacle_detector_yolo_region_output_test.runfiles/apollo/modules/perception/camera/test/camera_lib_obstacle_detector_yolo_region_output_test: error while loading shared libraries: libcuda.so.1: cannot open shared object file: No such file or directory
================================================================================
FAIL: (10-09 08:52:20.542) //modules/perception/camera/test:camera_lib_interface_test (see /home/mrb2/.cache/bazel/_bazel_mrb2/540135163923dd7d5820f3ee4b306b32/execroot/apollo/bazel-out/local-dbg/testlogs/modules/perception/camera/test/camera_lib_interface_test/test.log)
____(10-09 08:52:20.542) From Testing //modules/perception/camera/test:camera_lib_interface_test:
==================== Test output for //modules/perception/camera/test:camera_lib_interface_test:
/home/mrb2/.cache/bazel/_bazel_mrb2/540135163923dd7d5820f3ee4b306b32/execroot/apollo/bazel-out/local-dbg/bin/modules/perception/camera/test/camera_lib_interface_test.runfiles/apollo/modules/perception/camera/test/camera_lib_interface_test: error while loading shared libraries: libcuda.so.1: cannot open shared object file: No such file or directory
================================================================================
FAIL: (10-09 08:52:20.592) //modules/perception/camera/test:camera_lib_lane_common_functions_test (see /home/mrb2/.cache/bazel/_bazel_mrb2/540135163923dd7d5820f3ee4b306b32/execroot/apollo/bazel-out/local-dbg/testlogs/modules/perception/camera/test/camera_lib_lane_common_functions_test/test.log)
____(10-09 08:52:20.593) From Testing //modules/perception/camera/test:camera_lib_lane_common_functions_test:
==================== Test output for //modules/perception/camera/test:camera_lib_lane_common_functions_test:
/home/mrb2/.cache/bazel/_bazel_mrb2/540135163923dd7d5820f3ee4b306b32/execroot/apollo/bazel-out/local-dbg/bin/modules/perception/camera/test/camera_lib_lane_common_functions_test.runfiles/apollo/modules/perception/camera/test/camera_lib_lane_common_functions_test: error while loading shared libraries: libcuda.so.1: cannot open shared object file: No such file or directory
================================================================================
FAIL: (10-09 08:52:20.664) //modules/perception/camera/test:camera_lib_dummy_algorithms_test (see /home/mrb2/.cache/bazel/_bazel_mrb2/540135163923dd7d5820f3ee4b306b32/execroot/apollo/bazel-out/local-dbg/testlogs/modules/perception/camera/test/camera_lib_dummy_algorithms_test/test.log)
____(10-09 08:52:20.664) From Testing //modules/perception/camera/test:camera_lib_dummy_algorithms_test:
==================== Test output for //modules/perception/camera/test:camera_lib_dummy_algorithms_test:
/home/mrb2/.cache/bazel/_bazel_mrb2/540135163923dd7d5820f3ee4b306b32/execroot/apollo/bazel-out/local-dbg/bin/modules/perception/camera/test/camera_lib_dummy_algorithms_test.runfiles/apollo/modules/perception/camera/test/camera_lib_dummy_algorithms_test: error while loading shared libraries: libcuda.so.1: cannot open shared object file: No such file or directory
================================================================================
FAIL: (10-09 08:52:20.833) //modules/perception/camera/test:camera_lib_feature_extractor_tfe_tracking_feat_extractor_test (see /home/mrb2/.cache/bazel/_bazel_mrb2/540135163923dd7d5820f3ee4b306b32/execroot/apollo/bazel-out/local-dbg/testlogs/modules/perception/camera/test/camera_lib_feature_extractor_tfe_tracking_feat_extractor_test/test.log)
____(10-09 08:52:20.833) From Testing //modules/perception/camera/test:camera_lib_feature_extractor_tfe_tracking_feat_extractor_test:
==================== Test output for //modules/perception/camera/test:camera_lib_feature_extractor_tfe_tracking_feat_extractor_test:
/home/mrb2/.cache/bazel/_bazel_mrb2/540135163923dd7d5820f3ee4b306b32/execroot/apollo/bazel-out/local-dbg/bin/modules/perception/camera/test/camera_lib_feature_extractor_tfe_tracking_feat_extractor_test.runfiles/apollo/modules/perception/camera/test/camera_lib_feature_extractor_tfe_tracking_feat_extractor_test: error while loading shared libraries: libcuda.so.1: cannot open shared object file: No such file or directory
================================================================================
PASS: (10-09 08:52:20.846) //modules/perception/camera/test:camera_lib_calibrator_common_histogram_estimator_test
FAIL: (10-09 08:52:20.912) //modules/perception/camera/test:camera_lib_calibration_service_online_calibration_service_test (see /home/mrb2/.cache/bazel/_bazel_mrb2/540135163923dd7d5820f3ee4b306b32/execroot/apollo/bazel-out/local-dbg/testlogs/modules/perception/camera/test/camera_lib_calibration_service_online_calibration_service_test/test.log)
____(10-09 08:52:20.912) From Testing //modules/perception/camera/test:camera_lib_calibration_service_online_calibration_service_test:
==================== Test output for //modules/perception/camera/test:camera_lib_calibration_service_online_calibration_service_test:
/home/mrb2/.cache/bazel/_bazel_mrb2/540135163923dd7d5820f3ee4b306b32/execroot/apollo/bazel-out/local-dbg/bin/modules/perception/camera/test/camera_lib_calibration_service_online_calibration_service_test.runfiles/apollo/modules/perception/camera/test/camera_lib_calibration_service_online_calibration_service_test: error while loading shared libraries: libcuda.so.1: cannot open shared object file: No such file or directory
================================================================================
FAIL: (10-09 08:52:21.196) //modules/perception/camera/test:camera_lib_lane_detector_denseline_lane_detector_test (see /home/mrb2/.cache/bazel/_bazel_mrb2/540135163923dd7d5820f3ee4b306b32/execroot/apollo/bazel-out/local-dbg/testlogs/modules/perception/camera/test/camera_lib_lane_detector_denseline_lane_detector_test/test.log)
____(10-09 08:52:21.196) From Testing //modules/perception/camera/test:camera_lib_lane_detector_denseline_lane_detector_test:
==================== Test output for //modules/perception/camera/test:camera_lib_lane_detector_denseline_lane_detector_test:
/home/mrb2/.cache/bazel/_bazel_mrb2/540135163923dd7d5820f3ee4b306b32/execroot/apollo/bazel-out/local-dbg/bin/modules/perception/camera/test/camera_lib_lane_detector_denseline_lane_detector_test.runfiles/apollo/modules/perception/camera/test/camera_lib_lane_detector_denseline_lane_detector_test: error while loading shared libraries: libcuda.so.1: cannot open shared object file: No such file or directory
================================================================================
FAIL: (10-09 08:52:21.196) //modules/perception/camera/test:camera_lib_obstacle_detector_yolo_yolo_obstacle_detector_test (see /home/mrb2/.cache/bazel/_bazel_mrb2/540135163923dd7d5820f3ee4b306b32/execroot/apollo/bazel-out/local-dbg/testlogs/modules/perception/camera/test/camera_lib_obstacle_detector_yolo_yolo_obstacle_detector_test/test.log)
____(10-09 08:52:21.197) From Testing //modules/perception/camera/test:camera_lib_obstacle_detector_yolo_yolo_obstacle_detector_test:
==================== Test output for //modules/perception/camera/test:camera_lib_obstacle_detector_yolo_yolo_obstacle_detector_test:
/home/mrb2/.cache/bazel/_bazel_mrb2/540135163923dd7d5820f3ee4b306b32/execroot/apollo/bazel-out/local-dbg/bin/modules/perception/camera/test/camera_lib_obstacle_detector_yolo_yolo_obstacle_detector_test.runfiles/apollo/modules/perception/camera/test/camera_lib_obstacle_detector_yolo_yolo_obstacle_detector_test: error while loading shared libraries: libcuda.so.1: cannot open shared object file: No such file or directory
================================================================================
FAIL: (10-09 08:52:21.197) //modules/perception/camera/test:camera_common_camera_ground_plane_test (see /home/mrb2/.cache/bazel/_bazel_mrb2/540135163923dd7d5820f3ee4b306b32/execroot/apollo/bazel-out/local-dbg/testlogs/modules/perception/camera/test/camera_common_camera_ground_plane_test/test.log)
____(10-09 08:52:21.197) From Testing //modules/perception/camera/test:camera_common_camera_ground_plane_test:
==================== Test output for //modules/perception/camera/test:camera_common_camera_ground_plane_test:
/home/mrb2/.cache/bazel/_bazel_mrb2/540135163923dd7d5820f3ee4b306b32/execroot/apollo/bazel-out/local-dbg/bin/modules/perception/camera/test/camera_common_camera_ground_plane_test.runfiles/apollo/modules/perception/camera/test/camera_common_camera_ground_plane_test: error while loading shared libraries: libcuda.so.1: cannot open shared object file: No such file or directory
================================================================================
FAIL: (10-09 08:52:21.217) //modules/perception/camera/test:camera_lib_lane_detector_darkscnn_lane_detector_test (see /home/mrb2/.cache/bazel/_bazel_mrb2/540135163923dd7d5820f3ee4b306b32/execroot/apollo/bazel-out/local-dbg/testlogs/modules/perception/camera/test/camera_lib_lane_detector_darkscnn_lane_detector_test/test.log)
____(10-09 08:52:21.217) From Testing //modules/perception/camera/test:camera_lib_lane_detector_darkscnn_lane_detector_test:
==================== Test output for //modules/perception/camera/test:camera_lib_lane_detector_darkscnn_lane_detector_test:
/home/mrb2/.cache/bazel/_bazel_mrb2/540135163923dd7d5820f3ee4b306b32/execroot/apollo/bazel-out/local-dbg/bin/modules/perception/camera/test/camera_lib_lane_detector_darkscnn_lane_detector_test.runfiles/apollo/modules/perception/camera/test/camera_lib_lane_detector_darkscnn_lane_detector_test: error while loading shared libraries: libcuda.so.1: cannot open shared object file: No such file or directory
================================================================================
FAIL: (10-09 08:52:21.220) //modules/perception/camera/test:camera_lib_lane_postprocessor_darkscnn_lane_postprocessor_test (see /home/mrb2/.cache/bazel/_bazel_mrb2/540135163923dd7d5820f3ee4b306b32/execroot/apollo/bazel-out/local-dbg/testlogs/modules/perception/camera/test/camera_lib_lane_postprocessor_darkscnn_lane_postprocessor_test/test.log)
____(10-09 08:52:21.220) From Testing //modules/perception/camera/test:camera_lib_lane_postprocessor_darkscnn_lane_postprocessor_test:
==================== Test output for //modules/perception/camera/test:camera_lib_lane_postprocessor_darkscnn_lane_postprocessor_test:
/home/mrb2/.cache/bazel/_bazel_mrb2/540135163923dd7d5820f3ee4b306b32/execroot/apollo/bazel-out/local-dbg/bin/modules/perception/camera/test/camera_lib_lane_postprocessor_darkscnn_lane_postprocessor_test.runfiles/apollo/modules/perception/camera/test/camera_lib_lane_postprocessor_darkscnn_lane_postprocessor_test: error while loading shared libraries: libcuda.so.1: cannot open shared object file: No such file or directory
================================================================================
FAIL: (10-09 08:52:21.265) //modules/perception/camera/test:camera_common_veh_template_test (see /home/mrb2/.cache/bazel/_bazel_mrb2/540135163923dd7d5820f3ee4b306b32/execroot/apollo/bazel-out/local-dbg/testlogs/modules/perception/camera/test/camera_common_veh_template_test/test.log)
____(10-09 08:52:21.266) From Testing //modules/perception/camera/test:camera_common_veh_template_test:
==================== Test output for //modules/perception/camera/test:camera_common_veh_template_test:
/home/mrb2/.cache/bazel/_bazel_mrb2/540135163923dd7d5820f3ee4b306b32/execroot/apollo/bazel-out/local-dbg/bin/modules/perception/camera/test/camera_common_veh_template_test.runfiles/apollo/modules/perception/camera/test/camera_common_veh_template_test: error while loading shared libraries: libcuda.so.1: cannot open shared object file: No such file or directory
================================================================================
FAIL: (10-09 08:52:21.362) //modules/perception/camera/test:camera_common_util_test (see /home/mrb2/.cache/bazel/_bazel_mrb2/540135163923dd7d5820f3ee4b306b32/execroot/apollo/bazel-out/local-dbg/testlogs/modules/perception/camera/test/camera_common_util_test/test.log)
____(10-09 08:52:21.362) From Testing //modules/perception/camera/test:camera_common_util_test:
==================== Test output for //modules/perception/camera/test:camera_common_util_test:
/home/mrb2/.cache/bazel/_bazel_mrb2/540135163923dd7d5820f3ee4b306b32/execroot/apollo/bazel-out/local-dbg/bin/modules/perception/camera/test/camera_common_util_test.runfiles/apollo/modules/perception/camera/test/camera_common_util_test: error while loading shared libraries: libcuda.so.1: cannot open shared object file: No such file or directory
================================================================================
FAIL: (10-09 08:52:21.387) //modules/perception/camera/test:camera_common_twod_threed_util_test (see /home/mrb2/.cache/bazel/_bazel_mrb2/540135163923dd7d5820f3ee4b306b32/execroot/apollo/bazel-out/local-dbg/testlogs/modules/perception/camera/test/camera_common_twod_threed_util_test/test.log)
____(10-09 08:52:21.387) From Testing //modules/perception/camera/test:camera_common_twod_threed_util_test:
==================== Test output for //modules/perception/camera/test:camera_common_twod_threed_util_test:
/home/mrb2/.cache/bazel/_bazel_mrb2/540135163923dd7d5820f3ee4b306b32/execroot/apollo/bazel-out/local-dbg/bin/modules/perception/camera/test/camera_common_twod_threed_util_test.runfiles/apollo/modules/perception/camera/test/camera_common_twod_threed_util_test: error while loading shared libraries: libcuda.so.1: cannot open shared object file: No such file or directory
================================================================================
FAIL: (10-09 08:52:21.393) //modules/perception/camera/test:camera_common_data_provider_test (see /home/mrb2/.cache/bazel/_bazel_mrb2/540135163923dd7d5820f3ee4b306b32/execroot/apollo/bazel-out/local-dbg/testlogs/modules/perception/camera/test/camera_common_data_provider_test/test.log)
____(10-09 08:52:21.394) From Testing //modules/perception/camera/test:camera_common_data_provider_test:
==================== Test output for //modules/perception/camera/test:camera_common_data_provider_test:
/home/mrb2/.cache/bazel/_bazel_mrb2/540135163923dd7d5820f3ee4b306b32/execroot/apollo/bazel-out/local-dbg/bin/modules/perception/camera/test/camera_common_data_provider_test.runfiles/apollo/modules/perception/camera/test/camera_common_data_provider_test: error while loading shared libraries: libcuda.so.1: cannot open shared object file: No such file or directory
================================================================================
FAIL: (10-09 08:52:21.560) //modules/perception/base:syncedmem_test (see /home/mrb2/.cache/bazel/_bazel_mrb2/540135163923dd7d5820f3ee4b306b32/execroot/apollo/bazel-out/local-dbg/testlogs/modules/perception/base/syncedmem_test/test.log)
____(10-09 08:52:21.560) From Testing //modules/perception/base:syncedmem_test:
==================== Test output for //modules/perception/base:syncedmem_test:
/home/mrb2/.cache/bazel/_bazel_mrb2/540135163923dd7d5820f3ee4b306b32/execroot/apollo/bazel-out/local-dbg/bin/modules/perception/base/syncedmem_test.runfiles/apollo/modules/perception/base/syncedmem_test: error while loading shared libraries: libcuda.so.1: cannot open shared object file: No such file or directory
================================================================================
FAIL: (10-09 08:52:21.726) //modules/perception/camera/test:camera_app_cipv_camera_test (see /home/mrb2/.cache/bazel/_bazel_mrb2/540135163923dd7d5820f3ee4b306b32/execroot/apollo/bazel-out/local-dbg/testlogs/modules/perception/camera/test/camera_app_cipv_camera_test/test.log)
PASS: (10-09 08:52:21.726) //modules/perception/base:omnidirectional_model_test
____(10-09 08:52:21.726) From Testing //modules/perception/camera/test:camera_app_cipv_camera_test:
==================== Test output for //modules/perception/camera/test:camera_app_cipv_camera_test:
/home/mrb2/.cache/bazel/_bazel_mrb2/540135163923dd7d5820f3ee4b306b32/execroot/apollo/bazel-out/local-dbg/bin/modules/perception/camera/test/camera_app_cipv_camera_test.runfiles/apollo/modules/perception/camera/test/camera_app_cipv_camera_test: error while loading shared libraries: libcuda.so.1: cannot open shared object file: No such file or directory
================================================================================
FAIL: (10-09 08:52:21.874) //modules/perception/base:object_pool_test (see /home/mrb2/.cache/bazel/_bazel_mrb2/540135163923dd7d5820f3ee4b306b32/execroot/apollo/bazel-out/local-dbg/testlogs/modules/perception/base/object_pool_test/test.log)
____(10-09 08:52:21.874) From Testing //modules/perception/base:object_pool_test:
==================== Test output for //modules/perception/base:object_pool_test:
/home/mrb2/.cache/bazel/_bazel_mrb2/540135163923dd7d5820f3ee4b306b32/execroot/apollo/bazel-out/local-dbg/bin/modules/perception/base/object_pool_test.runfiles/apollo/modules/perception/base/object_pool_test: error while loading shared libraries: libcuda.so.1: cannot open shared object file: No such file or directory
================================================================================
FAIL: (10-09 08:52:21.881) //modules/perception/base:image_test (see /home/mrb2/.cache/bazel/_bazel_mrb2/540135163923dd7d5820f3ee4b306b32/execroot/apollo/bazel-out/local-dbg/testlogs/modules/perception/base/image_test/test.log)
____(10-09 08:52:21.881) From Testing //modules/perception/base:image_test:==================== Test output for //modules/perception/base:image_test:
/home/mrb2/.cache/bazel/_bazel_mrb2/540135163923dd7d5820f3ee4b306b32/execroot/apollo/bazel-out/local-dbg/bin/modules/perception/base/image_test.runfiles/apollo/modules/perception/base/image_test: error while loading shared libraries: libcuda.so.1: cannot open shared object file: No such file or directory
================================================================================

FAIL: (10-09 08:52:21.902) //modules/perception/base:blob_test (see /home/mrb2/.cache/bazel/_bazel_mrb2/540135163923dd7d5820f3ee4b306b32/execroot/apollo/bazel-out/local-dbg/testlogs/modules/perception/base/blob_test/test.log)
____(10-09 08:52:21.902) From Testing //modules/perception/base:blob_test:==================== Test output for //modules/perception/base:blob_test:
/home/mrb2/.cache/bazel/_bazel_mrb2/540135163923dd7d5820f3ee4b306b32/execroot/apollo/bazel-out/local-dbg/bin/modules/perception/base/blob_test.runfiles/apollo/modules/perception/base/blob_test: error while loading shared libraries: libcuda.so.1: cannot open shared object file: No such file or directory
================================================================================

PASS: (10-09 08:52:21.950) //modules/perception/base:impending_collision_edge_test
FAIL: (10-09 08:52:22.031) //modules/perception/camera/test:camera_app_obstacle_camera_perception_test (see /home/mrb2/.cache/bazel/_bazel_mrb2/540135163923dd7d5820f3ee4b306b32/execroot/apollo/bazel-out/local-dbg/testlogs/modules/perception/camera/test/camera_app_obstacle_camera_perception_test/test.log)
____(10-09 08:52:22.031) From Testing //modules/perception/camera/test:camera_app_obstacle_camera_perception_test:
==================== Test output for //modules/perception/camera/test:camera_app_obstacle_camera_perception_test:
/home/mrb2/.cache/bazel/_bazel_mrb2/540135163923dd7d5820f3ee4b306b32/execroot/apollo/bazel-out/local-dbg/bin/modules/perception/camera/test/camera_app_obstacle_camera_perception_test.runfiles/apollo/modules/perception/camera/test/camera_app_obstacle_camera_perception_test: error while loading shared libraries: libcuda.so.1: cannot open shared object file: No such file or directory
================================================================================
PASS: (10-09 08:52:22.140) //modules/perception/base:distortion_model_test
PASS: (10-09 08:52:22.154) //modules/monitor/common:recurrent_runner_test
PASS: (10-09 08:52:22.543) //modules/map/relative_map:navigation_lane_test
PASS: (10-09 08:52:22.588) //modules/v2x/v2x_proxy/obu_interface/grpc_interface:grpc_server_test
PASS: (10-09 08:52:22.638) //modules/v2x/v2x_proxy/os_interface:os_interface_test
PASS: (10-09 08:52:25.307) //modules/perception/lib/thread:thread_worker_test
____(10-09 08:52:29.021) [9,952 / 9,953] Linking modules/planning/libplanning_component.so
____(10-09 08:52:29.489) Elapsed time: 243.999s, Critical Path: 47.15s
//modules/map/relative_map:navigation_lane_test                          PASSED in 0.3s
//modules/monitor/common:recurrent_runner_test                           PASSED in 0.1s
//modules/perception/base:box_test                                       PASSED in 0.0s
//modules/perception/base:camera_test                                    PASSED in 0.0s
//modules/perception/base:distortion_model_test                          PASSED in 0.1s
//modules/perception/base:impending_collision_edge_test                  PASSED in 0.2s
//modules/perception/base:object_test                                    PASSED in 0.0s
//modules/perception/base:omnidirectional_model_test                     PASSED in 0.2s
//modules/perception/base:point_cloud_test                               PASSED in 0.0s
//modules/perception/base:polynomial_test                                PASSED in 0.0s
//modules/perception/camera/test:camera_lib_calibrator_common_histogram_estimator_test PASSED in 0.2s
//modules/perception/common/geometry:basic_test                          PASSED in 0.0s
//modules/perception/common/geometry:camera_homography_test              PASSED in 0.0s
//modules/perception/common/geometry:convex_hull_2d_test                 PASSED in 0.2s
//modules/perception/common/geometry:roi_filter_test                     PASSED in 0.0s
//modules/perception/common/graph:conditional_clustering_test            PASSED in 0.0s
//modules/perception/common/graph:connected_component_analysis_test      PASSED in 0.2s
//modules/perception/common/graph:disjoint_set_test                      PASSED in 0.0s
//modules/perception/common/graph:gated_hungarian_bigraph_matcher_test   PASSED in 0.2s
//modules/perception/common/graph:graph_segmentor_test                   PASSED in 0.2s
//modules/perception/common/graph:hungarian_optimizer_test               PASSED in 0.0s
//modules/perception/common/graph:secure_matrix_test                     PASSED in 0.0s
//modules/perception/common/image_processing:hough_transfer_test         PASSED in 0.0s
//modules/perception/common/io:io_util_test                              PASSED in 0.2s
//modules/perception/common/sensor_manager:sensor_manager_test           PASSED in 0.2s
//modules/perception/inference/tensorrt:batch_stream_test                PASSED in 0.3s
//modules/perception/inference/tensorrt:rt_utils_test                    PASSED in 0.2s
//modules/perception/lib/config_manager:config_manager_test              PASSED in 0.2s
//modules/perception/lib/registerer:registerer_test                      PASSED in 0.2s
//modules/perception/lib/thread:concurrent_queue_test                    PASSED in 0.2s
//modules/perception/lib/thread:thread_pool_test                         PASSED in 0.2s
//modules/perception/lib/thread:thread_test                              PASSED in 0.2s
//modules/perception/lib/thread:thread_worker_test                       PASSED in 10.1s
//modules/perception/lib/utils:perception_time_util_test                 PASSED in 0.0s
//modules/perception/lib/utils:perception_timer_test                     PASSED in 0.8s
//modules/perception/lidar/common:cloud_mask_test                        PASSED in 0.0s
//modules/planning/common:ego_info_test                                  PASSED in 0.6s
//modules/planning/common:frame_test                                     PASSED in 0.7s
//modules/planning/common:indexed_list_test                              PASSED in 0.1s
//modules/planning/common:indexed_queue_test                             PASSED in 0.1s
//modules/planning/common:obstacle_test                                  PASSED in 0.6s
//modules/planning/common:open_space_info_test                           PASSED in 0.5s
//modules/planning/common/path:discretized_path_test                     PASSED in 0.1s
//modules/planning/common/path:frenet_frame_path_test                    PASSED in 0.2s
//modules/planning/common:reference_line_info_test                       PASSED in 0.4s
//modules/planning/common/speed:st_boundary_test                         PASSED in 0.3s
//modules/planning/common:speed_limit_test                               PASSED in 0.6s
//modules/planning/common:speed_profile_generator_test                   PASSED in 0.7s
//modules/planning/common:st_graph_data_test                             PASSED in 0.4s
//modules/planning/common/trajectory:discretized_trajectory_test         PASSED in 0.4s
//modules/planning/common/trajectory:publishable_trajectory_test         PASSED in 0.5s
//modules/planning/math/curve1d:cubic_polynomial_curve1d_test            PASSED in 0.1s
//modules/planning/math/curve1d:piecewise_quintic_spiral_path_test       PASSED in 0.1s
//modules/planning/math/curve1d:quartic_polynomial_curve1d_test          PASSED in 0.1s
//modules/planning/math/curve1d:quintic_polynomial_curve1d_test          PASSED in 0.0s
//modules/planning/math:curve_math_test                                  PASSED in 0.0s
//modules/planning/math/smoothing_spline:active_set_spline_1d_solver_test PASSED in 0.2s
//modules/planning/math/smoothing_spline:active_set_spline_2d_solver_test PASSED in 0.1s
//modules/planning/math/smoothing_spline:osqp_spline_1d_solver_test      PASSED in 0.1s
//modules/planning/math/smoothing_spline:osqp_spline_2d_solver_test      PASSED in 0.1s
//modules/planning/math/smoothing_spline:piecewise_linear_constraint_test PASSED in 0.0s
//modules/planning/math/smoothing_spline:piecewise_linear_kernel_test    PASSED in 0.0s
//modules/planning/math/smoothing_spline:spline_1d_constraint_test       PASSED in 0.1s
//modules/planning/math/smoothing_spline:spline_1d_kernel_test           PASSED in 0.0s
//modules/planning/math/smoothing_spline:spline_2d_constraint_test       PASSED in 0.1s
//modules/planning/math/smoothing_spline:spline_2d_kernel_test           PASSED in 0.1s
//modules/planning/navi/decider:navi_decider_test                        PASSED in 0.7s
//modules/planning/open_space/coarse_trajectory_generator:hybrid_a_star_test PASSED in 0.9s
//modules/planning/open_space/coarse_trajectory_generator:node3d_test    PASSED in 0.8s
//modules/planning/open_space/coarse_trajectory_generator:reeds_shepp_path_test PASSED in 0.6s
//modules/planning/open_space/trajectory_smoother:distance_approach_ipopt_cuda_interface_test PASSED in 0.6s
//modules/planning/open_space/trajectory_smoother:distance_approach_ipopt_interface_test PASSED in 0.5s
//modules/planning/open_space/trajectory_smoother:distance_approach_problem_test PASSED in 0.6s
//modules/planning/open_space/trajectory_smoother:dual_variable_warm_start_ipopt_interface_test PASSED in 0.3s
//modules/planning/open_space/trajectory_smoother:dual_variable_warm_start_osqp_interface_test PASSED in 1.0s
//modules/planning/open_space/trajectory_smoother:dual_variable_warm_start_problem_test PASSED in 0.4s
//modules/planning/planner/navi:navi_planner_test                        PASSED in 1.1s
//modules/planning/planner:navi_planner_dispatcher_test                  PASSED in 1.1s
//modules/planning/planner:on_lane_planner_dispatcher_test               PASSED in 1.2s
//modules/planning/planner/public_road:public_road_planner_test          PASSED in 1.2s
//modules/planning/planner/rtk:rtk_replay_planner_test                   PASSED in 1.2s
//modules/planning/reference_line:discrete_points_reference_line_smoother_test PASSED in 0.5s
//modules/planning/reference_line:qp_spline_reference_line_smoother_test PASSED in 0.6s
//modules/planning/reference_line:spiral_reference_line_smoother_test    PASSED in 30.4s
//modules/planning/scenarios/bare_intersection/unprotected:bare_intersection_unprotected_scenario_test PASSED in 1.1s
//modules/planning/scenarios/lane_follow:lane_follow_scenario_test       PASSED in 1.1s
//modules/planning/scenarios/narrow_street_u_turn:narrow_street_u_turn_scenario_test PASSED in 1.1s
//modules/planning/scenarios/park/pull_over:pull_over_scenario_test      PASSED in 0.9s
//modules/planning/scenarios/park/pull_over:stage_approach_test          PASSED in 1.0s
//modules/planning/scenarios/park/valet_parking:stage_approaching_parking_spot_test PASSED in 1.0s
//modules/planning/scenarios/park/valet_parking:stage_parking_test       PASSED in 1.0s
//modules/planning/scenarios/park/valet_parking:valet_parking_scenario_test PASSED in 1.0s
//modules/planning/scenarios/park_and_go:park_and_go_scenario_test       PASSED in 0.8s
//modules/planning/scenarios/park_and_go:stage_check_test                PASSED in 0.8s
//modules/planning/scenarios/stop_sign/unprotected:stop_sign_unprotected_scenario_test PASSED in 0.9s
//modules/planning/scenarios/traffic_light/protected:traffic_light_protected_scenario_test PASSED in 0.8s
//modules/planning/scenarios/traffic_light/unprotected_left_turn:traffic_light_left_turn_unprotected_scenario_test PASSED in 1.0s
//modules/planning/scenarios/traffic_light/unprotected_right_turn:traffic_light_right_turn_unprotected_scenario_test PASSED in 0.9s
//modules/planning/tasks/deciders/creep_decider:creep_decider_test       PASSED in 0.9s
//modules/planning/tasks/deciders/open_space_decider:open_space_fallback_decider_test PASSED in 1.0s
//modules/planning/tasks/deciders/open_space_decider:open_space_roi_decider_test PASSED in 0.7s
//modules/planning/tasks/deciders/path_bounds_decider:path_bounds_decider_test PASSED in 0.7s
//modules/planning/tasks/deciders/speed_bounds_decider:speed_limit_decider_test PASSED in 0.7s
//modules/planning/tasks/deciders/speed_bounds_decider:st_boundary_mapper_test PASSED in 0.8s
//modules/planning/tasks/optimizers/open_space_trajectory_generation:open_space_trajectory_optimizer_test PASSED in 0.8s
//modules/planning/tasks/optimizers/open_space_trajectory_generation:open_space_trajectory_provider_test PASSED in 0.9s
//modules/planning/tasks/optimizers/open_space_trajectory_partition:open_space_trajectory_partition_test PASSED in 0.7s
//modules/planning/tasks/optimizers/path_time_heuristic:gridded_path_time_graph_test PASSED in 0.7s
//modules/planning/tasks/rss:decider_rss_test                            PASSED in 0.7s
//modules/planning/tuning:autotuning_mlp_net_model_test                  PASSED in 0.4s
//modules/planning/tuning:autotuning_raw_feature_generator_test          PASSED in 0.5s
//modules/planning/tuning/speed_model:autotuning_speed_feature_builder_test PASSED in 0.1s
//modules/planning/tuning/speed_model:autotuning_speed_mlp_model_test    PASSED in 0.4s
//modules/prediction/common:environment_features_test                    PASSED in 0.3s
//modules/prediction/common:feature_output_test                          PASSED in 0.6s
//modules/prediction/common:junction_analyzer_test                       PASSED in 0.2s
//modules/prediction/common:prediction_map_test                          PASSED in 0.2s
//modules/prediction/common:prediction_thread_pool_test                  PASSED in 0.1s
//modules/prediction/common:prediction_util_test                         PASSED in 0.1s
//modules/prediction/common:road_graph_test                              PASSED in 0.2s
//modules/prediction/common:validation_checker_test                      PASSED in 0.1s
//modules/prediction/container/adc_trajectory:adc_trajectory_container_test PASSED in 0.5s
//modules/prediction/container:container_manager_test                    PASSED in 0.6s
//modules/prediction/container/obstacles:obstacle_clusters_test          PASSED in 0.2s
//modules/prediction/container/obstacles:obstacle_test                   PASSED in 0.6s
//modules/prediction/container/obstacles:obstacles_container_test        PASSED in 0.5s
//modules/prediction/container/pose:pose_container_test                  PASSED in 0.1s
//modules/prediction/evaluator/cyclist:cyclist_keep_lane_evaluator_test  PASSED in 0.5s
//modules/prediction/evaluator:evaluator_manager_test                    PASSED in 1.4s
//modules/prediction/evaluator/pedestrian:pedestrian_interaction_evaluator_test PASSED in 1.1s
//modules/prediction/evaluator/vehicle:cost_evaluator_test               PASSED in 0.4s
//modules/prediction/evaluator/vehicle:cruise_mlp_evaluator_test         PASSED in 1.2s
//modules/prediction/evaluator/vehicle:junction_mlp_evaluator_test       PASSED in 1.0s
//modules/prediction/evaluator/vehicle:mlp_evaluator_test                PASSED in 0.4s
//modules/prediction/evaluator/vehicle:rnn_evaluator_test                PASSED in 0.4s
//modules/prediction/network:net_layer_test                              PASSED in 0.2s
//modules/prediction/network:net_util_test                               PASSED in 0.2s
//modules/prediction/network/rnn_model:rnn_model_test                    PASSED in 0.3s
//modules/prediction:prediction_component_test                           PASSED in 0.9s
//modules/prediction/predictor/empty:empty_predictor_test                PASSED in 0.5s
//modules/prediction/predictor/free_move:free_move_predictor_test        PASSED in 0.5s
//modules/prediction/predictor/interaction:interaction_predictor_test    PASSED in 0.5s
//modules/prediction/predictor/junction:junction_predictor_test          PASSED in 0.8s
//modules/prediction/predictor/lane_sequence:lane_sequence_predictor_test PASSED in 0.5s
//modules/prediction/predictor/move_sequence:move_sequence_predictor_test PASSED in 0.5s
//modules/prediction/predictor:predictor_manager_test                    PASSED in 1.7s
//modules/prediction/predictor/regional:regional_predictor_test          PASSED in 0.5s
//modules/prediction/predictor/sequence:sequence_predictor_test          PASSED in 0.5s
//modules/prediction/predictor/single_lane:single_lane_predictor_test    PASSED in 0.5s
//modules/prediction/scenario/analyzer:scenario_analyzer_test            PASSED in 0.5s
//modules/prediction/scenario/feature_extractor:feature_extractor_test   PASSED in 0.5s
//modules/prediction/scenario/scenario_features:cruise_scenario_features_test PASSED in 0.3s
//modules/prediction/scenario:scenario_manager_test                      PASSED in 0.5s
//modules/routing/graph:sub_topo_graph_test                              PASSED in 0.2s
//modules/routing/graph:topo_graph_test                                  PASSED in 0.2s
//modules/routing/graph:topo_node_test                                   PASSED in 0.2s
//modules/routing/graph:topo_range_test                                  PASSED in 0.2s
//modules/routing/topo_creator:graph_creator_test                        PASSED in 0.1s
//modules/transform:static_transform_component_test                      PASSED in 0.2s
//modules/v2x/v2x_proxy/obu_interface/grpc_interface:grpc_client_test    PASSED in 0.2s
//modules/v2x/v2x_proxy/obu_interface/grpc_interface:grpc_server_test    PASSED in 0.4s
//modules/v2x/v2x_proxy/obu_interface:obu_interface_grpc_impl_test       PASSED in 0.4s
//modules/v2x/v2x_proxy/os_interface:os_interface_test                   PASSED in 0.5s
//modules/perception/base:blob_test                                      FAILED in 0.0s
  /home/mrb2/.cache/bazel/_bazel_mrb2/540135163923dd7d5820f3ee4b306b32/execroot/apollo/bazel-out/local-dbg/testlogs/modules/perception/base/blob_test/test.log
//modules/perception/base:common_test                                    FAILED in 0.0s
  /home/mrb2/.cache/bazel/_bazel_mrb2/540135163923dd7d5820f3ee4b306b32/execroot/apollo/bazel-out/local-dbg/testlogs/modules/perception/base/common_test/test.log
//modules/perception/base:image_test                                     FAILED in 0.0s
  /home/mrb2/.cache/bazel/_bazel_mrb2/540135163923dd7d5820f3ee4b306b32/execroot/apollo/bazel-out/local-dbg/testlogs/modules/perception/base/image_test/test.log
//modules/perception/base:object_pool_test                               FAILED in 0.0s
  /home/mrb2/.cache/bazel/_bazel_mrb2/540135163923dd7d5820f3ee4b306b32/execroot/apollo/bazel-out/local-dbg/testlogs/modules/perception/base/object_pool_test/test.log
//modules/perception/base:syncedmem_test                                 FAILED in 0.0s
  /home/mrb2/.cache/bazel/_bazel_mrb2/540135163923dd7d5820f3ee4b306b32/execroot/apollo/bazel-out/local-dbg/testlogs/modules/perception/base/syncedmem_test/test.log
//modules/perception/camera/test:camera_app_cipv_camera_test             FAILED in 0.0s
  /home/mrb2/.cache/bazel/_bazel_mrb2/540135163923dd7d5820f3ee4b306b32/execroot/apollo/bazel-out/local-dbg/testlogs/modules/perception/camera/test/camera_app_cipv_camera_test/test.log
//modules/perception/camera/test:camera_app_obstacle_camera_perception_test FAILED in 0.1s
  /home/mrb2/.cache/bazel/_bazel_mrb2/540135163923dd7d5820f3ee4b306b32/execroot/apollo/bazel-out/local-dbg/testlogs/modules/perception/camera/test/camera_app_obstacle_camera_perception_test/test.log
//modules/perception/camera/test:camera_common_camera_ground_plane_test  FAILED in 0.0s
  /home/mrb2/.cache/bazel/_bazel_mrb2/540135163923dd7d5820f3ee4b306b32/execroot/apollo/bazel-out/local-dbg/testlogs/modules/perception/camera/test/camera_common_camera_ground_plane_test/test.log
//modules/perception/camera/test:camera_common_data_provider_test        FAILED in 0.0s
  /home/mrb2/.cache/bazel/_bazel_mrb2/540135163923dd7d5820f3ee4b306b32/execroot/apollo/bazel-out/local-dbg/testlogs/modules/perception/camera/test/camera_common_data_provider_test/test.log
//modules/perception/camera/test:camera_common_twod_threed_util_test     FAILED in 0.0s
  /home/mrb2/.cache/bazel/_bazel_mrb2/540135163923dd7d5820f3ee4b306b32/execroot/apollo/bazel-out/local-dbg/testlogs/modules/perception/camera/test/camera_common_twod_threed_util_test/test.log
//modules/perception/camera/test:camera_common_util_test                 FAILED in 0.0s
  /home/mrb2/.cache/bazel/_bazel_mrb2/540135163923dd7d5820f3ee4b306b32/execroot/apollo/bazel-out/local-dbg/testlogs/modules/perception/camera/test/camera_common_util_test/test.log
//modules/perception/camera/test:camera_common_veh_template_test         FAILED in 0.0s
  /home/mrb2/.cache/bazel/_bazel_mrb2/540135163923dd7d5820f3ee4b306b32/execroot/apollo/bazel-out/local-dbg/testlogs/modules/perception/camera/test/camera_common_veh_template_test/test.log
//modules/perception/camera/test:camera_lib_calibration_service_online_calibration_service_test FAILED in 0.0s
  /home/mrb2/.cache/bazel/_bazel_mrb2/540135163923dd7d5820f3ee4b306b32/execroot/apollo/bazel-out/local-dbg/testlogs/modules/perception/camera/test/camera_lib_calibration_service_online_calibration_service_test/test.log
//modules/perception/camera/test:camera_lib_dummy_algorithms_test        FAILED in 0.0s
  /home/mrb2/.cache/bazel/_bazel_mrb2/540135163923dd7d5820f3ee4b306b32/execroot/apollo/bazel-out/local-dbg/testlogs/modules/perception/camera/test/camera_lib_dummy_algorithms_test/test.log
//modules/perception/camera/test:camera_lib_feature_extractor_tfe_tracking_feat_extractor_test FAILED in 0.0s
  /home/mrb2/.cache/bazel/_bazel_mrb2/540135163923dd7d5820f3ee4b306b32/execroot/apollo/bazel-out/local-dbg/testlogs/modules/perception/camera/test/camera_lib_feature_extractor_tfe_tracking_feat_extractor_test/test.log
//modules/perception/camera/test:camera_lib_interface_test               FAILED in 0.0s
  /home/mrb2/.cache/bazel/_bazel_mrb2/540135163923dd7d5820f3ee4b306b32/execroot/apollo/bazel-out/local-dbg/testlogs/modules/perception/camera/test/camera_lib_interface_test/test.log
//modules/perception/camera/test:camera_lib_lane_common_functions_test   FAILED in 0.0s
  /home/mrb2/.cache/bazel/_bazel_mrb2/540135163923dd7d5820f3ee4b306b32/execroot/apollo/bazel-out/local-dbg/testlogs/modules/perception/camera/test/camera_lib_lane_common_functions_test/test.log
//modules/perception/camera/test:camera_lib_lane_detector_darkscnn_lane_detector_test FAILED in 0.5s
  /home/mrb2/.cache/bazel/_bazel_mrb2/540135163923dd7d5820f3ee4b306b32/execroot/apollo/bazel-out/local-dbg/testlogs/modules/perception/camera/test/camera_lib_lane_detector_darkscnn_lane_detector_test/test.log
//modules/perception/camera/test:camera_lib_lane_detector_denseline_lane_detector_test FAILED in 1.0s
  /home/mrb2/.cache/bazel/_bazel_mrb2/540135163923dd7d5820f3ee4b306b32/execroot/apollo/bazel-out/local-dbg/testlogs/modules/perception/camera/test/camera_lib_lane_detector_denseline_lane_detector_test/test.log
//modules/perception/camera/test:camera_lib_lane_postprocessor_darkscnn_lane_postprocessor_test FAILED in 0.9s
  /home/mrb2/.cache/bazel/_bazel_mrb2/540135163923dd7d5820f3ee4b306b32/execroot/apollo/bazel-out/local-dbg/testlogs/modules/perception/camera/test/camera_lib_lane_postprocessor_darkscnn_lane_postprocessor_test/test.log
//modules/perception/camera/test:camera_lib_lane_postprocessor_denseline_lane_postprocessor_test FAILED in 0.0s
  /home/mrb2/.cache/bazel/_bazel_mrb2/540135163923dd7d5820f3ee4b306b32/execroot/apollo/bazel-out/local-dbg/testlogs/modules/perception/camera/test/camera_lib_lane_postprocessor_denseline_lane_postprocessor_test/test.log
//modules/perception/camera/test:camera_lib_obstacle_detector_yolo_region_output_test FAILED in 0.0s
  /home/mrb2/.cache/bazel/_bazel_mrb2/540135163923dd7d5820f3ee4b306b32/execroot/apollo/bazel-out/local-dbg/testlogs/modules/perception/camera/test/camera_lib_obstacle_detector_yolo_region_output_test/test.log
//modules/perception/camera/test:camera_lib_obstacle_detector_yolo_yolo_obstacle_detector_test FAILED in 1.1s
  /home/mrb2/.cache/bazel/_bazel_mrb2/540135163923dd7d5820f3ee4b306b32/execroot/apollo/bazel-out/local-dbg/testlogs/modules/perception/camera/test/camera_lib_obstacle_detector_yolo_yolo_obstacle_detector_test/test.log
//modules/perception/camera/test:camera_lib_obstacle_postprocessor_location_refiner_test FAILED in 0.0s
  /home/mrb2/.cache/bazel/_bazel_mrb2/540135163923dd7d5820f3ee4b306b32/execroot/apollo/bazel-out/local-dbg/testlogs/modules/perception/camera/test/camera_lib_obstacle_postprocessor_location_refiner_test/test.log
//modules/perception/camera/test:camera_lib_obstacle_tracker_common_test FAILED in 0.0s
  /home/mrb2/.cache/bazel/_bazel_mrb2/540135163923dd7d5820f3ee4b306b32/execroot/apollo/bazel-out/local-dbg/testlogs/modules/perception/camera/test/camera_lib_obstacle_tracker_common_test/test.log
//modules/perception/camera/test:camera_lib_obstacle_tracker_omt_frame_list_test FAILED in 0.0s
  /home/mrb2/.cache/bazel/_bazel_mrb2/540135163923dd7d5820f3ee4b306b32/execroot/apollo/bazel-out/local-dbg/testlogs/modules/perception/camera/test/camera_lib_obstacle_tracker_omt_frame_list_test/test.log
//modules/perception/camera/test:camera_lib_obstacle_tracker_omt_target_test FAILED in 0.0s
  /home/mrb2/.cache/bazel/_bazel_mrb2/540135163923dd7d5820f3ee4b306b32/execroot/apollo/bazel-out/local-dbg/testlogs/modules/perception/camera/test/camera_lib_obstacle_tracker_omt_target_test/test.log
//modules/perception/camera/test:camera_lib_obstacle_transformer_multicue_multicue_obstacle_transformer_test FAILED in 0.0s
  /home/mrb2/.cache/bazel/_bazel_mrb2/540135163923dd7d5820f3ee4b306b32/execroot/apollo/bazel-out/local-dbg/testlogs/modules/perception/camera/test/camera_lib_obstacle_transformer_multicue_multicue_obstacle_transformer_test/test.log
//modules/perception/camera/test:camera_lib_traffic_light_detector_crop_test FAILED in 0.0s
  /home/mrb2/.cache/bazel/_bazel_mrb2/540135163923dd7d5820f3ee4b306b32/execroot/apollo/bazel-out/local-dbg/testlogs/modules/perception/camera/test/camera_lib_traffic_light_detector_crop_test/test.log
//modules/perception/camera/test:camera_lib_traffic_light_detector_select_test FAILED in 0.0s
  /home/mrb2/.cache/bazel/_bazel_mrb2/540135163923dd7d5820f3ee4b306b32/execroot/apollo/bazel-out/local-dbg/testlogs/modules/perception/camera/test/camera_lib_traffic_light_detector_select_test/test.log
//modules/perception/camera/test:camera_lib_traffic_light_tracker_test   FAILED in 0.0s
  /home/mrb2/.cache/bazel/_bazel_mrb2/540135163923dd7d5820f3ee4b306b32/execroot/apollo/bazel-out/local-dbg/testlogs/modules/perception/camera/test/camera_lib_traffic_light_tracker_test/test.log
//modules/perception/fusion/base:sensor_data_manager_test                FAILED in 0.0s
  /home/mrb2/.cache/bazel/_bazel_mrb2/540135163923dd7d5820f3ee4b306b32/execroot/apollo/bazel-out/local-dbg/testlogs/modules/perception/fusion/base/sensor_data_manager_test/test.log
//modules/perception/fusion/base:sensor_frame_test                       FAILED in 0.0s
  /home/mrb2/.cache/bazel/_bazel_mrb2/540135163923dd7d5820f3ee4b306b32/execroot/apollo/bazel-out/local-dbg/testlogs/modules/perception/fusion/base/sensor_frame_test/test.log
//modules/perception/fusion/base:sensor_object_test                      FAILED in 0.0s
  /home/mrb2/.cache/bazel/_bazel_mrb2/540135163923dd7d5820f3ee4b306b32/execroot/apollo/bazel-out/local-dbg/testlogs/modules/perception/fusion/base/sensor_object_test/test.log
//modules/perception/fusion/base:sensor_test                             FAILED in 0.0s
  /home/mrb2/.cache/bazel/_bazel_mrb2/540135163923dd7d5820f3ee4b306b32/execroot/apollo/bazel-out/local-dbg/testlogs/modules/perception/fusion/base/sensor_test/test.log
//modules/perception/fusion/base:track_test                              FAILED in 0.0s
  /home/mrb2/.cache/bazel/_bazel_mrb2/540135163923dd7d5820f3ee4b306b32/execroot/apollo/bazel-out/local-dbg/testlogs/modules/perception/fusion/base/track_test/test.log
//modules/perception/fusion/common:camera_util_test                      FAILED in 0.0s
  /home/mrb2/.cache/bazel/_bazel_mrb2/540135163923dd7d5820f3ee4b306b32/execroot/apollo/bazel-out/local-dbg/testlogs/modules/perception/fusion/common/camera_util_test/test.log
//modules/perception/fusion/common:dst_evidence_test                     FAILED in 0.0s
  /home/mrb2/.cache/bazel/_bazel_mrb2/540135163923dd7d5820f3ee4b306b32/execroot/apollo/bazel-out/local-dbg/testlogs/modules/perception/fusion/common/dst_evidence_test/test.log
//modules/perception/fusion/common:information_filter_test               FAILED in 0.0s
  /home/mrb2/.cache/bazel/_bazel_mrb2/540135163923dd7d5820f3ee4b306b32/execroot/apollo/bazel-out/local-dbg/testlogs/modules/perception/fusion/common/information_filter_test/test.log
//modules/perception/fusion/common:kalman_filter_test                    FAILED in 0.0s
  /home/mrb2/.cache/bazel/_bazel_mrb2/540135163923dd7d5820f3ee4b306b32/execroot/apollo/bazel-out/local-dbg/testlogs/modules/perception/fusion/common/kalman_filter_test/test.log
//modules/perception/fusion/lib/data_association/hm_data_association:hm_data_association_test FAILED in 0.0s
  /home/mrb2/.cache/bazel/_bazel_mrb2/540135163923dd7d5820f3ee4b306b32/execroot/apollo/bazel-out/local-dbg/testlogs/modules/perception/fusion/lib/data_association/hm_data_association/hm_data_association_test/test.log
//modules/perception/fusion/lib/data_association/hm_data_association:track_object_distance_test FAILED in 0.0s
  /home/mrb2/.cache/bazel/_bazel_mrb2/540135163923dd7d5820f3ee4b306b32/execroot/apollo/bazel-out/local-dbg/testlogs/modules/perception/fusion/lib/data_association/hm_data_association/track_object_distance_test/test.log
//modules/perception/fusion/lib/data_association/hm_data_association:track_object_test FAILED in 0.0s
  /home/mrb2/.cache/bazel/_bazel_mrb2/540135163923dd7d5820f3ee4b306b32/execroot/apollo/bazel-out/local-dbg/testlogs/modules/perception/fusion/lib/data_association/hm_data_association/track_object_test/test.log
//modules/perception/fusion/lib/data_fusion/existance_fusion/dst_existance_fusion:dst_existance_fusion_test FAILED in 0.0s
  /home/mrb2/.cache/bazel/_bazel_mrb2/540135163923dd7d5820f3ee4b306b32/execroot/apollo/bazel-out/local-dbg/testlogs/modules/perception/fusion/lib/data_fusion/existance_fusion/dst_existance_fusion/dst_existance_fusion_test/test.log
//modules/perception/fusion/lib/data_fusion/motion_fusion/kalman_motion_fusion:kalman_motion_fusion_test FAILED in 0.0s
  /home/mrb2/.cache/bazel/_bazel_mrb2/540135163923dd7d5820f3ee4b306b32/execroot/apollo/bazel-out/local-dbg/testlogs/modules/perception/fusion/lib/data_fusion/motion_fusion/kalman_motion_fusion/kalman_motion_fusion_test/test.log
//modules/perception/fusion/lib/data_fusion/shape_fusion/pbf_shape_fusion:pbf_shape_fusion_test FAILED in 0.0s
  /home/mrb2/.cache/bazel/_bazel_mrb2/540135163923dd7d5820f3ee4b306b32/execroot/apollo/bazel-out/local-dbg/testlogs/modules/perception/fusion/lib/data_fusion/shape_fusion/pbf_shape_fusion/pbf_shape_fusion_test/test.log
//modules/perception/fusion/lib/data_fusion/tracker/pbf_tracker:pbf_tracker_test FAILED in 0.0s
  /home/mrb2/.cache/bazel/_bazel_mrb2/540135163923dd7d5820f3ee4b306b32/execroot/apollo/bazel-out/local-dbg/testlogs/modules/perception/fusion/lib/data_fusion/tracker/pbf_tracker/pbf_tracker_test/test.log
//modules/perception/fusion/lib/data_fusion/type_fusion/dst_type_fusion:dst_type_fusion_test FAILED in 0.0s
  /home/mrb2/.cache/bazel/_bazel_mrb2/540135163923dd7d5820f3ee4b306b32/execroot/apollo/bazel-out/local-dbg/testlogs/modules/perception/fusion/lib/data_fusion/type_fusion/dst_type_fusion/dst_type_fusion_test/test.log
//modules/perception/fusion/lib/dummy:dummy_algorithms_test              FAILED in 0.0s
  /home/mrb2/.cache/bazel/_bazel_mrb2/540135163923dd7d5820f3ee4b306b32/execroot/apollo/bazel-out/local-dbg/testlogs/modules/perception/fusion/lib/dummy/dummy_algorithms_test/test.log
//modules/perception/fusion/lib/fusion_system/probabilistic_fusion:probabilistic_fusion_test FAILED in 0.0s
  /home/mrb2/.cache/bazel/_bazel_mrb2/540135163923dd7d5820f3ee4b306b32/execroot/apollo/bazel-out/local-dbg/testlogs/modules/perception/fusion/lib/fusion_system/probabilistic_fusion/probabilistic_fusion_test/test.log
//modules/perception/fusion/lib/gatekeeper/pbf_gatekeeper:pbf_gatekeeper_test FAILED in 0.0s
  /home/mrb2/.cache/bazel/_bazel_mrb2/540135163923dd7d5820f3ee4b306b32/execroot/apollo/bazel-out/local-dbg/testlogs/modules/perception/fusion/lib/gatekeeper/pbf_gatekeeper/pbf_gatekeeper_test/test.log
//modules/perception/inference/caffe:caffe_net_test                      FAILED in 0.0s
  /home/mrb2/.cache/bazel/_bazel_mrb2/540135163923dd7d5820f3ee4b306b32/execroot/apollo/bazel-out/local-dbg/testlogs/modules/perception/inference/caffe/caffe_net_test/test.log
//modules/perception/inference:inference_factory_test                    FAILED in 0.0s
  /home/mrb2/.cache/bazel/_bazel_mrb2/540135163923dd7d5820f3ee4b306b32/execroot/apollo/bazel-out/local-dbg/testlogs/modules/perception/inference/inference_factory_test/test.log
//modules/perception/inference:inference_test                            FAILED in 0.0s
  /home/mrb2/.cache/bazel/_bazel_mrb2/540135163923dd7d5820f3ee4b306b32/execroot/apollo/bazel-out/local-dbg/testlogs/modules/perception/inference/inference_test/test.log
//modules/perception/inference:layer_test                                FAILED in 0.0s
  /home/mrb2/.cache/bazel/_bazel_mrb2/540135163923dd7d5820f3ee4b306b32/execroot/apollo/bazel-out/local-dbg/testlogs/modules/perception/inference/layer_test/test.log
//modules/perception/inference/tensorrt:entropy_calibrator_test          FAILED in 0.0s
  /home/mrb2/.cache/bazel/_bazel_mrb2/540135163923dd7d5820f3ee4b306b32/execroot/apollo/bazel-out/local-dbg/testlogs/modules/perception/inference/tensorrt/entropy_calibrator_test/test.log
//modules/perception/inference/tensorrt/plugins:argmax_plugin_test       FAILED in 0.0s
  /home/mrb2/.cache/bazel/_bazel_mrb2/540135163923dd7d5820f3ee4b306b32/execroot/apollo/bazel-out/local-dbg/testlogs/modules/perception/inference/tensorrt/plugins/argmax_plugin_test/test.log
//modules/perception/inference/tensorrt/plugins:slice_plugin_test        FAILED in 0.0s
  /home/mrb2/.cache/bazel/_bazel_mrb2/540135163923dd7d5820f3ee4b306b32/execroot/apollo/bazel-out/local-dbg/testlogs/modules/perception/inference/tensorrt/plugins/slice_plugin_test/test.log
//modules/perception/inference/tensorrt:rt_common_test                   FAILED in 0.0s
  /home/mrb2/.cache/bazel/_bazel_mrb2/540135163923dd7d5820f3ee4b306b32/execroot/apollo/bazel-out/local-dbg/testlogs/modules/perception/inference/tensorrt/rt_common_test/test.log
//modules/perception/inference/tensorrt:rt_net_test                      FAILED in 0.0s
  /home/mrb2/.cache/bazel/_bazel_mrb2/540135163923dd7d5820f3ee4b306b32/execroot/apollo/bazel-out/local-dbg/testlogs/modules/perception/inference/tensorrt/rt_net_test/test.log
//modules/perception/inference/utils:inference_binary_data_test          FAILED in 0.0s
  /home/mrb2/.cache/bazel/_bazel_mrb2/540135163923dd7d5820f3ee4b306b32/execroot/apollo/bazel-out/local-dbg/testlogs/modules/perception/inference/utils/inference_binary_data_test/test.log
//modules/perception/inference/utils:inference_util_test                 FAILED in 0.0s
  /home/mrb2/.cache/bazel/_bazel_mrb2/540135163923dd7d5820f3ee4b306b32/execroot/apollo/bazel-out/local-dbg/testlogs/modules/perception/inference/utils/inference_util_test/test.log
//modules/perception/lidar/app:lidar_app_lidar_pipeline_test             FAILED in 0.0s
  /home/mrb2/.cache/bazel/_bazel_mrb2/540135163923dd7d5820f3ee4b306b32/execroot/apollo/bazel-out/local-dbg/testlogs/modules/perception/lidar/app/lidar_app_lidar_pipeline_test/test.log
//modules/perception/lidar/lib/dummy:dummy_algorithms_test               FAILED in 0.0s
  /home/mrb2/.cache/bazel/_bazel_mrb2/540135163923dd7d5820f3ee4b306b32/execroot/apollo/bazel-out/local-dbg/testlogs/modules/perception/lidar/lib/dummy/dummy_algorithms_test/test.log
//modules/perception/lidar/lib/ground_detector/ground_service_detector:ground_service_detector_test FAILED in 0.0s
  /home/mrb2/.cache/bazel/_bazel_mrb2/540135163923dd7d5820f3ee4b306b32/execroot/apollo/bazel-out/local-dbg/testlogs/modules/perception/lidar/lib/ground_detector/ground_service_detector/ground_service_detector_test/test.log
//modules/perception/lidar/lib/ground_detector/spatio_temporal_ground_detector:spatio_temporal_ground_detector_test FAILED in 0.0s
  /home/mrb2/.cache/bazel/_bazel_mrb2/540135163923dd7d5820f3ee4b306b32/execroot/apollo/bazel-out/local-dbg/testlogs/modules/perception/lidar/lib/ground_detector/spatio_temporal_ground_detector/spatio_temporal_ground_detector_test/test.log
//modules/perception/lidar/lib/object_filter_bank:object_filter_bank_test FAILED in 0.0s
  /home/mrb2/.cache/bazel/_bazel_mrb2/540135163923dd7d5820f3ee4b306b32/execroot/apollo/bazel-out/local-dbg/testlogs/modules/perception/lidar/lib/object_filter_bank/object_filter_bank_test/test.log
//modules/perception/lidar/lib/object_filter_bank/roi_boundary_filter:roi_boundary_filter_test FAILED in 0.0s
  /home/mrb2/.cache/bazel/_bazel_mrb2/540135163923dd7d5820f3ee4b306b32/execroot/apollo/bazel-out/local-dbg/testlogs/modules/perception/lidar/lib/object_filter_bank/roi_boundary_filter/roi_boundary_filter_test/test.log
//modules/perception/lidar/lib/scene_manager:scene_manager_test          FAILED in 0.0s
  /home/mrb2/.cache/bazel/_bazel_mrb2/540135163923dd7d5820f3ee4b306b32/execroot/apollo/bazel-out/local-dbg/testlogs/modules/perception/lidar/lib/scene_manager/scene_manager_test/test.log
//modules/perception/lidar/lib/segmentation/cnnseg/spp_engine:spp_cluster_list_test FAILED in 0.0s
  /home/mrb2/.cache/bazel/_bazel_mrb2/540135163923dd7d5820f3ee4b306b32/execroot/apollo/bazel-out/local-dbg/testlogs/modules/perception/lidar/lib/segmentation/cnnseg/spp_engine/spp_cluster_list_test/test.log
//modules/perception/radar/lib/detector/conti_ars_detector:conti_ars_detector_test FAILED in 0.0s
  /home/mrb2/.cache/bazel/_bazel_mrb2/540135163923dd7d5820f3ee4b306b32/execroot/apollo/bazel-out/local-dbg/testlogs/modules/perception/radar/lib/detector/conti_ars_detector/conti_ars_detector_test/test.log
//modules/perception/radar/lib/dummy:dummy_algorithms_test               FAILED in 0.0s
  /home/mrb2/.cache/bazel/_bazel_mrb2/540135163923dd7d5820f3ee4b306b32/execroot/apollo/bazel-out/local-dbg/testlogs/modules/perception/radar/lib/dummy/dummy_algorithms_test/test.log
//modules/perception/radar/lib/interface:base_matcher_test               FAILED in 0.0s
  /home/mrb2/.cache/bazel/_bazel_mrb2/540135163923dd7d5820f3ee4b306b32/execroot/apollo/bazel-out/local-dbg/testlogs/modules/perception/radar/lib/interface/base_matcher_test/test.log
//modules/perception/radar/lib/preprocessor/conti_ars_preprocessor:conti_ars_preprocessor_test FAILED in 0.0s
  /home/mrb2/.cache/bazel/_bazel_mrb2/540135163923dd7d5820f3ee4b306b32/execroot/apollo/bazel-out/local-dbg/testlogs/modules/perception/radar/lib/preprocessor/conti_ars_preprocessor/conti_ars_preprocessor_test/test.log
//modules/perception/radar/lib/roi_filter/hdmap_radar_roi_filter:hdmap_radar_roi_filter_test FAILED in 0.0s
  /home/mrb2/.cache/bazel/_bazel_mrb2/540135163923dd7d5820f3ee4b306b32/execroot/apollo/bazel-out/local-dbg/testlogs/modules/perception/radar/lib/roi_filter/hdmap_radar_roi_filter/hdmap_radar_roi_filter_test/test.log
//modules/perception/radar/lib/tracker/common:radar_track_manager_test   FAILED in 0.0s
  /home/mrb2/.cache/bazel/_bazel_mrb2/540135163923dd7d5820f3ee4b306b32/execroot/apollo/bazel-out/local-dbg/testlogs/modules/perception/radar/lib/tracker/common/radar_track_manager_test/test.log
//modules/perception/radar/lib/tracker/common:radar_track_test           FAILED in 0.0s
  /home/mrb2/.cache/bazel/_bazel_mrb2/540135163923dd7d5820f3ee4b306b32/execroot/apollo/bazel-out/local-dbg/testlogs/modules/perception/radar/lib/tracker/common/radar_track_test/test.log
//modules/perception/radar/lib/tracker/conti_ars_tracker:conti_ars_tracker_empty_test FAILED in 0.0s
  /home/mrb2/.cache/bazel/_bazel_mrb2/540135163923dd7d5820f3ee4b306b32/execroot/apollo/bazel-out/local-dbg/testlogs/modules/perception/radar/lib/tracker/conti_ars_tracker/conti_ars_tracker_empty_test/test.log
//modules/perception/radar/lib/tracker/conti_ars_tracker:conti_ars_tracker_test FAILED in 0.0s
  /home/mrb2/.cache/bazel/_bazel_mrb2/540135163923dd7d5820f3ee4b306b32/execroot/apollo/bazel-out/local-dbg/testlogs/modules/perception/radar/lib/tracker/conti_ars_tracker/conti_ars_tracker_test/test.log
//modules/perception/radar/lib/tracker/filter:adaptive_kalman_filter_test FAILED in 0.0s
  /home/mrb2/.cache/bazel/_bazel_mrb2/540135163923dd7d5820f3ee4b306b32/execroot/apollo/bazel-out/local-dbg/testlogs/modules/perception/radar/lib/tracker/filter/adaptive_kalman_filter_test/test.log
//modules/perception/radar/lib/tracker/matcher:hm_matcher_test           FAILED in 0.0s
  /home/mrb2/.cache/bazel/_bazel_mrb2/540135163923dd7d5820f3ee4b306b32/execroot/apollo/bazel-out/local-dbg/testlogs/modules/perception/radar/lib/tracker/matcher/hm_matcher_test/test.log

Executed 244 out of 244 tests: 163 tests pass and 81 fail locally.
There were tests whose specified size is too big. Use the --test_verbose_timeout_warnings command line option to see which ones these are.
INFO: Reading 'startup' options from /apollo/tools/bazel.rc: --batch_cpu_scheduling --host_jvm_args=-XX:-UseParallelGC
WARNING: ignoring LD_PRELOAD in environment.
____(10-09 08:52:30.280) Loading complete.  Analyzing...
____(10-09 08:52:30.625) Loading package: @civetweb//
____(10-09 08:52:30.658) Loading package: @adv_plat//
____(10-09 08:52:30.779) Found 1465 targets and 281 test targets...
____(10-09 08:52:31.121) Building...
____(10-09 08:52:31.191) [0 / 12] Creating source manifest for //modules/map/relative_map:librelative_map_component.so
PASS: (10-09 08:52:32.289) //cyber/base:for_each_test
____(10-09 08:52:32.371) [321 / 406] Writing file cyber/data/channel_buffer_test-2.params
PASS: (10-09 08:52:32.431) //cyber/base:atomic_rw_lock_test
____(10-09 08:52:33.005) [359 / 440] Linking cyber/data/cache_buffer_test
PASS: (10-09 08:52:33.331) //cyber/base:signal_test
PASS: (10-09 08:52:33.541) //cyber/data:cache_buffer_test
PASS: (10-09 08:52:33.851) //cyber/base:bounded_queue_test
PASS: (10-09 08:52:35.531) //cyber/base:object_pool_test
____(10-09 08:52:43.905) [673 / 783] Compiling cyber/py_wrapper/cyber_time_wrap.cc
____(10-09 08:52:53.046) [828 / 936] Linking cyber/py_wrapper/libpy_parameter.a
____(10-09 08:52:53.901) [865 / 973] Linking cyber/py_wrapper/_cyber_parameter.so
____(10-09 08:53:03.898) [1,059 / 1,179] Expanding template cyber/transport/block_cpplint
PASS: (10-09 08:53:07.338) //cyber/base:atomic_hash_map_test
____(10-09 08:53:07.820) [1,309 / 1,465] Compiling modules/bridge/udp_bridge_sender_component.cc
____(10-09 08:53:07.914) [1,328 / 1,476] Expanding template modules/bridge/udp_bridge_component_test_cpplint
____(10-09 08:53:08.209) [1,452 / 1,766] Writing file modules/canbus/vehicle/lexus/liblexus_vehicle_factory.so-2.params
____(10-09 08:53:08.239) [1,532 / 1,994] Writing file modules/drivers/canbus/can_client/socket/libsocket_can_client_raw.a-2.params
PASS: (10-09 08:53:08.512) //modules/bridge/common:bridge_buffer_test
____(10-09 08:53:08.651) [1,669 / 2,225] Creating runfiles tree bazel-out/local-dbg/bin/modules/canbus/vehicle/ch/protocol/ecu_status_3_517_test.runfiles
____(10-09 08:53:08.972) [1,810 / 2,411] Expanding template modules/canbus/vehicle/ge3/protocol/scu_1_301_test_cpplint
____(10-09 08:53:10.166) [1,918 / 2,538] Compiling modules/canbus/vehicle/lincoln/protocol/misc_69.cc
____(10-09 08:53:10.311) [1,924 / 2,538] Linking cyber/tools/cyber_recorder/librecorder.a
____(10-09 08:53:10.608) [1,941 / 2,538] Compiling modules/canbus/vehicle/lincoln/protocol/gyro_6c.cc
____(10-09 08:53:13.508) [2,024 / 2,538] Compiling modules/canbus/vehicle/transit/protocol/adc_motioncontrollimits1_12.cc
____(10-09 08:53:14.294) [2,069 / 2,538] Compiling modules/canbus/vehicle/lexus/protocol/shift_aux_rpt_328.cc
____(10-09 08:53:16.363) [2,129 / 2,538] Compiling modules/canbus/vehicle/lexus/protocol/horn_rpt_21c.cc
____(10-09 08:53:17.707) [2,191 / 2,538] Compiling modules/canbus/vehicle/ch/protocol/brake_status__511_test.cc
____(10-09 08:53:18.533) [2,217 / 2,538] Compiling modules/canbus/vehicle/lexus/lexus_controller.cc
____(10-09 08:53:20.063) [2,262 / 2,538] Compiling modules/canbus/vehicle/ge3/protocol/scu_bcm_304.cc
____(10-09 08:53:20.329) [2,276 / 2,538] Linking modules/canbus/vehicle/ch/libch_controller.so
____(10-09 08:53:22.572) [2,322 / 2,538] Compiling modules/canbus/vehicle/gem/protocol/vehicle_speed_rpt_6f.cc
____(10-09 08:53:23.617) [2,365 / 2,539] Writing file modules/canbus/vehicle/lincoln/protocol/turnsignal_68_test-2.params
PASS: (10-09 08:53:23.932) //modules/canbus/vehicle/ge3/protocol:scu_vcu_1_312_test
PASS: (10-09 08:53:23.950) //modules/canbus/vehicle/ge3/protocol:scu_vcu_2_313_test
PASS: (10-09 08:53:24.010) //modules/canbus/vehicle/ge3/protocol:scu_eps_311_test
PASS: (10-09 08:53:24.123) //modules/canbus/vehicle/ge3/protocol:scu_epb_310_test
PASS: (10-09 08:53:24.151) //modules/canbus/vehicle/ge3/protocol:scu_bcs_3_308_test
PASS: (10-09 08:53:24.205) //modules/canbus/vehicle/ge3/protocol:scu_bcs_2_307_test
PASS: (10-09 08:53:24.320) //modules/canbus/vehicle/ge3/protocol:scu_bcs_1_306_test
PASS: (10-09 08:53:24.353) //modules/canbus/vehicle/ge3/protocol:scu_bcm_304_test
PASS: (10-09 08:53:24.357) //modules/canbus/vehicle/ge3/protocol:scu_3_303_test
PASS: (10-09 08:53:24.387) //modules/canbus/vehicle/ge3/protocol:scu_1_301_test
PASS: (10-09 08:53:24.391) //modules/canbus/vehicle/ge3/protocol:pc_vcu_205_test
PASS: (10-09 08:53:24.438) //modules/canbus/vehicle/ge3/protocol:pc_eps_204_test
PASS: (10-09 08:53:24.482) //modules/canbus/vehicle/ge3/protocol:pc_epb_203_test
PASS: (10-09 08:53:24.482) //modules/canbus/vehicle/ge3/protocol:pc_bcs_202_test
PASS: (10-09 08:53:24.588) //modules/canbus/vehicle/ge3:ge3_message_manager_test
____(10-09 08:53:24.589) [2,437 / 2,585] Linking modules/canbus/vehicle/gem/protocol/accel_cmd_67_test
PASS: (10-09 08:53:24.591) //modules/canbus/vehicle/ge3/protocol:pc_bcm_201_test
PASS: (10-09 08:53:24.636) //modules/canbus/vehicle/ch/protocol:turnsignal_status__513_test
PASS: (10-09 08:53:24.636) //modules/canbus/vehicle/ch/protocol:turnsignal_command_113_test
PASS: (10-09 08:53:24.665) //modules/canbus/vehicle/ch/protocol:throttle_status__510_test
____(10-09 08:53:24.666) [2,444 / 2,588] Linking modules/canbus/vehicle/ch/protocol/ecu_status_2_516_test
PASS: (10-09 08:53:24.712) //modules/canbus/vehicle/ch/protocol:throttle_command_110_test
PASS: (10-09 08:53:24.748) //modules/canbus/vehicle/ch/protocol:steer_status__512_test
PASS: (10-09 08:53:24.749) //modules/canbus/vehicle/ch/protocol:steer_command_112_test
PASS: (10-09 08:53:24.757) //modules/canbus/vehicle/gem/protocol:brake_motor_rpt_1_70_test
PASS: (10-09 08:53:24.801) //modules/canbus/vehicle/gem/protocol:accel_cmd_67_test
PASS: (10-09 08:53:24.830) //modules/canbus/vehicle/gem/protocol:accel_rpt_68_test
PASS: (10-09 08:53:24.869) //modules/canbus/vehicle/ch/protocol:gear_command_114_test
PASS: (10-09 08:53:24.871) //modules/canbus/vehicle/ch/protocol:ecu_status_3_517_test
PASS: (10-09 08:53:24.913) //modules/canbus/vehicle/ch/protocol:ecu_status_2_516_test
PASS: (10-09 08:53:24.913) //modules/canbus/vehicle/gem/protocol:brake_motor_rpt_2_71_test
PASS: (10-09 08:53:24.964) //modules/canbus/vehicle/gem/protocol:lat_lon_heading_rpt_82_test
PASS: (10-09 08:53:24.977) //modules/canbus/vehicle/ch/protocol:control_command_115_test
PASS: (10-09 08:53:24.984) //modules/canbus/vehicle/ch/protocol:ecu_status_1_515_test
PASS: (10-09 08:53:25.031) //modules/canbus/vehicle/ch/protocol:brake_command_111_test
PASS: (10-09 08:53:25.033) //modules/canbus/vehicle/ch/protocol:brake_status__511_test
PASS: (10-09 08:53:25.065) //modules/canbus/vehicle/gem/protocol:brake_motor_rpt_3_72_test
PASS: (10-09 08:53:25.108) //modules/canbus/vehicle/ch:ch_message_manager_test
PASS: (10-09 08:53:25.133) //modules/canbus/vehicle/gem/protocol:brake_rpt_6c_test
PASS: (10-09 08:53:25.135) //modules/canbus/vehicle/ge3/protocol:scu_2_302_test
PASS: (10-09 08:53:25.149) //modules/canbus/vehicle/ch/protocol:gear_status_514_test
PASS: (10-09 08:53:25.195) //modules/canbus/vehicle/lincoln:lincoln_message_manager_test
PASS: (10-09 08:53:25.419) //modules/canbus/vehicle/gem:gem_message_manager_test
____(10-09 08:53:25.431) [2,632 / 2,769] Compiling modules/canbus/vehicle/lincoln/protocol/fuellevel_72_test.cc
PASS: (10-09 08:53:26.238) //modules/canbus/vehicle/gem/protocol:date_time_rpt_83_test
PASS: (10-09 08:53:26.285) //modules/canbus/vehicle/gem/protocol:global_rpt_6a_test
PASS: (10-09 08:53:26.304) //modules/canbus/vehicle/gem/protocol:steering_motor_rpt_2_74_test
PASS: (10-09 08:53:26.379) //modules/canbus/vehicle/gem/protocol:steering_motor_rpt_1_73_test
PASS: (10-09 08:53:26.390) //modules/canbus/vehicle/gem/protocol:wiper_rpt_91_test
PASS: (10-09 08:53:26.400) //modules/canbus/vehicle/gem/protocol:steering_motor_rpt_3_75_test
PASS: (10-09 08:53:26.423) //modules/canbus/vehicle/gem/protocol:steering_rpt_1_6e_test
PASS: (10-09 08:53:26.433) //modules/canbus/vehicle/gem/protocol:wheel_speed_rpt_7a_test
PASS: (10-09 08:53:26.500) //modules/canbus/vehicle/gem/protocol:yaw_rate_rpt_81_test
PASS: (10-09 08:53:26.575) //modules/canbus/vehicle/lincoln/protocol:turnsignal_68_test
PASS: (10-09 08:53:26.613) //modules/canbus/vehicle/lincoln/protocol:gps_6f_test
PASS: (10-09 08:53:26.623) //modules/canbus/vehicle/lincoln/protocol:accel_6b_test
PASS: (10-09 08:53:26.640) //modules/canbus/vehicle/lincoln/protocol:brake_60_test
PASS: (10-09 08:53:26.675) //modules/canbus/vehicle/lincoln/protocol:brake_61_test
PASS: (10-09 08:53:26.707) //modules/canbus/vehicle/lincoln/protocol:fuellevel_72_test
PASS: (10-09 08:53:26.722) //modules/canbus/vehicle/lincoln/protocol:brakeinfo_74_test
PASS: (10-09 08:53:26.760) //modules/canbus/vehicle/lincoln/protocol:gear_66_test
PASS: (10-09 08:53:27.320) //cyber/transport:rtps_test
PASS: (10-09 08:53:27.493) //cyber/transport:transport_test
PASS: (10-09 08:53:27.574) //modules/canbus/vehicle/lincoln/protocol:gear_67_test
PASS: (10-09 08:53:27.623) //modules/canbus/vehicle/lincoln/protocol:gps_6e_test
PASS: (10-09 08:53:27.624) //cyber/transport:message_test
PASS: (10-09 08:53:27.626) //modules/canbus/vehicle/lincoln/protocol:gps_6d_test
PASS: (10-09 08:53:27.793) //modules/canbus/vehicle/lincoln/protocol:gyro_6c_test
PASS: (10-09 08:53:27.813) //cyber/transport:intra_transceiver_test
PASS: (10-09 08:53:27.917) //modules/canbus/vehicle/lincoln/protocol:steering_64_test
PASS: (10-09 08:53:27.942) //cyber/transport:intra_dispatcher_test
PASS: (10-09 08:53:27.978) //cyber/transport:shm_transceiver_test
PASS: (10-09 08:53:28.022) //modules/canbus/vehicle/lincoln/protocol:misc_69_test
PASS: (10-09 08:53:28.044) //modules/canbus/vehicle/lincoln/protocol:steering_65_test
PASS: (10-09 08:53:28.062) //cyber/transport:common_test
PASS: (10-09 08:53:28.075) //modules/canbus/vehicle/lincoln/protocol:throttle_62_test
PASS: (10-09 08:53:28.075) //modules/canbus/vehicle/lincoln/protocol:surround_73_test
PASS: (10-09 08:53:28.112) //cyber/transport:dispatcher_test
PASS: (10-09 08:53:28.130) //modules/canbus/vehicle/lincoln/protocol:throttleinfo_75_test
PASS: (10-09 08:53:28.152) //modules/canbus/vehicle/lincoln/protocol:tirepressure_71_test
PASS: (10-09 08:53:28.155) //modules/canbus/vehicle/lincoln/protocol:throttle_63_test
PASS: (10-09 08:53:28.361) //cyber/time:duration_test
PASS: (10-09 08:53:28.380) //cyber/time:time_test
PASS: (10-09 08:53:28.479) //cyber/transport:rtps_transceiver_test
PASS: (10-09 08:53:28.502) //cyber/service_discovery:service_manager_test
PASS: (10-09 08:53:28.555) //cyber/task:task_test
PASS: (10-09 08:53:28.611) //cyber/service_discovery:node_manager_test
PASS: (10-09 08:53:28.637) //cyber/service_discovery:role_test
PASS: (10-09 08:53:28.694) //cyber/service_discovery:graph_test
PASS: (10-09 08:53:28.720) //cyber/service_discovery:channel_manager_test
PASS: (10-09 08:53:28.751) //cyber/service_discovery:topology_manager_test
PASS: (10-09 08:53:28.896) //cyber/scheduler:scheduler_choreo_test
PASS: (10-09 08:53:28.909) //cyber/transport:rtps_dispatcher_test
PASS: (10-09 08:53:28.929) //cyber/scheduler:scheduler_test
PASS: (10-09 08:53:29.047) //cyber/record:record_reader_test
PASS: (10-09 08:53:29.158) //cyber/record:record_file_test
PASS: (10-09 08:53:29.165) //cyber/parameter:parameter_test
PASS: (10-09 08:53:29.235) //cyber/record:record_viewer_test
PASS: (10-09 08:53:29.469) //cyber/message:protobuf_factory_test
PASS: (10-09 08:53:29.476) //cyber/message:raw_message_test
PASS: (10-09 08:53:29.481) //cyber/message:message_traits_test
PASS: (10-09 08:53:29.482) //cyber/node:node_test
PASS: (10-09 08:53:29.606) //cyber/transport:shm_dispatcher_test
FAIL: (10-09 08:53:29.656) //cyber/parameter:parameter_server_test (see /home/mrb2/.cache/bazel/_bazel_mrb2/540135163923dd7d5820f3ee4b306b32/execroot/apollo/bazel-out/local-dbg/testlogs/cyber/parameter/parameter_server_test/test.log)
____(10-09 08:53:29.656) From Testing //cyber/parameter:parameter_server_test:
==================== Test output for //cyber/parameter:parameter_server_test:
Running main() from gmock_main.cc
[==========] Running 3 tests from 1 test case.
[----------] Global test environment set-up.
[----------] 3 tests from ParameterServerTest
[ RUN      ] ParameterServerTest.set_parameter
WARNING: Logging before InitGoogleLogging() is written to STDERR
I1009 08:53:29.059721 306828 global_data.cc:150] [parameter_server_test] host ip: 10.255.255.254
W1009 08:53:29.059830 306828 environment.h:33] [parameter_server_test] Environment variable [CYBER_PATH] not set, fallback to
E1009 08:53:29.509191 306954 node_manager.cc:101] [parameter_server_test] this process will be terminated due to duplicated node[parameter_server], please ensure that each node has a unique name.
[       OK ] ParameterServerTest.set_parameter (526 ms)
[ RUN      ] ParameterServerTest.get_parameter
E1009 08:53:29.585026 306828 cyber.cc:37] [parameter_server_test] please initialize cyber firstly.
external/bazel_tools/tools/test/test-setup.sh: line 169: 306828 Segmentation fault      (core dumped) "${TEST_PATH}" "$@"
================================================================================
PASS: (10-09 08:53:29.735) //cyber/message:message_header_test
PASS: (10-09 08:53:29.749) //cyber/logger:log_file_object_test
PASS: (10-09 08:53:29.751) //cyber/logger:logger_test
PASS: (10-09 08:53:29.794) //cyber/scheduler:scheduler_classic_test
PASS: (10-09 08:53:29.905) //cyber/io:poller_test
PASS: (10-09 08:53:29.984) //cyber/data:data_dispatcher_test
PASS: (10-09 08:53:30.033) //cyber/data:channel_buffer_test
PASS: (10-09 08:53:30.042) //cyber/data:data_visitor_test
PASS: (10-09 08:53:30.315) //cyber/croutine:croutine_test
PASS: (10-09 08:53:30.331) //cyber/data:all_latest_test
PASS: (10-09 08:53:30.335) //cyber/common:macros_test
____(10-09 08:53:30.362) [2,908 / 2,964] Compiling modules/canbus/vehicle/lincoln/protocol/version_7f_test.cc
PASS: (10-09 08:53:30.388) //cyber/component:timer_component_test
PASS: (10-09 08:53:30.391) //cyber/transport:hybrid_transceiver_test
____(10-09 08:53:30.392) [2,913 / 2,970] Creating source manifest for //modules/canbus/vehicle/lincoln/protocol:wheelspeed_6a_test
PASS: (10-09 08:53:30.570) //cyber/common:log_test
PASS: (10-09 08:53:30.600) //cyber/blocker:blocker_test
PASS: (10-09 08:53:30.601) //cyber/common:file_test
PASS: (10-09 08:53:30.628) //cyber/blocker:blocker_manager_test
____(10-09 08:53:30.629) [2,946 / 3,007] Writing file modules/canbus/vehicle/transit/protocol/Diag_fault_620_test-2.params
PASS: (10-09 08:53:30.761) //cyber/component:component_test
PASS: (10-09 08:53:31.554) //cyber/node:writer_reader_test
PASS: (10-09 08:53:31.782) //modules/canbus/vehicle/lincoln/protocol:wheelspeed_6a_test
PASS: (10-09 08:53:31.811) //modules/canbus/vehicle/lincoln/protocol:version_7f_test
PASS: (10-09 08:53:32.010) //modules/canbus/vehicle/transit/protocol:Auxiliarycontrol_110_test
PASS: (10-09 08:53:32.077) //modules/canbus/vehicle/transit/protocol:Motioncommandfeedback1_22_test
PASS: (10-09 08:53:32.081) //modules/canbus/vehicle/transit/protocol:Diag_fault_620_test
PASS: (10-09 08:53:32.101) //modules/canbus/vehicle/transit/protocol:Motioncontrollimits1_12
PASS: (10-09 08:53:32.200) //modules/canbus/vehicle/transit/protocol:Motionfeedback1_20_test
____(10-09 08:53:32.205) [3,103 / 3,164] Writing file modules/canbus/vehicle/wey/protocol/ads1_111_test-2.params
PASS: (10-09 08:53:32.209) //modules/canbus/vehicle/transit/protocol:Vehiclelimits_24_test
PASS: (10-09 08:53:32.704) //cyber/timer:timer_test
PASS: (10-09 08:53:32.780) //modules/canbus/vehicle/transit/protocol:adc_motioncontrol1_10_test
PASS: (10-09 08:53:32.781) //modules/canbus/vehicle/transit/protocol:llc_auxiliaryfeedback_120_test
PASS: (10-09 08:53:33.003) //modules/canbus/vehicle/transit/protocol:llc_diag_brakecontrol_721_test
PASS: (10-09 08:53:33.170) //modules/canbus/vehicle/transit/protocol:llc_diag_steeringcontrol_722_test
PASS: (10-09 08:53:33.338) //modules/canbus/vehicle/transit/protocol:llc_motionfeedback2_21_test
PASS: (10-09 08:53:33.351) //modules/canbus/vehicle/transit/protocol:llc_vehiclestatus_25_test
PASS: (10-09 08:53:33.489) //modules/canbus/vehicle/wey/protocol:ads1_111_test
PASS: (10-09 08:53:33.499) //modules/canbus/vehicle/wey/protocol:ads3_38e_test
PASS: (10-09 08:53:33.572) //modules/canbus/vehicle/wey/protocol:ads_req_vin_390_test
PASS: (10-09 08:53:33.574) //modules/canbus/vehicle/wey/protocol:ads_eps_113_test
PASS: (10-09 08:53:33.599) //modules/canbus/vehicle/wey/protocol:ads_shifter_115_test
PASS: (10-09 08:53:33.641) //modules/canbus/vehicle/wey/protocol:fail_241_test
PASS: (10-09 08:53:33.769) //modules/canbus/vehicle/wey:wey_message_manager_test
____(10-09 08:53:33.920) [3,304 / 3,366] Testing //modules/canbus/vehicle/wey/protocol:fbs2_240_test
PASS: (10-09 08:53:33.995) //modules/canbus/vehicle/wey/protocol:fbs1_243_test
PASS: (10-09 08:53:34.029) //modules/canbus/vehicle/wey/protocol:fbs2_240_test
PASS: (10-09 08:53:34.067) //modules/canbus/vehicle/wey/protocol:fbs3_237_test
____(10-09 08:53:34.090) [3,342 / 3,406] Expanding template modules/canbus/vehicle/zhongyun/protocol/vehicle_state_feedback_2_c4_cpplint
PASS: (10-09 08:53:34.291) //modules/canbus/vehicle/wey/protocol:fbs4_235_test
PASS: (10-09 08:53:34.518) //modules/canbus/vehicle/wey/protocol:status_310_test
PASS: (10-09 08:53:34.781) //modules/canbus/vehicle/wey/protocol:vin_resp2_392_test
PASS: (10-09 08:53:34.789) //modules/canbus/vehicle/wey/protocol:vin_resp1_391_test
PASS: (10-09 08:53:34.827) //modules/canbus/vehicle/wey/protocol:vin_resp3_393_test
PASS: (10-09 08:53:35.036) //modules/canbus/vehicle/zhongyun/protocol:enable_state_feedback_c3_test
PASS: (10-09 08:53:35.086) //modules/canbus/vehicle/zhongyun/protocol:brake_control_a4_test
PASS: (10-09 08:53:35.112) //modules/common/filters:digital_filter_coefficients_test
PASS: (10-09 08:53:35.114) //modules/canbus/vehicle/zhongyun/protocol:error_state_e1_test
PASS: (10-09 08:53:35.141) //modules/canbus/vehicle/zhongyun/protocol:gear_control_a1_test
____(10-09 08:53:35.142) [3,448 / 3,508] Writing file modules/common/kv_db/kv_db_tool-2.params
PASS: (10-09 08:53:35.248) //modules/canbus/vehicle/zhongyun:zhongyun_message_manager_test
PASS: (10-09 08:53:35.308) //modules/canbus/vehicle/zhongyun/protocol:parking_control_a5_test
PASS: (10-09 08:53:35.318) //modules/canbus/vehicle/zhongyun/protocol:steering_control_a2_test
PASS: (10-09 08:53:35.341) //modules/canbus/vehicle/zhongyun/protocol:torque_control_a3_test
PASS: (10-09 08:53:35.400) //modules/canbus/vehicle/zhongyun/protocol:vehicle_state_feedback_c1_test
PASS: (10-09 08:53:35.403) //modules/canbus/vehicle/zhongyun/protocol:vehicle_state_feedback_2_c4_test
____(10-09 08:53:35.432) [3,532 / 3,597] Creating source manifest for //modules/common/math:integral_test
____(10-09 08:53:35.556) [3,581 / 3,651] Creating source manifest for //modules/common/math:matrix_operations_test_cpplint
PASS: (10-09 08:53:35.671) //modules/common/filters:mean_filter_test
PASS: (10-09 08:53:35.874) //modules/common/math:angle_test
PASS: (10-09 08:53:35.910) //modules/common/math:cartesian_frenet_conversion_test
PASS: (10-09 08:53:35.927) //modules/common/math:aabox2d_test
PASS: (10-09 08:53:35.981) //modules/common/math:integral_test
PASS: (10-09 08:53:36.177) //modules/common/math:line_segment2d_test
____(10-09 08:53:36.208) [3,707 / 3,782] Writing file modules/common/time/timer_test-2.params
PASS: (10-09 08:53:36.212) //modules/common/math:search_test
PASS: (10-09 08:53:36.386) //modules/common/math:vec2d_test
PASS: (10-09 08:53:36.558) //modules/common/math:euler_angles_zxy_test
PASS: (10-09 08:53:36.609) //modules/common/math:math_utils_test
PASS: (10-09 08:53:36.689) //modules/common/math:linear_interpolation_test
PASS: (10-09 08:53:36.694) //modules/common/math:box2d_test
PASS: (10-09 08:53:36.786) //modules/common/math:aaboxkdtree2d_test
PASS: (10-09 08:53:36.866) //modules/common/status:status_test
PASS: (10-09 08:53:36.965) //modules/common/util:disjoint_set_test
____(10-09 08:53:36.988) [3,844 / 3,918] Writing file modules/common/vehicle_model/libvehicle_model.a-2.params
PASS: (10-09 08:53:37.026) //modules/common/math:quaternion_test
PASS: (10-09 08:53:37.038) //modules/common/time:time_test
____(10-09 08:53:37.147) [3,873 / 3,951] Writing file modules/control/common/libhysteresis_filter.so-2.params
____(10-09 08:53:37.244) [3,878 / 3,954] Writing file modules/control/common/libinterpolation_1d.a-2.params
PASS: (10-09 08:53:37.324) //modules/common/util:lru_cache_test
PASS: (10-09 08:53:37.441) //modules/common/util:points_downsampler_test
____(10-09 08:53:37.557) [3,904 / 3,985] Compiling modules/control/controller/lon_controller.cc
PASS: (10-09 08:53:37.650) //modules/common/time:timer_test
PASS: (10-09 08:53:37.774) //modules/common/math:polygon2d_test
PASS: (10-09 08:53:38.077) //modules/common/util:string_util_test
PASS: (10-09 08:53:38.248) //modules/common/util:message_util_test
PASS: (10-09 08:53:38.394) //modules/control/common:hysteresis_filter_test
____(10-09 08:53:38.396) [3,998 / 4,095] Creating source manifest for //modules/control/common:pid_BC_controller_test
PASS: (10-09 08:53:38.518) //modules/common/util:json_util_test
PASS: (10-09 08:53:38.604) //modules/common/math:kalman_filter_test
____(10-09 08:53:38.876) [4,054 / 4,153] Creating runfiles tree bazel-out/local-dbg/bin/modules/control/controller/lat_controller_test.runfiles
PASS: (10-09 08:53:39.533) //modules/common/monitor_log:monitor_log_buffer_test
PASS: (10-09 08:53:39.975) //modules/common/math:matrix_operations_test
____(10-09 08:53:40.826) [4,443 / 4,545] Symlinking virtual headers for @ros//:ros_common
____(10-09 08:53:40.856) [4,544 / 4,646] Symlinking virtual headers for @ros//:ros_common
____(10-09 08:53:40.886) [4,636 / 4,736] Symlinking virtual headers for @ros//:ros_common
____(10-09 08:53:42.495) [4,887 / 4,982] Expanding template modules/data/tools/smart_recorder/realtime_record_processor_cpplint
____(10-09 08:53:42.558) [4,893 / 4,986] Expanding template modules/data/tools/smart_recorder/small_topics_trigger_cpplint
____(10-09 08:53:42.697) [4,924 / 5,024] Compiling modules/dreamview/backend/data_collection_monitor/data_collection_monitor.cc
____(10-09 08:53:43.369) [4,952 / 5,057] Writing file modules/dreamview/backend/point_cloud/libpoint_cloud_updater.so-2.params
PASS: (10-09 08:53:44.827) //cyber/parameter:parameter_client_test
____(10-09 08:53:45.435) [4,996 / 5,106] Creating source manifest for //modules/dreamview/backend/data_collection_monitor:data_collection_monitor_test
____(10-09 08:53:49.226) From Linking modules/data/tools/rosbag_to_record/rosbag_to_record:
/usr/bin/ld: warning: libfastrtps.so, needed by bazel-out/local-dbg/bin/_solib_k8/_U@ros_S_S_Cros_Ucommon___Uexternal_Sros_Slib/libroscpp.so, not found (try using -rpath or -rpath-link)
/usr/bin/ld: warning: libfastcdr.so, needed by bazel-out/local-dbg/bin/_solib_k8/_U@ros_S_S_Cros_Ucommon___Uexternal_Sros_Slib/libroscpp.so, not found (try using -rpath or -rpath-link)
____(10-09 08:53:49.652) [5,069 / 5,178] Creating source manifest for //modules/dreamview/backend/map:map_service_test
____(10-09 08:53:49.715) [5,080 / 5,190] Compiling modules/dreamview/backend/sim_control/sim_control_test.cc
____(10-09 08:53:49.877) [5,094 / 5,204] Compiling modules/dreamview/backend/simulation_world/simulation_world_service_test.cc
____(10-09 08:53:51.667) [5,128 / 5,237] Expanding template modules/drivers/camera/camera_component_lib_cpplint
____(10-09 08:53:51.841) [5,154 / 5,272] Compiling modules/drivers/canbus/can_client/can_client_factory_test.cc
____(10-09 08:53:52.454) [5,182 / 5,302] Creating source manifest for //modules/drivers/canbus/can_client/hermes_can:hermes_can_client_test
____(10-09 08:53:52.581) [5,204 / 5,321] Linking modules/dreamview/backend/data_collection_monitor/libdata_collection_monitor.so
____(10-09 08:53:52.954) [5,234 / 5,354] Creating source manifest for //modules/drivers/canbus/can_comm:protocol_data_test
____(10-09 08:53:53.032) [5,249 / 5,370] Writing file modules/drivers/gnss/stream/libntrip_stream.so-2.params
PASS: (10-09 08:53:53.648) //modules/drivers/canbus/common:byte_test
PASS: (10-09 08:53:54.222) //modules/drivers/canbus/can_comm:protocol_data_test
PASS: (10-09 08:53:55.130) //modules/drivers/canbus/can_comm:message_manager_test
____(10-09 08:53:56.292) [5,318 / 5,456] Creating source manifest for //modules/drivers/gnss:libgnss_component.so
____(10-09 08:53:56.435) [5,354 / 5,492] Expanding template modules/drivers/gnss/test/parser_cli_cpplint
____(10-09 08:53:56.873) [5,370 / 5,506] Compiling modules/drivers/radar/conti_radar/protocol/object_list_status_60a.cc
____(10-09 08:53:57.220) [5,376 / 5,513] Compiling modules/drivers/radar/conti_radar/conti_radar_message_manager.cc
____(10-09 08:53:58.538) [5,436 / 5,580] Writing file modules/drivers/radar/ultrasonic_radar/libultrasonic_radar_message_manager.so-2.params
____(10-09 08:53:59.299) [5,470 / 5,621] Expanding template modules/drivers/tools/image_decompress/image_decompress_lib_cpplint
____(10-09 08:54:02.052) [5,539 / 5,684] Writing file modules/drivers/velodyne/driver/libvelodyne_driver_component_lib.so-2.params
____(10-09 08:54:03.653) [5,564 / 5,710] Linking modules/drivers/camera/libcamera_component.so
____(10-09 08:54:05.221) [5,580 / 5,719] Linking modules/drivers/radar/ultrasonic_radar/libultrasonic_radar_canbus_component_lib.a
____(10-09 08:54:06.030) [5,612 / 5,755] Writing file modules/drivers/video/libsocket.so-2.params
____(10-09 08:54:06.780) [5,637 / 5,787] Writing file modules/drivers/video/tools/decode_video/libh265_decoder.a-2.params
____(10-09 08:54:06.960) [5,641 / 5,792] Writing file modules/drivers/video/tools/decode_video/libframe_processor.a-2.params
____(10-09 08:54:07.759) [5,700 / 5,849] Compiling modules/localization/msf/local_map/base_map/base_map_node_index.cc
____(10-09 08:54:08.807) [5,717 / 5,858] Writing file modules/localization/msf/local_map/lossy_map/liblocalization_msf_lossy_map.so-2.params
____(10-09 08:54:10.661) [5,752 / 5,890] Compiling modules/localization/msf/local_integ/localization_gnss_process.cc
____(10-09 08:54:10.880) [5,755 / 5,891] Linking modules/drivers/tools/image_decompress/libimage_decompress.so
____(10-09 08:54:11.992) [5,768 / 5,897] Writing file modules/localization/msf/local_integ/liblocalization_msf_local_integ.a-2.params
PASS: (10-09 08:54:12.038) //modules/drivers/tools/image_decompress:image_decompress_test
____(10-09 08:54:12.249) [5,788 / 5,926] Creating source manifest for //modules/localization/msf:libmsf_localization_component.so
____(10-09 08:54:13.121) [5,805 / 5,934] Linking modules/drivers/velodyne/compensator/libvelodyne_compensator_component.so
____(10-09 08:54:13.414) [5,809 / 5,938] Compiling modules/localization/msf/common/io/velodyne_utility.cc
____(10-09 08:54:13.663) [5,831 / 5,965] Writing file modules/localization/msf/common/util/localization_msf_common_system_utility_test-2.params
____(10-09 08:54:14.636) [5,863 / 5,995] Testing //modules/localization/msf/common/util:localization_msf_common_system_utility_test
PASS: (10-09 08:54:14.756) //modules/localization/msf/common/util:localization_msf_common_frame_transform_test
PASS: (10-09 08:54:14.850) //modules/localization/msf/common/util:localization_msf_common_util_compression_test
PASS: (10-09 08:54:14.897) //modules/localization/msf/common/util:localization_msf_common_system_utility_test
PASS: (10-09 08:54:15.499) //modules/localization/msf/common/util:localization_msf_common_util_rect2d_test
____(10-09 08:54:17.143) [5,936 / 6,066] Linking modules/drivers/velodyne/parser/libvelodyne_convert_component.so
____(10-09 08:54:19.869) [6,003 / 6,141] Linking modules/localization/msf/common/io/localization_msf_velodyne_utility_test
PASS: (10-09 08:54:21.184) //modules/localization/msf/common/io:localization_msf_velodyne_utility_test
____(10-09 08:54:21.272) [6,054 / 6,200] Compiling modules/localization/ndt/ndt_localization.cc
____(10-09 08:54:21.322) [6,056 / 6,201] Compiling modules/localization/ndt/localization_pose_buffer.cc
____(10-09 08:54:25.397) [6,148 / 6,289] Expanding template modules/map/hdmap/hdmap_cpplint
____(10-09 08:54:25.433) [6,152 / 6,297] Creating source manifest for //modules/map/hdmap:hdmap_map_test
____(10-09 08:54:25.848) [6,169 / 6,317] Creating source manifest for //modules/map/pnc_map:cuda_pnc_util_cpplint
FAIL: (10-09 08:54:32.579) //modules/map/pnc_map:cuda_util_test (see /home/mrb2/.cache/bazel/_bazel_mrb2/540135163923dd7d5820f3ee4b306b32/execroot/apollo/bazel-out/local-dbg/testlogs/modules/map/pnc_map/cuda_util_test/test.log)
____(10-09 08:54:32.579) From Testing //modules/map/pnc_map:cuda_util_test:
==================== Test output for //modules/map/pnc_map:cuda_util_test:
Running main() from gmock_main.cc
[==========] Running 1 test from 1 test case.
[----------] Global test environment set-up.
[----------] 1 test from CudaUtil
[ RUN      ] CudaUtil.CudaNearestSegment
WARNING: Logging before InitGoogleLogging() is written to STDERR
F1009 08:54:32.562933 314094 cuda_util.cu:33] Check failed: cudaStatus == cudaSuccess (35 vs. 0)
*** Check failure stack trace: ***
external/bazel_tools/tools/test/test-setup.sh: line 169: 314094 Aborted                 (core dumped) "${TEST_PATH}" "$@"
================================================================================
PASS: (10-09 08:54:32.917) //modules/map/hdmap:hdmap_util_test
PASS: (10-09 08:54:33.467) //modules/map/pnc_map:route_segments_test
PASS: (10-09 08:54:33.489) //modules/map/hdmap:hdmap_map_test
PASS: (10-09 08:54:33.720) //modules/map/pnc_map:pnc_map_test
PASS: (10-09 08:54:34.551) //modules/localization/msf/local_map/ndt_map:localization_msf_ndt_map_config_test
PASS: (10-09 08:54:34.722) //modules/localization/msf/local_map/lossy_map:localization_msf_lossy_map_config_2d_test
PASS: (10-09 08:54:34.728) //modules/localization/msf/local_map/lossless_map:localization_msf_lossless_map_config_test
____(10-09 08:54:34.820) [6,265 / 6,377] Linking modules/drivers/radar/conti_radar/libconti_radar.so
PASS: (10-09 08:54:35.105) //modules/map/pnc_map:pnc_path_test
PASS: (10-09 08:54:35.108) //modules/localization/msf/local_map/base_map:localization_msf_local_map_node_index_test
PASS: (10-09 08:54:35.282) //modules/localization/msf/local_map/lossless_map:localization_msf_local_map_pool_test
PASS: (10-09 08:54:35.337) //modules/localization/msf/local_map/base_map:localization_msf_local_map_cache_test
PASS: (10-09 08:54:35.806) //modules/drivers/canbus/can_comm:can_sender_test
PASS: (10-09 08:54:36.040) //modules/drivers/canbus/can_client/socket:socket_can_client_raw_test
PASS: (10-09 08:54:36.085) //modules/drivers/canbus/can_client/hermes_can:hermes_can_client_test
PASS: (10-09 08:54:36.110) //modules/drivers/canbus/can_comm:can_receiver_test
PASS: (10-09 08:54:36.162) //modules/drivers/canbus/can_client/fake:fake_can_client_test
PASS: (10-09 08:54:36.316) //modules/drivers/canbus/can_client:can_client_factory_test
PASS: (10-09 08:54:36.391) //modules/dreamview/backend/map:map_service_test
PASS: (10-09 08:54:36.889) //modules/dreamview/backend/hmi:hmi_worker_test
PASS: (10-09 08:54:37.091) //modules/dreamview/backend/data_collection_monitor:data_collection_monitor_test
PASS: (10-09 08:54:37.197) //modules/dreamview/backend/sim_control:sim_control_test
PASS: (10-09 08:54:37.262) //modules/dreamview/backend/hmi:vehicle_manager_test
____(10-09 08:54:37.443) [6,308 / 6,396] Testing //modules/control/controller:lat_controller_test
PASS: (10-09 08:54:37.681) //modules/control/controller:mpc_controller_test
PASS: (10-09 08:54:37.754) //modules/control/integration_tests:mpc_controller_test
PASS: (10-09 08:54:37.790) //modules/control/integration_tests:relative_position_test
PASS: (10-09 08:54:37.849) //modules/control/integration_tests:simple_control_test
PASS: (10-09 08:54:37.969) //modules/control/common:pid_controller_test
PASS: (10-09 08:54:38.032) //modules/control/common:trajectory_analyzer_test
PASS: (10-09 08:54:38.054) //modules/control/controller:lat_controller_test
PASS: (10-09 08:54:38.060) //modules/control/controller:lon_controller_test
PASS: (10-09 08:54:38.099) //modules/control/common:pid_IC_controller_test
____(10-09 08:54:38.129) [6,324 / 6,403] Testing //modules/control/common:interpolation_1d_test
PASS: (10-09 08:54:38.160) //modules/control/common:pid_BC_controller_test
PASS: (10-09 08:54:38.401) //modules/dreamview/backend/handlers:websocket_handler_test
PASS: (10-09 08:54:38.407) //modules/common/util:util_test
PASS: (10-09 08:54:38.449) //modules/control/common:leadlag_controller_test
PASS: (10-09 08:54:38.459) //modules/common/math/qp_solver:active_set_qp_solver_test
PASS: (10-09 08:54:38.490) //modules/control/common:interpolation_2d_test
PASS: (10-09 08:54:38.547) //modules/common/math:mpc_test
PASS: (10-09 08:54:38.561) //modules/common/util:string_tokenizer_test
PASS: (10-09 08:54:38.606) //modules/control/common:interpolation_1d_test
PASS: (10-09 08:54:38.621) //modules/common/util:factory_test
PASS: (10-09 08:54:38.776) //modules/common/configs:vehicle_config_helper_test
PASS: (10-09 08:54:38.796) //modules/common/vehicle_state:vehicle_state_provider_test
PASS: (10-09 08:54:38.838) //modules/common/vehicle_model:vehicle_model_test
PASS: (10-09 08:54:38.860) //modules/common/kv_db:kv_db_test
PASS: (10-09 08:54:38.920) //modules/canbus/vehicle/zhongyun:zhongyun_vehicle_factory_test
PASS: (10-09 08:54:39.004) //modules/canbus/vehicle/zhongyun:zhongyun_controller_test
PASS: (10-09 08:54:39.069) //modules/canbus/vehicle/wey:wey_vehicle_factory_test
PASS: (10-09 08:54:39.130) //modules/common/filters:digital_filter_test
PASS: (10-09 08:54:39.147) //modules/canbus/vehicle/wey:wey_controller_test
PASS: (10-09 08:54:39.205) //modules/canbus/vehicle/transit:transit_vehicle_factory_test
PASS: (10-09 08:54:39.219) //modules/canbus/vehicle/transit:transit_controller_test
PASS: (10-09 08:54:39.298) //modules/canbus/vehicle/lincoln:lincoln_vehicle_factory_test
PASS: (10-09 08:54:39.376) //modules/canbus/vehicle/ge3:ge3_vehicle_factory_test
PASS: (10-09 08:54:39.404) //modules/canbus/vehicle/gem:gem_vehicle_factory_test
PASS: (10-09 08:54:39.436) //modules/canbus/vehicle/ge3:ge3_controller_test
PASS: (10-09 08:54:39.516) //modules/canbus/vehicle/ch:ch_vehicle_factory_test
____(10-09 08:54:39.614) [6,379 / 6,428] Linking modules/localization/msf/local_tool/local_visualization/online_visual/online_visualizer_compenont.so
PASS: (10-09 08:54:39.709) //modules/canbus/vehicle:vehicle_factory_test
PASS: (10-09 08:54:39.739) //modules/canbus/vehicle/lincoln:lincoln_controller_test
PASS: (10-09 08:54:39.972) //modules/canbus/vehicle/ch:ch_controller_test
PASS: (10-09 08:54:40.134) //modules/canbus/vehicle/gem:gem_controller_test
PASS: (10-09 08:54:40.268) //modules/bridge/common:bridge_proto_buf_test
PASS: (10-09 08:54:40.329) //modules/canbus:canbus_test
PASS: (10-09 08:54:40.829) //modules/bridge:udp_bridge_component_test
PASS: (10-09 08:54:41.114) //modules/control:control_component_test
PASS: (10-09 08:54:41.506) //modules/localization/msf/local_map/ndt_map:localization_msf_ndt_map_test
____(10-09 08:54:44.427) [6,406 / 6,434] Linking modules/localization/rtk/rtk_localization_test
PASS: (10-09 08:54:45.019) //modules/localization/rtk:rtk_localization_test
____(10-09 08:54:45.827) [6,418 / 6,435] Linking modules/localization/msf/msf_localization_test
PASS: (10-09 08:54:46.601) //modules/localization/msf:msf_localization_test
____(10-09 08:54:53.587) [6,427 / 6,438] Linking modules/localization/ndt/ndt_localization_test
PASS: (10-09 08:54:54.972) //modules/localization/ndt:ndt_localization_pose_buffer_test
PASS: (10-09 08:54:55.324) //modules/localization/ndt:ndt_localization_test
PASS: (10-09 08:54:56.398) //modules/localization/ndt/ndt_locator:ndt_lidar_locator_test
____(10-09 08:55:01.679) [6,437 / 6,440] Linking modules/dreamview/backend/simulation_world/simulation_world_service_test
PASS: (10-09 08:55:03.873) //modules/dreamview/backend/simulation_world:simulation_world_service_test
PASS: (10-09 08:55:07.199) //modules/localization/ndt/ndt_locator:ndt_solver_test
____(10-09 08:55:10.928) Elapsed time: 163.625s, Critical Path: 87.39s
//cyber/base:atomic_hash_map_test                                        PASSED in 35.0s
//cyber/base:atomic_rw_lock_test                                         PASSED in 0.1s
//cyber/base:bounded_queue_test                                          PASSED in 0.5s
//cyber/base:for_each_test                                               PASSED in 0.0s
//cyber/base:object_pool_test                                            PASSED in 2.1s
//cyber/base:signal_test                                                 PASSED in 0.4s
//cyber/blocker:blocker_manager_test                                     PASSED in 0.3s
//cyber/blocker:blocker_test                                             PASSED in 0.3s
//cyber/common:file_test                                                 PASSED in 0.3s
//cyber/common:log_test                                                  PASSED in 0.3s
//cyber/common:macros_test                                               PASSED in 0.3s
//cyber/component:component_test                                         PASSED in 0.5s
//cyber/component:timer_component_test                                   PASSED in 0.4s
//cyber/croutine:croutine_test                                           PASSED in 0.3s
//cyber/data:all_latest_test                                             PASSED in 0.3s
//cyber/data:cache_buffer_test                                           PASSED in 0.3s
//cyber/data:channel_buffer_test                                         PASSED in 0.3s
//cyber/data:data_dispatcher_test                                        PASSED in 0.3s
//cyber/data:data_visitor_test                                           PASSED in 0.3s
//cyber/io:poller_test                                                   PASSED in 0.5s
//cyber/logger:log_file_object_test                                      PASSED in 0.3s
//cyber/logger:logger_test                                               PASSED in 0.3s
//cyber/message:message_header_test                                      PASSED in 0.3s
//cyber/message:message_traits_test                                      PASSED in 0.3s
//cyber/message:protobuf_factory_test                                    PASSED in 0.3s
//cyber/message:raw_message_test                                         PASSED in 0.3s
//cyber/node:node_test                                                   PASSED in 0.3s
//cyber/node:writer_reader_test                                          PASSED in 2.0s
//cyber/parameter:parameter_client_test                                  PASSED in 15.9s
//cyber/parameter:parameter_test                                         PASSED in 0.3s
//cyber/record:record_file_test                                          PASSED in 0.4s
//cyber/record:record_reader_test                                        PASSED in 0.3s
//cyber/record:record_viewer_test                                        PASSED in 0.6s
//cyber/scheduler:scheduler_choreo_test                                  PASSED in 0.3s
//cyber/scheduler:scheduler_classic_test                                 PASSED in 1.2s
//cyber/scheduler:scheduler_test                                         PASSED in 0.5s
//cyber/service_discovery:channel_manager_test                           PASSED in 0.3s
//cyber/service_discovery:graph_test                                     PASSED in 0.3s
//cyber/service_discovery:node_manager_test                              PASSED in 0.3s
//cyber/service_discovery:role_test                                      PASSED in 0.3s
//cyber/service_discovery:service_manager_test                           PASSED in 0.3s
//cyber/service_discovery:topology_manager_test                          PASSED in 0.5s
//cyber/task:task_test                                                   PASSED in 0.3s
//cyber/time:duration_test                                               PASSED in 0.2s
//cyber/time:time_test                                                   PASSED in 0.2s
//cyber/timer:timer_test                                                 PASSED in 4.8s
//cyber/transport:common_test                                            PASSED in 0.2s
//cyber/transport:dispatcher_test                                        PASSED in 0.2s
//cyber/transport:hybrid_transceiver_test                                PASSED in 2.4s
//cyber/transport:intra_dispatcher_test                                  PASSED in 0.2s
//cyber/transport:intra_transceiver_test                                 PASSED in 0.2s
//cyber/transport:message_test                                           PASSED in 0.3s
//cyber/transport:rtps_dispatcher_test                                   PASSED in 1.5s
//cyber/transport:rtps_test                                              PASSED in 0.2s
//cyber/transport:rtps_transceiver_test                                  PASSED in 1.4s
//cyber/transport:shm_dispatcher_test                                    PASSED in 2.4s
//cyber/transport:shm_transceiver_test                                   PASSED in 0.8s
//cyber/transport:transport_test                                         PASSED in 0.2s
//modules/bridge/common:bridge_buffer_test                               PASSED in 0.0s
//modules/bridge/common:bridge_proto_buf_test                            PASSED in 0.5s
//modules/bridge:udp_bridge_component_test                               PASSED in 0.6s
//modules/canbus:canbus_test                                             PASSED in 0.6s
//modules/canbus/vehicle/ch:ch_controller_test                           PASSED in 0.6s
//modules/canbus/vehicle/ch:ch_message_manager_test                      PASSED in 0.1s
//modules/canbus/vehicle/ch:ch_vehicle_factory_test                      PASSED in 0.2s
//modules/canbus/vehicle/ch/protocol:brake_command_111_test              PASSED in 0.1s
//modules/canbus/vehicle/ch/protocol:brake_status__511_test              PASSED in 0.1s
//modules/canbus/vehicle/ch/protocol:control_command_115_test            PASSED in 0.1s
//modules/canbus/vehicle/ch/protocol:ecu_status_1_515_test               PASSED in 0.1s
//modules/canbus/vehicle/ch/protocol:ecu_status_2_516_test               PASSED in 0.1s
//modules/canbus/vehicle/ch/protocol:ecu_status_3_517_test               PASSED in 0.1s
//modules/canbus/vehicle/ch/protocol:gear_command_114_test               PASSED in 0.1s
//modules/canbus/vehicle/ch/protocol:gear_status_514_test                PASSED in 0.1s
//modules/canbus/vehicle/ch/protocol:steer_command_112_test              PASSED in 0.1s
//modules/canbus/vehicle/ch/protocol:steer_status__512_test              PASSED in 0.1s
//modules/canbus/vehicle/ch/protocol:throttle_command_110_test           PASSED in 0.1s
//modules/canbus/vehicle/ch/protocol:throttle_status__510_test           PASSED in 0.1s
//modules/canbus/vehicle/ch/protocol:turnsignal_command_113_test         PASSED in 0.1s
//modules/canbus/vehicle/ch/protocol:turnsignal_status__513_test         PASSED in 0.1s
//modules/canbus/vehicle/ge3:ge3_controller_test                         PASSED in 0.2s
//modules/canbus/vehicle/ge3:ge3_message_manager_test                    PASSED in 0.1s
//modules/canbus/vehicle/ge3:ge3_vehicle_factory_test                    PASSED in 0.2s
//modules/canbus/vehicle/ge3/protocol:pc_bcm_201_test                    PASSED in 0.1s
//modules/canbus/vehicle/ge3/protocol:pc_bcs_202_test                    PASSED in 0.1s
//modules/canbus/vehicle/ge3/protocol:pc_epb_203_test                    PASSED in 0.1s
//modules/canbus/vehicle/ge3/protocol:pc_eps_204_test                    PASSED in 0.1s
//modules/canbus/vehicle/ge3/protocol:pc_vcu_205_test                    PASSED in 0.1s
//modules/canbus/vehicle/ge3/protocol:scu_1_301_test                     PASSED in 0.1s
//modules/canbus/vehicle/ge3/protocol:scu_2_302_test                     PASSED in 0.1s
//modules/canbus/vehicle/ge3/protocol:scu_3_303_test                     PASSED in 0.1s
//modules/canbus/vehicle/ge3/protocol:scu_bcm_304_test                   PASSED in 0.1s
//modules/canbus/vehicle/ge3/protocol:scu_bcs_1_306_test                 PASSED in 0.1s
//modules/canbus/vehicle/ge3/protocol:scu_bcs_2_307_test                 PASSED in 0.1s
//modules/canbus/vehicle/ge3/protocol:scu_bcs_3_308_test                 PASSED in 0.1s
//modules/canbus/vehicle/ge3/protocol:scu_epb_310_test                   PASSED in 0.1s
//modules/canbus/vehicle/ge3/protocol:scu_eps_311_test                   PASSED in 0.1s
//modules/canbus/vehicle/ge3/protocol:scu_vcu_1_312_test                 PASSED in 0.1s
//modules/canbus/vehicle/ge3/protocol:scu_vcu_2_313_test                 PASSED in 0.1s
//modules/canbus/vehicle/gem:gem_controller_test                         PASSED in 0.2s
//modules/canbus/vehicle/gem:gem_message_manager_test                    PASSED in 0.1s
//modules/canbus/vehicle/gem:gem_vehicle_factory_test                    PASSED in 0.2s
//modules/canbus/vehicle/gem/protocol:accel_cmd_67_test                  PASSED in 0.1s
//modules/canbus/vehicle/gem/protocol:accel_rpt_68_test                  PASSED in 0.1s
//modules/canbus/vehicle/gem/protocol:brake_motor_rpt_1_70_test          PASSED in 0.1s
//modules/canbus/vehicle/gem/protocol:brake_motor_rpt_2_71_test          PASSED in 0.1s
//modules/canbus/vehicle/gem/protocol:brake_motor_rpt_3_72_test          PASSED in 0.1s
//modules/canbus/vehicle/gem/protocol:brake_rpt_6c_test                  PASSED in 0.1s
//modules/canbus/vehicle/gem/protocol:date_time_rpt_83_test              PASSED in 0.1s
//modules/canbus/vehicle/gem/protocol:global_rpt_6a_test                 PASSED in 0.1s
//modules/canbus/vehicle/gem/protocol:lat_lon_heading_rpt_82_test        PASSED in 0.1s
//modules/canbus/vehicle/gem/protocol:steering_motor_rpt_1_73_test       PASSED in 0.1s
//modules/canbus/vehicle/gem/protocol:steering_motor_rpt_2_74_test       PASSED in 0.1s
//modules/canbus/vehicle/gem/protocol:steering_motor_rpt_3_75_test       PASSED in 0.1s
//modules/canbus/vehicle/gem/protocol:steering_rpt_1_6e_test             PASSED in 0.1s
//modules/canbus/vehicle/gem/protocol:wheel_speed_rpt_7a_test            PASSED in 0.1s
//modules/canbus/vehicle/gem/protocol:wiper_rpt_91_test                  PASSED in 0.1s
//modules/canbus/vehicle/gem/protocol:yaw_rate_rpt_81_test               PASSED in 0.1s
//modules/canbus/vehicle/lincoln:lincoln_controller_test                 PASSED in 0.6s
//modules/canbus/vehicle/lincoln:lincoln_message_manager_test            PASSED in 0.1s
//modules/canbus/vehicle/lincoln:lincoln_vehicle_factory_test            PASSED in 0.2s
//modules/canbus/vehicle/lincoln/protocol:accel_6b_test                  PASSED in 0.1s
//modules/canbus/vehicle/lincoln/protocol:brake_60_test                  PASSED in 0.1s
//modules/canbus/vehicle/lincoln/protocol:brake_61_test                  PASSED in 0.1s
//modules/canbus/vehicle/lincoln/protocol:brakeinfo_74_test              PASSED in 0.1s
//modules/canbus/vehicle/lincoln/protocol:fuellevel_72_test              PASSED in 0.1s
//modules/canbus/vehicle/lincoln/protocol:gear_66_test                   PASSED in 0.1s
//modules/canbus/vehicle/lincoln/protocol:gear_67_test                   PASSED in 0.1s
//modules/canbus/vehicle/lincoln/protocol:gps_6d_test                    PASSED in 0.1s
//modules/canbus/vehicle/lincoln/protocol:gps_6e_test                    PASSED in 0.1s
//modules/canbus/vehicle/lincoln/protocol:gps_6f_test                    PASSED in 0.1s
//modules/canbus/vehicle/lincoln/protocol:gyro_6c_test                   PASSED in 0.1s
//modules/canbus/vehicle/lincoln/protocol:misc_69_test                   PASSED in 0.1s
//modules/canbus/vehicle/lincoln/protocol:steering_64_test               PASSED in 0.1s
//modules/canbus/vehicle/lincoln/protocol:steering_65_test               PASSED in 0.1s
//modules/canbus/vehicle/lincoln/protocol:surround_73_test               PASSED in 0.1s
//modules/canbus/vehicle/lincoln/protocol:throttle_62_test               PASSED in 0.1s
//modules/canbus/vehicle/lincoln/protocol:throttle_63_test               PASSED in 0.1s
//modules/canbus/vehicle/lincoln/protocol:throttleinfo_75_test           PASSED in 0.1s
//modules/canbus/vehicle/lincoln/protocol:tirepressure_71_test           PASSED in 0.1s
//modules/canbus/vehicle/lincoln/protocol:turnsignal_68_test             PASSED in 0.1s
//modules/canbus/vehicle/lincoln/protocol:version_7f_test                PASSED in 0.1s
//modules/canbus/vehicle/lincoln/protocol:wheelspeed_6a_test             PASSED in 0.1s
//modules/canbus/vehicle/transit/protocol:Auxiliarycontrol_110_test      PASSED in 0.1s
//modules/canbus/vehicle/transit/protocol:Diag_fault_620_test            PASSED in 0.1s
//modules/canbus/vehicle/transit/protocol:Motioncommandfeedback1_22_test PASSED in 0.1s
//modules/canbus/vehicle/transit/protocol:Motioncontrollimits1_12        PASSED in 0.1s
//modules/canbus/vehicle/transit/protocol:Motionfeedback1_20_test        PASSED in 0.1s
//modules/canbus/vehicle/transit/protocol:Vehiclelimits_24_test          PASSED in 0.1s
//modules/canbus/vehicle/transit/protocol:adc_motioncontrol1_10_test     PASSED in 0.1s
//modules/canbus/vehicle/transit/protocol:llc_auxiliaryfeedback_120_test PASSED in 0.1s
//modules/canbus/vehicle/transit/protocol:llc_diag_brakecontrol_721_test PASSED in 0.1s
//modules/canbus/vehicle/transit/protocol:llc_diag_steeringcontrol_722_test PASSED in 0.1s
//modules/canbus/vehicle/transit/protocol:llc_motionfeedback2_21_test    PASSED in 0.1s
//modules/canbus/vehicle/transit/protocol:llc_vehiclestatus_25_test      PASSED in 0.1s
//modules/canbus/vehicle/transit:transit_controller_test                 PASSED in 0.2s
//modules/canbus/vehicle/transit:transit_vehicle_factory_test            PASSED in 0.2s
//modules/canbus/vehicle:vehicle_factory_test                            PASSED in 0.3s
//modules/canbus/vehicle/wey/protocol:ads1_111_test                      PASSED in 0.1s
//modules/canbus/vehicle/wey/protocol:ads3_38e_test                      PASSED in 0.1s
//modules/canbus/vehicle/wey/protocol:ads_eps_113_test                   PASSED in 0.1s
//modules/canbus/vehicle/wey/protocol:ads_req_vin_390_test               PASSED in 0.1s
//modules/canbus/vehicle/wey/protocol:ads_shifter_115_test               PASSED in 0.1s
//modules/canbus/vehicle/wey/protocol:fail_241_test                      PASSED in 0.1s
//modules/canbus/vehicle/wey/protocol:fbs1_243_test                      PASSED in 0.1s
//modules/canbus/vehicle/wey/protocol:fbs2_240_test                      PASSED in 0.1s
//modules/canbus/vehicle/wey/protocol:fbs3_237_test                      PASSED in 0.1s
//modules/canbus/vehicle/wey/protocol:fbs4_235_test                      PASSED in 0.1s
//modules/canbus/vehicle/wey/protocol:status_310_test                    PASSED in 0.1s
//modules/canbus/vehicle/wey/protocol:vin_resp1_391_test                 PASSED in 0.1s
//modules/canbus/vehicle/wey/protocol:vin_resp2_392_test                 PASSED in 0.1s
//modules/canbus/vehicle/wey/protocol:vin_resp3_393_test                 PASSED in 0.1s
//modules/canbus/vehicle/wey:wey_controller_test                         PASSED in 0.2s
//modules/canbus/vehicle/wey:wey_message_manager_test                    PASSED in 0.1s
//modules/canbus/vehicle/wey:wey_vehicle_factory_test                    PASSED in 0.2s
//modules/canbus/vehicle/zhongyun/protocol:brake_control_a4_test         PASSED in 0.1s
//modules/canbus/vehicle/zhongyun/protocol:enable_state_feedback_c3_test PASSED in 0.1s
//modules/canbus/vehicle/zhongyun/protocol:error_state_e1_test           PASSED in 0.1s
//modules/canbus/vehicle/zhongyun/protocol:gear_control_a1_test          PASSED in 0.1s
//modules/canbus/vehicle/zhongyun/protocol:parking_control_a5_test       PASSED in 0.1s
//modules/canbus/vehicle/zhongyun/protocol:steering_control_a2_test      PASSED in 0.1s
//modules/canbus/vehicle/zhongyun/protocol:torque_control_a3_test        PASSED in 0.1s
//modules/canbus/vehicle/zhongyun/protocol:vehicle_state_feedback_2_c4_test PASSED in 0.1s
//modules/canbus/vehicle/zhongyun/protocol:vehicle_state_feedback_c1_test PASSED in 0.1s
//modules/canbus/vehicle/zhongyun:zhongyun_controller_test               PASSED in 0.2s
//modules/canbus/vehicle/zhongyun:zhongyun_message_manager_test          PASSED in 0.1s
//modules/canbus/vehicle/zhongyun:zhongyun_vehicle_factory_test          PASSED in 0.2s
//modules/common/configs:vehicle_config_helper_test                      PASSED in 0.2s
//modules/common/filters:digital_filter_coefficients_test                PASSED in 0.0s
//modules/common/filters:digital_filter_test                             PASSED in 0.4s
//modules/common/filters:mean_filter_test                                PASSED in 0.0s
//modules/common/kv_db:kv_db_test                                        PASSED in 0.3s
//modules/common/math:aabox2d_test                                       PASSED in 0.0s
//modules/common/math:aaboxkdtree2d_test                                 PASSED in 0.4s
//modules/common/math:angle_test                                         PASSED in 0.0s
//modules/common/math:box2d_test                                         PASSED in 0.3s
//modules/common/math:cartesian_frenet_conversion_test                   PASSED in 0.1s
//modules/common/math:euler_angles_zxy_test                              PASSED in 0.1s
//modules/common/math:integral_test                                      PASSED in 0.0s
//modules/common/math:kalman_filter_test                                 PASSED in 0.0s
//modules/common/math:line_segment2d_test                                PASSED in 0.1s
//modules/common/math:linear_interpolation_test                          PASSED in 0.1s
//modules/common/math:math_utils_test                                    PASSED in 0.1s
//modules/common/math:matrix_operations_test                             PASSED in 0.0s
//modules/common/math:mpc_test                                           PASSED in 0.1s
//modules/common/math:polygon2d_test                                     PASSED in 0.2s
//modules/common/math/qp_solver:active_set_qp_solver_test                PASSED in 0.0s
//modules/common/math:quaternion_test                                    PASSED in 0.1s
//modules/common/math:search_test                                        PASSED in 0.0s
//modules/common/math:vec2d_test                                         PASSED in 0.0s
//modules/common/monitor_log:monitor_log_buffer_test                     PASSED in 0.3s
//modules/common/status:status_test                                      PASSED in 0.0s
//modules/common/time:time_test                                          PASSED in 0.1s
//modules/common/time:timer_test                                         PASSED in 0.8s
//modules/common/util:disjoint_set_test                                  PASSED in 0.1s
//modules/common/util:factory_test                                       PASSED in 0.2s
//modules/common/util:json_util_test                                     PASSED in 0.1s
//modules/common/util:lru_cache_test                                     PASSED in 0.0s
//modules/common/util:message_util_test                                  PASSED in 0.1s
//modules/common/util:points_downsampler_test                            PASSED in 0.1s
//modules/common/util:string_tokenizer_test                              PASSED in 0.1s
//modules/common/util:string_util_test                                   PASSED in 0.0s
//modules/common/util:util_test                                          PASSED in 0.1s
//modules/common/vehicle_model:vehicle_model_test                        PASSED in 0.5s
//modules/common/vehicle_state:vehicle_state_provider_test               PASSED in 0.4s
//modules/control/common:hysteresis_filter_test                          PASSED in 0.0s
//modules/control/common:interpolation_1d_test                           PASSED in 0.5s
//modules/control/common:interpolation_2d_test                           PASSED in 0.4s
//modules/control/common:leadlag_controller_test                         PASSED in 0.4s
//modules/control/common:pid_BC_controller_test                          PASSED in 0.4s
//modules/control/common:pid_IC_controller_test                          PASSED in 0.4s
//modules/control/common:pid_controller_test                             PASSED in 0.4s
//modules/control/common:trajectory_analyzer_test                        PASSED in 0.5s
//modules/control:control_component_test                                 PASSED in 2.0s
//modules/control/controller:lat_controller_test                         PASSED in 0.6s
//modules/control/controller:lon_controller_test                         PASSED in 0.6s
//modules/control/controller:mpc_controller_test                         PASSED in 0.6s
//modules/control/integration_tests:mpc_controller_test                  PASSED in 0.7s
//modules/control/integration_tests:relative_position_test               PASSED in 0.7s
//modules/control/integration_tests:simple_control_test                  PASSED in 0.9s
//modules/dreamview/backend/data_collection_monitor:data_collection_monitor_test PASSED in 0.6s
//modules/dreamview/backend/handlers:websocket_handler_test              PASSED in 2.1s
//modules/dreamview/backend/hmi:hmi_worker_test                          PASSED in 0.7s
//modules/dreamview/backend/hmi:vehicle_manager_test                     PASSED in 1.3s
//modules/dreamview/backend/map:map_service_test                         PASSED in 0.4s
//modules/dreamview/backend/sim_control:sim_control_test                 PASSED in 0.9s
//modules/dreamview/backend/simulation_world:simulation_world_service_test PASSED in 1.7s
//modules/drivers/canbus/can_client:can_client_factory_test              PASSED in 0.4s
//modules/drivers/canbus/can_client/fake:fake_can_client_test            PASSED in 0.4s
//modules/drivers/canbus/can_client/hermes_can:hermes_can_client_test    PASSED in 0.4s
//modules/drivers/canbus/can_client/socket:socket_can_client_raw_test    PASSED in 0.3s
//modules/drivers/canbus/can_comm:can_receiver_test                      PASSED in 0.4s
//modules/drivers/canbus/can_comm:can_sender_test                        PASSED in 0.3s
//modules/drivers/canbus/can_comm:message_manager_test                   PASSED in 0.3s
//modules/drivers/canbus/can_comm:protocol_data_test                     PASSED in 0.1s
//modules/drivers/canbus/common:byte_test                                PASSED in 0.0s
//modules/drivers/tools/image_decompress:image_decompress_test           PASSED in 0.3s
//modules/localization/msf/common/io:localization_msf_velodyne_utility_test PASSED in 0.5s
//modules/localization/msf/common/util:localization_msf_common_frame_transform_test PASSED in 0.3s
//modules/localization/msf/common/util:localization_msf_common_system_utility_test PASSED in 0.3s
//modules/localization/msf/common/util:localization_msf_common_util_compression_test PASSED in 0.2s
//modules/localization/msf/common/util:localization_msf_common_util_rect2d_test PASSED in 0.2s
//modules/localization/msf/local_map/base_map:localization_msf_local_map_cache_test PASSED in 0.5s
//modules/localization/msf/local_map/base_map:localization_msf_local_map_node_index_test PASSED in 0.4s
//modules/localization/msf/local_map/lossless_map:localization_msf_local_map_pool_test PASSED in 0.7s
//modules/localization/msf/local_map/lossless_map:localization_msf_lossless_map_config_test PASSED in 0.4s
//modules/localization/msf/local_map/lossy_map:localization_msf_lossy_map_config_2d_test PASSED in 0.4s
//modules/localization/msf/local_map/ndt_map:localization_msf_ndt_map_config_test PASSED in 0.3s
//modules/localization/msf/local_map/ndt_map:localization_msf_ndt_map_test PASSED in 6.7s
//modules/localization/msf:msf_localization_test                         PASSED in 0.4s
//modules/localization/ndt:ndt_localization_pose_buffer_test             PASSED in 0.6s
//modules/localization/ndt:ndt_localization_test                         PASSED in 0.8s
//modules/localization/ndt/ndt_locator:ndt_lidar_locator_test            PASSED in 10.2s
//modules/localization/ndt/ndt_locator:ndt_solver_test                   PASSED in 20.6s
//modules/localization/rtk:rtk_localization_test                         PASSED in 0.3s
//modules/map/hdmap:hdmap_map_test                                       PASSED in 0.6s
//modules/map/hdmap:hdmap_util_test                                      PASSED in 0.2s
//modules/map/pnc_map:pnc_map_test                                       PASSED in 1.0s
//modules/map/pnc_map:pnc_path_test                                      PASSED in 2.7s
//modules/map/pnc_map:route_segments_test                                PASSED in 1.0s
//cyber/parameter:parameter_server_test                                  FAILED in 0.7s
  /home/mrb2/.cache/bazel/_bazel_mrb2/540135163923dd7d5820f3ee4b306b32/execroot/apollo/bazel-out/local-dbg/testlogs/cyber/parameter/parameter_server_test/test.log
//modules/map/pnc_map:cuda_util_test                                     FAILED in 0.0s
  /home/mrb2/.cache/bazel/_bazel_mrb2/540135163923dd7d5820f3ee4b306b32/execroot/apollo/bazel-out/local-dbg/testlogs/modules/map/pnc_map/cuda_util_test/test.log

Executed 281 out of 281 tests: 279 tests pass and 2 fail locally.
There were tests whose specified size is too big. Use the --test_verbose_timeout_warnings command line option to see which ones these are.
============================
[[0;31mERROR[0m] run test failed!
[[34m[1mINFO[0m] Took 445 seconds
============================
