System check passed. Build continue ...
[33m[WARNING] ESD CAN library supplied by ESD Electronics does not exist. If you need ESD CAN, please refer to third_party/can_card_library/esd_can/README.md.[0m
INFO: Reading 'startup' options from /apollo/tools/bazel.rc: --batch_cpu_scheduling --host_jvm_args=-XX:-UseParallelGC
WARNING: ignoring LD_PRELOAD in environment.
____Loading package: modules/planning
[33mRunning tests under CPU mode. No GPU is required to run the tests.[0m
INFO: Reading 'startup' options from /apollo/tools/bazel.rc: --batch_cpu_scheduling --host_jvm_args=-XX:-UseParallelGC
WARNING: ignoring LD_PRELOAD in environment.
____(10-09 08:42:54.258) Loading package: @local_config_xcode//
____(10-09 08:42:54.441) Loading complete.  Analyzing...
____(10-09 08:42:55.575) Loading package:
____(10-09 08:42:55.605) Loading package: @gtest//
____(10-09 08:42:55.731) Loading package: third_party/json
____(10-09 08:42:55.761) Loading package: @ad_rss_lib//
____(10-09 08:42:55.796) Loading package: third_party/can_card_library/hermes_can
____(10-09 08:42:55.835) Loading package: @ros//
____(10-09 08:42:55.919) Loading package: @python27//
____(10-09 08:42:56.013) Loading package: @vtk//
____(10-09 08:42:56.095) Found 3230 targets and 524 test targets...
____(10-09 08:42:56.906) Building...
____(10-09 08:42:56.996) [1,607 / 2,885] Writing file modules/canbus/vehicle/lexus/protocol/libcanbus_lexus_protocol.so-2.params
____(10-09 08:42:57.026) [2,301 / 3,971] Writing file modules/canbus/vehicle/transit/protocol/adc_motioncontrol1_10_test-2.params
____(10-09 08:42:57.056) [3,251 / 5,384] Writing file modules/monitor/proto/libsystem_status_proto_lib.so-2.params
____(10-09 08:42:57.097) [3,885 / 6,042] Writing file modules/data/tools/smart_recorder/proto/libsmart_recorder_triggers_proto_lib.so-2.params
____(10-09 08:42:57.128) [4,466 / 7,039] Writing file modules/localization/msf/local_integ/liblocalization_msf_local_integ.so-2.params
____(10-09 08:42:57.189) [5,328 / 8,536] Compiling external/ad_rss_lib/src/generated/state/LateralResponse.cpp
____(10-09 08:42:57.219) [5,672 / 9,078] Writing file modules/perception/camera/test/camera_lib_dummy_algorithms_test-2.params
____(10-09 08:42:57.249) [5,884 / 9,374] Writing file modules/perception/common/graph/disjoint_set_test-2.params
____(10-09 08:42:57.341) [6,237 / 9,892] Writing file modules/perception/fusion/lib/fusion_system/probabilistic_fusion/libprobabilistic_fusion.so-2.params
____(10-09 08:42:57.374) [6,390 / 10,096] Compiling external/yaml_cpp/src/node_data.cpp
____(10-09 08:42:57.882) [6,673 / 10,597] Writing file modules/perception/lidar/lib/dummy/dummy_algorithms_test-2.params
____(10-09 08:42:57.912) [6,857 / 10,920] Writing file modules/perception/lidar/lib/segmentation/cnnseg/spp_engine/spp_cluster_list_test-2.params
____(10-09 08:42:57.972) [7,322 / 11,774] Writing file modules/planning/tasks/deciders/open_space_decider/libopen_space_roi_decider.so-2.params
____(10-09 08:42:58.619) [7,368 / 11,870] Writing file modules/planning/open_space/coarse_trajectory_generator/libhybrid_a_star.so-2.params
____(10-09 08:42:59.025) [8,799 / 14,135] Compiling external/qpOASES/src/Options.cpp
____(10-09 08:42:59.183) [8,835 / 14,196] Compiling cyber/transport/rtps/underlay_message.cc
____(10-09 08:42:59.243) [8,854 / 14,226] Compiling external/proj4/src/pj_gc_reader.c
____(10-09 08:42:59.273) [8,865 / 14,242] Compiling external/curlpp/src/curlpp/internal/CurlHandle.cpp
____(10-09 08:42:59.303) [8,910 / 14,378] Writing file modules/prediction/evaluator/libevaluator_manager.so-2.params
____(10-09 08:42:59.583) [9,372 / 15,038] Compiling modules/planning/math/piecewise_jerk/piecewise_jerk_path_problem.cc
____(10-09 08:42:59.613) [9,374 / 15,038] Compiling modules/planning/math/discretized_points_smoothing/fem_pos_deviation_osqp_interface.cc
____(10-09 08:42:59.999) [9,424 / 15,082] Writing file modules/v2x/v2x_proxy/os_interface/os_interface_test-2.params
____(10-09 08:43:00.894) [9,654 / 15,213] Compiling modules/perception/common/geometry/camera_homography_test.cc
____(10-09 08:43:01.195) [9,659 / 15,213] Compiling modules/perception/base/common_test.cc
____(10-09 08:43:02.645) [9,699 / 15,213] Compiling external/com_google_protobuf/src/google/protobuf/descriptor.cc
____(10-09 08:43:02.864) [9,703 / 15,213] Compiling external/com_google_protobuf/src/google/protobuf/generated_message_reflection.cc
____(10-09 08:43:04.666) [9,748 / 15,213] Compiling modules/common/math/vec2d_test.cc
____(10-09 08:43:04.961) [9,756 / 15,213] Compiling modules/common/math/box2d_test.cc
____(10-09 08:43:05.682) [9,801 / 15,217] Linking modules/planning/lattice/trajectory_generation/liblattice_trajectory1d.so
____(10-09 08:43:05.955) [9,884 / 15,217] Linking external/curlpp/libcurlpp.so
____(10-09 08:43:06.182) [9,941 / 15,217] Linking modules/common/filters/libdigital_filter_coefficients.a
____(10-09 08:43:06.575) [10,047 / 15,217] Linking modules/perception/base/libpolynomial.a
____(10-09 08:43:06.709) [10,133 / 15,217] Compiling modules/perception/lidar/lib/ground_detector/spatio_temporal_ground_detector/proto/spatio_temporal_ground_detector_config.pb.cc
____(10-09 08:43:06.880) [10,152 / 15,217] Compiling modules/perception/lidar/lib/scene_manager/proto/scene_manager_config.pb.cc
____(10-09 08:43:08.138) [10,327 / 15,217] Compiling modules/perception/proto/perception_config_schema.pb.cc
____(10-09 08:43:08.764) [10,388 / 15,217] Compiling modules/map/tools/map_datachecker/proto/collection_error_code.pb.cc
____(10-09 08:43:09.106) [10,490 / 15,217] Compiling modules/prediction/proto/scenario.pb.cc
____(10-09 08:43:09.178) [10,499 / 15,217] Compiling modules/planning/proto/path_lane_borrow_decider_config.pb.cc
____(10-09 08:43:09.618) [10,543 / 15,217] Compiling modules/planning/proto/speed_bounds_decider_config.pb.cc
____(10-09 08:43:09.861) [10,606 / 15,217] Compiling modules/planning/proto/cos_theta_smoother_config.pb.cc
____(10-09 08:43:10.122) [10,696 / 15,217] Linking modules/planning/proto/libfem_pos_deviation_smoother_config_proto_lib.a
____(10-09 08:43:11.042) [10,880 / 15,217] Compiling cyber/proto/transport_conf.pb.cc
____(10-09 08:43:11.329) [10,908 / 15,217] Linking cyber/proto/libqos_profile_proto.so
____(10-09 08:43:11.628) [10,922 / 15,217] Linking cyber/proto/libdag_conf_proto.a
____(10-09 08:43:11.944) [10,969 / 15,217] Linking cyber/proto/libproto_desc_proto.a
____(10-09 08:43:12.179) [11,002 / 15,217] Compiling cyber/time/duration.cc
____(10-09 08:43:13.596) [11,107 / 15,217] Compiling cyber/state.cc
____(10-09 08:43:13.925) [11,123 / 15,217] Linking cyber/transport/libsub_listener.so
____(10-09 08:43:17.843) [11,245 / 15,217] Compiling modules/perception/common/graph/connected_component_analysis_test.cc
____(10-09 08:43:18.499) [11,257 / 15,217] Compiling modules/prediction/network/net_layer.cc
____(10-09 08:43:19.150) [11,279 / 15,217] Compiling modules/perception/common/io/io_util_test.cc
____(10-09 08:43:19.868) [11,302 / 15,217] Linking modules/perception/base/libomnidirectional_model.a
____(10-09 08:43:20.135) [11,321 / 15,217] Linking modules/perception/camera/lib/calibrator/common/libhistogram_estimator.a
____(10-09 08:43:20.221) [11,325 / 15,217] Compiling modules/perception/inference/tensorrt/batch_stream_test.cc
____(10-09 08:43:20.923) [11,353 / 15,217] Compiling modules/localization/msf/common/util/frame_transform_test.cc
____(10-09 08:43:21.357) [11,372 / 15,217] Compiling modules/map/tools/map_datachecker/server/channel_verify_agent.cc
____(10-09 08:43:22.616) [11,408 / 15,217] Compiling cyber/tools/cyber_recorder/recorder.cc
____(10-09 08:43:24.332) [11,430 / 15,217] Linking modules/perception/camera/common/libcamera_ground_plane.a
____(10-09 08:43:28.054) [11,483 / 15,217] Compiling cyber/logger/log_file_object_test.cc
____(10-09 08:43:29.374) [11,498 / 15,217] Compiling cyber/component/timer_component_test.cc
____(10-09 08:43:32.312) [11,552 / 15,217] Compiling modules/perception/lidar/lib/tracker/multi_lidar_fusion/mlf_motion_measurement.cc
____(10-09 08:43:32.463) [11,554 / 15,217] Compiling modules/perception/lidar/lib/tracker/common/track_pool_types.cc
____(10-09 08:43:33.111) [11,562 / 15,217] Linking cyber/py_wrapper/libpy_node.a
____(10-09 08:43:34.575) From Compiling modules/perception/inference/caffe/caffe_net_test.cc:
In file included from ./modules/perception/base/syncedmem.h:66:0,
                 from ./modules/perception/base/blob.h:70,
                 from ./modules/perception/inference/inference.h:26,
                 from ./modules/perception/inference/caffe/caffe_net.h:27,
                 from modules/perception/inference/caffe/caffe_net_test.cc:17:
./modules/perception/base/common.h:30:0: warning: "NO_GPU" redefined [enabled by default]
 #define NO_GPU assert(false)
 ^
In file included from /usr/include/caffe/common.hpp:19:0,
                 from /usr/include/caffe/blob.hpp:8,
                 from /usr/include/caffe/caffe.hpp:7,
                 from ./modules/perception/inference/caffe/caffe_net.h:25,
                 from modules/perception/inference/caffe/caffe_net_test.cc:17:
/usr/include/caffe/util/device_alternate.hpp:10:0: note: this is the location of the previous definition
 #define NO_GPU LOG(FATAL) << "Cannot use GPU in CPU-only Caffe: check mode."
 ^
____(10-09 08:43:34.590) From Compiling modules/perception/inference/caffe/caffe_net.cc:
In file included from ./modules/perception/base/syncedmem.h:66:0,
                 from ./modules/perception/base/blob.h:70,
                 from ./modules/perception/inference/inference.h:26,
                 from ./modules/perception/inference/caffe/caffe_net.h:27,
                 from modules/perception/inference/caffe/caffe_net.cc:17:
./modules/perception/base/common.h:30:0: warning: "NO_GPU" redefined [enabled by default]
 #define NO_GPU assert(false)
 ^
In file included from /usr/include/caffe/common.hpp:19:0,
                 from /usr/include/caffe/blob.hpp:8,
                 from /usr/include/caffe/caffe.hpp:7,
                 from ./modules/perception/inference/caffe/caffe_net.h:25,
                 from modules/perception/inference/caffe/caffe_net.cc:17:
/usr/include/caffe/util/device_alternate.hpp:10:0: note: this is the location of the previous definition
 #define NO_GPU LOG(FATAL) << "Cannot use GPU in CPU-only Caffe: check mode."
 ^
____(10-09 08:43:34.698) [11,590 / 15,217] Linking cyber/parameter/libparameter_client.a
____(10-09 08:43:34.912) [11,595 / 15,217] Compiling modules/perception/radar/lib/tracker/common/radar_track.cc
____(10-09 08:43:35.740) [11,617 / 15,217] Compiling modules/perception/fusion/base/sensor_frame_test.cc
____(10-09 08:43:35.900) [11,626 / 15,217] Compiling modules/perception/fusion/base/sensor_data_manager.cc
____(10-09 08:43:37.259) [11,644 / 15,217] Linking modules/perception/camera/test/libcamera_common_undistortion.so
____(10-09 08:43:38.013) [11,655 / 15,217] Compiling modules/perception/fusion/lib/data_association/hm_data_association/hm_data_association_test.cc
____(10-09 08:43:38.052) [11,656 / 15,217] Compiling modules/perception/fusion/lib/data_association/hm_data_association/track_object_distance.cc
____(10-09 08:43:38.123) [11,658 / 15,217] Compiling modules/perception/fusion/lib/data_association/hm_data_association/track_object_similarity.cc
____(10-09 08:43:39.213) [11,685 / 15,217] Compiling modules/perception/camera/test/camera_lib_traffic_light_detector_crop_test.cc
____(10-09 08:43:39.718) [11,707 / 15,217] Compiling modules/perception/inference/tools/yolo_sample.cc
____(10-09 08:43:40.763) [11,733 / 15,217] Compiling modules/perception/lidar/lib/tracker/multi_lidar_fusion/mlf_track_object_distance.cc
____(10-09 08:43:42.310) [11,764 / 15,217] Linking modules/perception/camera/lib/obstacle/detector/yolo/libregion_output.a
____(10-09 08:43:43.332) [11,797 / 15,217] Linking modules/perception/fusion/lib/data_association/hm_data_association/libtrack_object_distance.so
____(10-09 08:43:43.565) [11,801 / 15,217] Linking modules/perception/camera/lib/obstacle/postprocessor/location_refiner/libobj_postprocessor.so
____(10-09 08:43:43.972) [11,813 / 15,217] Linking modules/perception/lidar/lib/tracker/multi_lidar_fusion/libmlf_track_object_distance.so
____(10-09 08:43:44.095) [11,817 / 15,217] Linking modules/perception/lidar/lib/tracker/multi_lidar_fusion/libmlf_track_object_distance.a
____(10-09 08:43:44.830) [11,833 / 15,217] Compiling modules/perception/lidar/lib/segmentation/ncut/ncut_segmentation.cc
____(10-09 08:43:45.016) [11,845 / 15,217] Linking modules/perception/lidar/lib/tracker/association/libgnn_bipartite_graph_matcher.a
____(10-09 08:43:45.047) [11,848 / 15,217] Compiling modules/perception/lidar/lib/dummy/dummy_segmentation.cc
____(10-09 08:43:45.227) [11,856 / 15,217] Compiling modules/perception/lib/registerer/registerer.cc
____(10-09 08:43:46.803) [11,886 / 15,217] Compiling modules/perception/fusion/lib/data_association/hm_data_association/hm_tracks_objects_match.cc
____(10-09 08:43:47.349) [11,896 / 15,217] Linking modules/perception/lidar/lib/classifier/fused_classifier/libccrf_type_fusion.a
____(10-09 08:43:47.453) [11,902 / 15,217] Compiling modules/perception/fusion/app/obstacle_multi_sensor_fusion.cc
____(10-09 08:43:47.514) [11,907 / 15,217] Compiling modules/perception/camera/lib/traffic_light/preprocessor/tl_preprocessor.cc
____(10-09 08:43:48.349) [11,920 / 15,217] Compiling modules/perception/camera/lib/obstacle/transformer/multicue/multicue_obstacle_transformer.cc
____(10-09 08:43:49.353) [11,939 / 15,217] Compiling modules/perception/camera/lib/obstacle/tracker/omt/omt_obstacle_tracker.cc
____(10-09 08:43:50.224) [11,951 / 15,217] Compiling modules/perception/camera/lib/feature_extractor/tfe/project_feature.cc
____(10-09 08:43:50.335) [11,953 / 15,217] Compiling modules/perception/camera/test/camera_lib_obstacle_detector_yolo_yolo_obstacle_detector_test.cc
____(10-09 08:43:50.749) [11,958 / 15,217] Linking modules/perception/lidar/lib/tracker/multi_lidar_fusion/libmlf_motion_filter.a
____(10-09 08:43:50.947) [11,961 / 15,217] Compiling modules/perception/camera/lib/obstacle/detector/yolo/yolo_obstacle_detector.cc
____(10-09 08:43:51.013) [11,962 / 15,217] Compiling modules/perception/camera/lib/lane/postprocessor/denseline/denseline_lane_postprocessor.cc
____(10-09 08:43:51.236) [11,971 / 15,217] Linking modules/perception/camera/lib/traffic_light/preprocessor/libtl_preprocessor.so
____(10-09 08:43:51.404) [11,984 / 15,217] Compiling modules/perception/camera/test/camera_lib_lane_detector_darkscnn_lane_detector_test.cc
____(10-09 08:43:51.439) [11,987 / 15,217] Linking modules/perception/camera/lib/traffic_light/tracker/libsemantic_decision.a
____(10-09 08:43:51.541) [11,996 / 15,217] Compiling modules/perception/camera/test/camera_lib_calibration_service_online_calibration_service_test.cc
____(10-09 08:43:53.691) [12,029 / 15,217] Linking cyber/logger/libasync_logger.a
____(10-09 08:43:55.572) [12,082 / 15,217] Linking modules/common/util/testdata/libsimple_proto_lib.a
____(10-09 08:43:55.618) From Compiling modules/perception/lidar/lib/segmentation/ncut/ncut_segmentation.cc:
In file included from ./modules/perception/lidar/lib/segmentation/ncut/ncut_segmentation.h:28:0,
                 from modules/perception/lidar/lib/segmentation/ncut/ncut_segmentation.cc:17:
./modules/perception/lidar/common/pcl_util.h:49:13: warning: 'bool apollo::perception::lidar::LoadPCLPCD(const string&, apollo::perception::base::PointFCloud*)' defined but not used [-Wunused-function]
 static bool LoadPCLPCD(const std::string& file_path,
             ^
____(10-09 08:43:55.997) From Compiling modules/perception/lidar/lib/segmentation/cnnseg/cnn_segmentation.cc:
In file included from ./modules/perception/lidar/lib/segmentation/ncut/ncut_segmentation.h:28:0,
                 from modules/perception/lidar/lib/segmentation/cnnseg/cnn_segmentation.cc:29:
./modules/perception/lidar/common/pcl_util.h:49:13: warning: 'bool apollo::perception::lidar::LoadPCLPCD(const string&, apollo::perception::base::PointFCloud*)' defined but not used [-Wunused-function]
 static bool LoadPCLPCD(const std::string& file_path,
             ^
____(10-09 08:43:56.006) [12,108 / 15,217] Compiling modules/planning/math/curve1d/piecewise_quintic_spiral_path.cc
____(10-09 08:43:56.249) [12,127 / 15,217] Linking modules/perception/lidar/lib/segmentation/cnnseg/libcnn_segmentation.so
____(10-09 08:43:56.531) [12,154 / 15,217] Compiling modules/perception/lidar/lib/roi_filter/hdmap_roi_filter/hdmap_roi_filter.cc
____(10-09 08:43:57.247) [12,192 / 15,217] Compiling modules/prediction/network/rnn_model/rnn_model.cc
____(10-09 08:43:57.389) [12,199 / 15,217] Compiling modules/perception/fusion/lib/fusion_system/probabilistic_fusion/probabilistic_fusion.cc
____(10-09 08:43:57.428) [12,202 / 15,217] Compiling modules/perception/fusion/lib/data_fusion/tracker/pbf_tracker/pbf_tracker_test.cc
____(10-09 08:43:57.547) [12,208 / 15,217] Compiling modules/perception/fusion/lib/data_fusion/existance_fusion/dst_existance_fusion/dst_existance_fusion.cc
____(10-09 08:43:57.798) [12,212 / 15,217] Linking modules/perception/lidar/lib/scene_manager/libscene_manager.so
____(10-09 08:43:58.206) [12,229 / 15,217] Compiling modules/data/tools/smart_recorder/small_topics_trigger.cc
____(10-09 08:43:59.597) [12,262 / 15,217] Compiling modules/localization/msf/local_map/ndt_map/ndt_map.cc
____(10-09 08:44:00.091) [12,279 / 15,217] Linking modules/perception/lidar/lib/ground_detector/spatio_temporal_ground_detector/libspatio_temporal_ground_detector.so
____(10-09 08:44:00.205) [12,284 / 15,217] Compiling modules/localization/msf/local_map/lossless_map/lossless_map_matrix.cc
____(10-09 08:44:01.023) [12,301 / 15,217] Linking modules/drivers/velodyne/driver/libdriver.so
____(10-09 08:44:02.079) [12,313 / 15,217] Compiling modules/localization/msf/local_map/base_map/base_map_pool.cc
____(10-09 08:44:03.072) [12,321 / 15,217] Compiling modules/common/kv_db/kv_db_test.cc
____(10-09 08:44:03.847) [12,352 / 15,217] Linking modules/planning/lattice/trajectory_generation/libpiecewise_braking_trajectory_generator.a
____(10-09 08:44:03.923) [12,361 / 15,217] Compiling modules/dreamview/backend/handlers/websocket_handler_test.cc
____(10-09 08:44:05.317) [12,403 / 15,217] Linking modules/localization/msf/local_map/lossy_map/liblocalization_msf_lossy_map.a
____(10-09 08:44:05.410) [12,409 / 15,217] Compiling modules/perception/radar/lib/preprocessor/conti_ars_preprocessor/conti_ars_preprocessor.cc
____(10-09 08:44:05.834) [12,423 / 15,217] Compiling modules/perception/lidar/tools/exporter/msg_exporter_main.cc
____(10-09 08:44:06.126) [12,438 / 15,217] Linking modules/common/proto/libgeometry_proto_lib.a
____(10-09 08:44:06.194) [12,445 / 15,217] Linking modules/drivers/radar/ultrasonic_radar/proto/libultrasonic_radar_proto_lib.a
____(10-09 08:44:06.346) [12,451 / 15,217] Compiling modules/drivers/velodyne/parser/velodyne64_parser.cc
____(10-09 08:44:07.044) [12,474 / 15,217] Compiling modules/drivers/velodyne/parser/calibration.cc
____(10-09 08:44:07.095) [12,475 / 15,217] Compiling modules/drivers/velodyne/parser/util.cc
____(10-09 08:44:08.165) [12,482 / 15,217] Compiling modules/drivers/velodyne/compensator/compensator_component.cc
____(10-09 08:44:10.895) [12,546 / 15,217] Compiling modules/drivers/canbus/can_client/hermes_can/hermes_can_client_test.cc
____(10-09 08:44:11.253) [12,551 / 15,217] Linking modules/transform/libtransform_broadcaster_lib.a
____(10-09 08:44:11.340) [12,556 / 15,217] Compiling modules/drivers/canbus/can_client/can_client_factory.cc
____(10-09 08:44:11.402) [12,560 / 15,217] Compiling modules/drivers/canbus/can_client/can_client_factory_test.cc
____(10-09 08:44:12.238) [12,580 / 15,217] Linking modules/drivers/canbus/can_client/libcan_client_factory.a
____(10-09 08:44:12.652) [12,590 / 15,217] Linking modules/common/monitor_log/libmonitor_log.a
____(10-09 08:44:12.936) [12,603 / 15,217] Compiling modules/drivers/gnss/parser/newtonm2_parser.cc
____(10-09 08:44:13.388) [12,616 / 15,217] Compiling modules/drivers/gnss/stream/ntrip_stream.cc
____(10-09 08:44:15.348) From Compiling modules/perception/lidar/tools/exporter/msg_exporter_main.cc:
In file included from ./modules/perception/lidar/tools/exporter/msg_exporter.h:25:0,
                 from modules/perception/lidar/tools/exporter/msg_exporter_main.cc:22:
./modules/perception/lidar/common/pcl_util.h:49:13: warning: 'bool apollo::perception::lidar::LoadPCLPCD(const string&, apollo::perception::base::PointFCloud*)' defined but not used [-Wunused-function]
 static bool LoadPCLPCD(const std::string& file_path,
             ^
____(10-09 08:44:16.586) [12,647 / 15,217] Compiling modules/drivers/canbus/can_comm/protocol_data_test.cc
____(10-09 08:44:18.067) [12,699 / 15,217] Compiling modules/canbus/vehicle/lincoln/protocol/steering_64.cc
____(10-09 08:44:19.392) [12,737 / 15,217] Compiling modules/canbus/vehicle/lincoln/protocol/misc_69_test.cc
____(10-09 08:44:20.114) [12,751 / 15,217] Compiling modules/canbus/vehicle/lincoln/protocol/brake_61_test.cc
____(10-09 08:44:20.354) [12,756 / 15,217] Compiling modules/canbus/vehicle/lincoln/protocol/surround_73.cc
____(10-09 08:44:20.969) [12,764 / 15,217] Compiling modules/canbus/vehicle/zhongyun/protocol/vehicle_state_feedback_c1.cc
____(10-09 08:44:21.551) [12,781 / 15,217] Compiling modules/canbus/vehicle/gem/protocol/global_cmd_69.cc
____(10-09 08:44:21.632) [12,788 / 15,217] Compiling modules/canbus/vehicle/gem/protocol/steering_rpt_1_6e.cc
____(10-09 08:44:22.122) [12,795 / 15,217] Compiling modules/canbus/vehicle/gem/protocol/horn_cmd_78.cc
____(10-09 08:44:22.964) [12,823 / 15,217] Compiling modules/canbus/vehicle/gem/protocol/global_rpt_6a_test.cc
____(10-09 08:44:23.119) [12,828 / 15,217] Compiling modules/canbus/vehicle/gem/protocol/date_time_rpt_83_test.cc
____(10-09 08:44:24.014) [12,848 / 15,217] Compiling modules/canbus/vehicle/zhongyun/protocol/torque_control_a3_test.cc
____(10-09 08:44:24.307) [12,854 / 15,217] Compiling modules/canbus/vehicle/zhongyun/zhongyun_message_manager.cc
____(10-09 08:44:25.119) [12,901 / 15,217] Compiling modules/canbus/vehicle/lexus/protocol/shift_aux_rpt_328.cc
____(10-09 08:44:26.818) [12,946 / 15,217] Compiling modules/canbus/vehicle/lexus/protocol/horn_cmd_11c.cc
____(10-09 08:44:28.514) From Compiling modules/perception/lidar/tools/exporter/msg_exporter.cc:
In file included from ./modules/perception/lidar/tools/exporter/msg_exporter.h:25:0,
                 from modules/perception/lidar/tools/exporter/msg_exporter.cc:16:
./modules/perception/lidar/common/pcl_util.h:49:13: warning: 'bool apollo::perception::lidar::LoadPCLPCD(const string&, apollo::perception::base::PointFCloud*)' defined but not used [-Wunused-function]
 static bool LoadPCLPCD(const std::string& file_path,
             ^
____(10-09 08:44:28.545) [12,998 / 15,217] Linking modules/canbus/vehicle/ge3/protocol/libcanbus_ge3_protocol_pc_bcm_201.a
____(10-09 08:44:29.778) [13,034 / 15,217] Linking modules/canbus/vehicle/ch/protocol/libthrottle_command_110.a
____(10-09 08:44:29.846) [13,045 / 15,217] Linking modules/canbus/vehicle/ch/protocol/libsteer_command_112.so
____(10-09 08:44:30.513) [13,083 / 15,217] Linking modules/canbus/vehicle/ch/protocol/libbrake_command_111.a
____(10-09 08:44:30.543) [13,084 / 15,217] Linking modules/canbus/vehicle/ch/protocol/libbrake_command_111.so
____(10-09 08:44:30.610) [13,088 / 15,217] Compiling modules/canbus/vehicle/transit/protocol/adc_motioncontrollimits1_12_test.cc
____(10-09 08:44:31.437) [13,108 / 15,217] Linking modules/canbus/vehicle/transit/protocol/libadc_motioncontrol1_10.so
____(10-09 08:44:31.468) [13,111 / 15,217] Compiling modules/control/common/leadlag_controller_test.cc
____(10-09 08:44:31.784) [13,132 / 15,217] Linking modules/data/tools/smart_recorder/libemergency_mode_trigger.a
____(10-09 08:44:32.533) [13,166 / 15,217] Compiling modules/canbus/vehicle/wey/protocol/fbs3_237.cc
____(10-09 08:44:34.362) [13,215 / 15,217] Linking modules/canbus/vehicle/wey/protocol/libcanbus_wey_protocol.a
____(10-09 08:44:36.312) [13,273 / 15,217] Compiling modules/dreamview/backend/hmi/vehicle_manager.cc
____(10-09 08:44:37.291) [13,302 / 15,217] Linking modules/canbus/vehicle/lexus/liblexus_vehicle_factory.so
____(10-09 08:44:37.417) [13,313 / 15,217] Compiling modules/map/proto/map_signal.pb.cc
____(10-09 08:44:37.661) [13,320 / 15,217] Compiling modules/map/proto/map.pb.cc
____(10-09 08:44:37.967) [13,339 / 15,217] Linking modules/perception/lidar/lib/pointcloud_preprocessor/libpointcloud_preprocessor.so
____(10-09 08:44:38.011) [13,345 / 15,217] Compiling modules/map/proto/map_yield_sign.pb.cc
____(10-09 08:44:39.121) [13,376 / 15,217] Linking modules/routing/core/librouting_black_list_range_generator.so
____(10-09 08:44:39.152) [13,384 / 15,217] Linking modules/prediction/common/libvalidation_checker.a
____(10-09 08:44:39.264) [13,397 / 15,217] Linking modules/map/proto/libmap_proto_lib.a
____(10-09 08:44:39.788) [13,419 / 15,217] Compiling modules/prediction/container/pose/pose_container.cc
____(10-09 08:44:40.152) [13,432 / 15,217] Compiling modules/perception/onboard/component/camera_perception_viz_message.cc
____(10-09 08:44:40.943) [13,465 / 15,217] Compiling modules/perception/onboard/component/recognition_component.cc
____(10-09 08:44:41.441) [13,475 / 15,217] Linking modules/perception/onboard/msg_serializer/libmsg_serializer.so
____(10-09 08:44:45.635) [13,499 / 15,217] Compiling modules/map/tools/map_tool.cc
____(10-09 08:44:46.898) [13,511 / 15,217] Linking modules/perception/camera/tools/offline/libvisualizer.a
____(10-09 08:44:47.311) [13,517 / 15,217] Compiling modules/planning/open_space/trajectory_smoother/distance_approach_ipopt_interface.cc
____(10-09 08:44:48.317) [13,521 / 15,217] Compiling modules/planning/open_space/trajectory_smoother/distance_approach_ipopt_cuda_interface.cc
____(10-09 08:44:48.380) [13,523 / 15,217] Compiling modules/planning/open_space/trajectory_smoother/distance_approach_ipopt_fixed_dual_interface.cc
____(10-09 08:44:49.473) [13,539 / 15,217] Compiling modules/planning/open_space/trajectory_smoother/dual_variable_warm_start_ipopt_interface.cc
____(10-09 08:44:49.654) [13,541 / 15,217] Linking modules/map/tools/refresh_default_end_way_point
____(10-09 08:44:51.005) [13,579 / 15,217] Compiling modules/planning/open_space/trajectory_smoother/dual_variable_warm_start_slack_osqp_interface.cc
____(10-09 08:44:51.097) [13,588 / 15,217] Compiling modules/planning/reference_line/reference_line.cc
____(10-09 08:44:53.805) [13,624 / 15,217] Compiling modules/planning/common/path/frenet_frame_path_test.cc
____(10-09 08:44:53.835) [13,625 / 15,217] Compiling modules/planning/common/path/frenet_frame_path.cc
____(10-09 08:44:56.433) [13,660 / 15,217] Compiling modules/localization/msf/local_integ/localization_integ_process.cc
____(10-09 08:44:58.007) [13,675 / 15,217] Linking modules/planning/lattice/behavior/libprediction_querier.so
____(10-09 08:44:58.277) [13,683 / 15,217] Linking modules/routing/librouting_component_lib.so
____(10-09 08:45:00.690) [13,708 / 15,217] Compiling modules/planning/common/ego_info.cc
____(10-09 08:45:02.675) [13,725 / 15,217] Compiling modules/map/pnc_map/pnc_map.cc
____(10-09 08:45:02.711) [13,727 / 15,217] Compiling modules/planning/open_space/tools/open_space_roi_wrapper.cc
____(10-09 08:45:03.013) [13,731 / 15,217] Compiling modules/prediction/scenario/analyzer/scenario_analyzer_test.cc
____(10-09 08:45:03.776) [13,739 / 15,217] Compiling modules/prediction/common/prediction_map.cc
____(10-09 08:45:05.969) [13,769 / 15,217] Compiling modules/prediction/predictor/free_move/free_move_predictor.cc
____(10-09 08:45:06.414) [13,774 / 15,217] Linking modules/map/pnc_map/libpnc_map.a
____(10-09 08:45:06.509) [13,777 / 15,217] Compiling modules/prediction/evaluator/vehicle/cost_evaluator.cc
____(10-09 08:45:08.091) [13,799 / 15,217] Linking modules/prediction/common/libjunction_analyzer.a
____(10-09 08:45:08.364) [13,813 / 15,217] Compiling modules/prediction/container/obstacles/obstacle_test.cc
____(10-09 08:45:10.310) [13,844 / 15,217] Compiling modules/prediction/predictor/move_sequence/move_sequence_predictor_test.cc
____(10-09 08:45:12.508) [13,871 / 15,217] Compiling modules/prediction/evaluator/vehicle/lane_scanning_evaluator.cc
____(10-09 08:45:12.673) [13,872 / 15,217] Compiling modules/prediction/container/container_manager.cc
____(10-09 08:45:14.207) [13,885 / 15,217] Compiling modules/prediction/predictor/predictor_manager_test.cc
____(10-09 08:45:14.238) [13,887 / 15,217] Compiling modules/prediction/evaluator/evaluator_manager_test.cc
____(10-09 08:45:14.699) [13,897 / 15,217] Compiling modules/prediction/common/message_process.cc
____(10-09 08:45:14.771) [13,903 / 15,217] Linking modules/prediction/predictor/move_sequence/libmove_sequence_predictor.so
____(10-09 08:45:18.862) [13,944 / 15,217] Compiling modules/planning/reference_line/reference_line_provider.cc
____(10-09 08:45:20.452) [13,966 / 15,217] Linking modules/localization/msf/local_tool/local_visualization/online_visual/libonline_visualizer_compenont_lib.so
____(10-09 08:45:20.792) [13,971 / 15,217] Compiling modules/planning/common/util/common.cc
____(10-09 08:45:21.724) [13,980 / 15,217] Linking modules/prediction/evaluator/pedestrian/libpedestrian_interaction_evaluator.a
____(10-09 08:45:21.895) [13,984 / 15,217] Compiling modules/planning/traffic_rules/backside_vehicle.cc
____(10-09 08:45:22.051) [13,987 / 15,217] Compiling modules/planning/traffic_rules/keep_clear.cc
____(10-09 08:45:24.051) [14,003 / 15,217] Compiling modules/planning/lattice/behavior/path_time_graph.cc
____(10-09 08:45:25.191) [14,007 / 15,217] Compiling modules/planning/lattice/trajectory_generation/trajectory_evaluator.cc
____(10-09 08:45:26.157) [14,015 / 15,217] Linking modules/prediction/evaluator/libevaluator_manager.a
____(10-09 08:45:26.367) [14,021 / 15,217] Compiling modules/planning/open_space/coarse_trajectory_generator/reeds_shepp_path.cc
____(10-09 08:45:26.400) [14,022 / 15,217] Compiling modules/planning/open_space/coarse_trajectory_generator/reeds_shepp_path_test.cc
____(10-09 08:45:27.244) [14,025 / 15,217] Compiling modules/planning/open_space/coarse_trajectory_generator/hybrid_a_star.cc
____(10-09 08:45:28.463) [14,038 / 15,217] Linking modules/planning/tasks/smoothers/libsmoother.so
____(10-09 08:45:28.612) [14,044 / 15,217] Compiling modules/planning/common/obstacle_blocking_analyzer.cc
____(10-09 08:45:28.970) [14,052 / 15,217] Linking modules/planning/common/libframe.a
____(10-09 08:45:29.101) [14,057 / 15,217] Compiling modules/planning/tasks/task.cc
____(10-09 08:45:32.521) [14,071 / 15,217] Compiling modules/planning/tasks/rss/decider_rss_test.cc
____(10-09 08:45:32.895) [14,076 / 15,217] Compiling modules/planning/tasks/optimizers/trajectory_optimizer.cc
____(10-09 08:45:35.163) [14,099 / 15,217] Compiling modules/planning/tasks/deciders/rule_based_stop_decider/rule_based_stop_decider.cc
____(10-09 08:45:36.810) [14,112 / 15,217] Compiling modules/planning/tasks/deciders/path_bounds_decider/path_bounds_decider_test.cc
____(10-09 08:45:37.380) [14,123 / 15,217] Linking modules/planning/tasks/libtask.a
____(10-09 08:45:37.484) [14,126 / 15,217] Compiling modules/planning/tasks/deciders/open_space_decider/open_space_roi_decider.cc
____(10-09 08:45:37.823) [14,132 / 15,217] Compiling modules/planning/tasks/optimizers/speed_optimizer.cc
____(10-09 08:45:38.013) [14,134 / 15,217] Compiling modules/planning/tasks/deciders/speed_bounds_decider/st_boundary_mapper.cc
____(10-09 08:45:38.445) [14,143 / 15,217] Compiling modules/planning/tasks/deciders/speed_bounds_decider/speed_bounds_decider.cc
____(10-09 08:45:38.903) [14,147 / 15,217] Compiling modules/planning/tasks/optimizers/path_time_heuristic/path_time_heuristic_optimizer.cc
____(10-09 08:45:39.173) [14,151 / 15,217] Compiling modules/planning/tasks/deciders/speed_bounds_decider/speed_limit_decider.cc
____(10-09 08:45:39.623) [14,152 / 15,217] Compiling modules/planning/scenarios/stage_intersection_cruise_impl.cc
____(10-09 08:45:41.382) [14,159 / 15,217] Linking modules/planning/tasks/rss/libdecider_rss.a
____(10-09 08:45:41.548) [14,164 / 15,217] Compiling modules/planning/scenarios/util/util.cc
____(10-09 08:45:42.451) [14,179 / 15,217] Linking modules/planning/tasks/optimizers/libpath_optimizer.a
____(10-09 08:45:43.097) [14,189 / 15,217] Compiling modules/map/relative_map/relative_map.cc
____(10-09 08:45:43.159) [14,191 / 15,217] Compiling modules/map/relative_map/tools/navigator.cc
____(10-09 08:45:43.643) [14,196 / 15,217] Linking modules/planning/tasks/deciders/rule_based_stop_decider/librule_based_stop_decider.a
____(10-09 08:45:45.154) [14,207 / 15,217] Compiling modules/control/controller/mpc_controller.cc
____(10-09 08:45:46.008) [14,226 / 15,217] Compiling modules/control/controller/lat_controller_test.cc
____(10-09 08:45:46.549) [14,244 / 15,217] Linking modules/planning/tasks/deciders/speed_bounds_decider/libspeed_bounds_decider.so
____(10-09 08:45:46.707) [14,251 / 15,217] Compiling modules/planning/tasks/optimizers/open_space_trajectory_generation/open_space_trajectory_provider.cc
____(10-09 08:45:47.247) [14,257 / 15,217] Linking modules/planning/tasks/deciders/path_bounds_decider/libpath_bounds_decider.a
____(10-09 08:45:47.838) [14,265 / 15,217] Linking modules/map/relative_map/librelative_map_lib.a
____(10-09 08:45:47.914) [14,269 / 15,217] Linking modules/planning/tasks/deciders/creep_decider/libcreep_decider.so
____(10-09 08:45:49.060) [14,285 / 15,217] Compiling modules/planning/scenarios/park/pull_over/stage_retry_parking.cc
____(10-09 08:45:51.038) [14,301 / 15,217] Linking modules/control/controller/libmpc_controller.a
____(10-09 08:45:52.189) [14,312 / 15,217] Compiling modules/planning/scenarios/traffic_light/unprotected_right_turn/stage_creep.cc
____(10-09 08:45:59.877) [14,335 / 15,217] Compiling modules/planning/scenarios/stop_sign/unprotected/stage_creep.cc
____(10-09 08:46:00.396) [14,339 / 15,217] Linking modules/planning/scenarios/park_and_go/libpark_and_go_scenario.a
____(10-09 08:46:01.252) [14,349 / 15,217] Compiling modules/planning/scenarios/lane_follow/lane_follow_scenario_test.cc
____(10-09 08:46:02.740) [14,354 / 15,217] Linking modules/planning/scenarios/park/pull_over/libpull_over_scenario.a
____(10-09 08:46:04.371) [14,360 / 15,217] Compiling modules/planning/scenarios/park/valet_parking/stage_parking_test.cc
____(10-09 08:46:05.609) [14,363 / 15,217] Linking modules/planning/scenarios/traffic_light/unprotected_left_turn/libtraffic_light_unprotected_left_turn_scenario.a
____(10-09 08:46:05.914) [14,369 / 15,217] Compiling modules/planning/planner/public_road/public_road_planner.cc
____(10-09 08:46:06.434) [14,374 / 15,217] Compiling modules/planning/planner/navi/navi_planner.cc
____(10-09 08:46:09.184) [14,384 / 15,217] Compiling modules/planning/planner/planner_dispatcher.cc
____(10-09 08:46:09.654) [14,389 / 15,217] Compiling modules/planning/planner/on_lane_planner_dispatcher_test.cc
____(10-09 08:46:10.572) [14,403 / 15,217] Compiling modules/common/vehicle_model/vehicle_model.cc
____(10-09 08:46:12.707) [14,424 / 15,217] Compiling modules/monitor/hardware/esdcan_monitor.cc
____(10-09 08:46:14.469) [14,442 / 15,217] Compiling modules/monitor/hardware/gps_monitor.cc
____(10-09 08:46:14.520) [14,444 / 15,217] Compiling modules/monitor/monitor.cc
____(10-09 08:46:15.756) [14,451 / 15,217] Linking modules/map/relative_map/librelative_map_component_lib.so
____(10-09 08:46:17.856) [14,481 / 15,217] Compiling modules/localization/msf/local_tool/data_extraction/cyber_record_parser.cc
____(10-09 08:46:18.563) [14,492 / 15,217] Compiling modules/dreamview/backend/simulation_world/simulation_world_updater.cc
____(10-09 08:46:18.706) [14,495 / 15,217] Compiling modules/localization/proto/gps.pb.cc
____(10-09 08:46:18.806) [14,498 / 15,217] Compiling modules/localization/rtk/rtk_localization_component.cc
____(10-09 08:46:19.379) [14,504 / 15,217] Compiling modules/localization/rtk/rtk_localization.cc
____(10-09 08:46:19.568) [14,511 / 15,217] Linking modules/monitor/hardware/libresource_monitor.so
____(10-09 08:46:20.185) [14,517 / 15,217] Compiling modules/drivers/gnss/stream/raw_stream.cc
____(10-09 08:46:21.069) [14,573 / 15,265] Writing file external/gtest/libmain.so-2.params
____(10-09 08:46:21.292) [14,594 / 15,285] Writing file external/gtest/libgtest.so-2.params
PASS: (10-09 08:46:21.576) //modules/planning/math/smoothing_spline:spline_1d_kernel_test
PASS: (10-09 08:46:21.648) //modules/planning/math:curve_math_test
PASS: (10-09 08:46:21.742) //modules/perception/lidar/common:cloud_mask_test
PASS: (10-09 08:46:21.835) //modules/perception/lib/utils:perception_time_util_test
____(10-09 08:46:21.919) [14,622 / 15,305] Linking modules/perception/common/graph/secure_matrix_test
PASS: (10-09 08:46:21.923) //modules/perception/common/image_processing:hough_transfer_test
PASS: (10-09 08:46:22.017) //modules/perception/common/graph:secure_matrix_test
PASS: (10-09 08:46:22.022) //modules/perception/common/graph:hungarian_optimizer_test
PASS: (10-09 08:46:22.126) //modules/perception/common/graph:disjoint_set_test
PASS: (10-09 08:46:22.171) //modules/perception/common/graph:conditional_clustering_test
PASS: (10-09 08:46:22.297) //modules/perception/common/geometry:roi_filter_test
PASS: (10-09 08:46:22.368) //modules/perception/common/geometry:camera_homography_test
PASS: (10-09 08:46:22.427) //modules/perception/base:polynomial_test
PASS: (10-09 08:46:22.444) //modules/perception/common/geometry:convex_hull_2d_test
PASS: (10-09 08:46:22.445) //modules/perception/common/geometry:basic_test
PASS: (10-09 08:46:22.565) //modules/perception/base:camera_test
==================== Test output for //modules/perception/base:common_test:
/home/mrb2/.cache/bazel/_bazel_mrb2/540135163923dd7d5820f3ee4b306b32/execroot/apollo/bazel-out/local-dbg/bin/modules/perception/base/common_test.runfiles/apollo/modules/perception/base/common_test: error while loading shared libraries: libcuda.so.1: cannot open shared object file: No such file or directory
================================================================================
PASS: (10-09 08:46:22.613) //modules/perception/base:object_test
FAIL: (10-09 08:46:22.613) //modules/perception/base:common_test (see /home/mrb2/.cache/bazel/_bazel_mrb2/540135163923dd7d5820f3ee4b306b32/execroot/apollo/bazel-out/local-dbg/testlogs/modules/perception/base/common_test/test.log)
____(10-09 08:46:22.613) From Testing //modules/perception/base:common_test:
____(10-09 08:46:22.651) [14,653 / 15,319] Testing //modules/perception/base:box_test
PASS: (10-09 08:46:22.681) //modules/perception/base:point_cloud_test
PASS: (10-09 08:46:22.737) //modules/perception/base:box_test
PASS: (10-09 08:46:22.750) //modules/control/common:hysteresis_filter_test
PASS: (10-09 08:46:22.764) //modules/drivers/canbus/common:byte_test
PASS: (10-09 08:46:22.792) //modules/common/util:lru_cache_test
____(10-09 08:46:22.797) [14,664 / 15,324] Testing //modules/common/math:search_test
PASS: (10-09 08:46:22.801) //modules/common/math/qp_solver:active_set_qp_solver_test
PASS: (10-09 08:46:22.885) //modules/common/math:search_test
PASS: (10-09 08:46:22.899) //modules/common/math:angle_test
PASS: (10-09 08:46:22.954) //modules/common/math:mpc_test
PASS: (10-09 08:46:23.011) //modules/bridge/common:bridge_buffer_test
PASS: (10-09 08:46:23.021) //modules/common/filters:mean_filter_test
PASS: (10-09 08:46:23.035) //modules/common/math:kalman_filter_test
PASS: (10-09 08:46:23.040) //modules/common/filters:digital_filter_coefficients_test
PASS: (10-09 08:46:23.061) //modules/common/math:matrix_operations_test
PASS: (10-09 08:46:23.128) //cyber/data:cache_buffer_test
PASS: (10-09 08:46:23.137) //cyber/base:signal_test
PASS: (10-09 08:46:23.158) //cyber/base:atomic_rw_lock_test
PASS: (10-09 08:46:23.166) //cyber/base:for_each_test
____(10-09 08:46:23.242) [14,704 / 15,353] Testing //cyber/base:bounded_queue_test
____(10-09 08:46:23.293) [14,704 / 15,353] Compiling modules/v2x/v2x_proxy/obu_interface/grpc_interface/grpc_server.cc
____(10-09 08:46:23.378) [14,706 / 15,354] Writing file modules/v2x/v2x_proxy/obu_interface/grpc_interface/libgrpc_server.so-2.params
PASS: (10-09 08:46:23.541) //modules/common/math:integral_test
____(10-09 08:46:23.597) [14,717 / 15,364] Linking modules/prediction/pipeline/records_to_offline_data
____(10-09 08:46:23.701) [14,718 / 15,364] Linking modules/perception/lidar/tools/exporter/msg_exporter
PASS: (10-09 08:46:23.840) //cyber/base:bounded_queue_test
PASS: (10-09 08:46:24.009) //cyber/base:object_pool_test
____(10-09 08:46:24.066) [14,722 / 15,364] Linking modules/map/tools/map_datachecker/server/map_datachecker_server
PASS: (10-09 08:46:24.111) //cyber/base:atomic_hash_map_test
____(10-09 08:46:26.923) [14,745 / 15,364] Linking modules/canbus/tools/canbus_tester
____(10-09 08:46:29.698) From Linking modules/data/tools/rosbag_to_record/rosbag_to_record:
/usr/bin/ld: warning: libfastrtps.so, needed by bazel-out/local-dbg/bin/_solib_k8/_U@ros_S_S_Cros_Ucommon___Uexternal_Sros_Slib/libroscpp.so, not found (try using -rpath or -rpath-link)
/usr/bin/ld: warning: libfastcdr.so, needed by bazel-out/local-dbg/bin/_solib_k8/_U@ros_S_S_Cros_Ucommon___Uexternal_Sros_Slib/libroscpp.so, not found (try using -rpath or -rpath-link)
____(10-09 08:46:31.424) [14,777 / 15,364] Linking cyber/examples/paramserver
____(10-09 08:46:36.344) [14,910 / 15,501] Linking modules/drivers/gnss/stream/libraw_stream.so
PASS: (10-09 08:46:39.133) //modules/routing/graph:topo_range_test
PASS: (10-09 08:46:39.327) //modules/routing/graph:topo_node_test
PASS: (10-09 08:46:39.351) //modules/routing/topo_creator:graph_creator_test
____(10-09 08:46:39.442) [14,987 / 15,558] Linking modules/localization/rtk/rtk_localization_test
PASS: (10-09 08:46:39.542) //modules/routing/graph:topo_graph_test
PASS: (10-09 08:46:39.586) //modules/routing/graph:sub_topo_graph_test
____(10-09 08:46:39.833) [14,998 / 15,561] Testing //modules/prediction/scenario/scenario_features:cruise_scenario_features_test
PASS: (10-09 08:46:39.985) //modules/prediction/scenario/scenario_features:cruise_scenario_features_test
PASS: (10-09 08:46:40.273) //modules/prediction/scenario/analyzer:scenario_analyzer_test
PASS: (10-09 08:46:40.382) //modules/prediction/scenario/feature_extractor:feature_extractor_test
PASS: (10-09 08:46:40.626) //modules/dreamview/backend/hmi:hmi_worker_test
____(10-09 08:46:40.710) [15,016 / 15,565] Linking modules/prediction/evaluator/vehicle/cost_evaluator_test
PASS: (10-09 08:46:40.795) //modules/prediction/scenario:scenario_manager_test
PASS: (10-09 08:46:41.004) //modules/localization/rtk:rtk_localization_test
PASS: (10-09 08:46:41.154) //modules/prediction/predictor/single_lane:single_lane_predictor_test
____(10-09 08:46:41.285) [15,028 / 15,571] Testing //modules/prediction/predictor/lane_sequence:lane_sequence_predictor_test
PASS: (10-09 08:46:41.471) //modules/prediction/predictor/regional:regional_predictor_test
PASS: (10-09 08:46:41.476) //modules/prediction/predictor/sequence:sequence_predictor_test
PASS: (10-09 08:46:41.525) //modules/prediction/predictor/move_sequence:move_sequence_predictor_test
PASS: (10-09 08:46:41.583) //modules/prediction/predictor/lane_sequence:lane_sequence_predictor_test
____(10-09 08:46:41.885) [15,040 / 15,579] Testing //modules/prediction/predictor:predictor_manager_test
PASS: (10-09 08:46:41.903) //modules/prediction/predictor/empty:empty_predictor_test
PASS: (10-09 08:46:41.913) //modules/prediction/predictor/free_move:free_move_predictor_test
PASS: (10-09 08:46:41.919) //modules/prediction/network/rnn_model:rnn_model_test
PASS: (10-09 08:46:41.938) //modules/prediction/predictor/interaction:interaction_predictor_test
PASS: (10-09 08:46:41.955) //modules/prediction/network:net_layer_test
PASS: (10-09 08:46:41.992) //modules/prediction/network:net_util_test
____(10-09 08:46:42.026) [15,048 / 15,580] Testing //modules/prediction/evaluator/vehicle:rnn_evaluator_test
PASS: (10-09 08:46:42.259) //modules/prediction/evaluator/vehicle:rnn_evaluator_test
PASS: (10-09 08:46:42.395) //modules/prediction/evaluator/vehicle:mlp_evaluator_test
PASS: (10-09 08:46:42.483) //modules/prediction/evaluator/vehicle:cost_evaluator_test
____(10-09 08:46:42.552) [15,057 / 15,586] Testing //modules/prediction/evaluator/cyclist:cyclist_keep_lane_evaluator_test
PASS: (10-09 08:46:42.584) //modules/prediction/container/pose:pose_container_test
PASS: (10-09 08:46:42.723) //modules/prediction/predictor/junction:junction_predictor_test
PASS: (10-09 08:46:42.773) //modules/prediction/evaluator/cyclist:cyclist_keep_lane_evaluator_test
PASS: (10-09 08:46:42.825) //modules/prediction/container/obstacles:obstacle_clusters_test
PASS: (10-09 08:46:42.999) //modules/prediction/container/adc_trajectory:adc_trajectory_container_test
PASS: (10-09 08:46:43.003) //modules/prediction/common:validation_checker_test
PASS: (10-09 08:46:43.004) //modules/prediction/common:prediction_thread_pool_test
PASS: (10-09 08:46:43.102) //modules/prediction/container/obstacles:obstacles_container_test
PASS: (10-09 08:46:43.160) //modules/prediction/container/obstacles:obstacle_test
PASS: (10-09 08:46:43.172) //modules/prediction/predictor:predictor_manager_test
PASS: (10-09 08:46:43.180) //modules/prediction/common:prediction_util_test
PASS: (10-09 08:46:43.189) //modules/prediction/evaluator/vehicle:cruise_mlp_evaluator_test
PASS: (10-09 08:46:43.197) //modules/prediction/evaluator/vehicle:junction_mlp_evaluator_test
PASS: (10-09 08:46:43.253) //modules/prediction/common:road_graph_test
PASS: (10-09 08:46:43.264) //modules/prediction/common:junction_analyzer_test
PASS: (10-09 08:46:43.305) //modules/prediction/common:prediction_map_test
____(10-09 08:46:43.340) [15,087 / 15,600] Testing //modules/prediction/common:environment_features_test
PASS: (10-09 08:46:43.419) //modules/prediction/container:container_manager_test
PASS: (10-09 08:46:43.431) //modules/prediction/evaluator/pedestrian:pedestrian_interaction_evaluator_test
PASS: (10-09 08:46:43.482) //modules/prediction/common:environment_features_test
PASS: (10-09 08:46:43.564) //modules/planning/tuning/speed_model:autotuning_speed_feature_builder_test
PASS: (10-09 08:46:43.656) //modules/prediction/common:feature_output_test
PASS: (10-09 08:46:43.726) //modules/planning/tuning/speed_model:autotuning_speed_mlp_model_test
PASS: (10-09 08:46:43.758) //modules/prediction/evaluator:evaluator_manager_test
PASS: (10-09 08:46:44.007) //modules/planning/tuning:autotuning_mlp_net_model_test
____(10-09 08:46:44.221) [15,104 / 15,606] Linking modules/drivers/gnss/libgnss_component.so
PASS: (10-09 08:46:44.421) //modules/planning/tuning:autotuning_raw_feature_generator_test
____(10-09 08:46:44.453) [15,107 / 15,608] Testing //modules/planning/tasks/optimizers/path_time_heuristic:gridded_path_time_graph_test
PASS: (10-09 08:46:44.623) //modules/planning/tasks/rss:decider_rss_test
PASS: (10-09 08:46:44.741) //modules/prediction:prediction_component_test
PASS: (10-09 08:46:44.781) //modules/planning/tasks/optimizers/path_time_heuristic:gridded_path_time_graph_test
PASS: (10-09 08:46:44.807) //modules/planning/tasks/optimizers/open_space_trajectory_partition:open_space_trajectory_partition_test
PASS: (10-09 08:46:44.946) //modules/planning/tasks/optimizers/open_space_trajectory_generation:open_space_trajectory_provider_test
PASS: (10-09 08:46:45.027) //modules/planning/tasks/optimizers/open_space_trajectory_generation:open_space_trajectory_optimizer_test
PASS: (10-09 08:46:45.192) //modules/planning/tasks/deciders/speed_bounds_decider:st_boundary_mapper_test
PASS: (10-09 08:46:45.351) //modules/planning/tasks/deciders/speed_bounds_decider:speed_limit_decider_test
PASS: (10-09 08:46:45.373) //modules/planning/tasks/deciders/path_bounds_decider:path_bounds_decider_test
PASS: (10-09 08:46:45.428) //modules/planning/tasks/deciders/open_space_decider:open_space_roi_decider_test
PASS: (10-09 08:46:45.603) //modules/planning/tasks/deciders/open_space_decider:open_space_fallback_decider_test
PASS: (10-09 08:46:45.747) //modules/planning/tasks/deciders/creep_decider:creep_decider_test
PASS: (10-09 08:46:46.146) //modules/planning/scenarios/traffic_light/protected:traffic_light_protected_scenario_test
PASS: (10-09 08:46:46.150) //modules/planning/scenarios/traffic_light/unprotected_left_turn:traffic_light_left_turn_unprotected_scenario_test
PASS: (10-09 08:46:46.154) //modules/planning/scenarios/traffic_light/unprotected_right_turn:traffic_light_right_turn_unprotected_scenario_test
PASS: (10-09 08:46:46.305) //modules/planning/scenarios/stop_sign/unprotected:stop_sign_unprotected_scenario_test
PASS: (10-09 08:46:46.470) //modules/planning/scenarios/park_and_go:stage_check_test
PASS: (10-09 08:46:46.635) //modules/planning/scenarios/park_and_go:park_and_go_scenario_test
PASS: (10-09 08:46:46.637) //modules/planning/scenarios/park/valet_parking:stage_parking_test
PASS: (10-09 08:46:46.754) //modules/planning/scenarios/park/valet_parking:valet_parking_scenario_test
PASS: (10-09 08:46:46.932) //modules/planning/scenarios/park/valet_parking:stage_approaching_parking_spot_test
PASS: (10-09 08:46:47.042) //modules/planning/scenarios/park/pull_over:stage_approach_test
PASS: (10-09 08:46:47.282) //modules/planning/reference_line:qp_spline_reference_line_smoother_test
PASS: (10-09 08:46:47.411) //modules/planning/scenarios/park/pull_over:pull_over_scenario_test
____(10-09 08:46:47.471) [15,158 / 15,634] Testing //modules/planning/reference_line:discrete_points_reference_line_smoother_test
PASS: (10-09 08:46:47.493) //modules/planning/scenarios/narrow_street_u_turn:narrow_street_u_turn_scenario_test
PASS: (10-09 08:46:47.871) //modules/planning/scenarios/lane_follow:lane_follow_scenario_test
PASS: (10-09 08:46:47.961) //modules/planning/reference_line:discrete_points_reference_line_smoother_test
PASS: (10-09 08:46:48.031) //modules/planning/scenarios/bare_intersection/unprotected:bare_intersection_unprotected_scenario_test
____(10-09 08:46:48.370) [15,167 / 15,639] Testing //modules/planning/planner:on_lane_planner_dispatcher_test
PASS: (10-09 08:46:48.472) //modules/planning/planner/rtk:rtk_replay_planner_test
PASS: (10-09 08:46:48.481) //modules/planning/open_space/trajectory_smoother:dual_variable_warm_start_problem_test
PASS: (10-09 08:46:48.821) //modules/planning/open_space/trajectory_smoother:dual_variable_warm_start_ipopt_interface_test
PASS: (10-09 08:46:49.014) //modules/planning/planner/public_road:public_road_planner_test
PASS: (10-09 08:46:49.091) //modules/planning/open_space/trajectory_smoother:distance_approach_ipopt_interface_test
PASS: (10-09 08:46:49.431) //modules/planning/planner:navi_planner_dispatcher_test
PASS: (10-09 08:46:49.501) //modules/planning/open_space/trajectory_smoother:dual_variable_warm_start_osqp_interface_test
PASS: (10-09 08:46:49.622) //modules/planning/open_space/trajectory_smoother:distance_approach_ipopt_cuda_interface_test
PASS: (10-09 08:46:49.631) //modules/planning/planner/navi:navi_planner_test
PASS: (10-09 08:46:49.651) //modules/planning/open_space/trajectory_smoother:distance_approach_problem_test
PASS: (10-09 08:46:49.670) //modules/planning/planner:on_lane_planner_dispatcher_test
PASS: (10-09 08:46:50.199) //modules/planning/open_space/coarse_trajectory_generator:reeds_shepp_path_test
PASS: (10-09 08:46:50.213) //modules/planning/math/smoothing_spline:spline_2d_constraint_test
PASS: (10-09 08:46:50.225) //modules/planning/math/smoothing_spline:spline_2d_kernel_test
PASS: (10-09 08:46:50.292) //modules/planning/math/smoothing_spline:spline_1d_constraint_test
PASS: (10-09 08:46:50.351) //modules/planning/math/smoothing_spline:piecewise_linear_constraint_test
PASS: (10-09 08:46:50.362) //modules/planning/math/smoothing_spline:piecewise_linear_kernel_test
PASS: (10-09 08:46:50.384) //modules/planning/math/smoothing_spline:osqp_spline_2d_solver_test
PASS: (10-09 08:46:50.426) //modules/planning/math/smoothing_spline:active_set_spline_2d_solver_test
PASS: (10-09 08:46:50.472) //modules/planning/math/curve1d:quintic_polynomial_curve1d_test
PASS: (10-09 08:46:50.511) //modules/planning/math/smoothing_spline:osqp_spline_1d_solver_test
PASS: (10-09 08:46:50.522) //modules/planning/math/curve1d:quartic_polynomial_curve1d_test
PASS: (10-09 08:46:50.560) //modules/planning/math/curve1d:piecewise_quintic_spiral_path_test
PASS: (10-09 08:46:50.575) //modules/planning/math/curve1d:cubic_polynomial_curve1d_test
PASS: (10-09 08:46:50.598) //modules/planning/math/smoothing_spline:active_set_spline_1d_solver_test
PASS: (10-09 08:46:50.712) //modules/planning/open_space/coarse_trajectory_generator:node3d_test
____(10-09 08:46:50.771) [15,223 / 15,663] Testing //modules/planning/common/path:frenet_frame_path_test
PASS: (10-09 08:46:50.841) //modules/planning/open_space/coarse_trajectory_generator:hybrid_a_star_test
PASS: (10-09 08:46:51.031) //modules/planning/common/path:frenet_frame_path_test
PASS: (10-09 08:46:51.048) //modules/planning/common/speed:st_boundary_test
PASS: (10-09 08:46:51.107) //modules/planning/navi/decider:navi_decider_test
PASS: (10-09 08:46:51.113) //modules/planning/common/path:discretized_path_test
PASS: (10-09 08:46:51.161) //modules/planning/common/trajectory:publishable_trajectory_test
PASS: (10-09 08:46:51.521) //modules/planning/common:st_graph_data_test
PASS: (10-09 08:46:51.691) //modules/planning/common:speed_limit_test
____(10-09 08:46:51.730) [15,239 / 15,670] Testing //modules/planning/common:open_space_info_test
____(10-09 08:46:51.788) [15,240 / 15,670] Linking modules/localization/ndt/ndt_localization_test
PASS: (10-09 08:46:51.933) //modules/planning/common:open_space_info_test
PASS: (10-09 08:46:51.997) //modules/planning/common:indexed_queue_test
PASS: (10-09 08:46:52.200) //modules/planning/common:speed_profile_generator_test
PASS: (10-09 08:46:52.290) //modules/planning/common:obstacle_test
PASS: (10-09 08:46:52.316) //modules/planning/common/trajectory:discretized_trajectory_test
PASS: (10-09 08:46:52.721) //modules/planning/common:indexed_list_test
____(10-09 08:46:52.770) [15,253 / 15,676] Testing //modules/planning/common:ego_info_test
____(10-09 08:46:52.803) [15,254 / 15,677] Testing //modules/planning/common:frame_test
PASS: (10-09 08:46:53.082) //modules/planning/common:reference_line_info_test
PASS: (10-09 08:46:53.361) //modules/planning/common:ego_info_test
FAIL: (10-09 08:46:53.393) //modules/perception/radar/lib/tracker/matcher:hm_matcher_test (see /home/mrb2/.cache/bazel/_bazel_mrb2/540135163923dd7d5820f3ee4b306b32/execroot/apollo/bazel-out/local-dbg/testlogs/modules/perception/radar/lib/tracker/matcher/hm_matcher_test/test.log)
____(10-09 08:46:53.393) From Testing //modules/perception/radar/lib/tracker/matcher:hm_matcher_test:
==================== Test output for //modules/perception/radar/lib/tracker/matcher:hm_matcher_test:
/home/mrb2/.cache/bazel/_bazel_mrb2/540135163923dd7d5820f3ee4b306b32/execroot/apollo/bazel-out/local-dbg/bin/modules/perception/radar/lib/tracker/matcher/hm_matcher_test.runfiles/apollo/modules/perception/radar/lib/tracker/matcher/hm_matcher_test: error while loading shared libraries: libcuda.so.1: cannot open shared object file: No such file or directory
================================================================================
FAIL: (10-09 08:46:53.423) //modules/perception/radar/lib/tracker/filter:adaptive_kalman_filter_test (see /home/mrb2/.cache/bazel/_bazel_mrb2/540135163923dd7d5820f3ee4b306b32/execroot/apollo/bazel-out/local-dbg/testlogs/modules/perception/radar/lib/tracker/filter/adaptive_kalman_filter_test/test.log)
____(10-09 08:46:53.425) From Testing //modules/perception/radar/lib/tracker/filter:adaptive_kalman_filter_test:
==================== Test output for //modules/perception/radar/lib/tracker/filter:adaptive_kalman_filter_test:
/home/mrb2/.cache/bazel/_bazel_mrb2/540135163923dd7d5820f3ee4b306b32/execroot/apollo/bazel-out/local-dbg/bin/modules/perception/radar/lib/tracker/filter/adaptive_kalman_filter_test.runfiles/apollo/modules/perception/radar/lib/tracker/filter/adaptive_kalman_filter_test: error while loading shared libraries: libcuda.so.1: cannot open shared object file: No such file or directory
================================================================================
FAIL: (10-09 08:46:53.467) //modules/perception/radar/lib/tracker/conti_ars_tracker:conti_ars_tracker_empty_test (see /home/mrb2/.cache/bazel/_bazel_mrb2/540135163923dd7d5820f3ee4b306b32/execroot/apollo/bazel-out/local-dbg/testlogs/modules/perception/radar/lib/tracker/conti_ars_tracker/conti_ars_tracker_empty_test/test.log)
==================== Test output for //modules/perception/radar/lib/tracker/conti_ars_tracker:conti_ars_tracker_empty_test:
/home/mrb2/.cache/bazel/_bazel_mrb2/540135163923dd7d5820f3ee4b306b32/execroot/apollo/bazel-out/local-dbg/bin/modules/perception/radar/lib/tracker/conti_ars_tracker/conti_ars_tracker_empty_test.runfiles/apollo/modules/perception/radar/lib/tracker/conti_ars_tracker/conti_ars_tracker_empty_test: error while loading shared libraries: libcuda.so.1: cannot open shared object file: No such file or directory
================================================================================
____(10-09 08:46:53.468) From Testing //modules/perception/radar/lib/tracker/conti_ars_tracker:conti_ars_tracker_empty_test:
PASS: (10-09 08:46:53.521) //modules/planning/common:frame_test
FAIL: (10-09 08:46:53.631) //modules/perception/radar/lib/tracker/common:radar_track_test (see /home/mrb2/.cache/bazel/_bazel_mrb2/540135163923dd7d5820f3ee4b306b32/execroot/apollo/bazel-out/local-dbg/testlogs/modules/perception/radar/lib/tracker/common/radar_track_test/test.log)
____(10-09 08:46:53.636) From Testing //modules/perception/radar/lib/tracker/common:radar_track_test:
==================== Test output for //modules/perception/radar/lib/tracker/common:radar_track_test:
/home/mrb2/.cache/bazel/_bazel_mrb2/540135163923dd7d5820f3ee4b306b32/execroot/apollo/bazel-out/local-dbg/bin/modules/perception/radar/lib/tracker/common/radar_track_test.runfiles/apollo/modules/perception/radar/lib/tracker/common/radar_track_test: error while loading shared libraries: libcuda.so.1: cannot open shared object file: No such file or directory
================================================================================
____(10-09 08:46:53.677) [15,269 / 15,682] Linking modules/planning/libplanning_component.so
FAIL: (10-09 08:46:53.811) //modules/perception/radar/lib/tracker/common:radar_track_manager_test (see /home/mrb2/.cache/bazel/_bazel_mrb2/540135163923dd7d5820f3ee4b306b32/execroot/apollo/bazel-out/local-dbg/testlogs/modules/perception/radar/lib/tracker/common/radar_track_manager_test/test.log)
____(10-09 08:46:53.812) From Testing //modules/perception/radar/lib/tracker/common:radar_track_manager_test:
==================== Test output for //modules/perception/radar/lib/tracker/common:radar_track_manager_test:
/home/mrb2/.cache/bazel/_bazel_mrb2/540135163923dd7d5820f3ee4b306b32/execroot/apollo/bazel-out/local-dbg/bin/modules/perception/radar/lib/tracker/common/radar_track_manager_test.runfiles/apollo/modules/perception/radar/lib/tracker/common/radar_track_manager_test: error while loading shared libraries: libcuda.so.1: cannot open shared object file: No such file or directory
================================================================================
FAIL: (10-09 08:46:53.853) //modules/perception/radar/lib/tracker/conti_ars_tracker:conti_ars_tracker_test (see /home/mrb2/.cache/bazel/_bazel_mrb2/540135163923dd7d5820f3ee4b306b32/execroot/apollo/bazel-out/local-dbg/testlogs/modules/perception/radar/lib/tracker/conti_ars_tracker/conti_ars_tracker_test/test.log)
____(10-09 08:46:53.854) From Testing //modules/perception/radar/lib/tracker/conti_ars_tracker:conti_ars_tracker_test:
==================== Test output for //modules/perception/radar/lib/tracker/conti_ars_tracker:conti_ars_tracker_test:
/home/mrb2/.cache/bazel/_bazel_mrb2/540135163923dd7d5820f3ee4b306b32/execroot/apollo/bazel-out/local-dbg/bin/modules/perception/radar/lib/tracker/conti_ars_tracker/conti_ars_tracker_test.runfiles/apollo/modules/perception/radar/lib/tracker/conti_ars_tracker/conti_ars_tracker_test: error while loading shared libraries: libcuda.so.1: cannot open shared object file: No such file or directory
================================================================================
FAIL: (10-09 08:46:53.981) //modules/perception/radar/lib/preprocessor/conti_ars_preprocessor:conti_ars_preprocessor_test (see /home/mrb2/.cache/bazel/_bazel_mrb2/540135163923dd7d5820f3ee4b306b32/execroot/apollo/bazel-out/local-dbg/testlogs/modules/perception/radar/lib/preprocessor/conti_ars_preprocessor/conti_ars_preprocessor_test/test.log)
FAIL: (10-09 08:46:53.990) //modules/perception/radar/lib/roi_filter/hdmap_radar_roi_filter:hdmap_radar_roi_filter_test (see /home/mrb2/.cache/bazel/_bazel_mrb2/540135163923dd7d5820f3ee4b306b32/execroot/apollo/bazel-out/local-dbg/testlogs/modules/perception/radar/lib/roi_filter/hdmap_radar_roi_filter/hdmap_radar_roi_filter_test/test.log)
____(10-09 08:46:53.990) From Testing //modules/perception/radar/lib/preprocessor/conti_ars_preprocessor:conti_ars_preprocessor_test:
==================== Test output for //modules/perception/radar/lib/preprocessor/conti_ars_preprocessor:conti_ars_preprocessor_test:
/home/mrb2/.cache/bazel/_bazel_mrb2/540135163923dd7d5820f3ee4b306b32/execroot/apollo/bazel-out/local-dbg/bin/modules/perception/radar/lib/preprocessor/conti_ars_preprocessor/conti_ars_preprocessor_test.runfiles/apollo/modules/perception/radar/lib/preprocessor/conti_ars_preprocessor/conti_ars_preprocessor_test: error while loading shared libraries: libcuda.so.1: cannot open shared object file: No such file or directory
____(10-09 08:46:53.991) From Testing //modules/perception/radar/lib/roi_filter/hdmap_radar_roi_filter:hdmap_radar_roi_filter_test:
================================================================================
==================== Test output for //modules/perception/radar/lib/roi_filter/hdmap_radar_roi_filter:hdmap_radar_roi_filter_test:
/home/mrb2/.cache/bazel/_bazel_mrb2/540135163923dd7d5820f3ee4b306b32/execroot/apollo/bazel-out/local-dbg/bin/modules/perception/radar/lib/roi_filter/hdmap_radar_roi_filter/hdmap_radar_roi_filter_test.runfiles/apollo/modules/perception/radar/lib/roi_filter/hdmap_radar_roi_filter/hdmap_radar_roi_filter_test: error while loading shared libraries: libcuda.so.1: cannot open shared object file: No such file or directory
================================================================================
FAIL: (10-09 08:46:54.107) //modules/perception/radar/lib/interface:base_matcher_test (see /home/mrb2/.cache/bazel/_bazel_mrb2/540135163923dd7d5820f3ee4b306b32/execroot/apollo/bazel-out/local-dbg/testlogs/modules/perception/radar/lib/interface/base_matcher_test/test.log)
____(10-09 08:46:54.107) From Testing //modules/perception/radar/lib/interface:base_matcher_test:==================== Test output for //modules/perception/radar/lib/interface:base_matcher_test:
/home/mrb2/.cache/bazel/_bazel_mrb2/540135163923dd7d5820f3ee4b306b32/execroot/apollo/bazel-out/local-dbg/bin/modules/perception/radar/lib/interface/base_matcher_test.runfiles/apollo/modules/perception/radar/lib/interface/base_matcher_test: error while loading shared libraries: libcuda.so.1: cannot open shared object file: No such file or directory

================================================================================
FAIL: (10-09 08:46:54.410) //modules/perception/radar/lib/dummy:dummy_algorithms_test (see /home/mrb2/.cache/bazel/_bazel_mrb2/540135163923dd7d5820f3ee4b306b32/execroot/apollo/bazel-out/local-dbg/testlogs/modules/perception/radar/lib/dummy/dummy_algorithms_test/test.log)
____(10-09 08:46:54.410) From Testing //modules/perception/radar/lib/dummy:dummy_algorithms_test:
==================== Test output for //modules/perception/radar/lib/dummy:dummy_algorithms_test:
/home/mrb2/.cache/bazel/_bazel_mrb2/540135163923dd7d5820f3ee4b306b32/execroot/apollo/bazel-out/local-dbg/bin/modules/perception/radar/lib/dummy/dummy_algorithms_test.runfiles/apollo/modules/perception/radar/lib/dummy/dummy_algorithms_test: error while loading shared libraries: libcuda.so.1: cannot open shared object file: No such file or directory
================================================================================
FAIL: (10-09 08:46:54.421) //modules/perception/radar/lib/detector/conti_ars_detector:conti_ars_detector_test (see /home/mrb2/.cache/bazel/_bazel_mrb2/540135163923dd7d5820f3ee4b306b32/execroot/apollo/bazel-out/local-dbg/testlogs/modules/perception/radar/lib/detector/conti_ars_detector/conti_ars_detector_test/test.log)
____(10-09 08:46:54.421) From Testing //modules/perception/radar/lib/detector/conti_ars_detector:conti_ars_detector_test:==================== Test output for //modules/perception/radar/lib/detector/conti_ars_detector:conti_ars_detector_test:

/home/mrb2/.cache/bazel/_bazel_mrb2/540135163923dd7d5820f3ee4b306b32/execroot/apollo/bazel-out/local-dbg/bin/modules/perception/radar/lib/detector/conti_ars_detector/conti_ars_detector_test.runfiles/apollo/modules/perception/radar/lib/detector/conti_ars_detector/conti_ars_detector_test: error while loading shared libraries: libcuda.so.1: cannot open shared object file: No such file or directory
================================================================================
PASS: (10-09 08:46:56.394) //modules/localization/ndt:ndt_localization_pose_buffer_test
FAIL: (10-09 08:46:56.541) //modules/perception/lidar/lib/segmentation/cnnseg/spp_engine:spp_cluster_list_test (see /home/mrb2/.cache/bazel/_bazel_mrb2/540135163923dd7d5820f3ee4b306b32/execroot/apollo/bazel-out/local-dbg/testlogs/modules/perception/lidar/lib/segmentation/cnnseg/spp_engine/spp_cluster_list_test/test.log)
____(10-09 08:46:56.541) From Testing //modules/perception/lidar/lib/segmentation/cnnseg/spp_engine:spp_cluster_list_test:
==================== Test output for //modules/perception/lidar/lib/segmentation/cnnseg/spp_engine:spp_cluster_list_test:
/home/mrb2/.cache/bazel/_bazel_mrb2/540135163923dd7d5820f3ee4b306b32/execroot/apollo/bazel-out/local-dbg/bin/modules/perception/lidar/lib/segmentation/cnnseg/spp_engine/spp_cluster_list_test.runfiles/apollo/modules/perception/lidar/lib/segmentation/cnnseg/spp_engine/spp_cluster_list_test: error while loading shared libraries: libcuda.so.1: cannot open shared object file: No such file or directory
================================================================================
PASS: (10-09 08:46:56.571) //modules/localization/ndt:ndt_localization_test
FAIL: (10-09 08:46:56.596) //modules/perception/lidar/lib/object_filter_bank/roi_boundary_filter:roi_boundary_filter_test (see /home/mrb2/.cache/bazel/_bazel_mrb2/540135163923dd7d5820f3ee4b306b32/execroot/apollo/bazel-out/local-dbg/testlogs/modules/perception/lidar/lib/object_filter_bank/roi_boundary_filter/roi_boundary_filter_test/test.log)
____(10-09 08:46:56.596) From Testing //modules/perception/lidar/lib/object_filter_bank/roi_boundary_filter:roi_boundary_filter_test:
==================== Test output for //modules/perception/lidar/lib/object_filter_bank/roi_boundary_filter:roi_boundary_filter_test:
/home/mrb2/.cache/bazel/_bazel_mrb2/540135163923dd7d5820f3ee4b306b32/execroot/apollo/bazel-out/local-dbg/bin/modules/perception/lidar/lib/object_filter_bank/roi_boundary_filter/roi_boundary_filter_test.runfiles/apollo/modules/perception/lidar/lib/object_filter_bank/roi_boundary_filter/roi_boundary_filter_test: error while loading shared libraries: libcuda.so.1: cannot open shared object file: No such file or directory
================================================================================
FAIL: (10-09 08:46:56.841) //modules/perception/lidar/lib/scene_manager:scene_manager_test (see /home/mrb2/.cache/bazel/_bazel_mrb2/540135163923dd7d5820f3ee4b306b32/execroot/apollo/bazel-out/local-dbg/testlogs/modules/perception/lidar/lib/scene_manager/scene_manager_test/test.log)
____(10-09 08:46:56.842) From Testing //modules/perception/lidar/lib/scene_manager:scene_manager_test:
==================== Test output for //modules/perception/lidar/lib/scene_manager:scene_manager_test:
/home/mrb2/.cache/bazel/_bazel_mrb2/540135163923dd7d5820f3ee4b306b32/execroot/apollo/bazel-out/local-dbg/bin/modules/perception/lidar/lib/scene_manager/scene_manager_test.runfiles/apollo/modules/perception/lidar/lib/scene_manager/scene_manager_test: error while loading shared libraries: libcuda.so.1: cannot open shared object file: No such file or directory
================================================================================
==================== Test output for //modules/perception/lidar/lib/object_filter_bank:object_filter_bank_test:
/home/mrb2/.cache/bazel/_bazel_mrb2/540135163923dd7d5820f3ee4b306b32/execroot/apollo/bazel-out/local-dbg/bin/modules/perception/lidar/lib/object_filter_bank/object_filter_bank_test.runfiles/apollo/modules/perception/lidar/lib/object_filter_bank/object_filter_bank_test: error while loading shared libraries: libcuda.so.1: cannot open shared object file: No such file or directory
================================================================================
FAIL: (10-09 08:46:57.265) //modules/perception/lidar/lib/object_filter_bank:object_filter_bank_test (see /home/mrb2/.cache/bazel/_bazel_mrb2/540135163923dd7d5820f3ee4b306b32/execroot/apollo/bazel-out/local-dbg/testlogs/modules/perception/lidar/lib/object_filter_bank/object_filter_bank_test/test.log)
____(10-09 08:46:57.265) From Testing //modules/perception/lidar/lib/object_filter_bank:object_filter_bank_test:
FAIL: (10-09 08:46:57.451) //modules/perception/lidar/lib/ground_detector/ground_service_detector:ground_service_detector_test (see /home/mrb2/.cache/bazel/_bazel_mrb2/540135163923dd7d5820f3ee4b306b32/execroot/apollo/bazel-out/local-dbg/testlogs/modules/perception/lidar/lib/ground_detector/ground_service_detector/ground_service_detector_test/test.log)
____(10-09 08:46:57.460) From Testing //modules/perception/lidar/lib/ground_detector/ground_service_detector:ground_service_detector_test:==================== Test output for //modules/perception/lidar/lib/ground_detector/ground_service_detector:ground_service_detector_test:
/home/mrb2/.cache/bazel/_bazel_mrb2/540135163923dd7d5820f3ee4b306b32/execroot/apollo/bazel-out/local-dbg/bin/modules/perception/lidar/lib/ground_detector/ground_service_detector/ground_service_detector_test.runfiles/apollo/modules/perception/lidar/lib/ground_detector/ground_service_detector/ground_service_detector_test: error while loading shared libraries: libcuda.so.1: cannot open shared object file: No such file or directory
================================================================================

FAIL: (10-09 08:46:57.871) //modules/perception/lidar/lib/ground_detector/spatio_temporal_ground_detector:spatio_temporal_ground_detector_test (see /home/mrb2/.cache/bazel/_bazel_mrb2/540135163923dd7d5820f3ee4b306b32/execroot/apollo/bazel-out/local-dbg/testlogs/modules/perception/lidar/lib/ground_detector/spatio_temporal_ground_detector/spatio_temporal_ground_detector_test/test.log)
____(10-09 08:46:57.881) From Testing //modules/perception/lidar/lib/ground_detector/spatio_temporal_ground_detector:spatio_temporal_ground_detector_test:
==================== Test output for //modules/perception/lidar/lib/ground_detector/spatio_temporal_ground_detector:spatio_temporal_ground_detector_test:
/home/mrb2/.cache/bazel/_bazel_mrb2/540135163923dd7d5820f3ee4b306b32/execroot/apollo/bazel-out/local-dbg/bin/modules/perception/lidar/lib/ground_detector/spatio_temporal_ground_detector/spatio_temporal_ground_detector_test.runfiles/apollo/modules/perception/lidar/lib/ground_detector/spatio_temporal_ground_detector/spatio_temporal_ground_detector_test: error while loading shared libraries: libcuda.so.1: cannot open shared object file: No such file or directory
================================================================================
PASS: (10-09 08:46:58.361) //modules/perception/lib/thread:concurrent_queue_test
PASS: (10-09 08:46:58.375) //modules/perception/lib/thread:thread_test
PASS: (10-09 08:46:58.400) //modules/perception/lib/thread:thread_pool_test
PASS: (10-09 08:46:58.449) //modules/perception/lib/utils:perception_timer_test
____(10-09 08:46:58.450) [15,313 / 15,703] Linking modules/perception/inference/inference_factory_test
FAIL: (10-09 08:46:58.506) //modules/perception/lidar/app:lidar_app_lidar_pipeline_test (see /home/mrb2/.cache/bazel/_bazel_mrb2/540135163923dd7d5820f3ee4b306b32/execroot/apollo/bazel-out/local-dbg/testlogs/modules/perception/lidar/app/lidar_app_lidar_pipeline_test/test.log)
____(10-09 08:46:58.506) From Testing //modules/perception/lidar/app:lidar_app_lidar_pipeline_test:
==================== Test output for //modules/perception/lidar/app:lidar_app_lidar_pipeline_test:
/home/mrb2/.cache/bazel/_bazel_mrb2/540135163923dd7d5820f3ee4b306b32/execroot/apollo/bazel-out/local-dbg/bin/modules/perception/lidar/app/lidar_app_lidar_pipeline_test.runfiles/apollo/modules/perception/lidar/app/lidar_app_lidar_pipeline_test: error while loading shared libraries: libcuda.so.1: cannot open shared object file: No such file or directory
================================================================================
PASS: (10-09 08:46:58.587) //modules/perception/lib/registerer:registerer_test
FAIL: (10-09 08:46:58.745) //modules/perception/lidar/lib/dummy:dummy_algorithms_test (see /home/mrb2/.cache/bazel/_bazel_mrb2/540135163923dd7d5820f3ee4b306b32/execroot/apollo/bazel-out/local-dbg/testlogs/modules/perception/lidar/lib/dummy/dummy_algorithms_test/test.log)
____(10-09 08:46:58.745) From Testing //modules/perception/lidar/lib/dummy:dummy_algorithms_test:==================== Test output for //modules/perception/lidar/lib/dummy:dummy_algorithms_test:
/home/mrb2/.cache/bazel/_bazel_mrb2/540135163923dd7d5820f3ee4b306b32/execroot/apollo/bazel-out/local-dbg/bin/modules/perception/lidar/lib/dummy/dummy_algorithms_test.runfiles/apollo/modules/perception/lidar/lib/dummy/dummy_algorithms_test: error while loading shared libraries: libcuda.so.1: cannot open shared object file: No such file or directory
================================================================================

PASS: (10-09 08:46:59.032) //modules/perception/lib/config_manager:config_manager_test
FAIL: (10-09 08:46:59.104) //modules/perception/inference/utils:inference_util_test (see /home/mrb2/.cache/bazel/_bazel_mrb2/540135163923dd7d5820f3ee4b306b32/execroot/apollo/bazel-out/local-dbg/testlogs/modules/perception/inference/utils/inference_util_test/test.log)
____(10-09 08:46:59.104) From Testing //modules/perception/inference/utils:inference_util_test:
==================== Test output for //modules/perception/inference/utils:inference_util_test:
/home/mrb2/.cache/bazel/_bazel_mrb2/540135163923dd7d5820f3ee4b306b32/execroot/apollo/bazel-out/local-dbg/bin/modules/perception/inference/utils/inference_util_test.runfiles/apollo/modules/perception/inference/utils/inference_util_test: error while loading shared libraries: libcuda.so.1: cannot open shared object file: No such file or directory
================================================================================
FAIL: (10-09 08:46:59.298) //modules/perception/inference/utils:inference_binary_data_test (see /home/mrb2/.cache/bazel/_bazel_mrb2/540135163923dd7d5820f3ee4b306b32/execroot/apollo/bazel-out/local-dbg/testlogs/modules/perception/inference/utils/inference_binary_data_test/test.log)
____(10-09 08:46:59.298) From Testing //modules/perception/inference/utils:inference_binary_data_test:
==================== Test output for //modules/perception/inference/utils:inference_binary_data_test:
/home/mrb2/.cache/bazel/_bazel_mrb2/540135163923dd7d5820f3ee4b306b32/execroot/apollo/bazel-out/local-dbg/bin/modules/perception/inference/utils/inference_binary_data_test.runfiles/apollo/modules/perception/inference/utils/inference_binary_data_test: error while loading shared libraries: libcuda.so.1: cannot open shared object file: No such file or directory
================================================================================
FAIL: (10-09 08:46:59.789) //modules/perception/inference/tensorrt/plugins:slice_plugin_test (see /home/mrb2/.cache/bazel/_bazel_mrb2/540135163923dd7d5820f3ee4b306b32/execroot/apollo/bazel-out/local-dbg/testlogs/modules/perception/inference/tensorrt/plugins/slice_plugin_test/test.log)
____(10-09 08:46:59.789) From Testing //modules/perception/inference/tensorrt/plugins:slice_plugin_test:
==================== Test output for //modules/perception/inference/tensorrt/plugins:slice_plugin_test:
/home/mrb2/.cache/bazel/_bazel_mrb2/540135163923dd7d5820f3ee4b306b32/execroot/apollo/bazel-out/local-dbg/bin/modules/perception/inference/tensorrt/plugins/slice_plugin_test.runfiles/apollo/modules/perception/inference/tensorrt/plugins/slice_plugin_test: error while loading shared libraries: libcuda.so.1: cannot open shared object file: No such file or directory
================================================================================
FAIL: (10-09 08:46:59.821) //modules/perception/inference/tensorrt/plugins:argmax_plugin_test (see /home/mrb2/.cache/bazel/_bazel_mrb2/540135163923dd7d5820f3ee4b306b32/execroot/apollo/bazel-out/local-dbg/testlogs/modules/perception/inference/tensorrt/plugins/argmax_plugin_test/test.log)
____(10-09 08:46:59.821) From Testing //modules/perception/inference/tensorrt/plugins:argmax_plugin_test:
==================== Test output for //modules/perception/inference/tensorrt/plugins:argmax_plugin_test:
/home/mrb2/.cache/bazel/_bazel_mrb2/540135163923dd7d5820f3ee4b306b32/execroot/apollo/bazel-out/local-dbg/bin/modules/perception/inference/tensorrt/plugins/argmax_plugin_test.runfiles/apollo/modules/perception/inference/tensorrt/plugins/argmax_plugin_test: error while loading shared libraries: libcuda.so.1: cannot open shared object file: No such file or directory
================================================================================
PASS: (10-09 08:47:00.009) //modules/planning/reference_line:spiral_reference_line_smoother_test
PASS: (10-09 08:47:00.030) //modules/perception/inference/tensorrt:rt_utils_test
FAIL: (10-09 08:47:00.052) //modules/perception/inference/tensorrt:rt_common_test (see /home/mrb2/.cache/bazel/_bazel_mrb2/540135163923dd7d5820f3ee4b306b32/execroot/apollo/bazel-out/local-dbg/testlogs/modules/perception/inference/tensorrt/rt_common_test/test.log)
____(10-09 08:47:00.052) From Testing //modules/perception/inference/tensorrt:rt_common_test:==================== Test output for //modules/perception/inference/tensorrt:rt_common_test:
/home/mrb2/.cache/bazel/_bazel_mrb2/540135163923dd7d5820f3ee4b306b32/execroot/apollo/bazel-out/local-dbg/bin/modules/perception/inference/tensorrt/rt_common_test.runfiles/apollo/modules/perception/inference/tensorrt/rt_common_test: error while loading shared libraries: libcuda.so.1: cannot open shared object file: No such file or directory
================================================================================

FAIL: (10-09 08:47:00.232) //modules/perception/inference/tensorrt:entropy_calibrator_test (see /home/mrb2/.cache/bazel/_bazel_mrb2/540135163923dd7d5820f3ee4b306b32/execroot/apollo/bazel-out/local-dbg/testlogs/modules/perception/inference/tensorrt/entropy_calibrator_test/test.log)
____(10-09 08:47:00.232) From Testing //modules/perception/inference/tensorrt:entropy_calibrator_test:
==================== Test output for //modules/perception/inference/tensorrt:entropy_calibrator_test:
/home/mrb2/.cache/bazel/_bazel_mrb2/540135163923dd7d5820f3ee4b306b32/execroot/apollo/bazel-out/local-dbg/bin/modules/perception/inference/tensorrt/entropy_calibrator_test.runfiles/apollo/modules/perception/inference/tensorrt/entropy_calibrator_test: error while loading shared libraries: libcuda.so.1: cannot open shared object file: No such file or directory
================================================================================
FAIL: (10-09 08:47:00.241) //modules/perception/inference:layer_test (see /home/mrb2/.cache/bazel/_bazel_mrb2/540135163923dd7d5820f3ee4b306b32/execroot/apollo/bazel-out/local-dbg/testlogs/modules/perception/inference/layer_test/test.log)
____(10-09 08:47:00.241) From Testing //modules/perception/inference:layer_test:
==================== Test output for //modules/perception/inference:layer_test:
/home/mrb2/.cache/bazel/_bazel_mrb2/540135163923dd7d5820f3ee4b306b32/execroot/apollo/bazel-out/local-dbg/bin/modules/perception/inference/layer_test.runfiles/apollo/modules/perception/inference/layer_test: error while loading shared libraries: libcuda.so.1: cannot open shared object file: No such file or directory
================================================================================
FAIL: (10-09 08:47:00.276) //modules/perception/inference/tensorrt:rt_net_test (see /home/mrb2/.cache/bazel/_bazel_mrb2/540135163923dd7d5820f3ee4b306b32/execroot/apollo/bazel-out/local-dbg/testlogs/modules/perception/inference/tensorrt/rt_net_test/test.log)
____(10-09 08:47:00.276) From Testing //modules/perception/inference/tensorrt:rt_net_test:
==================== Test output for //modules/perception/inference/tensorrt:rt_net_test:
/home/mrb2/.cache/bazel/_bazel_mrb2/540135163923dd7d5820f3ee4b306b32/execroot/apollo/bazel-out/local-dbg/bin/modules/perception/inference/tensorrt/rt_net_test.runfiles/apollo/modules/perception/inference/tensorrt/rt_net_test: error while loading shared libraries: libcuda.so.1: cannot open shared object file: No such file or directory
================================================================================
FAIL: (10-09 08:47:00.389) //modules/perception/inference/caffe:caffe_net_test (see /home/mrb2/.cache/bazel/_bazel_mrb2/540135163923dd7d5820f3ee4b306b32/execroot/apollo/bazel-out/local-dbg/testlogs/modules/perception/inference/caffe/caffe_net_test/test.log)
____(10-09 08:47:00.389) From Testing //modules/perception/inference/caffe:caffe_net_test:
==================== Test output for //modules/perception/inference/caffe:caffe_net_test:
/home/mrb2/.cache/bazel/_bazel_mrb2/540135163923dd7d5820f3ee4b306b32/execroot/apollo/bazel-out/local-dbg/bin/modules/perception/inference/caffe/caffe_net_test.runfiles/apollo/modules/perception/inference/caffe/caffe_net_test: error while loading shared libraries: libcuda.so.1: cannot open shared object file: No such file or directory
================================================================================
FAIL: (10-09 08:47:00.422) //modules/perception/inference:inference_test (see /home/mrb2/.cache/bazel/_bazel_mrb2/540135163923dd7d5820f3ee4b306b32/execroot/apollo/bazel-out/local-dbg/testlogs/modules/perception/inference/inference_test/test.log)
____(10-09 08:47:00.422) From Testing //modules/perception/inference:inference_test:
==================== Test output for //modules/perception/inference:inference_test:
/home/mrb2/.cache/bazel/_bazel_mrb2/540135163923dd7d5820f3ee4b306b32/execroot/apollo/bazel-out/local-dbg/bin/modules/perception/inference/inference_test.runfiles/apollo/modules/perception/inference/inference_test: error while loading shared libraries: libcuda.so.1: cannot open shared object file: No such file or directory
================================================================================
PASS: (10-09 08:47:00.458) //modules/perception/inference/tensorrt:batch_stream_test
FAIL: (10-09 08:47:00.665) //modules/perception/fusion/lib/gatekeeper/pbf_gatekeeper:pbf_gatekeeper_test (see /home/mrb2/.cache/bazel/_bazel_mrb2/540135163923dd7d5820f3ee4b306b32/execroot/apollo/bazel-out/local-dbg/testlogs/modules/perception/fusion/lib/gatekeeper/pbf_gatekeeper/pbf_gatekeeper_test/test.log)
____(10-09 08:47:00.666) From Testing //modules/perception/fusion/lib/gatekeeper/pbf_gatekeeper:pbf_gatekeeper_test:
==================== Test output for //modules/perception/fusion/lib/gatekeeper/pbf_gatekeeper:pbf_gatekeeper_test:
/home/mrb2/.cache/bazel/_bazel_mrb2/540135163923dd7d5820f3ee4b306b32/execroot/apollo/bazel-out/local-dbg/bin/modules/perception/fusion/lib/gatekeeper/pbf_gatekeeper/pbf_gatekeeper_test.runfiles/apollo/modules/perception/fusion/lib/gatekeeper/pbf_gatekeeper/pbf_gatekeeper_test: error while loading shared libraries: libcuda.so.1: cannot open shared object file: No such file or directory
================================================================================
FAIL: (10-09 08:47:00.722) //modules/perception/fusion/lib/dummy:dummy_algorithms_test (see /home/mrb2/.cache/bazel/_bazel_mrb2/540135163923dd7d5820f3ee4b306b32/execroot/apollo/bazel-out/local-dbg/testlogs/modules/perception/fusion/lib/dummy/dummy_algorithms_test/test.log)
____(10-09 08:47:00.722) From Testing //modules/perception/fusion/lib/dummy:dummy_algorithms_test:
==================== Test output for //modules/perception/fusion/lib/dummy:dummy_algorithms_test:
/home/mrb2/.cache/bazel/_bazel_mrb2/540135163923dd7d5820f3ee4b306b32/execroot/apollo/bazel-out/local-dbg/bin/modules/perception/fusion/lib/dummy/dummy_algorithms_test.runfiles/apollo/modules/perception/fusion/lib/dummy/dummy_algorithms_test: error while loading shared libraries: libcuda.so.1: cannot open shared object file: No such file or directory
================================================================================
FAIL: (10-09 08:47:00.755) //modules/perception/fusion/lib/fusion_system/probabilistic_fusion:probabilistic_fusion_test (see /home/mrb2/.cache/bazel/_bazel_mrb2/540135163923dd7d5820f3ee4b306b32/execroot/apollo/bazel-out/local-dbg/testlogs/modules/perception/fusion/lib/fusion_system/probabilistic_fusion/probabilistic_fusion_test/test.log)
==================== Test output for //modules/perception/fusion/lib/fusion_system/probabilistic_fusion:probabilistic_fusion_test:
____(10-09 08:47:00.756) From Testing //modules/perception/fusion/lib/fusion_system/probabilistic_fusion:probabilistic_fusion_test:
/home/mrb2/.cache/bazel/_bazel_mrb2/540135163923dd7d5820f3ee4b306b32/execroot/apollo/bazel-out/local-dbg/bin/modules/perception/fusion/lib/fusion_system/probabilistic_fusion/probabilistic_fusion_test.runfiles/apollo/modules/perception/fusion/lib/fusion_system/probabilistic_fusion/probabilistic_fusion_test: error while loading shared libraries: libcuda.so.1: cannot open shared object file: No such file or directory
================================================================================
FAIL: (10-09 08:47:00.801) //modules/perception/inference:inference_factory_test (see /home/mrb2/.cache/bazel/_bazel_mrb2/540135163923dd7d5820f3ee4b306b32/execroot/apollo/bazel-out/local-dbg/testlogs/modules/perception/inference/inference_factory_test/test.log)
____(10-09 08:47:00.801) From Testing //modules/perception/inference:inference_factory_test:
==================== Test output for //modules/perception/inference:inference_factory_test:
/home/mrb2/.cache/bazel/_bazel_mrb2/540135163923dd7d5820f3ee4b306b32/execroot/apollo/bazel-out/local-dbg/bin/modules/perception/inference/inference_factory_test.runfiles/apollo/modules/perception/inference/inference_factory_test: error while loading shared libraries: libcuda.so.1: cannot open shared object file: No such file or directory
================================================================================
____(10-09 08:47:00.805) [15,358 / 15,722] Testing //modules/perception/fusion/lib/data_fusion/tracker/pbf_tracker:pbf_tracker_test
FAIL: (10-09 08:47:00.829) //modules/perception/fusion/lib/data_fusion/tracker/pbf_tracker:pbf_tracker_test (see /home/mrb2/.cache/bazel/_bazel_mrb2/540135163923dd7d5820f3ee4b306b32/execroot/apollo/bazel-out/local-dbg/testlogs/modules/perception/fusion/lib/data_fusion/tracker/pbf_tracker/pbf_tracker_test/test.log)
____(10-09 08:47:00.830) From Testing //modules/perception/fusion/lib/data_fusion/tracker/pbf_tracker:pbf_tracker_test:
==================== Test output for //modules/perception/fusion/lib/data_fusion/tracker/pbf_tracker:pbf_tracker_test:
/home/mrb2/.cache/bazel/_bazel_mrb2/540135163923dd7d5820f3ee4b306b32/execroot/apollo/bazel-out/local-dbg/bin/modules/perception/fusion/lib/data_fusion/tracker/pbf_tracker/pbf_tracker_test.runfiles/apollo/modules/perception/fusion/lib/data_fusion/tracker/pbf_tracker/pbf_tracker_test: error while loading shared libraries: libcuda.so.1: cannot open shared object file: No such file or directory
================================================================================
FAIL: (10-09 08:47:01.010) //modules/perception/fusion/lib/data_fusion/shape_fusion/pbf_shape_fusion:pbf_shape_fusion_test (see /home/mrb2/.cache/bazel/_bazel_mrb2/540135163923dd7d5820f3ee4b306b32/execroot/apollo/bazel-out/local-dbg/testlogs/modules/perception/fusion/lib/data_fusion/shape_fusion/pbf_shape_fusion/pbf_shape_fusion_test/test.log)
____(10-09 08:47:01.010) From Testing //modules/perception/fusion/lib/data_fusion/shape_fusion/pbf_shape_fusion:pbf_shape_fusion_test:
==================== Test output for //modules/perception/fusion/lib/data_fusion/shape_fusion/pbf_shape_fusion:pbf_shape_fusion_test:
/home/mrb2/.cache/bazel/_bazel_mrb2/540135163923dd7d5820f3ee4b306b32/execroot/apollo/bazel-out/local-dbg/bin/modules/perception/fusion/lib/data_fusion/shape_fusion/pbf_shape_fusion/pbf_shape_fusion_test.runfiles/apollo/modules/perception/fusion/lib/data_fusion/shape_fusion/pbf_shape_fusion/pbf_shape_fusion_test: error while loading shared libraries: libcuda.so.1: cannot open shared object file: No such file or directory
================================================================================
FAIL: (10-09 08:47:01.055) //modules/perception/fusion/lib/data_fusion/motion_fusion/kalman_motion_fusion:kalman_motion_fusion_test (see /home/mrb2/.cache/bazel/_bazel_mrb2/540135163923dd7d5820f3ee4b306b32/execroot/apollo/bazel-out/local-dbg/testlogs/modules/perception/fusion/lib/data_fusion/motion_fusion/kalman_motion_fusion/kalman_motion_fusion_test/test.log)
____(10-09 08:47:01.055) From Testing //modules/perception/fusion/lib/data_fusion/motion_fusion/kalman_motion_fusion:kalman_motion_fusion_test:
==================== Test output for //modules/perception/fusion/lib/data_fusion/motion_fusion/kalman_motion_fusion:kalman_motion_fusion_test:
/home/mrb2/.cache/bazel/_bazel_mrb2/540135163923dd7d5820f3ee4b306b32/execroot/apollo/bazel-out/local-dbg/bin/modules/perception/fusion/lib/data_fusion/motion_fusion/kalman_motion_fusion/kalman_motion_fusion_test.runfiles/apollo/modules/perception/fusion/lib/data_fusion/motion_fusion/kalman_motion_fusion/kalman_motion_fusion_test: error while loading shared libraries: libcuda.so.1: cannot open shared object file: No such file or directory
================================================================================
FAIL: (10-09 08:47:01.093) //modules/perception/fusion/lib/data_fusion/type_fusion/dst_type_fusion:dst_type_fusion_test (see /home/mrb2/.cache/bazel/_bazel_mrb2/540135163923dd7d5820f3ee4b306b32/execroot/apollo/bazel-out/local-dbg/testlogs/modules/perception/fusion/lib/data_fusion/type_fusion/dst_type_fusion/dst_type_fusion_test/test.log)
____(10-09 08:47:01.093) From Testing //modules/perception/fusion/lib/data_fusion/type_fusion/dst_type_fusion:dst_type_fusion_test:
==================== Test output for //modules/perception/fusion/lib/data_fusion/type_fusion/dst_type_fusion:dst_type_fusion_test:
/home/mrb2/.cache/bazel/_bazel_mrb2/540135163923dd7d5820f3ee4b306b32/execroot/apollo/bazel-out/local-dbg/bin/modules/perception/fusion/lib/data_fusion/type_fusion/dst_type_fusion/dst_type_fusion_test.runfiles/apollo/modules/perception/fusion/lib/data_fusion/type_fusion/dst_type_fusion/dst_type_fusion_test: error while loading shared libraries: libcuda.so.1: cannot open shared object file: No such file or directory
================================================================================
FAIL: (10-09 08:47:01.142) //modules/perception/fusion/lib/data_association/hm_data_association:track_object_test (see /home/mrb2/.cache/bazel/_bazel_mrb2/540135163923dd7d5820f3ee4b306b32/execroot/apollo/bazel-out/local-dbg/testlogs/modules/perception/fusion/lib/data_association/hm_data_association/track_object_test/test.log)
____(10-09 08:47:01.142) From Testing //modules/perception/fusion/lib/data_association/hm_data_association:track_object_test:
==================== Test output for //modules/perception/fusion/lib/data_association/hm_data_association:track_object_test:
/home/mrb2/.cache/bazel/_bazel_mrb2/540135163923dd7d5820f3ee4b306b32/execroot/apollo/bazel-out/local-dbg/bin/modules/perception/fusion/lib/data_association/hm_data_association/track_object_test.runfiles/apollo/modules/perception/fusion/lib/data_association/hm_data_association/track_object_test: error while loading shared libraries: libcuda.so.1: cannot open shared object file: No such file or directory
================================================================================
FAIL: (10-09 08:47:01.144) //modules/perception/fusion/lib/data_association/hm_data_association:track_object_distance_test (see /home/mrb2/.cache/bazel/_bazel_mrb2/540135163923dd7d5820f3ee4b306b32/execroot/apollo/bazel-out/local-dbg/testlogs/modules/perception/fusion/lib/data_association/hm_data_association/track_object_distance_test/test.log)
____(10-09 08:47:01.144) From Testing //modules/perception/fusion/lib/data_association/hm_data_association:track_object_distance_test:
==================== Test output for //modules/perception/fusion/lib/data_association/hm_data_association:track_object_distance_test:
/home/mrb2/.cache/bazel/_bazel_mrb2/540135163923dd7d5820f3ee4b306b32/execroot/apollo/bazel-out/local-dbg/bin/modules/perception/fusion/lib/data_association/hm_data_association/track_object_distance_test.runfiles/apollo/modules/perception/fusion/lib/data_association/hm_data_association/track_object_distance_test: error while loading shared libraries: libcuda.so.1: cannot open shared object file: No such file or directory
================================================================================
FAIL: (10-09 08:47:01.326) //modules/perception/fusion/lib/data_association/hm_data_association:hm_data_association_test (see /home/mrb2/.cache/bazel/_bazel_mrb2/540135163923dd7d5820f3ee4b306b32/execroot/apollo/bazel-out/local-dbg/testlogs/modules/perception/fusion/lib/data_association/hm_data_association/hm_data_association_test/test.log)
____(10-09 08:47:01.326) From Testing //modules/perception/fusion/lib/data_association/hm_data_association:hm_data_association_test:
==================== Test output for //modules/perception/fusion/lib/data_association/hm_data_association:hm_data_association_test:
/home/mrb2/.cache/bazel/_bazel_mrb2/540135163923dd7d5820f3ee4b306b32/execroot/apollo/bazel-out/local-dbg/bin/modules/perception/fusion/lib/data_association/hm_data_association/hm_data_association_test.runfiles/apollo/modules/perception/fusion/lib/data_association/hm_data_association/hm_data_association_test: error while loading shared libraries: libcuda.so.1: cannot open shared object file: No such file or directory
================================================================================
____(10-09 08:47:01.329) [15,372 / 15,729] Testing //modules/perception/fusion/common:kalman_filter_test
FAIL: (10-09 08:47:01.352) //modules/perception/fusion/common:kalman_filter_test (see /home/mrb2/.cache/bazel/_bazel_mrb2/540135163923dd7d5820f3ee4b306b32/execroot/apollo/bazel-out/local-dbg/testlogs/modules/perception/fusion/common/kalman_filter_test/test.log)
____(10-09 08:47:01.353) From Testing //modules/perception/fusion/common:kalman_filter_test:
==================== Test output for //modules/perception/fusion/common:kalman_filter_test:
/home/mrb2/.cache/bazel/_bazel_mrb2/540135163923dd7d5820f3ee4b306b32/execroot/apollo/bazel-out/local-dbg/bin/modules/perception/fusion/common/kalman_filter_test.runfiles/apollo/modules/perception/fusion/common/kalman_filter_test: error while loading shared libraries: libcuda.so.1: cannot open shared object file: No such file or directory
================================================================================
FAIL: (10-09 08:47:01.372) //modules/perception/fusion/common:information_filter_test (see /home/mrb2/.cache/bazel/_bazel_mrb2/540135163923dd7d5820f3ee4b306b32/execroot/apollo/bazel-out/local-dbg/testlogs/modules/perception/fusion/common/information_filter_test/test.log)
____(10-09 08:47:01.372) From Testing //modules/perception/fusion/common:information_filter_test:
==================== Test output for //modules/perception/fusion/common:information_filter_test:
/home/mrb2/.cache/bazel/_bazel_mrb2/540135163923dd7d5820f3ee4b306b32/execroot/apollo/bazel-out/local-dbg/bin/modules/perception/fusion/common/information_filter_test.runfiles/apollo/modules/perception/fusion/common/information_filter_test: error while loading shared libraries: libcuda.so.1: cannot open shared object file: No such file or directory
================================================================================
FAIL: (10-09 08:47:01.432) //modules/perception/fusion/common:dst_evidence_test (see /home/mrb2/.cache/bazel/_bazel_mrb2/540135163923dd7d5820f3ee4b306b32/execroot/apollo/bazel-out/local-dbg/testlogs/modules/perception/fusion/common/dst_evidence_test/test.log)
____(10-09 08:47:01.432) From Testing //modules/perception/fusion/common:dst_evidence_test:
==================== Test output for //modules/perception/fusion/common:dst_evidence_test:
/home/mrb2/.cache/bazel/_bazel_mrb2/540135163923dd7d5820f3ee4b306b32/execroot/apollo/bazel-out/local-dbg/bin/modules/perception/fusion/common/dst_evidence_test.runfiles/apollo/modules/perception/fusion/common/dst_evidence_test: error while loading shared libraries: libcuda.so.1: cannot open shared object file: No such file or directory
================================================================================
FAIL: (10-09 08:47:01.484) //modules/perception/fusion/common:camera_util_test (see /home/mrb2/.cache/bazel/_bazel_mrb2/540135163923dd7d5820f3ee4b306b32/execroot/apollo/bazel-out/local-dbg/testlogs/modules/perception/fusion/common/camera_util_test/test.log)
____(10-09 08:47:01.484) From Testing //modules/perception/fusion/common:camera_util_test:
==================== Test output for //modules/perception/fusion/common:camera_util_test:
/home/mrb2/.cache/bazel/_bazel_mrb2/540135163923dd7d5820f3ee4b306b32/execroot/apollo/bazel-out/local-dbg/bin/modules/perception/fusion/common/camera_util_test.runfiles/apollo/modules/perception/fusion/common/camera_util_test: error while loading shared libraries: libcuda.so.1: cannot open shared object file: No such file or directory
================================================================================
FAIL: (10-09 08:47:01.668) //modules/perception/fusion/base:track_test (see /home/mrb2/.cache/bazel/_bazel_mrb2/540135163923dd7d5820f3ee4b306b32/execroot/apollo/bazel-out/local-dbg/testlogs/modules/perception/fusion/base/track_test/test.log)
____(10-09 08:47:01.668) From Testing //modules/perception/fusion/base:track_test:
==================== Test output for //modules/perception/fusion/base:track_test:
/home/mrb2/.cache/bazel/_bazel_mrb2/540135163923dd7d5820f3ee4b306b32/execroot/apollo/bazel-out/local-dbg/bin/modules/perception/fusion/base/track_test.runfiles/apollo/modules/perception/fusion/base/track_test: error while loading shared libraries: libcuda.so.1: cannot open shared object file: No such file or directory
================================================================================
FAIL: (10-09 08:47:01.684) //modules/perception/fusion/base:sensor_test (see /home/mrb2/.cache/bazel/_bazel_mrb2/540135163923dd7d5820f3ee4b306b32/execroot/apollo/bazel-out/local-dbg/testlogs/modules/perception/fusion/base/sensor_test/test.log)
____(10-09 08:47:01.684) From Testing //modules/perception/fusion/base:sensor_test:
==================== Test output for //modules/perception/fusion/base:sensor_test:
/home/mrb2/.cache/bazel/_bazel_mrb2/540135163923dd7d5820f3ee4b306b32/execroot/apollo/bazel-out/local-dbg/bin/modules/perception/fusion/base/sensor_test.runfiles/apollo/modules/perception/fusion/base/sensor_test: error while loading shared libraries: libcuda.so.1: cannot open shared object file: No such file or directory
================================================================================
FAIL: (10-09 08:47:01.723) //modules/perception/fusion/base:sensor_object_test (see /home/mrb2/.cache/bazel/_bazel_mrb2/540135163923dd7d5820f3ee4b306b32/execroot/apollo/bazel-out/local-dbg/testlogs/modules/perception/fusion/base/sensor_object_test/test.log)
____(10-09 08:47:01.724) From Testing //modules/perception/fusion/base:sensor_object_test:
==================== Test output for //modules/perception/fusion/base:sensor_object_test:
/home/mrb2/.cache/bazel/_bazel_mrb2/540135163923dd7d5820f3ee4b306b32/execroot/apollo/bazel-out/local-dbg/bin/modules/perception/fusion/base/sensor_object_test.runfiles/apollo/modules/perception/fusion/base/sensor_object_test: error while loading shared libraries: libcuda.so.1: cannot open shared object file: No such file or directory
================================================================================
FAIL: (10-09 08:47:01.769) //modules/perception/fusion/base:sensor_frame_test (see /home/mrb2/.cache/bazel/_bazel_mrb2/540135163923dd7d5820f3ee4b306b32/execroot/apollo/bazel-out/local-dbg/testlogs/modules/perception/fusion/base/sensor_frame_test/test.log)
____(10-09 08:47:01.769) From Testing //modules/perception/fusion/base:sensor_frame_test:
==================== Test output for //modules/perception/fusion/base:sensor_frame_test:
/home/mrb2/.cache/bazel/_bazel_mrb2/540135163923dd7d5820f3ee4b306b32/execroot/apollo/bazel-out/local-dbg/bin/modules/perception/fusion/base/sensor_frame_test.runfiles/apollo/modules/perception/fusion/base/sensor_frame_test: error while loading shared libraries: libcuda.so.1: cannot open shared object file: No such file or directory
================================================================================
FAIL: (10-09 08:47:01.805) //modules/perception/fusion/base:sensor_data_manager_test (see /home/mrb2/.cache/bazel/_bazel_mrb2/540135163923dd7d5820f3ee4b306b32/execroot/apollo/bazel-out/local-dbg/testlogs/modules/perception/fusion/base/sensor_data_manager_test/test.log)
____(10-09 08:47:01.806) From Testing //modules/perception/fusion/base:sensor_data_manager_test:
==================== Test output for //modules/perception/fusion/base:sensor_data_manager_test:
/home/mrb2/.cache/bazel/_bazel_mrb2/540135163923dd7d5820f3ee4b306b32/execroot/apollo/bazel-out/local-dbg/bin/modules/perception/fusion/base/sensor_data_manager_test.runfiles/apollo/modules/perception/fusion/base/sensor_data_manager_test: error while loading shared libraries: libcuda.so.1: cannot open shared object file: No such file or directory
================================================================================
PASS: (10-09 08:47:01.935) //modules/perception/common/sensor_manager:sensor_manager_test
PASS: (10-09 08:47:01.936) //modules/perception/common/graph:graph_segmentor_test
PASS: (10-09 08:47:01.946) //modules/perception/common/io:io_util_test
PASS: (10-09 08:47:01.999) //modules/perception/common/graph:connected_component_analysis_test
PASS: (10-09 08:47:02.010) //modules/perception/common/graph:gated_hungarian_bigraph_matcher_test
FAIL: (10-09 08:47:02.511) //modules/perception/camera/test:camera_lib_traffic_light_detector_select_test (see /home/mrb2/.cache/bazel/_bazel_mrb2/540135163923dd7d5820f3ee4b306b32/execroot/apollo/bazel-out/local-dbg/testlogs/modules/perception/camera/test/camera_lib_traffic_light_detector_select_test/test.log)
____(10-09 08:47:02.511) From Testing //modules/perception/camera/test:camera_lib_traffic_light_detector_select_test:
==================== Test output for //modules/perception/camera/test:camera_lib_traffic_light_detector_select_test:
/home/mrb2/.cache/bazel/_bazel_mrb2/540135163923dd7d5820f3ee4b306b32/execroot/apollo/bazel-out/local-dbg/bin/modules/perception/camera/test/camera_lib_traffic_light_detector_select_test.runfiles/apollo/modules/perception/camera/test/camera_lib_traffic_light_detector_select_test: error while loading shared libraries: libcuda.so.1: cannot open shared object file: No such file or directory
================================================================================
FAIL: (10-09 08:47:02.540) //modules/perception/camera/test:camera_lib_traffic_light_tracker_test (see /home/mrb2/.cache/bazel/_bazel_mrb2/540135163923dd7d5820f3ee4b306b32/execroot/apollo/bazel-out/local-dbg/testlogs/modules/perception/camera/test/camera_lib_traffic_light_tracker_test/test.log)
____(10-09 08:47:02.540) From Testing //modules/perception/camera/test:camera_lib_traffic_light_tracker_test:
==================== Test output for //modules/perception/camera/test:camera_lib_traffic_light_tracker_test:
/home/mrb2/.cache/bazel/_bazel_mrb2/540135163923dd7d5820f3ee4b306b32/execroot/apollo/bazel-out/local-dbg/bin/modules/perception/camera/test/camera_lib_traffic_light_tracker_test.runfiles/apollo/modules/perception/camera/test/camera_lib_traffic_light_tracker_test: error while loading shared libraries: libcuda.so.1: cannot open shared object file: No such file or directory
================================================================================
____(10-09 08:47:02.542) [15,405 / 15,744] Linking modules/perception/camera/test/camera_common_data_provider_test
FAIL: (10-09 08:47:02.594) //modules/perception/camera/test:camera_lib_traffic_light_detector_crop_test (see /home/mrb2/.cache/bazel/_bazel_mrb2/540135163923dd7d5820f3ee4b306b32/execroot/apollo/bazel-out/local-dbg/testlogs/modules/perception/camera/test/camera_lib_traffic_light_detector_crop_test/test.log)
____(10-09 08:47:02.595) From Testing //modules/perception/camera/test:camera_lib_traffic_light_detector_crop_test:
==================== Test output for //modules/perception/camera/test:camera_lib_traffic_light_detector_crop_test:
/home/mrb2/.cache/bazel/_bazel_mrb2/540135163923dd7d5820f3ee4b306b32/execroot/apollo/bazel-out/local-dbg/bin/modules/perception/camera/test/camera_lib_traffic_light_detector_crop_test.runfiles/apollo/modules/perception/camera/test/camera_lib_traffic_light_detector_crop_test: error while loading shared libraries: libcuda.so.1: cannot open shared object file: No such file or directory
================================================================================
FAIL: (10-09 08:47:02.952) //modules/perception/camera/test:camera_lib_obstacle_tracker_omt_frame_list_test (see /home/mrb2/.cache/bazel/_bazel_mrb2/540135163923dd7d5820f3ee4b306b32/execroot/apollo/bazel-out/local-dbg/testlogs/modules/perception/camera/test/camera_lib_obstacle_tracker_omt_frame_list_test/test.log)
____(10-09 08:47:02.952) From Testing //modules/perception/camera/test:camera_lib_obstacle_tracker_omt_frame_list_test:
==================== Test output for //modules/perception/camera/test:camera_lib_obstacle_tracker_omt_frame_list_test:
/home/mrb2/.cache/bazel/_bazel_mrb2/540135163923dd7d5820f3ee4b306b32/execroot/apollo/bazel-out/local-dbg/bin/modules/perception/camera/test/camera_lib_obstacle_tracker_omt_frame_list_test.runfiles/apollo/modules/perception/camera/test/camera_lib_obstacle_tracker_omt_frame_list_test: error while loading shared libraries: libcuda.so.1: cannot open shared object file: No such file or directory
================================================================================
FAIL: (10-09 08:47:02.954) //modules/perception/camera/test:camera_lib_obstacle_tracker_omt_target_test (see /home/mrb2/.cache/bazel/_bazel_mrb2/540135163923dd7d5820f3ee4b306b32/execroot/apollo/bazel-out/local-dbg/testlogs/modules/perception/camera/test/camera_lib_obstacle_tracker_omt_target_test/test.log)
____(10-09 08:47:02.954) From Testing //modules/perception/camera/test:camera_lib_obstacle_tracker_omt_target_test:
==================== Test output for //modules/perception/camera/test:camera_lib_obstacle_tracker_omt_target_test:
/home/mrb2/.cache/bazel/_bazel_mrb2/540135163923dd7d5820f3ee4b306b32/execroot/apollo/bazel-out/local-dbg/bin/modules/perception/camera/test/camera_lib_obstacle_tracker_omt_target_test.runfiles/apollo/modules/perception/camera/test/camera_lib_obstacle_tracker_omt_target_test: error while loading shared libraries: libcuda.so.1: cannot open shared object file: No such file or directory
================================================================================
FAIL: (10-09 08:47:03.053) //modules/perception/camera/test:camera_lib_obstacle_postprocessor_location_refiner_test (see /home/mrb2/.cache/bazel/_bazel_mrb2/540135163923dd7d5820f3ee4b306b32/execroot/apollo/bazel-out/local-dbg/testlogs/modules/perception/camera/test/camera_lib_obstacle_postprocessor_location_refiner_test/test.log)
____(10-09 08:47:03.053) From Testing //modules/perception/camera/test:camera_lib_obstacle_postprocessor_location_refiner_test:
==================== Test output for //modules/perception/camera/test:camera_lib_obstacle_postprocessor_location_refiner_test:
/home/mrb2/.cache/bazel/_bazel_mrb2/540135163923dd7d5820f3ee4b306b32/execroot/apollo/bazel-out/local-dbg/bin/modules/perception/camera/test/camera_lib_obstacle_postprocessor_location_refiner_test.runfiles/apollo/modules/perception/camera/test/camera_lib_obstacle_postprocessor_location_refiner_test: error while loading shared libraries: libcuda.so.1: cannot open shared object file: No such file or directory
================================================================================
FAIL: (10-09 08:47:03.116) //modules/perception/camera/test:camera_lib_obstacle_tracker_common_test (see /home/mrb2/.cache/bazel/_bazel_mrb2/540135163923dd7d5820f3ee4b306b32/execroot/apollo/bazel-out/local-dbg/testlogs/modules/perception/camera/test/camera_lib_obstacle_tracker_common_test/test.log)
____(10-09 08:47:03.116) From Testing //modules/perception/camera/test:camera_lib_obstacle_tracker_common_test:
==================== Test output for //modules/perception/camera/test:camera_lib_obstacle_tracker_common_test:
/home/mrb2/.cache/bazel/_bazel_mrb2/540135163923dd7d5820f3ee4b306b32/execroot/apollo/bazel-out/local-dbg/bin/modules/perception/camera/test/camera_lib_obstacle_tracker_common_test.runfiles/apollo/modules/perception/camera/test/camera_lib_obstacle_tracker_common_test: error while loading shared libraries: libcuda.so.1: cannot open shared object file: No such file or directory
================================================================================
FAIL: (10-09 08:47:03.134) //modules/perception/camera/test:camera_lib_obstacle_transformer_multicue_multicue_obstacle_transformer_test (see /home/mrb2/.cache/bazel/_bazel_mrb2/540135163923dd7d5820f3ee4b306b32/execroot/apollo/bazel-out/local-dbg/testlogs/modules/perception/camera/test/camera_lib_obstacle_transformer_multicue_multicue_obstacle_transformer_test/test.log)
____(10-09 08:47:03.134) From Testing //modules/perception/camera/test:camera_lib_obstacle_transformer_multicue_multicue_obstacle_transformer_test:
==================== Test output for //modules/perception/camera/test:camera_lib_obstacle_transformer_multicue_multicue_obstacle_transformer_test:
/home/mrb2/.cache/bazel/_bazel_mrb2/540135163923dd7d5820f3ee4b306b32/execroot/apollo/bazel-out/local-dbg/bin/modules/perception/camera/test/camera_lib_obstacle_transformer_multicue_multicue_obstacle_transformer_test.runfiles/apollo/modules/perception/camera/test/camera_lib_obstacle_transformer_multicue_multicue_obstacle_transformer_test: error while loading shared libraries: libcuda.so.1: cannot open shared object file: No such file or directory
================================================================================
____(10-09 08:47:03.587) [15,420 / 15,752] Testing //modules/perception/camera/test:camera_lib_obstacle_detector_yolo_yolo_obstacle_detector_test
FAIL: (10-09 08:47:03.590) //modules/perception/camera/test:camera_lib_obstacle_detector_yolo_region_output_test (see /home/mrb2/.cache/bazel/_bazel_mrb2/540135163923dd7d5820f3ee4b306b32/execroot/apollo/bazel-out/local-dbg/testlogs/modules/perception/camera/test/camera_lib_obstacle_detector_yolo_region_output_test/test.log)
____(10-09 08:47:03.590) From Testing //modules/perception/camera/test:camera_lib_obstacle_detector_yolo_region_output_test:
==================== Test output for //modules/perception/camera/test:camera_lib_obstacle_detector_yolo_region_output_test:
/home/mrb2/.cache/bazel/_bazel_mrb2/540135163923dd7d5820f3ee4b306b32/execroot/apollo/bazel-out/local-dbg/bin/modules/perception/camera/test/camera_lib_obstacle_detector_yolo_region_output_test.runfiles/apollo/modules/perception/camera/test/camera_lib_obstacle_detector_yolo_region_output_test: error while loading shared libraries: libcuda.so.1: cannot open shared object file: No such file or directory
================================================================================
FAIL: (10-09 08:47:03.686) //modules/perception/camera/test:camera_lib_lane_postprocessor_denseline_lane_postprocessor_test (see /home/mrb2/.cache/bazel/_bazel_mrb2/540135163923dd7d5820f3ee4b306b32/execroot/apollo/bazel-out/local-dbg/testlogs/modules/perception/camera/test/camera_lib_lane_postprocessor_denseline_lane_postprocessor_test/test.log)
____(10-09 08:47:03.687) From Testing //modules/perception/camera/test:camera_lib_lane_postprocessor_denseline_lane_postprocessor_test:
==================== Test output for //modules/perception/camera/test:camera_lib_lane_postprocessor_denseline_lane_postprocessor_test:
/home/mrb2/.cache/bazel/_bazel_mrb2/540135163923dd7d5820f3ee4b306b32/execroot/apollo/bazel-out/local-dbg/bin/modules/perception/camera/test/camera_lib_lane_postprocessor_denseline_lane_postprocessor_test.runfiles/apollo/modules/perception/camera/test/camera_lib_lane_postprocessor_denseline_lane_postprocessor_test: error while loading shared libraries: libcuda.so.1: cannot open shared object file: No such file or directory
================================================================================
FAIL: (10-09 08:47:04.012) //modules/perception/camera/test:camera_lib_lane_common_functions_test (see /home/mrb2/.cache/bazel/_bazel_mrb2/540135163923dd7d5820f3ee4b306b32/execroot/apollo/bazel-out/local-dbg/testlogs/modules/perception/camera/test/camera_lib_lane_common_functions_test/test.log)
____(10-09 08:47:04.012) From Testing //modules/perception/camera/test:camera_lib_lane_common_functions_test:
==================== Test output for //modules/perception/camera/test:camera_lib_lane_common_functions_test:
/home/mrb2/.cache/bazel/_bazel_mrb2/540135163923dd7d5820f3ee4b306b32/execroot/apollo/bazel-out/local-dbg/bin/modules/perception/camera/test/camera_lib_lane_common_functions_test.runfiles/apollo/modules/perception/camera/test/camera_lib_lane_common_functions_test: error while loading shared libraries: libcuda.so.1: cannot open shared object file: No such file or directory
================================================================================
FAIL: (10-09 08:47:04.033) //modules/perception/camera/test:camera_lib_interface_test (see /home/mrb2/.cache/bazel/_bazel_mrb2/540135163923dd7d5820f3ee4b306b32/execroot/apollo/bazel-out/local-dbg/testlogs/modules/perception/camera/test/camera_lib_interface_test/test.log)
____(10-09 08:47:04.033) From Testing //modules/perception/camera/test:camera_lib_interface_test:
==================== Test output for //modules/perception/camera/test:camera_lib_interface_test:
/home/mrb2/.cache/bazel/_bazel_mrb2/540135163923dd7d5820f3ee4b306b32/execroot/apollo/bazel-out/local-dbg/bin/modules/perception/camera/test/camera_lib_interface_test.runfiles/apollo/modules/perception/camera/test/camera_lib_interface_test: error while loading shared libraries: libcuda.so.1: cannot open shared object file: No such file or directory
================================================================================
PASS: (10-09 08:47:04.191) //modules/perception/camera/test:camera_lib_calibrator_common_histogram_estimator_test
FAIL: (10-09 08:47:04.194) //modules/perception/camera/test:camera_lib_dummy_algorithms_test (see /home/mrb2/.cache/bazel/_bazel_mrb2/540135163923dd7d5820f3ee4b306b32/execroot/apollo/bazel-out/local-dbg/testlogs/modules/perception/camera/test/camera_lib_dummy_algorithms_test/test.log)
____(10-09 08:47:04.195) From Testing //modules/perception/camera/test:camera_lib_dummy_algorithms_test:
==================== Test output for //modules/perception/camera/test:camera_lib_dummy_algorithms_test:
/home/mrb2/.cache/bazel/_bazel_mrb2/540135163923dd7d5820f3ee4b306b32/execroot/apollo/bazel-out/local-dbg/bin/modules/perception/camera/test/camera_lib_dummy_algorithms_test.runfiles/apollo/modules/perception/camera/test/camera_lib_dummy_algorithms_test: error while loading shared libraries: libcuda.so.1: cannot open shared object file: No such file or directory
================================================================================
FAIL: (10-09 08:47:04.304) //modules/perception/camera/test:camera_lib_feature_extractor_tfe_tracking_feat_extractor_test (see /home/mrb2/.cache/bazel/_bazel_mrb2/540135163923dd7d5820f3ee4b306b32/execroot/apollo/bazel-out/local-dbg/testlogs/modules/perception/camera/test/camera_lib_feature_extractor_tfe_tracking_feat_extractor_test/test.log)
____(10-09 08:47:04.304) From Testing //modules/perception/camera/test:camera_lib_feature_extractor_tfe_tracking_feat_extractor_test:
==================== Test output for //modules/perception/camera/test:camera_lib_feature_extractor_tfe_tracking_feat_extractor_test:
/home/mrb2/.cache/bazel/_bazel_mrb2/540135163923dd7d5820f3ee4b306b32/execroot/apollo/bazel-out/local-dbg/bin/modules/perception/camera/test/camera_lib_feature_extractor_tfe_tracking_feat_extractor_test.runfiles/apollo/modules/perception/camera/test/camera_lib_feature_extractor_tfe_tracking_feat_extractor_test: error while loading shared libraries: libcuda.so.1: cannot open shared object file: No such file or directory
================================================================================
FAIL: (10-09 08:47:04.367) //modules/perception/camera/test:camera_lib_calibration_service_online_calibration_service_test (see /home/mrb2/.cache/bazel/_bazel_mrb2/540135163923dd7d5820f3ee4b306b32/execroot/apollo/bazel-out/local-dbg/testlogs/modules/perception/camera/test/camera_lib_calibration_service_online_calibration_service_test/test.log)
____(10-09 08:47:04.367) From Testing //modules/perception/camera/test:camera_lib_calibration_service_online_calibration_service_test:
==================== Test output for //modules/perception/camera/test:camera_lib_calibration_service_online_calibration_service_test:
/home/mrb2/.cache/bazel/_bazel_mrb2/540135163923dd7d5820f3ee4b306b32/execroot/apollo/bazel-out/local-dbg/bin/modules/perception/camera/test/camera_lib_calibration_service_online_calibration_service_test.runfiles/apollo/modules/perception/camera/test/camera_lib_calibration_service_online_calibration_service_test: error while loading shared libraries: libcuda.so.1: cannot open shared object file: No such file or directory
================================================================================
FAIL: (10-09 08:47:04.654) //modules/perception/camera/test:camera_common_camera_ground_plane_test (see /home/mrb2/.cache/bazel/_bazel_mrb2/540135163923dd7d5820f3ee4b306b32/execroot/apollo/bazel-out/local-dbg/testlogs/modules/perception/camera/test/camera_common_camera_ground_plane_test/test.log)
____(10-09 08:47:04.655) From Testing //modules/perception/camera/test:camera_common_camera_ground_plane_test:
==================== Test output for //modules/perception/camera/test:camera_common_camera_ground_plane_test:
/home/mrb2/.cache/bazel/_bazel_mrb2/540135163923dd7d5820f3ee4b306b32/execroot/apollo/bazel-out/local-dbg/bin/modules/perception/camera/test/camera_common_camera_ground_plane_test.runfiles/apollo/modules/perception/camera/test/camera_common_camera_ground_plane_test: error while loading shared libraries: libcuda.so.1: cannot open shared object file: No such file or directory
================================================================================
FAIL: (10-09 08:47:04.691) //modules/perception/camera/test:camera_common_veh_template_test (see /home/mrb2/.cache/bazel/_bazel_mrb2/540135163923dd7d5820f3ee4b306b32/execroot/apollo/bazel-out/local-dbg/testlogs/modules/perception/camera/test/camera_common_veh_template_test/test.log)
____(10-09 08:47:04.692) From Testing //modules/perception/camera/test:camera_common_veh_template_test:
==================== Test output for //modules/perception/camera/test:camera_common_veh_template_test:
/home/mrb2/.cache/bazel/_bazel_mrb2/540135163923dd7d5820f3ee4b306b32/execroot/apollo/bazel-out/local-dbg/bin/modules/perception/camera/test/camera_common_veh_template_test.runfiles/apollo/modules/perception/camera/test/camera_common_veh_template_test: error while loading shared libraries: libcuda.so.1: cannot open shared object file: No such file or directory
================================================================================
FAIL: (10-09 08:47:04.801) //modules/perception/camera/test:camera_common_util_test (see /home/mrb2/.cache/bazel/_bazel_mrb2/540135163923dd7d5820f3ee4b306b32/execroot/apollo/bazel-out/local-dbg/testlogs/modules/perception/camera/test/camera_common_util_test/test.log)
____(10-09 08:47:04.801) From Testing //modules/perception/camera/test:camera_common_util_test:
==================== Test output for //modules/perception/camera/test:camera_common_util_test:
/home/mrb2/.cache/bazel/_bazel_mrb2/540135163923dd7d5820f3ee4b306b32/execroot/apollo/bazel-out/local-dbg/bin/modules/perception/camera/test/camera_common_util_test.runfiles/apollo/modules/perception/camera/test/camera_common_util_test: error while loading shared libraries: libcuda.so.1: cannot open shared object file: No such file or directory
================================================================================
FAIL: (10-09 08:47:04.840) //modules/perception/camera/test:camera_common_data_provider_test (see /home/mrb2/.cache/bazel/_bazel_mrb2/540135163923dd7d5820f3ee4b306b32/execroot/apollo/bazel-out/local-dbg/testlogs/modules/perception/camera/test/camera_common_data_provider_test/test.log)
____(10-09 08:47:04.840) From Testing //modules/perception/camera/test:camera_common_data_provider_test:
==================== Test output for //modules/perception/camera/test:camera_common_data_provider_test:
/home/mrb2/.cache/bazel/_bazel_mrb2/540135163923dd7d5820f3ee4b306b32/execroot/apollo/bazel-out/local-dbg/bin/modules/perception/camera/test/camera_common_data_provider_test.runfiles/apollo/modules/perception/camera/test/camera_common_data_provider_test: error while loading shared libraries: libcuda.so.1: cannot open shared object file: No such file or directory
================================================================================
FAIL: (10-09 08:47:04.844) //modules/perception/camera/test:camera_common_twod_threed_util_test (see /home/mrb2/.cache/bazel/_bazel_mrb2/540135163923dd7d5820f3ee4b306b32/execroot/apollo/bazel-out/local-dbg/testlogs/modules/perception/camera/test/camera_common_twod_threed_util_test/test.log)
____(10-09 08:47:04.844) From Testing //modules/perception/camera/test:camera_common_twod_threed_util_test:
==================== Test output for //modules/perception/camera/test:camera_common_twod_threed_util_test:
/home/mrb2/.cache/bazel/_bazel_mrb2/540135163923dd7d5820f3ee4b306b32/execroot/apollo/bazel-out/local-dbg/bin/modules/perception/camera/test/camera_common_twod_threed_util_test.runfiles/apollo/modules/perception/camera/test/camera_common_twod_threed_util_test: error while loading shared libraries: libcuda.so.1: cannot open shared object file: No such file or directory
================================================================================
FAIL: (10-09 08:47:05.012) //modules/perception/base:syncedmem_test (see /home/mrb2/.cache/bazel/_bazel_mrb2/540135163923dd7d5820f3ee4b306b32/execroot/apollo/bazel-out/local-dbg/testlogs/modules/perception/base/syncedmem_test/test.log)
____(10-09 08:47:05.012) From Testing //modules/perception/base:syncedmem_test:
==================== Test output for //modules/perception/base:syncedmem_test:
/home/mrb2/.cache/bazel/_bazel_mrb2/540135163923dd7d5820f3ee4b306b32/execroot/apollo/bazel-out/local-dbg/bin/modules/perception/base/syncedmem_test.runfiles/apollo/modules/perception/base/syncedmem_test: error while loading shared libraries: libcuda.so.1: cannot open shared object file: No such file or directory
================================================================================
FAIL: (10-09 08:47:05.103) //modules/perception/camera/test:camera_lib_lane_detector_denseline_lane_detector_test (see /home/mrb2/.cache/bazel/_bazel_mrb2/540135163923dd7d5820f3ee4b306b32/execroot/apollo/bazel-out/local-dbg/testlogs/modules/perception/camera/test/camera_lib_lane_detector_denseline_lane_detector_test/test.log)
____(10-09 08:47:05.103) From Testing //modules/perception/camera/test:camera_lib_lane_detector_denseline_lane_detector_test:
==================== Test output for //modules/perception/camera/test:camera_lib_lane_detector_denseline_lane_detector_test:
/home/mrb2/.cache/bazel/_bazel_mrb2/540135163923dd7d5820f3ee4b306b32/execroot/apollo/bazel-out/local-dbg/bin/modules/perception/camera/test/camera_lib_lane_detector_denseline_lane_detector_test.runfiles/apollo/modules/perception/camera/test/camera_lib_lane_detector_denseline_lane_detector_test: error while loading shared libraries: libcuda.so.1: cannot open shared object file: No such file or directory
================================================================================
FAIL: (10-09 08:47:05.104) //modules/perception/camera/test:camera_lib_obstacle_detector_yolo_yolo_obstacle_detector_test (see /home/mrb2/.cache/bazel/_bazel_mrb2/540135163923dd7d5820f3ee4b306b32/execroot/apollo/bazel-out/local-dbg/testlogs/modules/perception/camera/test/camera_lib_obstacle_detector_yolo_yolo_obstacle_detector_test/test.log)
____(10-09 08:47:05.104) From Testing //modules/perception/camera/test:camera_lib_obstacle_detector_yolo_yolo_obstacle_detector_test:
==================== Test output for //modules/perception/camera/test:camera_lib_obstacle_detector_yolo_yolo_obstacle_detector_test:
/home/mrb2/.cache/bazel/_bazel_mrb2/540135163923dd7d5820f3ee4b306b32/execroot/apollo/bazel-out/local-dbg/bin/modules/perception/camera/test/camera_lib_obstacle_detector_yolo_yolo_obstacle_detector_test.runfiles/apollo/modules/perception/camera/test/camera_lib_obstacle_detector_yolo_yolo_obstacle_detector_test: error while loading shared libraries: libcuda.so.1: cannot open shared object file: No such file or directory
================================================================================
FAIL: (10-09 08:47:05.124) //modules/perception/base:object_pool_test (see /home/mrb2/.cache/bazel/_bazel_mrb2/540135163923dd7d5820f3ee4b306b32/execroot/apollo/bazel-out/local-dbg/testlogs/modules/perception/base/object_pool_test/test.log)
____(10-09 08:47:05.124) From Testing //modules/perception/base:object_pool_test:
==================== Test output for //modules/perception/base:object_pool_test:
/home/mrb2/.cache/bazel/_bazel_mrb2/540135163923dd7d5820f3ee4b306b32/execroot/apollo/bazel-out/local-dbg/bin/modules/perception/base/object_pool_test.runfiles/apollo/modules/perception/base/object_pool_test: error while loading shared libraries: libcuda.so.1: cannot open shared object file: No such file or directory
================================================================================
FAIL: (10-09 08:47:05.126) //modules/perception/camera/test:camera_lib_lane_detector_darkscnn_lane_detector_test (see /home/mrb2/.cache/bazel/_bazel_mrb2/540135163923dd7d5820f3ee4b306b32/execroot/apollo/bazel-out/local-dbg/testlogs/modules/perception/camera/test/camera_lib_lane_detector_darkscnn_lane_detector_test/test.log)
____(10-09 08:47:05.126) From Testing //modules/perception/camera/test:camera_lib_lane_detector_darkscnn_lane_detector_test:
==================== Test output for //modules/perception/camera/test:camera_lib_lane_detector_darkscnn_lane_detector_test:
/home/mrb2/.cache/bazel/_bazel_mrb2/540135163923dd7d5820f3ee4b306b32/execroot/apollo/bazel-out/local-dbg/bin/modules/perception/camera/test/camera_lib_lane_detector_darkscnn_lane_detector_test.runfiles/apollo/modules/perception/camera/test/camera_lib_lane_detector_darkscnn_lane_detector_test: error while loading shared libraries: libcuda.so.1: cannot open shared object file: No such file or directory
================================================================================
FAIL: (10-09 08:47:05.128) //modules/perception/camera/test:camera_lib_lane_postprocessor_darkscnn_lane_postprocessor_test (see /home/mrb2/.cache/bazel/_bazel_mrb2/540135163923dd7d5820f3ee4b306b32/execroot/apollo/bazel-out/local-dbg/testlogs/modules/perception/camera/test/camera_lib_lane_postprocessor_darkscnn_lane_postprocessor_test/test.log)
____(10-09 08:47:05.128) From Testing //modules/perception/camera/test:camera_lib_lane_postprocessor_darkscnn_lane_postprocessor_test:
==================== Test output for //modules/perception/camera/test:camera_lib_lane_postprocessor_darkscnn_lane_postprocessor_test:
/home/mrb2/.cache/bazel/_bazel_mrb2/540135163923dd7d5820f3ee4b306b32/execroot/apollo/bazel-out/local-dbg/bin/modules/perception/camera/test/camera_lib_lane_postprocessor_darkscnn_lane_postprocessor_test.runfiles/apollo/modules/perception/camera/test/camera_lib_lane_postprocessor_darkscnn_lane_postprocessor_test: error while loading shared libraries: libcuda.so.1: cannot open shared object file: No such file or directory
================================================================================
FAIL: (10-09 08:47:05.145) //modules/perception/camera/test:camera_app_cipv_camera_test (see /home/mrb2/.cache/bazel/_bazel_mrb2/540135163923dd7d5820f3ee4b306b32/execroot/apollo/bazel-out/local-dbg/testlogs/modules/perception/camera/test/camera_app_cipv_camera_test/test.log)
____(10-09 08:47:05.145) From Testing //modules/perception/camera/test:camera_app_cipv_camera_test:
==================== Test output for //modules/perception/camera/test:camera_app_cipv_camera_test:
/home/mrb2/.cache/bazel/_bazel_mrb2/540135163923dd7d5820f3ee4b306b32/execroot/apollo/bazel-out/local-dbg/bin/modules/perception/camera/test/camera_app_cipv_camera_test.runfiles/apollo/modules/perception/camera/test/camera_app_cipv_camera_test: error while loading shared libraries: libcuda.so.1: cannot open shared object file: No such file or directory
================================================================================
____(10-09 08:47:05.176) [15,460 / 15,771] Testing //modules/perception/base:impending_collision_edge_test
PASS: (10-09 08:47:05.258) //modules/perception/base:impending_collision_edge_test
FAIL: (10-09 08:47:05.329) //modules/perception/base:image_test (see /home/mrb2/.cache/bazel/_bazel_mrb2/540135163923dd7d5820f3ee4b306b32/execroot/apollo/bazel-out/local-dbg/testlogs/modules/perception/base/image_test/test.log)
____(10-09 08:47:05.329) From Testing //modules/perception/base:image_test:
==================== Test output for //modules/perception/base:image_test:
/home/mrb2/.cache/bazel/_bazel_mrb2/540135163923dd7d5820f3ee4b306b32/execroot/apollo/bazel-out/local-dbg/bin/modules/perception/base/image_test.runfiles/apollo/modules/perception/base/image_test: error while loading shared libraries: libcuda.so.1: cannot open shared object file: No such file or directory
================================================================================
FAIL: (10-09 08:47:05.351) //modules/perception/base:blob_test (see /home/mrb2/.cache/bazel/_bazel_mrb2/540135163923dd7d5820f3ee4b306b32/execroot/apollo/bazel-out/local-dbg/testlogs/modules/perception/base/blob_test/test.log)
____(10-09 08:47:05.351) From Testing //modules/perception/base:blob_test:
==================== Test output for //modules/perception/base:blob_test:
/home/mrb2/.cache/bazel/_bazel_mrb2/540135163923dd7d5820f3ee4b306b32/execroot/apollo/bazel-out/local-dbg/bin/modules/perception/base/blob_test.runfiles/apollo/modules/perception/base/blob_test: error while loading shared libraries: libcuda.so.1: cannot open shared object file: No such file or directory
================================================================================
PASS: (10-09 08:47:05.379) //modules/perception/base:distortion_model_test
PASS: (10-09 08:47:05.454) //modules/perception/base:omnidirectional_model_test
PASS: (10-09 08:47:05.568) //modules/monitor/common:recurrent_runner_test
PASS: (10-09 08:47:05.763) //modules/map/hdmap:hdmap_util_test
PASS: (10-09 08:47:05.874) //modules/map/relative_map:navigation_lane_test
PASS: (10-09 08:47:06.136) //modules/map/hdmap:hdmap_map_test
PASS: (10-09 08:47:06.168) //modules/map/pnc_map:route_segments_test
PASS: (10-09 08:47:06.362) //modules/map/pnc_map:pnc_map_test
FAIL: (10-09 08:47:07.168) //modules/perception/camera/test:camera_app_obstacle_camera_perception_test (see /home/mrb2/.cache/bazel/_bazel_mrb2/540135163923dd7d5820f3ee4b306b32/execroot/apollo/bazel-out/local-dbg/testlogs/modules/perception/camera/test/camera_app_obstacle_camera_perception_test/test.log)
____(10-09 08:47:07.168) From Testing //modules/perception/camera/test:camera_app_obstacle_camera_perception_test:
==================== Test output for //modules/perception/camera/test:camera_app_obstacle_camera_perception_test:
/home/mrb2/.cache/bazel/_bazel_mrb2/540135163923dd7d5820f3ee4b306b32/execroot/apollo/bazel-out/local-dbg/bin/modules/perception/camera/test/camera_app_obstacle_camera_perception_test.runfiles/apollo/modules/perception/camera/test/camera_app_obstacle_camera_perception_test: error while loading shared libraries: libcuda.so.1: cannot open shared object file: No such file or directory
================================================================================
PASS: (10-09 08:47:07.668) //modules/localization/msf/local_map/ndt_map:localization_msf_ndt_map_config_test
PASS: (10-09 08:47:07.697) //modules/map/pnc_map:pnc_path_test
PASS: (10-09 08:47:07.853) //modules/localization/msf/common/util:localization_msf_common_util_rect2d_test
PASS: (10-09 08:47:08.008) //modules/perception/lib/thread:thread_worker_test
PASS: (10-09 08:47:08.012) //modules/localization/msf/common/util:localization_msf_common_util_compression_test
____(10-09 08:47:08.479) [15,517 / 15,798] Testing //modules/localization/msf/common/io:localization_msf_velodyne_utility_test
PASS: (10-09 08:47:08.585) //modules/localization/msf/local_map/lossy_map:localization_msf_lossy_map_config_2d_test
PASS: (10-09 08:47:08.761) //modules/localization/msf/local_map/base_map:localization_msf_local_map_cache_test
PASS: (10-09 08:47:08.765) //modules/localization/msf/common/io:localization_msf_velodyne_utility_test
PASS: (10-09 08:47:08.772) //modules/localization/msf/local_map/base_map:localization_msf_local_map_node_index_test
PASS: (10-09 08:47:08.796) //modules/localization/msf:msf_localization_test
PASS: (10-09 08:47:08.803) //modules/localization/msf/local_map/lossless_map:localization_msf_lossless_map_config_test
PASS: (10-09 08:47:08.836) //modules/localization/msf/common/util:localization_msf_common_system_utility_test
PASS: (10-09 08:47:08.848) //modules/localization/msf/common/util:localization_msf_common_frame_transform_test
PASS: (10-09 08:47:08.963) //modules/localization/msf/local_map/lossless_map:localization_msf_local_map_pool_test
____(10-09 08:47:09.144) [15,534 / 15,799] Linking modules/control/controller/lat_controller_test
PASS: (10-09 08:47:09.231) //modules/drivers/tools/image_decompress:image_decompress_test
PASS: (10-09 08:47:09.257) //modules/drivers/canbus/can_comm:protocol_data_test
PASS: (10-09 08:47:09.422) //modules/drivers/canbus/can_comm:can_sender_test
PASS: (10-09 08:47:09.504) //modules/drivers/canbus/can_comm:message_manager_test
PASS: (10-09 08:47:09.696) //modules/drivers/canbus/can_comm:can_receiver_test
PASS: (10-09 08:47:09.724) //modules/drivers/canbus/can_client/socket:socket_can_client_raw_test
PASS: (10-09 08:47:09.875) //modules/drivers/canbus/can_client/hermes_can:hermes_can_client_test
PASS: (10-09 08:47:09.925) //modules/drivers/canbus/can_client/fake:fake_can_client_test
PASS: (10-09 08:47:10.089) //modules/drivers/canbus/can_client:can_client_factory_test
PASS: (10-09 08:47:10.363) //modules/dreamview/backend/map:map_service_test
PASS: (10-09 08:47:10.622) //modules/dreamview/backend/sim_control:sim_control_test
PASS: (10-09 08:47:10.946) //modules/dreamview/backend/data_collection_monitor:data_collection_monitor_test
PASS: (10-09 08:47:11.308) //modules/dreamview/backend/hmi:vehicle_manager_test
PASS: (10-09 08:47:11.503) //modules/control/integration_tests:simple_control_test
PASS: (10-09 08:47:11.537) //modules/control/integration_tests:relative_position_test
PASS: (10-09 08:47:11.775) //modules/control/controller:mpc_controller_test
PASS: (10-09 08:47:11.822) //modules/control/integration_tests:mpc_controller_test
PASS: (10-09 08:47:12.064) //modules/control/controller:lon_controller_test
PASS: (10-09 08:47:12.096) //modules/control/controller:lat_controller_test
PASS: (10-09 08:47:12.261) //modules/control/common:pid_controller_test
PASS: (10-09 08:47:12.274) //modules/control/common:trajectory_analyzer_test
PASS: (10-09 08:47:12.486) //modules/control/common:pid_IC_controller_test
PASS: (10-09 08:47:12.491) //modules/control/common:pid_BC_controller_test
PASS: (10-09 08:47:12.506) //modules/dreamview/backend/handlers:websocket_handler_test
PASS: (10-09 08:47:12.711) //modules/control/common:leadlag_controller_test
PASS: (10-09 08:47:12.752) //modules/control/common:interpolation_2d_test
PASS: (10-09 08:47:12.849) //modules/localization/msf/local_map/ndt_map:localization_msf_ndt_map_test
PASS: (10-09 08:47:12.943) //modules/control/common:interpolation_1d_test
PASS: (10-09 08:47:13.116) //modules/common/util:string_util_test
PASS: (10-09 08:47:13.185) //modules/common/util:util_test
PASS: (10-09 08:47:13.227) //modules/common/util:points_downsampler_test
PASS: (10-09 08:47:13.236) //modules/common/util:message_util_test
PASS: (10-09 08:47:13.237) //modules/common/util:string_tokenizer_test
PASS: (10-09 08:47:13.281) //modules/common/vehicle_state:vehicle_state_provider_test
____(10-09 08:47:13.295) [15,610 / 15,834] Testing //modules/common/vehicle_model:vehicle_model_test
PASS: (10-09 08:47:13.295) //modules/common/util:disjoint_set_test
PASS: (10-09 08:47:13.297) //modules/common/util:json_util_test
PASS: (10-09 08:47:13.345) //modules/common/time:time_test
PASS: (10-09 08:47:13.353) //modules/common/util:factory_test
PASS: (10-09 08:47:13.371) //modules/common/math:vec2d_test
PASS: (10-09 08:47:13.380) //modules/common/status:status_test
PASS: (10-09 08:47:13.411) //modules/common/vehicle_model:vehicle_model_test
PASS: (10-09 08:47:13.413) //modules/common/math:quaternion_test
PASS: (10-09 08:47:13.432) //modules/common/math:math_utils_test
PASS: (10-09 08:47:13.459) //modules/common/math:line_segment2d_test
PASS: (10-09 08:47:13.494) //modules/common/math:euler_angles_zxy_test
PASS: (10-09 08:47:13.501) //modules/common/math:linear_interpolation_test
PASS: (10-09 08:47:13.501) //modules/common/math:cartesian_frenet_conversion_test
____(10-09 08:47:13.526) [15,640 / 15,849] Testing //modules/common/monitor_log:monitor_log_buffer_test
PASS: (10-09 08:47:13.546) //modules/common/math:aabox2d_test
PASS: (10-09 08:47:13.593) //modules/common/math:polygon2d_test
____(10-09 08:47:13.611) [15,644 / 15,851] Testing //modules/canbus/vehicle/zhongyun/protocol:vehicle_state_feedback_c1_test
PASS: (10-09 08:47:13.631) //modules/common/monitor_log:monitor_log_buffer_test
____(10-09 08:47:13.643) [15,648 / 15,854] Testing //modules/control:control_component_test
PASS: (10-09 08:47:13.649) //modules/canbus/vehicle/zhongyun/protocol:vehicle_state_feedback_c1_test
PASS: (10-09 08:47:13.680) //modules/canbus/vehicle/zhongyun/protocol:vehicle_state_feedback_2_c4_test
PASS: (10-09 08:47:13.682) //modules/common/configs:vehicle_config_helper_test
PASS: (10-09 08:47:13.696) //modules/canbus/vehicle/zhongyun/protocol:torque_control_a3_test
PASS: (10-09 08:47:13.781) //modules/common/math:aaboxkdtree2d_test
PASS: (10-09 08:47:13.783) //modules/canbus/vehicle/zhongyun/protocol:parking_control_a5_test
PASS: (10-09 08:47:13.784) //modules/canbus/vehicle/zhongyun/protocol:error_state_e1_test
PASS: (10-09 08:47:13.789) //modules/canbus/vehicle/zhongyun/protocol:steering_control_a2_test
PASS: (10-09 08:47:13.803) //modules/canbus/vehicle/zhongyun/protocol:gear_control_a1_test
____(10-09 08:47:13.814) [15,665 / 15,862] Testing //modules/canbus/vehicle/zhongyun/protocol:brake_control_a4_test
PASS: (10-09 08:47:13.859) //modules/common/kv_db:kv_db_test
PASS: (10-09 08:47:13.863) //modules/canbus/vehicle/zhongyun/protocol:enable_state_feedback_c3_test
PASS: (10-09 08:47:13.868) //modules/canbus/vehicle/zhongyun/protocol:brake_control_a4_test
PASS: (10-09 08:47:13.912) //modules/common/filters:digital_filter_test
PASS: (10-09 08:47:13.944) //modules/canbus/vehicle/wey/protocol:fbs4_235_test
PASS: (10-09 08:47:13.946) //modules/canbus/vehicle/wey/protocol:vin_resp3_393_test
PASS: (10-09 08:47:13.976) //modules/canbus/vehicle/zhongyun:zhongyun_vehicle_factory_test
PASS: (10-09 08:47:14.024) //modules/canbus/vehicle/wey/protocol:vin_resp2_392_test
PASS: (10-09 08:47:14.037) //modules/common/time:timer_test
PASS: (10-09 08:47:14.039) //modules/canbus/vehicle/wey/protocol:status_310_test
PASS: (10-09 08:47:14.041) //modules/canbus/vehicle/wey/protocol:vin_resp1_391_test
PASS: (10-09 08:47:14.055) //modules/canbus/vehicle/zhongyun:zhongyun_message_manager_test
PASS: (10-09 08:47:14.065) //modules/canbus/vehicle/zhongyun:zhongyun_controller_test
____(10-09 08:47:14.102) [15,690 / 15,874] Testing //modules/canbus/vehicle/wey:wey_message_manager_test
PASS: (10-09 08:47:14.103) //modules/canbus/vehicle/wey/protocol:fbs2_240_test
PASS: (10-09 08:47:14.108) //modules/canbus/vehicle/wey/protocol:fbs3_237_test
PASS: (10-09 08:47:14.126) //modules/canbus/vehicle/wey/protocol:ads_shifter_115_test
PASS: (10-09 08:47:14.135) //modules/canbus/vehicle/wey:wey_message_manager_test
PASS: (10-09 08:47:14.139) //modules/canbus/vehicle/wey/protocol:ads_req_vin_390_test
PASS: (10-09 08:47:14.189) //modules/canbus/vehicle/wey/protocol:ads3_38e_test
PASS: (10-09 08:47:14.194) //modules/canbus/vehicle/wey/protocol:ads1_111_test
PASS: (10-09 08:47:14.214) //modules/canbus/vehicle/wey/protocol:fbs1_243_test
PASS: (10-09 08:47:14.227) //modules/canbus/vehicle/transit/protocol:llc_vehiclestatus_25_test
PASS: (10-09 08:47:14.274) //modules/canbus/vehicle/transit/protocol:llc_motionfeedback2_21_test
PASS: (10-09 08:47:14.281) //modules/canbus/vehicle/transit/protocol:llc_diag_steeringcontrol_722_test
PASS: (10-09 08:47:14.310) //modules/canbus/vehicle/wey:wey_vehicle_factory_test
PASS: (10-09 08:47:14.316) //modules/canbus/vehicle/transit/protocol:llc_auxiliaryfeedback_120_test
PASS: (10-09 08:47:14.320) //modules/canbus/vehicle/transit/protocol:llc_diag_brakecontrol_721_test
PASS: (10-09 08:47:14.374) //modules/canbus/vehicle/transit/protocol:Motioncontrollimits1_12
PASS: (10-09 08:47:14.376) //modules/canbus/vehicle/transit/protocol:Motionfeedback1_20_test
PASS: (10-09 08:47:14.416) //modules/canbus/vehicle/transit/protocol:Diag_fault_620_test
PASS: (10-09 08:47:14.424) //modules/canbus/vehicle/transit/protocol:Motioncommandfeedback1_22_test
PASS: (10-09 08:47:14.475) //modules/canbus/vehicle/transit/protocol:Auxiliarycontrol_110_test
PASS: (10-09 08:47:14.477) //modules/canbus/vehicle/wey:wey_controller_test
PASS: (10-09 08:47:14.509) //modules/canbus/vehicle/lincoln/protocol:wheelspeed_6a_test
PASS: (10-09 08:47:14.548) //modules/canbus/vehicle/lincoln/protocol:turnsignal_68_test
PASS: (10-09 08:47:14.553) //modules/canbus/vehicle/lincoln/protocol:tirepressure_71_test
PASS: (10-09 08:47:14.583) //modules/canbus/vehicle/transit:transit_vehicle_factory_test
PASS: (10-09 08:47:14.597) //modules/canbus/vehicle/lincoln/protocol:throttleinfo_75_test
PASS: (10-09 08:47:14.602) //modules/canbus/vehicle/transit:transit_controller_test
____(10-09 08:47:14.613) [15,740 / 15,898] Testing //modules/canbus/vehicle/lincoln/protocol:surround_73_test
PASS: (10-09 08:47:14.642) //modules/canbus/vehicle/lincoln/protocol:throttle_63_test
PASS: (10-09 08:47:14.642) //modules/canbus/vehicle/lincoln/protocol:steering_65_test
PASS: (10-09 08:47:14.644) //modules/canbus/vehicle/lincoln/protocol:surround_73_test
PASS: (10-09 08:47:14.679) //modules/canbus/vehicle/lincoln/protocol:steering_64_test
PASS: (10-09 08:47:14.684) //modules/canbus/vehicle/lincoln/protocol:misc_69_test
PASS: (10-09 08:47:14.719) //modules/canbus/vehicle/lincoln/protocol:gyro_6c_test
PASS: (10-09 08:47:14.730) //modules/canbus/vehicle/lincoln/protocol:gps_6f_test
PASS: (10-09 08:47:14.731) //modules/canbus/vehicle/lincoln/protocol:gps_6e_test
PASS: (10-09 08:47:14.765) //modules/canbus/vehicle/lincoln/protocol:gear_67_test
PASS: (10-09 08:47:14.771) //modules/canbus/vehicle/lincoln/protocol:gps_6d_test
PASS: (10-09 08:47:14.810) //modules/canbus/vehicle/lincoln/protocol:gear_66_test
PASS: (10-09 08:47:14.817) //modules/canbus/vehicle/lincoln/protocol:fuellevel_72_test
PASS: (10-09 08:47:14.818) //modules/canbus/vehicle/lincoln/protocol:brakeinfo_74_test
PASS: (10-09 08:47:14.846) //modules/canbus/vehicle/lincoln/protocol:brake_61_test
PASS: (10-09 08:47:14.861) //modules/canbus/vehicle/lincoln/protocol:accel_6b_test
PASS: (10-09 08:47:14.892) //modules/canbus/vehicle/lincoln/protocol:brake_60_test
PASS: (10-09 08:47:14.947) //modules/canbus/vehicle/gem/protocol:steering_motor_rpt_3_75_test
PASS: (10-09 08:47:14.965) //modules/canbus/vehicle/lincoln:lincoln_message_manager_test
PASS: (10-09 08:47:14.981) //modules/canbus/vehicle/gem/protocol:yaw_rate_rpt_81_test
PASS: (10-09 08:47:15.002) //modules/canbus/vehicle/lincoln:lincoln_vehicle_factory_test
PASS: (10-09 08:47:15.031) //modules/canbus/vehicle/gem/protocol:wiper_rpt_91_test
PASS: (10-09 08:47:15.045) //modules/canbus/vehicle/gem/protocol:wheel_speed_rpt_7a_test
PASS: (10-09 08:47:15.055) //modules/canbus/vehicle/gem/protocol:steering_rpt_1_6e_test
PASS: (10-09 08:47:15.071) //modules/canbus/vehicle/gem/protocol:accel_rpt_68_test
PASS: (10-09 08:47:15.083) //modules/canbus/vehicle/gem/protocol:steering_motor_rpt_1_73_test
PASS: (10-09 08:47:15.133) //modules/canbus/vehicle/gem/protocol:global_rpt_6a_test
PASS: (10-09 08:47:15.139) //modules/canbus/vehicle/gem/protocol:steering_motor_rpt_2_74_test
PASS: (10-09 08:47:15.140) //modules/canbus/vehicle/gem/protocol:lat_lon_heading_rpt_82_test
PASS: (10-09 08:47:15.159) //modules/canbus/vehicle/gem/protocol:brake_rpt_6c_test
PASS: (10-09 08:47:15.168) //modules/canbus/vehicle/gem/protocol:brake_motor_rpt_3_72_test
____(10-09 08:47:15.198) [15,801 / 15,929] Testing //modules/canbus/vehicle/gem/protocol:accel_cmd_67_test
PASS: (10-09 08:47:15.212) //modules/canbus/vehicle/gem/protocol:brake_motor_rpt_2_71_test
PASS: (10-09 08:47:15.232) //modules/canbus/vehicle/gem/protocol:accel_cmd_67_test
PASS: (10-09 08:47:15.233) //modules/canbus/vehicle/gem/protocol:brake_motor_rpt_1_70_test
PASS: (10-09 08:47:15.247) //modules/control:control_component_test
PASS: (10-09 08:47:15.265) //modules/canbus/vehicle/gem:gem_message_manager_test
PASS: (10-09 08:47:15.294) //modules/canbus/vehicle/gem/protocol:date_time_rpt_83_test
PASS: (10-09 08:47:15.306) //modules/canbus/vehicle/ge3/protocol:scu_vcu_1_312_test
PASS: (10-09 08:47:15.315) //modules/canbus/vehicle/ge3/protocol:scu_vcu_2_313_test
PASS: (10-09 08:47:15.352) //modules/canbus/vehicle/gem:gem_vehicle_factory_test
PASS: (10-09 08:47:15.364) //modules/canbus/vehicle/ge3/protocol:scu_eps_311_test
PASS: (10-09 08:47:15.375) //modules/canbus/vehicle/ge3/protocol:scu_epb_310_test
PASS: (10-09 08:47:15.386) //modules/canbus/vehicle/ge3/protocol:scu_bcs_3_308_test
PASS: (10-09 08:47:15.395) //modules/canbus/vehicle/lincoln:lincoln_controller_test
PASS: (10-09 08:47:15.400) //modules/canbus/vehicle/ge3/protocol:scu_bcs_2_307_test
PASS: (10-09 08:47:15.412) //modules/canbus/vehicle/ge3/protocol:scu_bcs_1_306_test
PASS: (10-09 08:47:15.450) //modules/canbus/vehicle/ge3/protocol:scu_bcm_304_test
PASS: (10-09 08:47:15.452) //modules/canbus/vehicle/ge3/protocol:scu_3_303_test
PASS: (10-09 08:47:15.472) //modules/canbus/vehicle/ge3/protocol:scu_2_302_test
PASS: (10-09 08:47:15.492) //modules/canbus/vehicle/ge3/protocol:scu_1_301_test
PASS: (10-09 08:47:15.492) //modules/canbus/vehicle/ge3/protocol:pc_vcu_205_test
PASS: (10-09 08:47:15.538) //modules/canbus/vehicle/ge3/protocol:pc_eps_204_test
PASS: (10-09 08:47:15.538) //modules/canbus/vehicle/ge3/protocol:pc_epb_203_test
PASS: (10-09 08:47:15.574) //modules/canbus/vehicle/ge3/protocol:pc_bcs_202_test
PASS: (10-09 08:47:15.583) //modules/canbus/vehicle/ge3/protocol:pc_bcm_201_test
PASS: (10-09 08:47:15.626) //modules/canbus/vehicle/ge3:ge3_message_manager_test
PASS: (10-09 08:47:15.652) //modules/canbus/vehicle/ch/protocol:throttle_command_110_test
PASS: (10-09 08:47:15.666) //modules/canbus/vehicle/ch/protocol:turnsignal_command_113_test
PASS: (10-09 08:47:15.671) //modules/canbus/vehicle/ge3:ge3_controller_test
PASS: (10-09 08:47:15.699) //modules/canbus/vehicle/ge3:ge3_vehicle_factory_test
PASS: (10-09 08:47:15.711) //modules/canbus/vehicle/ch/protocol:gear_status_514_test
PASS: (10-09 08:47:15.735) //modules/canbus/vehicle/ch/protocol:steer_status__512_test
PASS: (10-09 08:47:15.737) //modules/canbus/vehicle/ch/protocol:ecu_status_1_515_test
PASS: (10-09 08:47:15.753) //modules/canbus/vehicle/ch/protocol:steer_command_112_test
PASS: (10-09 08:47:15.770) //modules/canbus/vehicle/ch/protocol:gear_command_114_test
PASS: (10-09 08:47:15.781) //modules/localization/ndt/ndt_locator:ndt_lidar_locator_test
PASS: (10-09 08:47:15.807) //modules/canbus/vehicle/ch/protocol:ecu_status_3_517_test
PASS: (10-09 08:47:15.816) //modules/canbus/vehicle/ch/protocol:ecu_status_2_516_test
PASS: (10-09 08:47:15.822) //modules/canbus/vehicle/ch/protocol:control_command_115_test
PASS: (10-09 08:47:15.831) //modules/canbus/vehicle/ch/protocol:brake_status__511_test
PASS: (10-09 08:47:15.854) //modules/canbus/vehicle/ch/protocol:brake_command_111_test
PASS: (10-09 08:47:15.914) //modules/canbus/vehicle/ch/protocol:turnsignal_status__513_test
PASS: (10-09 08:47:15.917) //modules/canbus/vehicle/ch:ch_message_manager_test
PASS: (10-09 08:47:15.990) //modules/canbus/vehicle/ch:ch_vehicle_factory_test
PASS: (10-09 08:47:16.076) //modules/canbus/vehicle:vehicle_factory_test
PASS: (10-09 08:47:16.406) //modules/canbus:canbus_test
PASS: (10-09 08:47:16.411) //modules/canbus/vehicle/ch:ch_controller_test
PASS: (10-09 08:47:16.443) //modules/bridge/common:bridge_proto_buf_test
PASS: (10-09 08:47:16.650) //cyber/transport:rtps_test
PASS: (10-09 08:47:16.692) //cyber/transport:transport_test
PASS: (10-09 08:47:16.746) //cyber/transport:message_test
PASS: (10-09 08:47:16.762) //cyber/transport:intra_transceiver_test
PASS: (10-09 08:47:16.913) //cyber/transport:intra_dispatcher_test
PASS: (10-09 08:47:16.933) //cyber/transport:dispatcher_test
PASS: (10-09 08:47:16.933) //cyber/transport:common_test
PASS: (10-09 08:47:17.088) //cyber/time:time_test
PASS: (10-09 08:47:17.093) //cyber/transport:shm_transceiver_test
PASS: (10-09 08:47:17.120) //cyber/time:duration_test
PASS: (10-09 08:47:17.149) //cyber/service_discovery:service_manager_test
____(10-09 08:47:17.150) [15,923 / 15,990] Linking cyber/message/message_header_test
PASS: (10-09 08:47:17.210) //modules/bridge:udp_bridge_component_test
PASS: (10-09 08:47:17.226) //cyber/task:task_test
PASS: (10-09 08:47:17.285) //cyber/service_discovery:role_test
PASS: (10-09 08:47:17.330) //cyber/service_discovery:topology_manager_test
PASS: (10-09 08:47:17.336) //cyber/service_discovery:node_manager_test
PASS: (10-09 08:47:17.353) //cyber/service_discovery:graph_test
PASS: (10-09 08:47:17.372) //cyber/service_discovery:channel_manager_test
PASS: (10-09 08:47:17.546) //cyber/scheduler:scheduler_choreo_test
PASS: (10-09 08:47:17.548) //cyber/scheduler:scheduler_test
PASS: (10-09 08:47:17.651) //cyber/record:record_reader_test
____(10-09 08:47:17.681) [15,948 / 16,003] Testing //cyber/parameter:parameter_client_test
PASS: (10-09 08:47:17.719) //cyber/transport:rtps_transceiver_test
PASS: (10-09 08:47:17.725) //cyber/parameter:parameter_test
PASS: (10-09 08:47:17.774) //cyber/record:record_file_test
PASS: (10-09 08:47:17.857) //cyber/record:record_viewer_test
PASS: (10-09 08:47:17.897) //cyber/node:node_test
PASS: (10-09 08:47:17.919) //cyber/message:raw_message_test
PASS: (10-09 08:47:17.929) //cyber/message:protobuf_factory_test
PASS: (10-09 08:47:17.953) //cyber/message:message_traits_test
PASS: (10-09 08:47:18.021) //cyber/transport:rtps_dispatcher_test
PASS: (10-09 08:47:18.106) //cyber/message:message_header_test
PASS: (10-09 08:47:18.109) //cyber/logger:log_file_object_test
PASS: (10-09 08:47:18.145) //cyber/logger:logger_test
PASS: (10-09 08:47:18.253) //cyber/parameter:parameter_server_test
PASS: (10-09 08:47:18.315) //cyber/data:data_dispatcher_test
PASS: (10-09 08:47:18.325) //cyber/data:data_visitor_test
PASS: (10-09 08:47:18.366) //cyber/io:poller_test
PASS: (10-09 08:47:18.394) //cyber/scheduler:scheduler_classic_test
____(10-09 08:47:18.397) [15,981 / 16,020] Compiling modules/third_party_perception/fusion.cc
PASS: (10-09 08:47:18.418) //cyber/data:channel_buffer_test
PASS: (10-09 08:47:18.527) //cyber/data:all_latest_test
PASS: (10-09 08:47:18.534) //cyber/croutine:croutine_test
____(10-09 08:47:18.562) [15,999 / 16,046] Writing file modules/third_party_perception/libthird_party_perception_component.so-2.params
PASS: (10-09 08:47:18.620) //cyber/transport:shm_dispatcher_test
PASS: (10-09 08:47:18.623) //cyber/common:macros_test
____(10-09 08:47:18.631) [16,038 / 16,092] Compiling modules/tools/prediction/fake_prediction/fake_prediction.cc
PASS: (10-09 08:47:18.660) //cyber/component:timer_component_test
____(10-09 08:47:18.661) [16,039 / 16,093] Writing file modules/tools/prediction/fake_prediction/libfake_prediction_component.so-2.params
PASS: (10-09 08:47:18.695) //cyber/common:log_test
PASS: (10-09 08:47:18.728) //cyber/common:file_test
PASS: (10-09 08:47:18.795) //cyber/blocker:blocker_test
PASS: (10-09 08:47:18.808) //modules/canbus/vehicle/ch/protocol:throttle_status__510_test
____(10-09 08:47:18.883) [16,071 / 16,124] Testing //cyber/blocker:blocker_manager_test
PASS: (10-09 08:47:18.915) //modules/canbus/vehicle/lincoln/protocol:version_7f_test
____(10-09 08:47:18.945) [16,077 / 16,128] Linking modules/third_party_perception/integration_tests/libthird_party_perception_test_base.a
PASS: (10-09 08:47:18.964) //modules/canbus/vehicle/gem:gem_controller_test
PASS: (10-09 08:47:18.990) //cyber/blocker:blocker_manager_test
____(10-09 08:47:19.021) [16,082 / 16,132] Testing //modules/canbus/vehicle/wey/protocol:ads_eps_113_test
PASS: (10-09 08:47:19.051) //modules/canbus/vehicle/lincoln/protocol:throttle_62_test
PASS: (10-09 08:47:19.053) //modules/canbus/vehicle/transit/protocol:adc_motioncontrol1_10_test
PASS: (10-09 08:47:19.059) //cyber/component:component_test
PASS: (10-09 08:47:19.061) //modules/canbus/vehicle/wey/protocol:fail_241_test
PASS: (10-09 08:47:19.062) //modules/canbus/vehicle/transit/protocol:Vehiclelimits_24_test
PASS: (10-09 08:47:19.063) //modules/canbus/vehicle/wey/protocol:ads_eps_113_test
____(10-09 08:47:19.116) [16,101 / 16,150] Compiling modules/tools/visualizer/moc_fixedaspectratiowidget.cpp
PASS: (10-09 08:47:19.179) //cyber/transport:hybrid_transceiver_test
PASS: (10-09 08:47:19.321) //modules/common/math:box2d_test
==================== Test output for //modules/perception/fusion/lib/data_fusion/existance_fusion/dst_existance_fusion:dst_existance_fusion_test:
/home/mrb2/.cache/bazel/_bazel_mrb2/540135163923dd7d5820f3ee4b306b32/execroot/apollo/bazel-out/local-dbg/bin/modules/perception/fusion/lib/data_fusion/existance_fusion/dst_existance_fusion/dst_existance_fusion_test.runfiles/apollo/modules/perception/fusion/lib/data_fusion/existance_fusion/dst_existance_fusion/dst_existance_fusion_test: error while loading shared libraries: libcuda.so.1: cannot open shared object file: No such file or directory
================================================================================
FAIL: (10-09 08:47:19.639) //modules/perception/fusion/lib/data_fusion/existance_fusion/dst_existance_fusion:dst_existance_fusion_test (see /home/mrb2/.cache/bazel/_bazel_mrb2/540135163923dd7d5820f3ee4b306b32/execroot/apollo/bazel-out/local-dbg/testlogs/modules/perception/fusion/lib/data_fusion/existance_fusion/dst_existance_fusion/dst_existance_fusion_test/test.log)
____(10-09 08:47:19.639) From Testing //modules/perception/fusion/lib/data_fusion/existance_fusion/dst_existance_fusion:dst_existance_fusion_test:
PASS: (10-09 08:47:19.781) //modules/v2x/v2x_proxy/os_interface:os_interface_test
____(10-09 08:47:19.815) [16,129 / 16,179] Compiling modules/tools/visualizer/moc_scene_viewer.cpp
PASS: (10-09 08:47:19.841) //modules/v2x/v2x_proxy/obu_interface/grpc_interface:grpc_server_test
PASS: (10-09 08:47:20.123) //cyber/node:writer_reader_test
PASS: (10-09 08:47:21.597) //cyber/timer:timer_test
PASS: (10-09 08:47:23.982) //modules/v2x/v2x_proxy/obu_interface/grpc_interface:grpc_client_test
PASS: (10-09 08:47:24.267) //modules/v2x/v2x_proxy/obu_interface:obu_interface_grpc_impl_test
____(10-09 08:47:25.213) [16,324 / 16,351] Linking modules/transform/static_transform_component_test
PASS: (10-09 08:47:25.400) //modules/localization/ndt/ndt_locator:ndt_solver_test
PASS: (10-09 08:47:25.499) //modules/transform:static_transform_component_test
____(10-09 08:47:28.995) [16,334 / 16,352] Linking modules/tools/manual_traffic_light/libmanual_traffic_light_component.so
PASS: (10-09 08:47:33.192) //cyber/parameter:parameter_client_test
____(10-09 08:47:35.841) [16,344 / 16,352] Linking modules/dreamview/backend/simulation_world/simulation_world_service_test
PASS: (10-09 08:47:37.835) //modules/dreamview/backend/simulation_world:simulation_world_service_test
____(10-09 08:47:38.293) [16,351 / 16,353] Linking modules/third_party_perception/libthird_party_perception_component.so
____(10-09 08:47:43.991) Elapsed time: 292.804s, Critical Path: 85.88s
//cyber/base:atomic_hash_map_test                                        PASSED in 1.0s
//cyber/base:atomic_rw_lock_test                                         PASSED in 0.1s
//cyber/base:bounded_queue_test                                          PASSED in 0.6s
//cyber/base:for_each_test                                               PASSED in 0.1s
//cyber/base:object_pool_test                                            PASSED in 0.9s
//cyber/base:signal_test                                                 PASSED in 0.0s
//cyber/blocker:blocker_manager_test                                     PASSED in 0.1s
//cyber/blocker:blocker_test                                             PASSED in 0.1s
//cyber/common:file_test                                                 PASSED in 0.1s
//cyber/common:log_test                                                  PASSED in 0.1s
//cyber/common:macros_test                                               PASSED in 0.1s
//cyber/component:component_test                                         PASSED in 0.4s
//cyber/component:timer_component_test                                   PASSED in 0.3s
//cyber/croutine:croutine_test                                           PASSED in 0.1s
//cyber/data:all_latest_test                                             PASSED in 0.1s
//cyber/data:cache_buffer_test                                           PASSED in 0.1s
//cyber/data:channel_buffer_test                                         PASSED in 0.1s
//cyber/data:data_dispatcher_test                                        PASSED in 0.1s
//cyber/data:data_visitor_test                                           PASSED in 0.1s
//cyber/io:poller_test                                                   PASSED in 0.3s
//cyber/logger:log_file_object_test                                      PASSED in 0.1s
//cyber/logger:logger_test                                               PASSED in 0.1s
//cyber/message:message_header_test                                      PASSED in 0.1s
//cyber/message:message_traits_test                                      PASSED in 0.1s
//cyber/message:protobuf_factory_test                                    PASSED in 0.1s
//cyber/message:raw_message_test                                         PASSED in 0.1s
//cyber/node:node_test                                                   PASSED in 0.1s
//cyber/node:writer_reader_test                                          PASSED in 1.9s
//cyber/parameter:parameter_client_test                                  PASSED in 15.5s
//cyber/parameter:parameter_server_test                                  PASSED in 0.6s
//cyber/parameter:parameter_test                                         PASSED in 0.1s
//cyber/record:record_file_test                                          PASSED in 0.3s
//cyber/record:record_reader_test                                        PASSED in 0.2s
//cyber/record:record_viewer_test                                        PASSED in 0.4s
//cyber/scheduler:scheduler_choreo_test                                  PASSED in 0.1s
//cyber/scheduler:scheduler_classic_test                                 PASSED in 1.0s
//cyber/scheduler:scheduler_test                                         PASSED in 0.3s
//cyber/service_discovery:channel_manager_test                           PASSED in 0.1s
//cyber/service_discovery:graph_test                                     PASSED in 0.1s
//cyber/service_discovery:node_manager_test                              PASSED in 0.1s
//cyber/service_discovery:role_test                                      PASSED in 0.1s
//cyber/service_discovery:service_manager_test                           PASSED in 0.1s
//cyber/service_discovery:topology_manager_test                          PASSED in 0.3s
//cyber/task:task_test                                                   PASSED in 0.1s
//cyber/time:duration_test                                               PASSED in 0.1s
//cyber/time:time_test                                                   PASSED in 0.1s
//cyber/timer:timer_test                                                 PASSED in 4.7s
  WARNING: //cyber/timer:timer_test: Test execution time (4.7s excluding execution overhead) outside of range for MODERATE tests. Consider setting timeout="short" or size="small".
//cyber/transport:common_test                                            PASSED in 0.1s
//cyber/transport:dispatcher_test                                        PASSED in 0.1s
//cyber/transport:hybrid_transceiver_test                                PASSED in 2.3s
//cyber/transport:intra_dispatcher_test                                  PASSED in 0.1s
//cyber/transport:intra_transceiver_test                                 PASSED in 0.1s
//cyber/transport:message_test                                           PASSED in 0.1s
//cyber/transport:rtps_dispatcher_test                                   PASSED in 1.3s
//cyber/transport:rtps_test                                              PASSED in 0.1s
//cyber/transport:rtps_transceiver_test                                  PASSED in 1.2s
//cyber/transport:shm_dispatcher_test                                    PASSED in 2.1s
//cyber/transport:shm_transceiver_test                                   PASSED in 0.7s
//cyber/transport:transport_test                                         PASSED in 0.2s
//modules/bridge/common:bridge_buffer_test                               PASSED in 0.0s
//modules/bridge/common:bridge_proto_buf_test                            PASSED in 0.2s
//modules/bridge:udp_bridge_component_test                               PASSED in 0.4s
//modules/canbus:canbus_test                                             PASSED in 0.2s
//modules/canbus/vehicle/ch:ch_controller_test                           PASSED in 0.4s
//modules/canbus/vehicle/ch:ch_message_manager_test                      PASSED in 0.0s
//modules/canbus/vehicle/ch:ch_vehicle_factory_test                      PASSED in 0.1s
//modules/canbus/vehicle/ch/protocol:brake_command_111_test              PASSED in 0.0s
//modules/canbus/vehicle/ch/protocol:brake_status__511_test              PASSED in 0.0s
//modules/canbus/vehicle/ch/protocol:control_command_115_test            PASSED in 0.0s
//modules/canbus/vehicle/ch/protocol:ecu_status_1_515_test               PASSED in 0.0s
//modules/canbus/vehicle/ch/protocol:ecu_status_2_516_test               PASSED in 0.0s
//modules/canbus/vehicle/ch/protocol:ecu_status_3_517_test               PASSED in 0.0s
//modules/canbus/vehicle/ch/protocol:gear_command_114_test               PASSED in 0.0s
//modules/canbus/vehicle/ch/protocol:gear_status_514_test                PASSED in 0.0s
//modules/canbus/vehicle/ch/protocol:steer_command_112_test              PASSED in 0.0s
//modules/canbus/vehicle/ch/protocol:steer_status__512_test              PASSED in 0.0s
//modules/canbus/vehicle/ch/protocol:throttle_command_110_test           PASSED in 0.0s
//modules/canbus/vehicle/ch/protocol:throttle_status__510_test           PASSED in 0.0s
//modules/canbus/vehicle/ch/protocol:turnsignal_command_113_test         PASSED in 0.0s
//modules/canbus/vehicle/ch/protocol:turnsignal_status__513_test         PASSED in 0.0s
//modules/canbus/vehicle/ge3:ge3_controller_test                         PASSED in 0.1s
//modules/canbus/vehicle/ge3:ge3_message_manager_test                    PASSED in 0.0s
//modules/canbus/vehicle/ge3:ge3_vehicle_factory_test                    PASSED in 0.0s
//modules/canbus/vehicle/ge3/protocol:pc_bcm_201_test                    PASSED in 0.0s
//modules/canbus/vehicle/ge3/protocol:pc_bcs_202_test                    PASSED in 0.0s
//modules/canbus/vehicle/ge3/protocol:pc_epb_203_test                    PASSED in 0.0s
//modules/canbus/vehicle/ge3/protocol:pc_eps_204_test                    PASSED in 0.0s
//modules/canbus/vehicle/ge3/protocol:pc_vcu_205_test                    PASSED in 0.0s
//modules/canbus/vehicle/ge3/protocol:scu_1_301_test                     PASSED in 0.0s
//modules/canbus/vehicle/ge3/protocol:scu_2_302_test                     PASSED in 0.0s
//modules/canbus/vehicle/ge3/protocol:scu_3_303_test                     PASSED in 0.0s
//modules/canbus/vehicle/ge3/protocol:scu_bcm_304_test                   PASSED in 0.0s
//modules/canbus/vehicle/ge3/protocol:scu_bcs_1_306_test                 PASSED in 0.0s
//modules/canbus/vehicle/ge3/protocol:scu_bcs_2_307_test                 PASSED in 0.0s
//modules/canbus/vehicle/ge3/protocol:scu_bcs_3_308_test                 PASSED in 0.0s
//modules/canbus/vehicle/ge3/protocol:scu_epb_310_test                   PASSED in 0.0s
//modules/canbus/vehicle/ge3/protocol:scu_eps_311_test                   PASSED in 0.0s
//modules/canbus/vehicle/ge3/protocol:scu_vcu_1_312_test                 PASSED in 0.0s
//modules/canbus/vehicle/ge3/protocol:scu_vcu_2_313_test                 PASSED in 0.0s
//modules/canbus/vehicle/gem:gem_controller_test                         PASSED in 0.1s
//modules/canbus/vehicle/gem:gem_message_manager_test                    PASSED in 0.0s
//modules/canbus/vehicle/gem:gem_vehicle_factory_test                    PASSED in 0.0s
//modules/canbus/vehicle/gem/protocol:accel_cmd_67_test                  PASSED in 0.0s
//modules/canbus/vehicle/gem/protocol:accel_rpt_68_test                  PASSED in 0.0s
//modules/canbus/vehicle/gem/protocol:brake_motor_rpt_1_70_test          PASSED in 0.0s
//modules/canbus/vehicle/gem/protocol:brake_motor_rpt_2_71_test          PASSED in 0.0s
//modules/canbus/vehicle/gem/protocol:brake_motor_rpt_3_72_test          PASSED in 0.0s
//modules/canbus/vehicle/gem/protocol:brake_rpt_6c_test                  PASSED in 0.0s
//modules/canbus/vehicle/gem/protocol:date_time_rpt_83_test              PASSED in 0.0s
//modules/canbus/vehicle/gem/protocol:global_rpt_6a_test                 PASSED in 0.0s
//modules/canbus/vehicle/gem/protocol:lat_lon_heading_rpt_82_test        PASSED in 0.0s
//modules/canbus/vehicle/gem/protocol:steering_motor_rpt_1_73_test       PASSED in 0.0s
//modules/canbus/vehicle/gem/protocol:steering_motor_rpt_2_74_test       PASSED in 0.0s
//modules/canbus/vehicle/gem/protocol:steering_motor_rpt_3_75_test       PASSED in 0.0s
//modules/canbus/vehicle/gem/protocol:steering_rpt_1_6e_test             PASSED in 0.0s
//modules/canbus/vehicle/gem/protocol:wheel_speed_rpt_7a_test            PASSED in 0.0s
//modules/canbus/vehicle/gem/protocol:wiper_rpt_91_test                  PASSED in 0.0s
//modules/canbus/vehicle/gem/protocol:yaw_rate_rpt_81_test               PASSED in 0.0s
//modules/canbus/vehicle/lincoln:lincoln_controller_test                 PASSED in 0.4s
//modules/canbus/vehicle/lincoln:lincoln_message_manager_test            PASSED in 0.0s
//modules/canbus/vehicle/lincoln:lincoln_vehicle_factory_test            PASSED in 0.0s
//modules/canbus/vehicle/lincoln/protocol:accel_6b_test                  PASSED in 0.0s
//modules/canbus/vehicle/lincoln/protocol:brake_60_test                  PASSED in 0.0s
//modules/canbus/vehicle/lincoln/protocol:brake_61_test                  PASSED in 0.0s
//modules/canbus/vehicle/lincoln/protocol:brakeinfo_74_test              PASSED in 0.0s
//modules/canbus/vehicle/lincoln/protocol:fuellevel_72_test              PASSED in 0.0s
//modules/canbus/vehicle/lincoln/protocol:gear_66_test                   PASSED in 0.0s
//modules/canbus/vehicle/lincoln/protocol:gear_67_test                   PASSED in 0.0s
//modules/canbus/vehicle/lincoln/protocol:gps_6d_test                    PASSED in 0.0s
//modules/canbus/vehicle/lincoln/protocol:gps_6e_test                    PASSED in 0.0s
//modules/canbus/vehicle/lincoln/protocol:gps_6f_test                    PASSED in 0.0s
//modules/canbus/vehicle/lincoln/protocol:gyro_6c_test                   PASSED in 0.0s
//modules/canbus/vehicle/lincoln/protocol:misc_69_test                   PASSED in 0.0s
//modules/canbus/vehicle/lincoln/protocol:steering_64_test               PASSED in 0.0s
//modules/canbus/vehicle/lincoln/protocol:steering_65_test               PASSED in 0.0s
//modules/canbus/vehicle/lincoln/protocol:surround_73_test               PASSED in 0.0s
//modules/canbus/vehicle/lincoln/protocol:throttle_62_test               PASSED in 0.1s
//modules/canbus/vehicle/lincoln/protocol:throttle_63_test               PASSED in 0.0s
//modules/canbus/vehicle/lincoln/protocol:throttleinfo_75_test           PASSED in 0.0s
//modules/canbus/vehicle/lincoln/protocol:tirepressure_71_test           PASSED in 0.0s
//modules/canbus/vehicle/lincoln/protocol:turnsignal_68_test             PASSED in 0.0s
//modules/canbus/vehicle/lincoln/protocol:version_7f_test                PASSED in 0.1s
//modules/canbus/vehicle/lincoln/protocol:wheelspeed_6a_test             PASSED in 0.0s
//modules/canbus/vehicle/transit/protocol:Auxiliarycontrol_110_test      PASSED in 0.0s
//modules/canbus/vehicle/transit/protocol:Diag_fault_620_test            PASSED in 0.0s
//modules/canbus/vehicle/transit/protocol:Motioncommandfeedback1_22_test PASSED in 0.0s
//modules/canbus/vehicle/transit/protocol:Motioncontrollimits1_12        PASSED in 0.0s
//modules/canbus/vehicle/transit/protocol:Motionfeedback1_20_test        PASSED in 0.0s
//modules/canbus/vehicle/transit/protocol:Vehiclelimits_24_test          PASSED in 0.1s
//modules/canbus/vehicle/transit/protocol:adc_motioncontrol1_10_test     PASSED in 0.1s
//modules/canbus/vehicle/transit/protocol:llc_auxiliaryfeedback_120_test PASSED in 0.0s
//modules/canbus/vehicle/transit/protocol:llc_diag_brakecontrol_721_test PASSED in 0.0s
//modules/canbus/vehicle/transit/protocol:llc_diag_steeringcontrol_722_test PASSED in 0.0s
//modules/canbus/vehicle/transit/protocol:llc_motionfeedback2_21_test    PASSED in 0.0s
//modules/canbus/vehicle/transit/protocol:llc_vehiclestatus_25_test      PASSED in 0.0s
//modules/canbus/vehicle/transit:transit_controller_test                 PASSED in 0.0s
//modules/canbus/vehicle/transit:transit_vehicle_factory_test            PASSED in 0.1s
//modules/canbus/vehicle:vehicle_factory_test                            PASSED in 0.1s
//modules/canbus/vehicle/wey/protocol:ads1_111_test                      PASSED in 0.0s
//modules/canbus/vehicle/wey/protocol:ads3_38e_test                      PASSED in 0.0s
//modules/canbus/vehicle/wey/protocol:ads_eps_113_test                   PASSED in 0.0s
//modules/canbus/vehicle/wey/protocol:ads_req_vin_390_test               PASSED in 0.0s
//modules/canbus/vehicle/wey/protocol:ads_shifter_115_test               PASSED in 0.0s
//modules/canbus/vehicle/wey/protocol:fail_241_test                      PASSED in 0.0s
//modules/canbus/vehicle/wey/protocol:fbs1_243_test                      PASSED in 0.0s
//modules/canbus/vehicle/wey/protocol:fbs2_240_test                      PASSED in 0.0s
//modules/canbus/vehicle/wey/protocol:fbs3_237_test                      PASSED in 0.0s
//modules/canbus/vehicle/wey/protocol:fbs4_235_test                      PASSED in 0.0s
//modules/canbus/vehicle/wey/protocol:status_310_test                    PASSED in 0.0s
//modules/canbus/vehicle/wey/protocol:vin_resp1_391_test                 PASSED in 0.0s
//modules/canbus/vehicle/wey/protocol:vin_resp2_392_test                 PASSED in 0.0s
//modules/canbus/vehicle/wey/protocol:vin_resp3_393_test                 PASSED in 0.0s
//modules/canbus/vehicle/wey:wey_controller_test                         PASSED in 0.1s
//modules/canbus/vehicle/wey:wey_message_manager_test                    PASSED in 0.0s
//modules/canbus/vehicle/wey:wey_vehicle_factory_test                    PASSED in 0.0s
//modules/canbus/vehicle/zhongyun/protocol:brake_control_a4_test         PASSED in 0.0s
//modules/canbus/vehicle/zhongyun/protocol:enable_state_feedback_c3_test PASSED in 0.0s
//modules/canbus/vehicle/zhongyun/protocol:error_state_e1_test           PASSED in 0.0s
//modules/canbus/vehicle/zhongyun/protocol:gear_control_a1_test          PASSED in 0.0s
//modules/canbus/vehicle/zhongyun/protocol:parking_control_a5_test       PASSED in 0.0s
//modules/canbus/vehicle/zhongyun/protocol:steering_control_a2_test      PASSED in 0.0s
//modules/canbus/vehicle/zhongyun/protocol:torque_control_a3_test        PASSED in 0.0s
//modules/canbus/vehicle/zhongyun/protocol:vehicle_state_feedback_2_c4_test PASSED in 0.0s
//modules/canbus/vehicle/zhongyun/protocol:vehicle_state_feedback_c1_test PASSED in 0.0s
//modules/canbus/vehicle/zhongyun:zhongyun_controller_test               PASSED in 0.1s
//modules/canbus/vehicle/zhongyun:zhongyun_message_manager_test          PASSED in 0.0s
//modules/canbus/vehicle/zhongyun:zhongyun_vehicle_factory_test          PASSED in 0.1s
//modules/common/configs:vehicle_config_helper_test                      PASSED in 0.0s
//modules/common/filters:digital_filter_coefficients_test                PASSED in 0.0s
//modules/common/filters:digital_filter_test                             PASSED in 0.1s
//modules/common/filters:mean_filter_test                                PASSED in 0.0s
//modules/common/kv_db:kv_db_test                                        PASSED in 0.3s
//modules/common/math:aabox2d_test                                       PASSED in 0.0s
//modules/common/math:aaboxkdtree2d_test                                 PASSED in 0.3s
//modules/common/math:angle_test                                         PASSED in 0.0s
//modules/common/math:box2d_test                                         PASSED in 0.3s
//modules/common/math:cartesian_frenet_conversion_test                   PASSED in 0.0s
//modules/common/math:euler_angles_zxy_test                              PASSED in 0.0s
//modules/common/math:integral_test                                      PASSED in 0.3s
//modules/common/math:kalman_filter_test                                 PASSED in 0.0s
//modules/common/math:line_segment2d_test                                PASSED in 0.0s
//modules/common/math:linear_interpolation_test                          PASSED in 0.0s
//modules/common/math:math_utils_test                                    PASSED in 0.0s
//modules/common/math:matrix_operations_test                             PASSED in 0.0s
//modules/common/math:mpc_test                                           PASSED in 0.1s
//modules/common/math:polygon2d_test                                     PASSED in 0.2s
//modules/common/math/qp_solver:active_set_qp_solver_test                PASSED in 0.0s
//modules/common/math:quaternion_test                                    PASSED in 0.0s
//modules/common/math:search_test                                        PASSED in 0.1s
//modules/common/math:vec2d_test                                         PASSED in 0.0s
//modules/common/monitor_log:monitor_log_buffer_test                     PASSED in 0.1s
//modules/common/status:status_test                                      PASSED in 0.0s
//modules/common/time:time_test                                          PASSED in 0.0s
//modules/common/time:timer_test                                         PASSED in 0.7s
//modules/common/util:disjoint_set_test                                  PASSED in 0.0s
//modules/common/util:factory_test                                       PASSED in 0.0s
//modules/common/util:json_util_test                                     PASSED in 0.0s
//modules/common/util:lru_cache_test                                     PASSED in 0.0s
//modules/common/util:message_util_test                                  PASSED in 0.0s
//modules/common/util:points_downsampler_test                            PASSED in 0.0s
//modules/common/util:string_tokenizer_test                              PASSED in 0.0s
//modules/common/util:string_util_test                                   PASSED in 0.0s
//modules/common/util:util_test                                          PASSED in 0.0s
//modules/common/vehicle_model:vehicle_model_test                        PASSED in 0.1s
//modules/common/vehicle_state:vehicle_state_provider_test               PASSED in 0.1s
//modules/control/common:hysteresis_filter_test                          PASSED in 0.1s
//modules/control/common:interpolation_1d_test                           PASSED in 0.1s
//modules/control/common:interpolation_2d_test                           PASSED in 0.1s
//modules/control/common:leadlag_controller_test                         PASSED in 0.1s
//modules/control/common:pid_BC_controller_test                          PASSED in 0.1s
//modules/control/common:pid_IC_controller_test                          PASSED in 0.1s
//modules/control/common:pid_controller_test                             PASSED in 0.1s
//modules/control/common:trajectory_analyzer_test                        PASSED in 0.2s
//modules/control:control_component_test                                 PASSED in 1.6s
//modules/control/controller:lat_controller_test                         PASSED in 0.2s
//modules/control/controller:lon_controller_test                         PASSED in 0.2s
//modules/control/controller:mpc_controller_test                         PASSED in 0.2s
//modules/control/integration_tests:mpc_controller_test                  PASSED in 0.2s
//modules/control/integration_tests:relative_position_test               PASSED in 0.2s
//modules/control/integration_tests:simple_control_test                  PASSED in 0.3s
//modules/dreamview/backend/data_collection_monitor:data_collection_monitor_test PASSED in 0.2s
//modules/dreamview/backend/handlers:websocket_handler_test              PASSED in 1.9s
//modules/dreamview/backend/hmi:hmi_worker_test                          PASSED in 0.1s
//modules/dreamview/backend/hmi:vehicle_manager_test                     PASSED in 0.8s
//modules/dreamview/backend/map:map_service_test                         PASSED in 0.1s
//modules/dreamview/backend/sim_control:sim_control_test                 PASSED in 0.2s
//modules/dreamview/backend/simulation_world:simulation_world_service_test PASSED in 1.4s
//modules/drivers/canbus/can_client:can_client_factory_test              PASSED in 0.1s
//modules/drivers/canbus/can_client/fake:fake_can_client_test            PASSED in 0.1s
//modules/drivers/canbus/can_client/hermes_can:hermes_can_client_test    PASSED in 0.1s
//modules/drivers/canbus/can_client/socket:socket_can_client_raw_test    PASSED in 0.1s
//modules/drivers/canbus/can_comm:can_receiver_test                      PASSED in 0.1s
//modules/drivers/canbus/can_comm:can_sender_test                        PASSED in 0.1s
//modules/drivers/canbus/can_comm:message_manager_test                   PASSED in 0.1s
//modules/drivers/canbus/can_comm:protocol_data_test                     PASSED in 0.0s
//modules/drivers/canbus/common:byte_test                                PASSED in 0.1s
//modules/drivers/tools/image_decompress:image_decompress_test           PASSED in 0.1s
//modules/localization/msf/common/io:localization_msf_velodyne_utility_test PASSED in 0.3s
//modules/localization/msf/common/util:localization_msf_common_frame_transform_test PASSED in 0.8s
//modules/localization/msf/common/util:localization_msf_common_system_utility_test PASSED in 0.9s
//modules/localization/msf/common/util:localization_msf_common_util_compression_test PASSED in 0.1s
//modules/localization/msf/common/util:localization_msf_common_util_rect2d_test PASSED in 0.1s
//modules/localization/msf/local_map/base_map:localization_msf_local_map_cache_test PASSED in 0.9s
//modules/localization/msf/local_map/base_map:localization_msf_local_map_node_index_test PASSED in 0.9s
//modules/localization/msf/local_map/lossless_map:localization_msf_local_map_pool_test PASSED in 1.2s
  WARNING: //modules/localization/msf/local_map/lossless_map:localization_msf_local_map_pool_test: Test execution time (1.2s excluding execution overhead) outside of range for MODERATE tests. Consider setting timeout="short" or size="small".
//modules/localization/msf/local_map/lossless_map:localization_msf_lossless_map_config_test PASSED in 1.2s
  WARNING: //modules/localization/msf/local_map/lossless_map:localization_msf_lossless_map_config_test: Test execution time (1.2s excluding execution overhead) outside of range for MODERATE tests. Consider setting timeout="short" or size="small".
//modules/localization/msf/local_map/lossy_map:localization_msf_lossy_map_config_2d_test PASSED in 1.0s
//modules/localization/msf/local_map/ndt_map:localization_msf_ndt_map_config_test PASSED in 0.1s
//modules/localization/msf/local_map/ndt_map:localization_msf_ndt_map_test PASSED in 4.9s
//modules/localization/msf:msf_localization_test                         PASSED in 0.5s
//modules/localization/ndt:ndt_localization_pose_buffer_test             PASSED in 1.0s
//modules/localization/ndt:ndt_localization_test                         PASSED in 1.3s
//modules/localization/ndt/ndt_locator:ndt_lidar_locator_test            PASSED in 9.2s
//modules/localization/ndt/ndt_locator:ndt_solver_test                   PASSED in 18.5s
//modules/localization/rtk:rtk_localization_test                         PASSED in 0.1s
//modules/map/hdmap:hdmap_map_test                                       PASSED in 0.4s
//modules/map/hdmap:hdmap_util_test                                      PASSED in 0.0s
//modules/map/pnc_map:pnc_map_test                                       PASSED in 0.6s
//modules/map/pnc_map:pnc_path_test                                      PASSED in 2.1s
//modules/map/pnc_map:route_segments_test                                PASSED in 0.6s
//modules/map/relative_map:navigation_lane_test                          PASSED in 0.2s
//modules/monitor/common:recurrent_runner_test                           PASSED in 0.1s
//modules/perception/base:box_test                                       PASSED in 0.1s
//modules/perception/base:camera_test                                    PASSED in 0.0s
//modules/perception/base:distortion_model_test                          PASSED in 0.1s
//modules/perception/base:impending_collision_edge_test                  PASSED in 0.1s
//modules/perception/base:object_test                                    PASSED in 0.0s
//modules/perception/base:omnidirectional_model_test                     PASSED in 0.1s
//modules/perception/base:point_cloud_test                               PASSED in 0.1s
//modules/perception/base:polynomial_test                                PASSED in 0.0s
//modules/perception/camera/test:camera_lib_calibrator_common_histogram_estimator_test PASSED in 0.1s
//modules/perception/common/geometry:basic_test                          PASSED in 0.0s
//modules/perception/common/geometry:camera_homography_test              PASSED in 0.1s
//modules/perception/common/geometry:convex_hull_2d_test                 PASSED in 0.2s
//modules/perception/common/geometry:roi_filter_test                     PASSED in 0.0s
//modules/perception/common/graph:conditional_clustering_test            PASSED in 0.1s
//modules/perception/common/graph:connected_component_analysis_test      PASSED in 0.1s
//modules/perception/common/graph:disjoint_set_test                      PASSED in 0.1s
//modules/perception/common/graph:gated_hungarian_bigraph_matcher_test   PASSED in 0.1s
//modules/perception/common/graph:graph_segmentor_test                   PASSED in 0.1s
//modules/perception/common/graph:hungarian_optimizer_test               PASSED in 0.0s
//modules/perception/common/graph:secure_matrix_test                     PASSED in 0.0s
//modules/perception/common/image_processing:hough_transfer_test         PASSED in 0.0s
//modules/perception/common/io:io_util_test                              PASSED in 0.1s
//modules/perception/common/sensor_manager:sensor_manager_test           PASSED in 0.1s
//modules/perception/inference/tensorrt:batch_stream_test                PASSED in 0.2s
//modules/perception/inference/tensorrt:rt_utils_test                    PASSED in 0.4s
//modules/perception/lib/config_manager:config_manager_test              PASSED in 0.3s
//modules/perception/lib/registerer:registerer_test                      PASSED in 0.2s
//modules/perception/lib/thread:concurrent_queue_test                    PASSED in 0.3s
//modules/perception/lib/thread:thread_pool_test                         PASSED in 0.2s
//modules/perception/lib/thread:thread_test                              PASSED in 0.4s
//modules/perception/lib/thread:thread_worker_test                       PASSED in 10.2s
//modules/perception/lib/utils:perception_time_util_test                 PASSED in 0.0s
//modules/perception/lib/utils:perception_timer_test                     PASSED in 0.9s
//modules/perception/lidar/common:cloud_mask_test                        PASSED in 0.0s
//modules/planning/common:ego_info_test                                  PASSED in 0.6s
//modules/planning/common:frame_test                                     PASSED in 0.7s
//modules/planning/common:indexed_list_test                              PASSED in 0.1s
//modules/planning/common:indexed_queue_test                             PASSED in 0.1s
//modules/planning/common:obstacle_test                                  PASSED in 0.4s
//modules/planning/common:open_space_info_test                           PASSED in 0.2s
//modules/planning/common/path:discretized_path_test                     PASSED in 0.1s
//modules/planning/common/path:frenet_frame_path_test                    PASSED in 0.2s
//modules/planning/common:reference_line_info_test                       PASSED in 0.4s
//modules/planning/common/speed:st_boundary_test                         PASSED in 0.2s
//modules/planning/common:speed_limit_test                               PASSED in 0.2s
//modules/planning/common:speed_profile_generator_test                   PASSED in 0.7s
//modules/planning/common:st_graph_data_test                             PASSED in 0.2s
//modules/planning/common/trajectory:discretized_trajectory_test         PASSED in 0.3s
//modules/planning/common/trajectory:publishable_trajectory_test         PASSED in 0.4s
//modules/planning/math/curve1d:cubic_polynomial_curve1d_test            PASSED in 0.2s
//modules/planning/math/curve1d:piecewise_quintic_spiral_path_test       PASSED in 0.1s
//modules/planning/math/curve1d:quartic_polynomial_curve1d_test          PASSED in 0.2s
//modules/planning/math/curve1d:quintic_polynomial_curve1d_test          PASSED in 0.1s
//modules/planning/math:curve_math_test                                  PASSED in 0.0s
//modules/planning/math/smoothing_spline:active_set_spline_1d_solver_test PASSED in 0.3s
//modules/planning/math/smoothing_spline:active_set_spline_2d_solver_test PASSED in 0.1s
//modules/planning/math/smoothing_spline:osqp_spline_1d_solver_test      PASSED in 0.2s
//modules/planning/math/smoothing_spline:osqp_spline_2d_solver_test      PASSED in 0.2s
//modules/planning/math/smoothing_spline:piecewise_linear_constraint_test PASSED in 0.1s
//modules/planning/math/smoothing_spline:piecewise_linear_kernel_test    PASSED in 0.2s
//modules/planning/math/smoothing_spline:spline_1d_constraint_test       PASSED in 0.2s
//modules/planning/math/smoothing_spline:spline_1d_kernel_test           PASSED in 0.0s
//modules/planning/math/smoothing_spline:spline_2d_constraint_test       PASSED in 0.1s
//modules/planning/math/smoothing_spline:spline_2d_kernel_test           PASSED in 0.1s
//modules/planning/navi/decider:navi_decider_test                        PASSED in 0.5s
//modules/planning/open_space/coarse_trajectory_generator:hybrid_a_star_test PASSED in 0.7s
//modules/planning/open_space/coarse_trajectory_generator:node3d_test    PASSED in 0.6s
//modules/planning/open_space/coarse_trajectory_generator:reeds_shepp_path_test PASSED in 0.4s
//modules/planning/open_space/trajectory_smoother:distance_approach_ipopt_cuda_interface_test PASSED in 0.4s
//modules/planning/open_space/trajectory_smoother:distance_approach_ipopt_interface_test PASSED in 0.4s
//modules/planning/open_space/trajectory_smoother:distance_approach_problem_test PASSED in 0.3s
//modules/planning/open_space/trajectory_smoother:dual_variable_warm_start_ipopt_interface_test PASSED in 0.3s
//modules/planning/open_space/trajectory_smoother:dual_variable_warm_start_osqp_interface_test PASSED in 0.8s
//modules/planning/open_space/trajectory_smoother:dual_variable_warm_start_problem_test PASSED in 0.3s
//modules/planning/planner/navi:navi_planner_test                        PASSED in 1.3s
//modules/planning/planner:navi_planner_dispatcher_test                  PASSED in 1.0s
//modules/planning/planner:on_lane_planner_dispatcher_test               PASSED in 1.3s
//modules/planning/planner/public_road:public_road_planner_test          PASSED in 0.9s
//modules/planning/planner/rtk:rtk_replay_planner_test                   PASSED in 0.8s
//modules/planning/reference_line:discrete_points_reference_line_smoother_test PASSED in 0.5s
//modules/planning/reference_line:qp_spline_reference_line_smoother_test PASSED in 0.2s
//modules/planning/reference_line:spiral_reference_line_smoother_test    PASSED in 13.1s
//modules/planning/scenarios/bare_intersection/unprotected:bare_intersection_unprotected_scenario_test PASSED in 0.8s
//modules/planning/scenarios/lane_follow:lane_follow_scenario_test       PASSED in 0.7s
//modules/planning/scenarios/narrow_street_u_turn:narrow_street_u_turn_scenario_test PASSED in 0.6s
//modules/planning/scenarios/park/pull_over:pull_over_scenario_test      PASSED in 0.6s
//modules/planning/scenarios/park/pull_over:stage_approach_test          PASSED in 0.4s
//modules/planning/scenarios/park/valet_parking:stage_approaching_parking_spot_test PASSED in 0.4s
//modules/planning/scenarios/park/valet_parking:stage_parking_test       PASSED in 0.4s
//modules/planning/scenarios/park/valet_parking:valet_parking_scenario_test PASSED in 0.4s
//modules/planning/scenarios/park_and_go:park_and_go_scenario_test       PASSED in 0.4s
//modules/planning/scenarios/park_and_go:stage_check_test                PASSED in 0.4s
//modules/planning/scenarios/stop_sign/unprotected:stop_sign_unprotected_scenario_test PASSED in 0.4s
//modules/planning/scenarios/traffic_light/protected:traffic_light_protected_scenario_test PASSED in 0.4s
//modules/planning/scenarios/traffic_light/unprotected_left_turn:traffic_light_left_turn_unprotected_scenario_test PASSED in 0.5s
//modules/planning/scenarios/traffic_light/unprotected_right_turn:traffic_light_right_turn_unprotected_scenario_test PASSED in 0.4s
//modules/planning/tasks/deciders/creep_decider:creep_decider_test       PASSED in 0.3s
//modules/planning/tasks/deciders/open_space_decider:open_space_fallback_decider_test PASSED in 0.3s
//modules/planning/tasks/deciders/open_space_decider:open_space_roi_decider_test PASSED in 0.3s
//modules/planning/tasks/deciders/path_bounds_decider:path_bounds_decider_test PASSED in 0.3s
//modules/planning/tasks/deciders/speed_bounds_decider:speed_limit_decider_test PASSED in 0.3s
//modules/planning/tasks/deciders/speed_bounds_decider:st_boundary_mapper_test PASSED in 0.3s
//modules/planning/tasks/optimizers/open_space_trajectory_generation:open_space_trajectory_optimizer_test PASSED in 0.3s
//modules/planning/tasks/optimizers/open_space_trajectory_generation:open_space_trajectory_provider_test PASSED in 0.4s
//modules/planning/tasks/optimizers/open_space_trajectory_partition:open_space_trajectory_partition_test PASSED in 0.3s
//modules/planning/tasks/optimizers/path_time_heuristic:gridded_path_time_graph_test PASSED in 0.3s
//modules/planning/tasks/rss:decider_rss_test                            PASSED in 0.3s
//modules/planning/tuning:autotuning_mlp_net_model_test                  PASSED in 0.1s
//modules/planning/tuning:autotuning_raw_feature_generator_test          PASSED in 0.3s
//modules/planning/tuning/speed_model:autotuning_speed_feature_builder_test PASSED in 0.0s
//modules/planning/tuning/speed_model:autotuning_speed_mlp_model_test    PASSED in 0.1s
//modules/prediction/common:environment_features_test                    PASSED in 0.1s
//modules/prediction/common:feature_output_test                          PASSED in 0.2s
//modules/prediction/common:junction_analyzer_test                       PASSED in 0.1s
//modules/prediction/common:prediction_map_test                          PASSED in 0.1s
//modules/prediction/common:prediction_thread_pool_test                  PASSED in 0.1s
//modules/prediction/common:prediction_util_test                         PASSED in 0.1s
//modules/prediction/common:road_graph_test                              PASSED in 0.1s
//modules/prediction/common:validation_checker_test                      PASSED in 0.1s
//modules/prediction/container/adc_trajectory:adc_trajectory_container_test PASSED in 0.2s
//modules/prediction/container:container_manager_test                    PASSED in 0.2s
//modules/prediction/container/obstacles:obstacle_clusters_test          PASSED in 0.1s
//modules/prediction/container/obstacles:obstacle_test                   PASSED in 0.3s
//modules/prediction/container/obstacles:obstacles_container_test        PASSED in 0.3s
//modules/prediction/container/pose:pose_container_test                  PASSED in 0.0s
//modules/prediction/evaluator/cyclist:cyclist_keep_lane_evaluator_test  PASSED in 0.2s
//modules/prediction/evaluator:evaluator_manager_test                    PASSED in 0.9s
//modules/prediction/evaluator/pedestrian:pedestrian_interaction_evaluator_test PASSED in 0.8s
//modules/prediction/evaluator/vehicle:cost_evaluator_test               PASSED in 0.3s
//modules/prediction/evaluator/vehicle:cruise_mlp_evaluator_test         PASSED in 0.7s
//modules/prediction/evaluator/vehicle:junction_mlp_evaluator_test       PASSED in 0.7s
//modules/prediction/evaluator/vehicle:mlp_evaluator_test                PASSED in 0.2s
//modules/prediction/evaluator/vehicle:rnn_evaluator_test                PASSED in 0.2s
//modules/prediction/network:net_layer_test                              PASSED in 0.1s
//modules/prediction/network:net_util_test                               PASSED in 0.1s
//modules/prediction/network/rnn_model:rnn_model_test                    PASSED in 0.2s
//modules/prediction:prediction_component_test                           PASSED in 0.7s
//modules/prediction/predictor/empty:empty_predictor_test                PASSED in 0.2s
//modules/prediction/predictor/free_move:free_move_predictor_test        PASSED in 0.2s
//modules/prediction/predictor/interaction:interaction_predictor_test    PASSED in 0.3s
//modules/prediction/predictor/junction:junction_predictor_test          PASSED in 1.2s
//modules/prediction/predictor/lane_sequence:lane_sequence_predictor_test PASSED in 0.3s
//modules/prediction/predictor/move_sequence:move_sequence_predictor_test PASSED in 0.3s
//modules/prediction/predictor:predictor_manager_test                    PASSED in 1.3s
//modules/prediction/predictor/regional:regional_predictor_test          PASSED in 0.2s
//modules/prediction/predictor/sequence:sequence_predictor_test          PASSED in 0.2s
//modules/prediction/predictor/single_lane:single_lane_predictor_test    PASSED in 0.3s
//modules/prediction/scenario/analyzer:scenario_analyzer_test            PASSED in 0.1s
//modules/prediction/scenario/feature_extractor:feature_extractor_test   PASSED in 0.2s
//modules/prediction/scenario/scenario_features:cruise_scenario_features_test PASSED in 0.2s
//modules/prediction/scenario:scenario_manager_test                      PASSED in 0.2s
//modules/routing/graph:sub_topo_graph_test                              PASSED in 0.1s
//modules/routing/graph:topo_graph_test                                  PASSED in 0.1s
//modules/routing/graph:topo_node_test                                   PASSED in 0.1s
//modules/routing/graph:topo_range_test                                  PASSED in 0.1s
//modules/routing/topo_creator:graph_creator_test                        PASSED in 0.1s
//modules/transform:static_transform_component_test                      PASSED in 0.1s
//modules/v2x/v2x_proxy/obu_interface/grpc_interface:grpc_client_test    PASSED in 0.1s
//modules/v2x/v2x_proxy/obu_interface/grpc_interface:grpc_server_test    PASSED in 0.5s
//modules/v2x/v2x_proxy/obu_interface:obu_interface_grpc_impl_test       PASSED in 0.3s
//modules/v2x/v2x_proxy/os_interface:os_interface_test                   PASSED in 0.5s
  WARNING: //modules/v2x/v2x_proxy/os_interface:os_interface_test: Test execution time (0.5s excluding execution overhead) outside of range for MODERATE tests. Consider setting timeout="short" or size="small".
//modules/perception/base:blob_test                                      FAILED in 0.0s
  /home/mrb2/.cache/bazel/_bazel_mrb2/540135163923dd7d5820f3ee4b306b32/execroot/apollo/bazel-out/local-dbg/testlogs/modules/perception/base/blob_test/test.log
//modules/perception/base:common_test                                    FAILED in 0.0s
  /home/mrb2/.cache/bazel/_bazel_mrb2/540135163923dd7d5820f3ee4b306b32/execroot/apollo/bazel-out/local-dbg/testlogs/modules/perception/base/common_test/test.log
//modules/perception/base:image_test                                     FAILED in 0.0s
  /home/mrb2/.cache/bazel/_bazel_mrb2/540135163923dd7d5820f3ee4b306b32/execroot/apollo/bazel-out/local-dbg/testlogs/modules/perception/base/image_test/test.log
//modules/perception/base:object_pool_test                               FAILED in 0.0s
  /home/mrb2/.cache/bazel/_bazel_mrb2/540135163923dd7d5820f3ee4b306b32/execroot/apollo/bazel-out/local-dbg/testlogs/modules/perception/base/object_pool_test/test.log
//modules/perception/base:syncedmem_test                                 FAILED in 0.0s
  /home/mrb2/.cache/bazel/_bazel_mrb2/540135163923dd7d5820f3ee4b306b32/execroot/apollo/bazel-out/local-dbg/testlogs/modules/perception/base/syncedmem_test/test.log
//modules/perception/camera/test:camera_app_cipv_camera_test             FAILED in 0.0s
  /home/mrb2/.cache/bazel/_bazel_mrb2/540135163923dd7d5820f3ee4b306b32/execroot/apollo/bazel-out/local-dbg/testlogs/modules/perception/camera/test/camera_app_cipv_camera_test/test.log
//modules/perception/camera/test:camera_app_obstacle_camera_perception_test FAILED in 1.8s
  /home/mrb2/.cache/bazel/_bazel_mrb2/540135163923dd7d5820f3ee4b306b32/execroot/apollo/bazel-out/local-dbg/testlogs/modules/perception/camera/test/camera_app_obstacle_camera_perception_test/test.log
//modules/perception/camera/test:camera_common_camera_ground_plane_test  FAILED in 0.0s
  /home/mrb2/.cache/bazel/_bazel_mrb2/540135163923dd7d5820f3ee4b306b32/execroot/apollo/bazel-out/local-dbg/testlogs/modules/perception/camera/test/camera_common_camera_ground_plane_test/test.log
//modules/perception/camera/test:camera_common_data_provider_test        FAILED in 0.0s
  /home/mrb2/.cache/bazel/_bazel_mrb2/540135163923dd7d5820f3ee4b306b32/execroot/apollo/bazel-out/local-dbg/testlogs/modules/perception/camera/test/camera_common_data_provider_test/test.log
//modules/perception/camera/test:camera_common_twod_threed_util_test     FAILED in 0.0s
  /home/mrb2/.cache/bazel/_bazel_mrb2/540135163923dd7d5820f3ee4b306b32/execroot/apollo/bazel-out/local-dbg/testlogs/modules/perception/camera/test/camera_common_twod_threed_util_test/test.log
//modules/perception/camera/test:camera_common_util_test                 FAILED in 0.0s
  /home/mrb2/.cache/bazel/_bazel_mrb2/540135163923dd7d5820f3ee4b306b32/execroot/apollo/bazel-out/local-dbg/testlogs/modules/perception/camera/test/camera_common_util_test/test.log
//modules/perception/camera/test:camera_common_veh_template_test         FAILED in 0.0s
  /home/mrb2/.cache/bazel/_bazel_mrb2/540135163923dd7d5820f3ee4b306b32/execroot/apollo/bazel-out/local-dbg/testlogs/modules/perception/camera/test/camera_common_veh_template_test/test.log
//modules/perception/camera/test:camera_lib_calibration_service_online_calibration_service_test FAILED in 0.0s
  /home/mrb2/.cache/bazel/_bazel_mrb2/540135163923dd7d5820f3ee4b306b32/execroot/apollo/bazel-out/local-dbg/testlogs/modules/perception/camera/test/camera_lib_calibration_service_online_calibration_service_test/test.log
//modules/perception/camera/test:camera_lib_dummy_algorithms_test        FAILED in 0.0s
  /home/mrb2/.cache/bazel/_bazel_mrb2/540135163923dd7d5820f3ee4b306b32/execroot/apollo/bazel-out/local-dbg/testlogs/modules/perception/camera/test/camera_lib_dummy_algorithms_test/test.log
//modules/perception/camera/test:camera_lib_feature_extractor_tfe_tracking_feat_extractor_test FAILED in 0.0s
  /home/mrb2/.cache/bazel/_bazel_mrb2/540135163923dd7d5820f3ee4b306b32/execroot/apollo/bazel-out/local-dbg/testlogs/modules/perception/camera/test/camera_lib_feature_extractor_tfe_tracking_feat_extractor_test/test.log
//modules/perception/camera/test:camera_lib_interface_test               FAILED in 0.0s
  /home/mrb2/.cache/bazel/_bazel_mrb2/540135163923dd7d5820f3ee4b306b32/execroot/apollo/bazel-out/local-dbg/testlogs/modules/perception/camera/test/camera_lib_interface_test/test.log
//modules/perception/camera/test:camera_lib_lane_common_functions_test   FAILED in 0.0s
  /home/mrb2/.cache/bazel/_bazel_mrb2/540135163923dd7d5820f3ee4b306b32/execroot/apollo/bazel-out/local-dbg/testlogs/modules/perception/camera/test/camera_lib_lane_common_functions_test/test.log
//modules/perception/camera/test:camera_lib_lane_detector_darkscnn_lane_detector_test FAILED in 1.0s
  /home/mrb2/.cache/bazel/_bazel_mrb2/540135163923dd7d5820f3ee4b306b32/execroot/apollo/bazel-out/local-dbg/testlogs/modules/perception/camera/test/camera_lib_lane_detector_darkscnn_lane_detector_test/test.log
//modules/perception/camera/test:camera_lib_lane_detector_denseline_lane_detector_test FAILED in 1.4s
  /home/mrb2/.cache/bazel/_bazel_mrb2/540135163923dd7d5820f3ee4b306b32/execroot/apollo/bazel-out/local-dbg/testlogs/modules/perception/camera/test/camera_lib_lane_detector_denseline_lane_detector_test/test.log
//modules/perception/camera/test:camera_lib_lane_postprocessor_darkscnn_lane_postprocessor_test FAILED in 1.3s
  /home/mrb2/.cache/bazel/_bazel_mrb2/540135163923dd7d5820f3ee4b306b32/execroot/apollo/bazel-out/local-dbg/testlogs/modules/perception/camera/test/camera_lib_lane_postprocessor_darkscnn_lane_postprocessor_test/test.log
//modules/perception/camera/test:camera_lib_lane_postprocessor_denseline_lane_postprocessor_test FAILED in 0.0s
  /home/mrb2/.cache/bazel/_bazel_mrb2/540135163923dd7d5820f3ee4b306b32/execroot/apollo/bazel-out/local-dbg/testlogs/modules/perception/camera/test/camera_lib_lane_postprocessor_denseline_lane_postprocessor_test/test.log
//modules/perception/camera/test:camera_lib_obstacle_detector_yolo_region_output_test FAILED in 0.0s
  /home/mrb2/.cache/bazel/_bazel_mrb2/540135163923dd7d5820f3ee4b306b32/execroot/apollo/bazel-out/local-dbg/testlogs/modules/perception/camera/test/camera_lib_obstacle_detector_yolo_region_output_test/test.log
//modules/perception/camera/test:camera_lib_obstacle_detector_yolo_yolo_obstacle_detector_test FAILED in 1.5s
  /home/mrb2/.cache/bazel/_bazel_mrb2/540135163923dd7d5820f3ee4b306b32/execroot/apollo/bazel-out/local-dbg/testlogs/modules/perception/camera/test/camera_lib_obstacle_detector_yolo_yolo_obstacle_detector_test/test.log
//modules/perception/camera/test:camera_lib_obstacle_postprocessor_location_refiner_test FAILED in 0.0s
  /home/mrb2/.cache/bazel/_bazel_mrb2/540135163923dd7d5820f3ee4b306b32/execroot/apollo/bazel-out/local-dbg/testlogs/modules/perception/camera/test/camera_lib_obstacle_postprocessor_location_refiner_test/test.log
//modules/perception/camera/test:camera_lib_obstacle_tracker_common_test FAILED in 0.0s
  /home/mrb2/.cache/bazel/_bazel_mrb2/540135163923dd7d5820f3ee4b306b32/execroot/apollo/bazel-out/local-dbg/testlogs/modules/perception/camera/test/camera_lib_obstacle_tracker_common_test/test.log
//modules/perception/camera/test:camera_lib_obstacle_tracker_omt_frame_list_test FAILED in 0.0s
  /home/mrb2/.cache/bazel/_bazel_mrb2/540135163923dd7d5820f3ee4b306b32/execroot/apollo/bazel-out/local-dbg/testlogs/modules/perception/camera/test/camera_lib_obstacle_tracker_omt_frame_list_test/test.log
//modules/perception/camera/test:camera_lib_obstacle_tracker_omt_target_test FAILED in 0.0s
  /home/mrb2/.cache/bazel/_bazel_mrb2/540135163923dd7d5820f3ee4b306b32/execroot/apollo/bazel-out/local-dbg/testlogs/modules/perception/camera/test/camera_lib_obstacle_tracker_omt_target_test/test.log
//modules/perception/camera/test:camera_lib_obstacle_transformer_multicue_multicue_obstacle_transformer_test FAILED in 0.0s
  /home/mrb2/.cache/bazel/_bazel_mrb2/540135163923dd7d5820f3ee4b306b32/execroot/apollo/bazel-out/local-dbg/testlogs/modules/perception/camera/test/camera_lib_obstacle_transformer_multicue_multicue_obstacle_transformer_test/test.log
//modules/perception/camera/test:camera_lib_traffic_light_detector_crop_test FAILED in 0.0s
  /home/mrb2/.cache/bazel/_bazel_mrb2/540135163923dd7d5820f3ee4b306b32/execroot/apollo/bazel-out/local-dbg/testlogs/modules/perception/camera/test/camera_lib_traffic_light_detector_crop_test/test.log
//modules/perception/camera/test:camera_lib_traffic_light_detector_select_test FAILED in 0.0s
  /home/mrb2/.cache/bazel/_bazel_mrb2/540135163923dd7d5820f3ee4b306b32/execroot/apollo/bazel-out/local-dbg/testlogs/modules/perception/camera/test/camera_lib_traffic_light_detector_select_test/test.log
//modules/perception/camera/test:camera_lib_traffic_light_tracker_test   FAILED in 0.0s
  /home/mrb2/.cache/bazel/_bazel_mrb2/540135163923dd7d5820f3ee4b306b32/execroot/apollo/bazel-out/local-dbg/testlogs/modules/perception/camera/test/camera_lib_traffic_light_tracker_test/test.log
//modules/perception/fusion/base:sensor_data_manager_test                FAILED in 0.0s
  /home/mrb2/.cache/bazel/_bazel_mrb2/540135163923dd7d5820f3ee4b306b32/execroot/apollo/bazel-out/local-dbg/testlogs/modules/perception/fusion/base/sensor_data_manager_test/test.log
//modules/perception/fusion/base:sensor_frame_test                       FAILED in 0.0s
  /home/mrb2/.cache/bazel/_bazel_mrb2/540135163923dd7d5820f3ee4b306b32/execroot/apollo/bazel-out/local-dbg/testlogs/modules/perception/fusion/base/sensor_frame_test/test.log
//modules/perception/fusion/base:sensor_object_test                      FAILED in 0.0s
  /home/mrb2/.cache/bazel/_bazel_mrb2/540135163923dd7d5820f3ee4b306b32/execroot/apollo/bazel-out/local-dbg/testlogs/modules/perception/fusion/base/sensor_object_test/test.log
//modules/perception/fusion/base:sensor_test                             FAILED in 0.0s
  /home/mrb2/.cache/bazel/_bazel_mrb2/540135163923dd7d5820f3ee4b306b32/execroot/apollo/bazel-out/local-dbg/testlogs/modules/perception/fusion/base/sensor_test/test.log
//modules/perception/fusion/base:track_test                              FAILED in 0.0s
  /home/mrb2/.cache/bazel/_bazel_mrb2/540135163923dd7d5820f3ee4b306b32/execroot/apollo/bazel-out/local-dbg/testlogs/modules/perception/fusion/base/track_test/test.log
//modules/perception/fusion/common:camera_util_test                      FAILED in 0.0s
  /home/mrb2/.cache/bazel/_bazel_mrb2/540135163923dd7d5820f3ee4b306b32/execroot/apollo/bazel-out/local-dbg/testlogs/modules/perception/fusion/common/camera_util_test/test.log
//modules/perception/fusion/common:dst_evidence_test                     FAILED in 0.0s
  /home/mrb2/.cache/bazel/_bazel_mrb2/540135163923dd7d5820f3ee4b306b32/execroot/apollo/bazel-out/local-dbg/testlogs/modules/perception/fusion/common/dst_evidence_test/test.log
//modules/perception/fusion/common:information_filter_test               FAILED in 0.0s
  /home/mrb2/.cache/bazel/_bazel_mrb2/540135163923dd7d5820f3ee4b306b32/execroot/apollo/bazel-out/local-dbg/testlogs/modules/perception/fusion/common/information_filter_test/test.log
//modules/perception/fusion/common:kalman_filter_test                    FAILED in 0.0s
  /home/mrb2/.cache/bazel/_bazel_mrb2/540135163923dd7d5820f3ee4b306b32/execroot/apollo/bazel-out/local-dbg/testlogs/modules/perception/fusion/common/kalman_filter_test/test.log
//modules/perception/fusion/lib/data_association/hm_data_association:hm_data_association_test FAILED in 0.0s
  /home/mrb2/.cache/bazel/_bazel_mrb2/540135163923dd7d5820f3ee4b306b32/execroot/apollo/bazel-out/local-dbg/testlogs/modules/perception/fusion/lib/data_association/hm_data_association/hm_data_association_test/test.log
//modules/perception/fusion/lib/data_association/hm_data_association:track_object_distance_test FAILED in 0.0s
  /home/mrb2/.cache/bazel/_bazel_mrb2/540135163923dd7d5820f3ee4b306b32/execroot/apollo/bazel-out/local-dbg/testlogs/modules/perception/fusion/lib/data_association/hm_data_association/track_object_distance_test/test.log
//modules/perception/fusion/lib/data_association/hm_data_association:track_object_test FAILED in 0.0s
  /home/mrb2/.cache/bazel/_bazel_mrb2/540135163923dd7d5820f3ee4b306b32/execroot/apollo/bazel-out/local-dbg/testlogs/modules/perception/fusion/lib/data_association/hm_data_association/track_object_test/test.log
//modules/perception/fusion/lib/data_fusion/existance_fusion/dst_existance_fusion:dst_existance_fusion_test FAILED in 0.0s
  /home/mrb2/.cache/bazel/_bazel_mrb2/540135163923dd7d5820f3ee4b306b32/execroot/apollo/bazel-out/local-dbg/testlogs/modules/perception/fusion/lib/data_fusion/existance_fusion/dst_existance_fusion/dst_existance_fusion_test/test.log
//modules/perception/fusion/lib/data_fusion/motion_fusion/kalman_motion_fusion:kalman_motion_fusion_test FAILED in 0.0s
  /home/mrb2/.cache/bazel/_bazel_mrb2/540135163923dd7d5820f3ee4b306b32/execroot/apollo/bazel-out/local-dbg/testlogs/modules/perception/fusion/lib/data_fusion/motion_fusion/kalman_motion_fusion/kalman_motion_fusion_test/test.log
//modules/perception/fusion/lib/data_fusion/shape_fusion/pbf_shape_fusion:pbf_shape_fusion_test FAILED in 0.0s
  /home/mrb2/.cache/bazel/_bazel_mrb2/540135163923dd7d5820f3ee4b306b32/execroot/apollo/bazel-out/local-dbg/testlogs/modules/perception/fusion/lib/data_fusion/shape_fusion/pbf_shape_fusion/pbf_shape_fusion_test/test.log
//modules/perception/fusion/lib/data_fusion/tracker/pbf_tracker:pbf_tracker_test FAILED in 0.0s
  /home/mrb2/.cache/bazel/_bazel_mrb2/540135163923dd7d5820f3ee4b306b32/execroot/apollo/bazel-out/local-dbg/testlogs/modules/perception/fusion/lib/data_fusion/tracker/pbf_tracker/pbf_tracker_test/test.log
//modules/perception/fusion/lib/data_fusion/type_fusion/dst_type_fusion:dst_type_fusion_test FAILED in 0.0s
  /home/mrb2/.cache/bazel/_bazel_mrb2/540135163923dd7d5820f3ee4b306b32/execroot/apollo/bazel-out/local-dbg/testlogs/modules/perception/fusion/lib/data_fusion/type_fusion/dst_type_fusion/dst_type_fusion_test/test.log
//modules/perception/fusion/lib/dummy:dummy_algorithms_test              FAILED in 0.0s
  /home/mrb2/.cache/bazel/_bazel_mrb2/540135163923dd7d5820f3ee4b306b32/execroot/apollo/bazel-out/local-dbg/testlogs/modules/perception/fusion/lib/dummy/dummy_algorithms_test/test.log
//modules/perception/fusion/lib/fusion_system/probabilistic_fusion:probabilistic_fusion_test FAILED in 0.0s
  /home/mrb2/.cache/bazel/_bazel_mrb2/540135163923dd7d5820f3ee4b306b32/execroot/apollo/bazel-out/local-dbg/testlogs/modules/perception/fusion/lib/fusion_system/probabilistic_fusion/probabilistic_fusion_test/test.log
//modules/perception/fusion/lib/gatekeeper/pbf_gatekeeper:pbf_gatekeeper_test FAILED in 0.0s
  /home/mrb2/.cache/bazel/_bazel_mrb2/540135163923dd7d5820f3ee4b306b32/execroot/apollo/bazel-out/local-dbg/testlogs/modules/perception/fusion/lib/gatekeeper/pbf_gatekeeper/pbf_gatekeeper_test/test.log
//modules/perception/inference/caffe:caffe_net_test                      FAILED in 0.0s
  /home/mrb2/.cache/bazel/_bazel_mrb2/540135163923dd7d5820f3ee4b306b32/execroot/apollo/bazel-out/local-dbg/testlogs/modules/perception/inference/caffe/caffe_net_test/test.log
//modules/perception/inference:inference_factory_test                    FAILED in 0.0s
  /home/mrb2/.cache/bazel/_bazel_mrb2/540135163923dd7d5820f3ee4b306b32/execroot/apollo/bazel-out/local-dbg/testlogs/modules/perception/inference/inference_factory_test/test.log
//modules/perception/inference:inference_test                            FAILED in 0.0s
  /home/mrb2/.cache/bazel/_bazel_mrb2/540135163923dd7d5820f3ee4b306b32/execroot/apollo/bazel-out/local-dbg/testlogs/modules/perception/inference/inference_test/test.log
//modules/perception/inference:layer_test                                FAILED in 0.0s
  /home/mrb2/.cache/bazel/_bazel_mrb2/540135163923dd7d5820f3ee4b306b32/execroot/apollo/bazel-out/local-dbg/testlogs/modules/perception/inference/layer_test/test.log
//modules/perception/inference/tensorrt:entropy_calibrator_test          FAILED in 0.0s
  /home/mrb2/.cache/bazel/_bazel_mrb2/540135163923dd7d5820f3ee4b306b32/execroot/apollo/bazel-out/local-dbg/testlogs/modules/perception/inference/tensorrt/entropy_calibrator_test/test.log
//modules/perception/inference/tensorrt/plugins:argmax_plugin_test       FAILED in 0.1s
  /home/mrb2/.cache/bazel/_bazel_mrb2/540135163923dd7d5820f3ee4b306b32/execroot/apollo/bazel-out/local-dbg/testlogs/modules/perception/inference/tensorrt/plugins/argmax_plugin_test/test.log
//modules/perception/inference/tensorrt/plugins:slice_plugin_test        FAILED in 0.1s
  /home/mrb2/.cache/bazel/_bazel_mrb2/540135163923dd7d5820f3ee4b306b32/execroot/apollo/bazel-out/local-dbg/testlogs/modules/perception/inference/tensorrt/plugins/slice_plugin_test/test.log
//modules/perception/inference/tensorrt:rt_common_test                   FAILED in 0.0s
  /home/mrb2/.cache/bazel/_bazel_mrb2/540135163923dd7d5820f3ee4b306b32/execroot/apollo/bazel-out/local-dbg/testlogs/modules/perception/inference/tensorrt/rt_common_test/test.log
//modules/perception/inference/tensorrt:rt_net_test                      FAILED in 0.0s
  /home/mrb2/.cache/bazel/_bazel_mrb2/540135163923dd7d5820f3ee4b306b32/execroot/apollo/bazel-out/local-dbg/testlogs/modules/perception/inference/tensorrt/rt_net_test/test.log
//modules/perception/inference/utils:inference_binary_data_test          FAILED in 0.1s
  /home/mrb2/.cache/bazel/_bazel_mrb2/540135163923dd7d5820f3ee4b306b32/execroot/apollo/bazel-out/local-dbg/testlogs/modules/perception/inference/utils/inference_binary_data_test/test.log
//modules/perception/inference/utils:inference_util_test                 FAILED in 0.1s
  /home/mrb2/.cache/bazel/_bazel_mrb2/540135163923dd7d5820f3ee4b306b32/execroot/apollo/bazel-out/local-dbg/testlogs/modules/perception/inference/utils/inference_util_test/test.log
//modules/perception/lidar/app:lidar_app_lidar_pipeline_test             FAILED in 0.1s
  /home/mrb2/.cache/bazel/_bazel_mrb2/540135163923dd7d5820f3ee4b306b32/execroot/apollo/bazel-out/local-dbg/testlogs/modules/perception/lidar/app/lidar_app_lidar_pipeline_test/test.log
//modules/perception/lidar/lib/dummy:dummy_algorithms_test               FAILED in 0.1s
  /home/mrb2/.cache/bazel/_bazel_mrb2/540135163923dd7d5820f3ee4b306b32/execroot/apollo/bazel-out/local-dbg/testlogs/modules/perception/lidar/lib/dummy/dummy_algorithms_test/test.log
//modules/perception/lidar/lib/ground_detector/ground_service_detector:ground_service_detector_test FAILED in 0.1s
  /home/mrb2/.cache/bazel/_bazel_mrb2/540135163923dd7d5820f3ee4b306b32/execroot/apollo/bazel-out/local-dbg/testlogs/modules/perception/lidar/lib/ground_detector/ground_service_detector/ground_service_detector_test/test.log
//modules/perception/lidar/lib/ground_detector/spatio_temporal_ground_detector:spatio_temporal_ground_detector_test FAILED in 0.1s
  /home/mrb2/.cache/bazel/_bazel_mrb2/540135163923dd7d5820f3ee4b306b32/execroot/apollo/bazel-out/local-dbg/testlogs/modules/perception/lidar/lib/ground_detector/spatio_temporal_ground_detector/spatio_temporal_ground_detector_test/test.log
//modules/perception/lidar/lib/object_filter_bank:object_filter_bank_test FAILED in 0.1s
  /home/mrb2/.cache/bazel/_bazel_mrb2/540135163923dd7d5820f3ee4b306b32/execroot/apollo/bazel-out/local-dbg/testlogs/modules/perception/lidar/lib/object_filter_bank/object_filter_bank_test/test.log
//modules/perception/lidar/lib/object_filter_bank/roi_boundary_filter:roi_boundary_filter_test FAILED in 0.1s
  /home/mrb2/.cache/bazel/_bazel_mrb2/540135163923dd7d5820f3ee4b306b32/execroot/apollo/bazel-out/local-dbg/testlogs/modules/perception/lidar/lib/object_filter_bank/roi_boundary_filter/roi_boundary_filter_test/test.log
//modules/perception/lidar/lib/scene_manager:scene_manager_test          FAILED in 0.1s
  /home/mrb2/.cache/bazel/_bazel_mrb2/540135163923dd7d5820f3ee4b306b32/execroot/apollo/bazel-out/local-dbg/testlogs/modules/perception/lidar/lib/scene_manager/scene_manager_test/test.log
//modules/perception/lidar/lib/segmentation/cnnseg/spp_engine:spp_cluster_list_test FAILED in 0.1s
  /home/mrb2/.cache/bazel/_bazel_mrb2/540135163923dd7d5820f3ee4b306b32/execroot/apollo/bazel-out/local-dbg/testlogs/modules/perception/lidar/lib/segmentation/cnnseg/spp_engine/spp_cluster_list_test/test.log
//modules/perception/radar/lib/detector/conti_ars_detector:conti_ars_detector_test FAILED in 0.1s
  /home/mrb2/.cache/bazel/_bazel_mrb2/540135163923dd7d5820f3ee4b306b32/execroot/apollo/bazel-out/local-dbg/testlogs/modules/perception/radar/lib/detector/conti_ars_detector/conti_ars_detector_test/test.log
//modules/perception/radar/lib/dummy:dummy_algorithms_test               FAILED in 0.1s
  /home/mrb2/.cache/bazel/_bazel_mrb2/540135163923dd7d5820f3ee4b306b32/execroot/apollo/bazel-out/local-dbg/testlogs/modules/perception/radar/lib/dummy/dummy_algorithms_test/test.log
//modules/perception/radar/lib/interface:base_matcher_test               FAILED in 0.1s
  /home/mrb2/.cache/bazel/_bazel_mrb2/540135163923dd7d5820f3ee4b306b32/execroot/apollo/bazel-out/local-dbg/testlogs/modules/perception/radar/lib/interface/base_matcher_test/test.log
//modules/perception/radar/lib/preprocessor/conti_ars_preprocessor:conti_ars_preprocessor_test FAILED in 0.1s
  /home/mrb2/.cache/bazel/_bazel_mrb2/540135163923dd7d5820f3ee4b306b32/execroot/apollo/bazel-out/local-dbg/testlogs/modules/perception/radar/lib/preprocessor/conti_ars_preprocessor/conti_ars_preprocessor_test/test.log
//modules/perception/radar/lib/roi_filter/hdmap_radar_roi_filter:hdmap_radar_roi_filter_test FAILED in 0.1s
  /home/mrb2/.cache/bazel/_bazel_mrb2/540135163923dd7d5820f3ee4b306b32/execroot/apollo/bazel-out/local-dbg/testlogs/modules/perception/radar/lib/roi_filter/hdmap_radar_roi_filter/hdmap_radar_roi_filter_test/test.log
//modules/perception/radar/lib/tracker/common:radar_track_manager_test   FAILED in 0.1s
  /home/mrb2/.cache/bazel/_bazel_mrb2/540135163923dd7d5820f3ee4b306b32/execroot/apollo/bazel-out/local-dbg/testlogs/modules/perception/radar/lib/tracker/common/radar_track_manager_test/test.log
//modules/perception/radar/lib/tracker/common:radar_track_test           FAILED in 0.2s
  /home/mrb2/.cache/bazel/_bazel_mrb2/540135163923dd7d5820f3ee4b306b32/execroot/apollo/bazel-out/local-dbg/testlogs/modules/perception/radar/lib/tracker/common/radar_track_test/test.log
//modules/perception/radar/lib/tracker/conti_ars_tracker:conti_ars_tracker_empty_test FAILED in 0.1s
  /home/mrb2/.cache/bazel/_bazel_mrb2/540135163923dd7d5820f3ee4b306b32/execroot/apollo/bazel-out/local-dbg/testlogs/modules/perception/radar/lib/tracker/conti_ars_tracker/conti_ars_tracker_empty_test/test.log
//modules/perception/radar/lib/tracker/conti_ars_tracker:conti_ars_tracker_test FAILED in 0.1s
  /home/mrb2/.cache/bazel/_bazel_mrb2/540135163923dd7d5820f3ee4b306b32/execroot/apollo/bazel-out/local-dbg/testlogs/modules/perception/radar/lib/tracker/conti_ars_tracker/conti_ars_tracker_test/test.log
//modules/perception/radar/lib/tracker/filter:adaptive_kalman_filter_test FAILED in 0.2s
  /home/mrb2/.cache/bazel/_bazel_mrb2/540135163923dd7d5820f3ee4b306b32/execroot/apollo/bazel-out/local-dbg/testlogs/modules/perception/radar/lib/tracker/filter/adaptive_kalman_filter_test/test.log
//modules/perception/radar/lib/tracker/matcher:hm_matcher_test           FAILED in 0.2s
  /home/mrb2/.cache/bazel/_bazel_mrb2/540135163923dd7d5820f3ee4b306b32/execroot/apollo/bazel-out/local-dbg/testlogs/modules/perception/radar/lib/tracker/matcher/hm_matcher_test/test.log

Executed 524 out of 524 tests: 443 tests pass and 81 fail locally.
============================
[[0;31mERROR[0m] Test failed!
[[34m[1mINFO[0m] Took 293 seconds
============================
