INFO: Reading 'startup' options from /apollo/tools/bazel.rc: --batch_cpu_scheduling --host_jvm_args=-XX:-UseParallelGC
____(10-17 15:11:43.302) Loading package: modules/planning/scenarios/bare_intersection/unprotected
____(10-17 15:11:43.332) Loading package: modules/planning/proto
____(10-17 15:11:43.367) Loading package: modules/planning/common
____(10-17 15:11:43.606) Loading package: @bazel_tools//tools/cpp
____(10-17 15:11:43.647) Loading package: @local_config_xcode//
____(10-17 15:11:43.738) Loading package: @local_jdk//
____(10-17 15:11:44.152) Loading complete.  Analyzing...
____(10-17 15:11:44.521) Loading package: modules/routing
____(10-17 15:11:44.551) Loading package: modules/common/status
____(10-17 15:11:44.592) Loading package: modules/perception/proto
____(10-17 15:11:44.622) Loading package: modules/localization/common
____(10-17 15:11:44.652) Loading package: @com_google_protobuf//
____(10-17 15:11:44.693) Loading package: cyber/proto
____(10-17 15:11:44.730) Loading package: cyber/scheduler
____(10-17 15:11:44.766) Loading package: @bazel_tools//tools/coverage
____(10-17 15:11:44.875) Loading package: modules/prediction/network
____(10-17 15:11:44.938) Loading package: @bazel_tools//tools/genrule
____(10-17 15:11:45.083) Loading package: modules/dreamview/backend/hmi
____(10-17 15:11:45.274) Loading package: @tinyxml2//
____(10-17 15:11:45.364) Loading package: modules/common/vehicle_model/proto
____(10-17 15:11:45.399) Loading package: modules/routing/graph
____(10-17 15:11:45.891) Found 246 targets and 335 test targets...
____(10-17 15:11:45.933) Building...
____(10-17 15:11:46.013) [0 / 1] BazelWorkspaceStatusAction stable-status.txt
____(10-17 15:11:46.043) [19 / 106] Writing file modules/planning/common/libtrajectory_stitcher.a-2.params
____(10-17 15:11:46.103) [160 / 504] Writing file modules/planning/math/curve1d/libquintic_spiral_path.a-2.params
____(10-17 15:11:46.134) [229 / 674] Creating source manifest for //modules/planning/tuning/speed_model:autotuning_speed_feature_builder_cpplint
____(10-17 15:11:46.164) [236 / 682] Writing file modules/planning/open_space/libopen_space_trajectory_generator.a-2.params
____(10-17 15:11:46.352) [274 / 731] Writing file modules/planning/open_space/coarse_trajectory_generator/hybrid_a_star_test-2.params
____(10-17 15:11:46.514) [324 / 802] Writing file modules/common/proto/libheader_proto_lib.a-2.params
____(10-17 15:11:46.604) [368 / 885] Creating runfiles tree bazel-out/local-fastbuild/bin/modules/planning/open_space/trajectory_smoother/distance_approach_ipopt_interface_test.runfiles
____(10-17 15:11:46.825) [432 / 970] Writing file modules/planning/math/curve1d/piecewise_quintic_spiral_path_test-2.params
____(10-17 15:11:46.983) [527 / 1,141] Expanding template modules/planning/math/smoothing_spline/spline_2d_cpplint
____(10-17 15:11:47.299) [652 / 1,309] Writing file modules/planning/reference_line/spiral_smoother_util-2.params
____(10-17 15:11:47.332) [662 / 1,322] Writing file modules/planning/reference_line/libspiral_reference_line_smoother.so-2.params
____(10-17 15:11:47.363) [670 / 1,331] Creating source manifest for //modules/planning/reference_line:reference_line_provider_cpplint
____(10-17 15:11:48.127) [883 / 1,645] Creating runfiles tree bazel-out/local-fastbuild/bin/modules/planning/common/path/discretized_path_cpplint.runfiles
____(10-17 15:11:48.188) [899 / 1,668] Creating runfiles tree bazel-out/local-fastbuild/bin/modules/planning/common/trajectory1d/piecewise_jerk_trajectory1d_cpplint.runfiles
____(10-17 15:11:48.218) [914 / 1,691] Writing file modules/planning/common/speed/libst_point.a-2.params
____(10-17 15:11:48.248) [921 / 1,700] Expanding template modules/planning/common/speed/st_boundary_cpplint
____(10-17 15:11:48.614) [983 / 1,782] Writing file modules/planning/tasks/optimizers/libspeed_optimizer.so-2.params
____(10-17 15:11:48.738) [1,162 / 2,305] Writing file modules/planning/tasks/optimizers/qp_spline_st_speed/libqp_spline_st_speed_optimizer.a-2.params
____(10-17 15:11:48.768) [1,170 / 2,315] Writing file modules/planning/tasks/optimizers/qp_spline_st_speed/libqp_piecewise_st_graph.so-2.params
____(10-17 15:11:48.860) [1,206 / 2,385] Writing file modules/map/proto/libmap_proto_lib.so-2.params
____(10-17 15:11:48.890) [1,231 / 2,495] Writing file external/com_google_protobuf/libprotobuf.a-2.params [for host]
____(10-17 15:11:48.921) [1,241 / 2,656] Expanding template modules/planning/tasks/optimizers/proceed_with_caution_speed/proceed_with_caution_speed_generator_cpplint
____(10-17 15:11:48.980) [1,262 / 2,680] Creating runfiles tree bazel-out/local-fastbuild/bin/modules/planning/tasks/optimizers/road_graph/trajectory_cost_test.runfiles
____(10-17 15:11:49.082) [1,289 / 2,717] Creating source manifest for //modules/planning/tasks/optimizers/open_space_trajectory_generation:open_space_trajectory_optimizer_cpplint
____(10-17 15:11:49.150) [1,311 / 2,746] Expanding template modules/planning/tasks/deciders/path_assessment_decider_cpplint
____(10-17 15:11:49.414) [1,369 / 2,889] Creating source manifest for //modules/planning/tasks/deciders:open_space_fallback_decider_cpplint
____(10-17 15:11:50.480) [1,487 / 3,042] Expanding template modules/planning/scenarios/traffic_light/unprotected_right_turn/traffic_light_right_turn_unprotected_scenario_test_cpplint
____(10-17 15:11:51.720) [1,509 / 3,071] Expanding template modules/planning/scenarios/stop_sign/unprotected/stop_sign_unprotected_scenario_cpplint
____(10-17 15:11:51.819) [1,526 / 3,093] Writing file modules/planning/scenarios/valet_parking/libvalet_parking.a-2.params
____(10-17 15:11:51.849) [1,536 / 3,106] Creating source manifest for //modules/planning/scenarios/valet_parking:stage_approaching_parking_spot_test
____(10-17 15:11:52.273) [1,570 / 3,214] Writing file modules/planning/proto/libplanning_stats_proto_lib.a-2.params
____(10-17 15:11:52.674) [1,638 / 3,327] Compiling external/com_google_protobuf/src/google/protobuf/io/zero_copy_stream.cc
____(10-17 15:11:52.981) [1,651 / 3,327] Compiling external/com_google_protobuf/src/google/protobuf/wire_format_lite.cc [for host]
____(10-17 15:12:00.042) [1,727 / 3,327] Compiling external/com_google_protobuf/src/google/protobuf/compiler/cpp/cpp_file.cc [for host]
____(10-17 15:12:06.299) [1,783 / 3,327] Compiling external/com_google_protobuf/src/google/protobuf/compiler/java/java_message_builder_lite.cc [for host]
____(10-17 15:12:10.580) [1,847 / 3,418] Compiling external/com_google_protobuf/src/google/protobuf/message_lite.cc
____(10-17 15:12:11.695) [1,882 / 3,503] Writing file cyber/service_discovery/libsingle_value_warehouse.so-2.params
PASS: (10-17 15:12:12.351) //modules/planning/lattice/trajectory_generation:trajectory_evaluator_cpplint
PASS: (10-17 15:12:12.362) //modules/planning/traffic_rules:traffic_decider_cpplint
PASS: (10-17 15:12:12.559) //modules/planning/navi/decider:navi_task_cpplint
PASS: (10-17 15:12:12.636) //modules/planning/constraint_checker:constraint_checker1d_cpplint
PASS: (10-17 15:12:12.692) //modules/planning/scenarios/narrow_street_u_turn:narrow_street_u_turn_scenario_test_cpplint
PASS: (10-17 15:12:12.725) //modules/planning/constraint_checker:constraint_checker_cpplint
PASS: (10-17 15:12:12.751) //modules/planning/scenarios/narrow_street_u_turn:narrow_street_u_turn_scenario_cpplint
PASS: (10-17 15:12:12.751) //modules/planning/constraint_checker:collision_checker_cpplint
PASS: (10-17 15:12:12.778) //modules/planning/navi/decider:navi_decider_test_cpplint
PASS: (10-17 15:12:12.780) //modules/planning/navi/decider:navi_path_decider_cpplint
PASS: (10-17 15:12:12.822) //modules/planning/scenarios/valet_parking:stage_approaching_parking_spot_test_cpplint
PASS: (10-17 15:12:12.864) //modules/planning/navi/decider:navi_obstacle_decider_cpplint
PASS: (10-17 15:12:12.875) //modules/planning/scenarios/valet_parking:stage_parking_test_cpplint
PASS: (10-17 15:12:12.954) //modules/planning/scenarios/valet_parking:valet_parking_scenario_test_cpplint
PASS: (10-17 15:12:13.063) //modules/planning/scenarios/stop_sign/unprotected:stop_sign_unprotected_scenario_test_cpplint
PASS: (10-17 15:12:13.076) //modules/planning/scenarios/traffic_light/unprotected_right_turn:traffic_light_right_turn_unprotected_scenario_test_cpplint
PASS: (10-17 15:12:13.094) //modules/planning/scenarios/traffic_light/protected:traffic_light_protected_scenario_test_cpplint
PASS: (10-17 15:12:13.106) //modules/planning/navi/decider:navi_speed_decider_cpplint
PASS: (10-17 15:12:13.127) //modules/planning/scenarios/util:scenario_util_lib_cpplint
PASS: (10-17 15:12:13.247) //modules/planning/scenarios/traffic_light/unprotected_left_turn:traffic_light_left_turn_unprotected_scenario_test_cpplint
PASS: (10-17 15:12:13.319) //modules/planning/scenarios/lane_follow:lane_follow_scenario_test_cpplint
PASS: (10-17 15:12:13.338) //modules/planning/scenarios/valet_parking:valet_parking_cpplint
PASS: (10-17 15:12:13.356) //modules/planning/scenarios/bare_intersection/unprotected:bare_intersection_unprotected_scenario_test_cpplint
PASS: (10-17 15:12:13.389) //modules/planning/scenarios/lane_follow:lane_follow_scenario_cpplint
____(10-17 15:12:13.389) [1,928 / 3,561] Testing //modules/planning/integration_tests:sunnyvale_big_loop_test_cpplint
PASS: (10-17 15:12:13.390) //modules/planning/scenarios/side_pass:side_pass_scenario_test_cpplint
PASS: (10-17 15:12:13.411) //modules/planning/scenarios/traffic_light/protected:traffic_light_protected_scenario_cpplint
PASS: (10-17 15:12:13.614) //modules/planning/integration_tests:garage_test_cpplint
PASS: (10-17 15:12:13.623) //modules/planning/scenarios/lane_follow:lane_follow_stage_cpplint
PASS: (10-17 15:12:13.653) //modules/planning/tasks/deciders/speed_bounds_decider:speed_limit_decider_test_cpplint
PASS: (10-17 15:12:13.703) //modules/planning/scenarios/traffic_light/unprotected_left_turn:traffic_light_unprotected_left_turn_scenario_cpplint
PASS: (10-17 15:12:13.725) //modules/planning/scenarios:scenario_cpplint
PASS: (10-17 15:12:13.752) //modules/planning/integration_tests:sunnyvale_loop_test_cpplint
PASS: (10-17 15:12:13.774) //modules/planning/scenarios:stage_cpplint
PASS: (10-17 15:12:13.798) //modules/planning/tasks/deciders/speed_bounds_decider:st_boundary_mapper_test_cpplint
PASS: (10-17 15:12:13.842) //modules/planning/integration_tests:sunnyvale_big_loop_test_cpplint
PASS: (10-17 15:12:13.843) //modules/planning/scenarios/bare_intersection/unprotected:bare_intersection_unprotected_scenario_cpplint
PASS: (10-17 15:12:13.852) //modules/planning/integration_tests:planning_test_base_cpplint
PASS: (10-17 15:12:13.920) //modules/planning/scenarios/traffic_light/unprotected_right_turn:traffic_light_unprotected_right_turn_scenario_cpplint
PASS: (10-17 15:12:13.924) //modules/planning/tasks/deciders/speed_bounds_decider:speed_bounds_decider_cpplint
PASS: (10-17 15:12:13.945) //modules/planning/tasks/deciders:open_space_fallback_decider_test_cpplint
PASS: (10-17 15:12:13.974) //modules/planning/tasks/deciders:decider_base_cpplint
PASS: (10-17 15:12:13.997) //modules/planning/tasks/deciders:open_space_roi_decider_test_cpplint
PASS: (10-17 15:12:14.027) //modules/planning/scenarios:scenario_manager_cpplint
PASS: (10-17 15:12:14.042) //modules/planning/scenarios/stop_sign/unprotected:stop_sign_unprotected_scenario_cpplint
PASS: (10-17 15:12:14.073) //modules/planning/tasks/deciders:decider_rule_based_stop_cpplint
PASS: (10-17 15:12:14.100) //modules/planning/tasks/deciders:open_space_fallback_decider_cpplint
PASS: (10-17 15:12:14.143) //modules/planning/tasks/deciders:path_decider_obstacle_utils_cpplint
PASS: (10-17 15:12:14.143) //modules/planning/tasks/deciders:side_pass_decider_test_cpplint
PASS: (10-17 15:12:14.156) //modules/planning/tasks/optimizers/open_space_trajectory_generation:open_space_trajectory_optimizer_test_cpplint
PASS: (10-17 15:12:14.204) //modules/planning/tasks/optimizers/open_space_trajectory_generation:open_space_trajectory_provider_test_cpplint
PASS: (10-17 15:12:14.215) //modules/planning/tasks/optimizers/road_graph:comparable_cost_test_cpplint
PASS: (10-17 15:12:14.292) //modules/planning/tasks/optimizers/road_graph:trajectory_cost_test_cpplint
PASS: (10-17 15:12:14.346) //modules/planning/tasks/deciders:path_assessment_decider_cpplint
PASS: (10-17 15:12:14.397) //modules/planning/tasks/optimizers/proceed_with_caution_speed:proceed_with_caution_speed_generator_test_cpplint
PASS: (10-17 15:12:14.400) //modules/planning/tasks/optimizers/qp_piecewise_jerk_path:qp_piecewise_jerk_path_optimizer_cpplint
PASS: (10-17 15:12:14.472) //modules/planning/tasks/optimizers/piecewise_jerk_path:piecewise_jerk_path_optimizer_cpplint
PASS: (10-17 15:12:14.497) //modules/planning/tasks/optimizers/open_space_trajectory_generation:open_space_trajectory_provider_cpplint
PASS: (10-17 15:12:14.502) //modules/planning/tasks/optimizers/proceed_with_caution_speed:proceed_with_caution_speed_generator_cpplint
____(10-17 15:12:14.504) [1,967 / 3,600] Testing //modules/planning/tasks/optimizers/open_space_trajectory_partition:open_space_trajectory_partition_test_cpplint
PASS: (10-17 15:12:14.506) //modules/planning/tasks/optimizers/dp_st_speed:dp_st_graph_test_cpplint
PASS: (10-17 15:12:14.532) //modules/planning/tasks/optimizers/open_space_trajectory_generation:open_space_trajectory_optimizer_cpplint
____(10-17 15:12:14.535) [1,969 / 3,602] Testing //modules/planning/tasks/optimizers/dp_poly_path:dp_poly_path_optimizer_cpplint
PASS: (10-17 15:12:14.535) //modules/planning/tasks/deciders:open_space_roi_decider_cpplint
PASS: (10-17 15:12:14.547) //modules/planning/tasks/deciders/speed_bounds_decider:st_boundary_mapper_cpplint
PASS: (10-17 15:12:14.555) //modules/planning/tasks/optimizers/path_decider:path_decider_cpplint
PASS: (10-17 15:12:14.587) //modules/planning/traffic_rules:traffic_rules_cpplint
PASS: (10-17 15:12:14.640) //modules/planning/tasks/optimizers/dp_st_speed:dp_st_speed_optimizer_cpplint
PASS: (10-17 15:12:14.646) //modules/planning/tasks/optimizers/dp_st_speed:dp_st_cost_cpplint
PASS: (10-17 15:12:14.648) //modules/planning/tasks/optimizers/dp_st_speed:st_graph_point_cpplint
PASS: (10-17 15:12:14.661) //modules/planning/tasks/deciders:decider_cpplint
PASS: (10-17 15:12:14.782) //modules/planning/tasks/optimizers/open_space_trajectory_partition:open_space_trajectory_partition_test_cpplint
PASS: (10-17 15:12:14.841) //modules/planning/tasks/optimizers/qp_spline_st_speed:qp_spline_st_speed_optimizer_cpplint
PASS: (10-17 15:12:14.852) //modules/planning/tasks/deciders:path_bounds_decider_cpplint
PASS: (10-17 15:12:14.855) //modules/planning/tasks/optimizers:path_optimizer_cpplint
PASS: (10-17 15:12:14.863) //modules/planning/tasks/optimizers/dp_poly_path:dp_poly_path_optimizer_cpplint
PASS: (10-17 15:12:14.872) //modules/planning/tasks/optimizers:trajectory_optimizer_cpplint
PASS: (10-17 15:12:14.880) //modules/planning/tasks/rss:decider_rss_test_cpplint
PASS: (10-17 15:12:14.883) //modules/planning/tasks/optimizers:speed_optimizer_cpplint
PASS: (10-17 15:12:14.903) //modules/planning/tasks/smoothers:smoother_cpplint
PASS: (10-17 15:12:14.932) //modules/planning/tasks:task_cpplint
____(10-17 15:12:14.935) [1,987 / 3,620] Testing //modules/planning/common/trajectory1d:piecewise_acceleration_trajectory1d_cpplint
PASS: (10-17 15:12:14.949) //modules/planning/tasks/optimizers/speed_decider:speed_decider_cpplint
PASS: (10-17 15:12:15.072) //modules/planning/common/trajectory:discretized_trajectory_test_cpplint
PASS: (10-17 15:12:15.080) //modules/planning/common/trajectory:publishable_trajectory_test_cpplint
PASS: (10-17 15:12:15.149) //modules/planning/tasks:task_factory_cpplint
PASS: (10-17 15:12:15.167) //modules/planning/tasks/rss:decider_rss_cpplint
PASS: (10-17 15:12:15.191) //modules/planning/tasks/optimizers/qp_spline_st_speed:qp_piecewise_st_graph_cpplint
PASS: (10-17 15:12:15.197) //modules/planning/tasks/optimizers/dp_st_speed:dp_st_graph_cpplint
PASS: (10-17 15:12:15.198) //modules/planning/tasks/optimizers/open_space_trajectory_partition:open_space_trajectory_partition_cpplint
PASS: (10-17 15:12:15.211) //modules/planning/common/speed:st_boundary_test_cpplint
PASS: (10-17 15:12:15.233) //modules/planning/common/speed:speed_data_cpplint
PASS: (10-17 15:12:15.236) //modules/planning/common/trajectory:discretized_trajectory_cpplint
PASS: (10-17 15:12:15.242) //modules/planning/common/trajectory1d:constant_jerk_trajectory1d_cpplint
PASS: (10-17 15:12:15.243) //modules/planning/common/trajectory:publishable_trajectory_cpplint
PASS: (10-17 15:12:15.254) //modules/planning/common/speed:st_point_cpplint
PASS: (10-17 15:12:15.263) //modules/planning/tasks/optimizers/qp_spline_st_speed:qp_spline_st_graph_cpplint
PASS: (10-17 15:12:15.321) //modules/planning/tasks/optimizers/road_graph:road_graph_cpplint
PASS: (10-17 15:12:15.377) //modules/planning/common/trajectory1d:piecewise_acceleration_trajectory1d_cpplint
PASS: (10-17 15:12:15.387) //modules/planning/common/path:discretized_path_test_cpplint
PASS: (10-17 15:12:15.417) //modules/planning/common/trajectory1d:piecewise_jerk_trajectory1d_cpplint
PASS: (10-17 15:12:15.429) //modules/planning/common/trajectory1d:standing_still_trajectory1d_cpplint
PASS: (10-17 15:12:15.440) //modules/planning/common/trajectory1d:piecewise_trajectory1d_cpplint
PASS: (10-17 15:12:15.461) //modules/planning/common/path:discretized_path_cpplint
PASS: (10-17 15:12:15.472) //modules/planning/tasks/optimizers/qp_spline_path:qp_spline_path_cpplint
PASS: (10-17 15:12:15.489) //modules/planning/common/path:frenet_frame_path_test_cpplint
____(10-17 15:12:15.492) [2,011 / 3,644] Testing //modules/planning/common:path_decision_cpplint
PASS: (10-17 15:12:15.495) //modules/planning/common:frame_test_cpplint
PASS: (10-17 15:12:15.528) //modules/planning/common:ego_info_test_cpplint
PASS: (10-17 15:12:15.559) //modules/planning/common:indexed_list_test_cpplint
PASS: (10-17 15:12:15.563) //modules/planning/common/speed:st_boundary_cpplint
PASS: (10-17 15:12:15.591) //modules/planning/common/util:util_lib_cpplint
PASS: (10-17 15:12:15.608) //modules/planning/common/path:frenet_frame_path_cpplint
PASS: (10-17 15:12:15.630) //modules/planning/common:indexed_queue_test_cpplint
PASS: (10-17 15:12:15.647) //modules/planning/common/trajectory1d:constant_deceleration_trajectory1d_cpplint
PASS: (10-17 15:12:15.675) //modules/planning/common:ego_info_cpplint
PASS: (10-17 15:12:15.676) //modules/planning/common:indexed_list_cpplint
PASS: (10-17 15:12:15.691) //modules/planning/common:open_space_info_test_cpplint
PASS: (10-17 15:12:15.704) //modules/planning/common:change_lane_decider_cpplint
____(10-17 15:12:15.707) [2,023 / 3,656] Testing //modules/planning/reference_line:cos_theta_reference_line_smoother_cpplint
PASS: (10-17 15:12:15.714) //modules/planning/common:local_view_cpplint
PASS: (10-17 15:12:15.733) //modules/planning/common:indexed_queue_cpplint
PASS: (10-17 15:12:15.781) //modules/planning/common/path:path_data_cpplint
PASS: (10-17 15:12:15.832) //modules/planning/common:reference_line_info_test_cpplint
PASS: (10-17 15:12:15.836) //modules/planning/common:path_decision_cpplint
PASS: (10-17 15:12:15.855) //modules/planning/common:obstacle_blocking_analyzer_cpplint
PASS: (10-17 15:12:15.857) //modules/planning/common:speed_limit_test_cpplint
PASS: (10-17 15:12:15.931) //modules/planning/common:st_graph_data_test_cpplint
PASS: (10-17 15:12:15.943) //modules/planning/common:speed_profile_generator_test_cpplint
PASS: (10-17 15:12:15.972) //modules/planning/common:obstacle_test_cpplint
PASS: (10-17 15:12:15.990) //modules/planning/common:st_graph_data_cpplint
PASS: (10-17 15:12:16.049) //modules/planning/common:speed_limit_cpplint
PASS: (10-17 15:12:16.065) //modules/planning/common:planning_context_cpplint
PASS: (10-17 15:12:16.100) //modules/planning/reference_line:cos_theta_reference_line_smoother_test_cpplint
PASS: (10-17 15:12:16.117) //modules/planning/common:speed_profile_generator_cpplint
PASS: (10-17 15:12:16.155) //modules/planning/reference_line:qp_spline_reference_line_smoother_test_cpplint
PASS: (10-17 15:12:16.222) //modules/planning/reference_line:reference_line_smoother_cpplint
PASS: (10-17 15:12:16.251) //modules/planning/common:trajectory_stitcher_cpplint
____(10-17 15:12:16.253) [2,041 / 3,674] Testing //modules/planning/math/smoothing_spline:active_set_spline_2d_solver_test_cpplint
PASS: (10-17 15:12:16.253) //modules/planning/common:open_space_info_cpplint
PASS: (10-17 15:12:16.296) //modules/planning/reference_line:spiral_reference_line_smoother_test_cpplint
PASS: (10-17 15:12:16.296) //modules/planning/common:planning_gflags_cpplint
PASS: (10-17 15:12:16.305) //modules/planning/reference_line:qp_spline_reference_line_smoother_cpplint
PASS: (10-17 15:12:16.312) //modules/planning/reference_line:smoother_util_cpplint
PASS: (10-17 15:12:16.362) //modules/planning/math/finite_element_optimizer:finite_element1d_optimizer_test_cpplint
PASS: (10-17 15:12:16.366) //modules/planning/reference_line:spiral_smoother_util_cpplint
PASS: (10-17 15:12:16.430) //modules/planning/math/smoothing_spline:active_set_spline_1d_solver_test_cpplint
PASS: (10-17 15:12:16.554) //modules/planning/math/smoothing_spline:active_set_spline_1d_solver_cpplint
PASS: (10-17 15:12:16.557) //modules/planning/math/smoothing_spline:affine_constraint_cpplint
PASS: (10-17 15:12:16.558) //modules/planning/common:obstacle_cpplint
PASS: (10-17 15:12:16.563) //modules/planning/common:frame_cpplint
PASS: (10-17 15:12:16.565) //modules/planning/math/smoothing_spline:active_set_spline_2d_solver_test_cpplint
PASS: (10-17 15:12:16.605) //modules/planning/math/smoothing_spline:active_set_spline_2d_solver_cpplint
PASS: (10-17 15:12:16.616) //modules/planning/math/smoothing_spline:piecewise_linear_constraint_test_cpplint
PASS: (10-17 15:12:16.620) //modules/planning/reference_line:cos_theta_reference_line_smoother_cpplint
PASS: (10-17 15:12:16.655) //modules/planning/math/smoothing_spline:osqp_spline_1d_solver_test_cpplint
PASS: (10-17 15:12:16.675) //modules/planning/math/finite_element_optimizer:finite_element1d_optimizer_cpplint
PASS: (10-17 15:12:16.681) //modules/planning/math/smoothing_spline:osqp_spline_1d_solver_cpplint
PASS: (10-17 15:12:16.683) //modules/planning/math/smoothing_spline:piecewise_linear_generator_cpplint
____(10-17 15:12:16.687) [2,061 / 3,694] Testing //modules/planning/math/smoothing_spline:osqp_spline_2d_solver_test_cpplint
PASS: (10-17 15:12:16.693) //modules/planning/math/smoothing_spline:osqp_spline_2d_solver_cpplint
PASS: (10-17 15:12:16.696) //modules/planning/common:reference_line_info_cpplint
PASS: (10-17 15:12:16.740) //modules/planning/math/smoothing_spline:piecewise_linear_kernel_test_cpplint
PASS: (10-17 15:12:16.771) //modules/planning/math/smoothing_spline:piecewise_linear_kernel_cpplint
PASS: (10-17 15:12:16.796) //modules/planning/reference_line:reference_line_provider_cpplint
PASS: (10-17 15:12:16.875) //modules/planning/reference_line:reference_line_cpplint
PASS: (10-17 15:12:16.900) //modules/planning/math/smoothing_spline:spline_1d_seg_cpplint
PASS: (10-17 15:12:16.928) //modules/planning/math/smoothing_spline:spline_1d_constraint_test_cpplint
PASS: (10-17 15:12:16.933) //modules/planning/math/smoothing_spline:spline_2d_kernel_test_cpplint
PASS: (10-17 15:12:16.980) //modules/planning/math/smoothing_spline:spline_1d_cpplint
PASS: (10-17 15:12:17.010) //modules/planning/math/smoothing_spline:osqp_spline_2d_solver_test_cpplint
____(10-17 15:12:17.013) [2,072 / 3,705] Testing //modules/planning/math/curve1d:piecewise_quintic_spiral_path_cpplint
PASS: (10-17 15:12:17.053) //modules/planning/math/smoothing_spline:spline_1d_solver_cpplint
PASS: (10-17 15:12:17.059) //modules/planning/math/smoothing_spline:spline_1d_kernel_cpplint
PASS: (10-17 15:12:17.059) //modules/planning/math/smoothing_spline:spline_2d_cpplint
PASS: (10-17 15:12:17.065) //modules/planning/reference_line:spiral_reference_line_smoother_cpplint
PASS: (10-17 15:12:17.068) //modules/planning/math/smoothing_spline:spline_1d_kernel_test_cpplint
PASS: (10-17 15:12:17.080) //modules/planning/math/smoothing_spline:spline_2d_constraint_test_cpplint
PASS: (10-17 15:12:17.130) //modules/planning/math/smoothing_spline:spline_2d_seg_cpplint
PASS: (10-17 15:12:17.155) //modules/planning/math/curve1d:cubic_polynomial_curve1d_test_cpplint
PASS: (10-17 15:12:17.156) //modules/planning/math/smoothing_spline:spline_2d_kernel_cpplint
PASS: (10-17 15:12:17.171) //modules/planning/math/smoothing_spline:piecewise_linear_constraint_cpplint
PASS: (10-17 15:12:17.197) //modules/planning/math/finite_element_qp:fem_1d_qp_problem_test_cpplint
PASS: (10-17 15:12:17.210) //modules/planning/math/smoothing_spline:spline_seg_kernel_cpplint
PASS: (10-17 15:12:17.251) //modules/planning/math/curve1d:curve1d_cpplint
PASS: (10-17 15:12:17.286) //modules/planning/math/curve1d:cubic_polynomial_curve1d_cpplint
PASS: (10-17 15:12:17.287) //modules/planning/math/curve1d:piecewise_quintic_spiral_path_test_cpplint
PASS: (10-17 15:12:17.288) //modules/planning/math/smoothing_spline:spline_2d_solver_cpplint
PASS: (10-17 15:12:17.311) //modules/planning/math/curve1d:polynomial_curve1d_cpplint
PASS: (10-17 15:12:17.330) //modules/planning/math/smoothing_spline:spline_1d_constraint_cpplint
PASS: (10-17 15:12:17.355) //modules/planning/math/curve1d:quintic_polynomial_curve1d_test_cpplint
PASS: (10-17 15:12:17.357) //modules/planning/math/curve1d:piecewise_quintic_spiral_path_cpplint
PASS: (10-17 15:12:17.359) //modules/planning/math/smoothing_spline:spline_2d_constraint_cpplint
____(10-17 15:12:17.362) [2,093 / 3,726] Testing //modules/planning/open_space/trajectory_smoother:dual_variable_warm_start_osqp_interface_test_cpplint
PASS: (10-17 15:12:17.380) //modules/planning/math:curve_math_test_cpplint
PASS: (10-17 15:12:17.381) //modules/planning/math/curve1d:quartic_polynomial_curve1d_test_cpplint
PASS: (10-17 15:12:17.503) //modules/planning/math:curve_math_cpplint
PASS: (10-17 15:12:17.506) //modules/planning/math/curve1d:quintic_polynomial_curve1d_cpplint
PASS: (10-17 15:12:17.520) //modules/planning/math/curve1d:quartic_polynomial_curve1d_cpplint
PASS: (10-17 15:12:17.529) //modules/planning/math:polynomial_xd_cpplint
PASS: (10-17 15:12:17.562) //modules/planning/open_space/trajectory_smoother:distance_approach_problem_test_cpplint
PASS: (10-17 15:12:17.566) //modules/planning/open_space/trajectory_smoother:dual_variable_warm_start_problem_test_cpplint
PASS: (10-17 15:12:17.595) //modules/planning/open_space/trajectory_smoother:distance_approach_ipopt_interface_test_cpplint
PASS: (10-17 15:12:17.597) //modules/planning/open_space/trajectory_smoother:dual_variable_warm_start_osqp_interface_test_cpplint
PASS: (10-17 15:12:17.633) //modules/planning/math/finite_element_qp:fem_1d_qp_problem_cpplint
PASS: (10-17 15:12:17.635) //modules/planning/open_space/trajectory_smoother:dual_variable_warm_start_ipopt_interface_test_cpplint
PASS: (10-17 15:12:17.689) //modules/planning/open_space/trajectory_smoother:distance_approach_ipopt_cuda_interface_test_cpplint
PASS: (10-17 15:12:17.750) //modules/planning/open_space/trajectory_smoother:planning_block_cpplint
PASS: (10-17 15:12:17.770) //modules/planning/open_space/trajectory_smoother:distance_approach_problem_cpplint
PASS: (10-17 15:12:17.781) //modules/planning/open_space/coarse_trajectory_generator:hybrid_a_star_test_cpplint
PASS: (10-17 15:12:17.798) //modules/planning/open_space/coarse_trajectory_generator:node3d_test_cpplint
PASS: (10-17 15:12:17.819) //modules/planning/open_space/trajectory_smoother:dual_variable_warm_start_osqp_interface_cpplint
PASS: (10-17 15:12:17.914) //modules/planning/open_space/coarse_trajectory_generator:reeds_shepp_path_test_cpplint
PASS: (10-17 15:12:17.960) //modules/planning/open_space/trajectory_smoother:dual_variable_warm_start_problem_cpplint
PASS: (10-17 15:12:18.023) //modules/planning/tuning/speed_model:autotuning_speed_feature_builder_test_cpplint
PASS: (10-17 15:12:18.024) //modules/planning/open_space/coarse_trajectory_generator:node3d_cpplint
PASS: (10-17 15:12:18.034) //modules/planning/tuning/speed_model:autotuning_speed_mlp_model_test_cpplint
PASS: (10-17 15:12:18.034) //modules/planning/open_space/trajectory_smoother:distance_approach_ipopt_cuda_interface_cpplint
PASS: (10-17 15:12:18.050) //modules/planning/open_space/trajectory_smoother:dual_variable_warm_start_ipopt_qp_interface_cpplint
PASS: (10-17 15:12:18.061) //modules/planning/open_space/trajectory_smoother:dual_variable_warm_start_ipopt_interface_cpplint
PASS: (10-17 15:12:18.088) //modules/planning/open_space/coarse_trajectory_generator:grid_search_cpplint
PASS: (10-17 15:12:18.143) //modules/planning/tuning:autotuning_base_model_cpplint
PASS: (10-17 15:12:18.158) //modules/planning/math/curve1d:quintic_spiral_path_cpplint
PASS: (10-17 15:12:18.182) //modules/planning/tuning/speed_model:autotuning_speed_mlp_model_cpplint
PASS: (10-17 15:12:18.193) //modules/planning/tuning:autotuning_feature_builder_cpplint
PASS: (10-17 15:12:18.205) //modules/planning/tuning/speed_model:autotuning_speed_feature_builder_cpplint
PASS: (10-17 15:12:18.216) //modules/planning/open_space/trajectory_partition:trajectory_partitioner_cpplint
PASS: (10-17 15:12:18.240) //modules/planning/open_space/coarse_trajectory_generator:hybrid_a_star_cpplint
PASS: (10-17 15:12:18.269) //modules/planning/tuning:autotuning_mlp_net_model_test_cpplint
____(10-17 15:12:18.272) [2,134 / 3,774] Compiling external/gtest/googlemock/src/gmock-matchers.cc
PASS: (10-17 15:12:18.288) //modules/planning/tuning:autotuning_raw_feature_generator_test_cpplint
____(10-17 15:12:18.332) [2,139 / 3,781] Compiling external/proj4/src/pj_mutex.c
PASS: (10-17 15:12:18.344) //modules/planning/tuning:autotuning_mlp_net_model_cpplint
PASS: (10-17 15:12:18.345) //modules/planning/open_space/constraints_formulation:open_space_ROI_cpplint
____(10-17 15:12:18.362) [2,146 / 3,791] Linking external/com_google_protobuf/js_embed [for host]
____(10-17 15:12:18.425) [2,149 / 3,791] Linking cyber/message/libintra_message.so
PASS: (10-17 15:12:18.490) //modules/planning/tuning:autotuning_raw_feature_generator_cpplint
PASS: (10-17 15:12:18.506) //modules/planning/open_space:open_space_trajectory_generator_cpplint
PASS: (10-17 15:12:18.579) //modules/planning/open_space/coarse_trajectory_generator:reeds_shepp_path_cpplint
PASS: (10-17 15:12:18.615) //modules/planning:planning_component_lib_cpplint
____(10-17 15:12:18.920) [2,257 / 3,862] Compiling external/com_google_protobuf/src/google/protobuf/util/message_differencer.cc
PASS: (10-17 15:12:19.042) //modules/planning/lattice/trajectory_generation:trajectory_combiner_cpplint
____(10-17 15:12:19.108) [2,261 / 3,869] Linking cyber/croutine/libswap.so
PASS: (10-17 15:12:19.118) //modules/planning/lattice/trajectory_generation:piecewise_braking_trajectory_generator_cpplint
PASS: (10-17 15:12:19.301) //modules/planning/open_space/trajectory_smoother:distance_approach_ipopt_interface_cpplint
PASS: (10-17 15:12:19.399) //modules/planning/lattice/trajectory_generation:lattice_trajectory1d_cpplint
PASS: (10-17 15:12:19.416) //modules/planning/lattice/trajectory_generation:trajectory1d_generator_cpplint
____(10-17 15:12:19.469) [2,280 / 3,892] Generating Descriptor Set proto_library //modules/planning/proto:auto_tuning_model_input_lib
____(10-17 15:12:19.571) [2,306 / 3,892] Generating Descriptor Set proto_library //modules/planning/proto:open_space_fallback_decider_config_proto_lib
____(10-17 15:12:19.601) [2,319 / 3,892] Generating Descriptor Set proto_library //modules/planning/proto:qp_st_speed_config_proto_lib
____(10-17 15:12:19.631) [2,332 / 3,892] Generating Descriptor Set proto_library //modules/planning/proto:lattice_sampling_config_proto_lib
PASS: (10-17 15:12:19.942) //modules/planning:planning_lib_cpplint
____(10-17 15:12:22.398) [2,471 / 3,892] Linking modules/common/proto/libpnc_point_proto_lib.so
____(10-17 15:12:22.537) [2,476 / 3,892] Compiling cyber/proto/proto_desc.pb.cc
____(10-17 15:12:23.458) [2,522 / 3,892] Compiling cyber/proto/classic_conf.pb.cc
____(10-17 15:12:23.586) [2,530 / 3,892] Linking modules/common/proto/libheader_proto_lib.so
____(10-17 15:12:23.704) [2,539 / 3,892] Linking modules/prediction/proto/libnetwork_model_proto_lib.so
____(10-17 15:12:24.292) [2,554 / 3,892] Linking cyber/time/libduration.a
____(10-17 15:12:24.322) [2,558 / 3,892] Compiling modules/planning/math/smoothing_spline/piecewise_linear_kernel_test.cc
____(10-17 15:12:24.530) [2,568 / 3,892] Linking modules/planning/proto/libwaypoint_sampler_config_proto_lib.a
____(10-17 15:12:25.272) [2,594 / 3,892] Linking cyber/common/libglobal_data.a
____(10-17 15:12:27.337) [2,658 / 3,892] Linking cyber/transport/libparticipant.so
____(10-17 15:12:30.574) [2,730 / 3,892] Compiling modules/canbus/proto/wey.pb.cc
____(10-17 15:12:33.353) [2,798 / 3,892] Compiling cyber/proto/topology_change.pb.cc
____(10-17 15:12:35.344) [2,838 / 3,892] Compiling modules/planning/proto/pad_msg.pb.cc
____(10-17 15:12:35.900) [2,854 / 3,892] Compiling modules/common/math/linear_quadratic_regulator.cc
____(10-17 15:12:36.038) [2,857 / 3,892] Linking cyber/io/libpoller.so
____(10-17 15:12:36.120) [2,863 / 3,892] Linking cyber/timer/libtiming_wheel.a
____(10-17 15:12:36.199) [2,871 / 3,892] Compiling modules/routing/core/black_list_range_generator.cc
____(10-17 15:12:36.991) [2,878 / 3,892] Compiling modules/planning/math/smoothing_spline/active_set_spline_1d_solver_test.cc
____(10-17 15:12:37.856) [2,886 / 3,892] Compiling modules/common/math/polygon2d.cc
____(10-17 15:12:38.980) [2,901 / 3,892] Compiling modules/planning/tasks/optimizers/dp_st_speed/st_graph_point.cc
____(10-17 15:12:39.904) [2,918 / 3,892] Compiling modules/planning/math/curve1d/piecewise_quintic_spiral_path.cc
____(10-17 15:12:40.198) [2,924 / 3,892] Compiling modules/common/configs/vehicle_config_helper.cc
____(10-17 15:12:40.654) [2,947 / 3,892] Compiling modules/planning/open_space/trajectory_smoother/dual_variable_warm_start_problem_test.cc
____(10-17 15:12:41.682) [2,971 / 3,892] Compiling modules/planning/common/st_graph_data_test.cc
____(10-17 15:12:43.745) [2,982 / 3,892] Compiling modules/planning/tuning/autotuning_mlp_net_model.cc
____(10-17 15:12:45.820) [3,015 / 3,892] Compiling modules/planning/common/trajectory/publishable_trajectory_test.cc
____(10-17 15:12:45.852) [3,017 / 3,892] Compiling modules/planning/common/open_space_info.cc
____(10-17 15:12:48.774) [3,042 / 3,892] Compiling modules/planning/math/smoothing_spline/spline_2d_constraint_test.cc
____(10-17 15:12:50.794) [3,052 / 3,892] Compiling modules/planning/reference_line/cos_theta_reference_line_smoother_test.cc
____(10-17 15:13:01.627) [3,102 / 3,892] Compiling modules/planning/open_space/open_space_trajectory_generator.cc
____(10-17 15:13:04.178) [3,106 / 3,892] Compiling modules/planning/lattice/trajectory_generation/backup_trajectory_generator.cc
____(10-17 15:13:09.028) [3,124 / 3,892] Compiling modules/planning/common/frame_test.cc
____(10-17 15:13:10.032) [3,128 / 3,892] Compiling modules/planning/common/speed_profile_generator.cc
____(10-17 15:13:17.407) [3,145 / 3,892] Compiling modules/planning/tasks/deciders/decider_creep.cc
____(10-17 15:13:19.166) [3,153 / 3,892] Compiling modules/planning/tasks/optimizers/qp_spline_st_speed/qp_piecewise_st_graph.cc
____(10-17 15:13:20.314) [3,159 / 3,892] Linking modules/planning/tasks/optimizers/piecewise_jerk_path/libpiecewise_jerk_path_optimizer.so
____(10-17 15:13:26.650) [3,192 / 3,892] Compiling modules/planning/scenarios/traffic_light/unprotected_left_turn/traffic_light_unprotected_left_turn_scenario_test.cc
____(10-17 15:13:32.808) [3,201 / 3,892] Compiling modules/planning/scenarios/traffic_light/protected/stage_approach.cc
____(10-17 15:13:36.226) [3,214 / 3,892] Compiling modules/planning/open_space/constraints_formulation/open_space_ROI.cc
____(10-17 15:13:36.806) [3,218 / 3,892] Compiling modules/planning/constraint_checker/constraint_checker1d.cc
____(10-17 15:13:39.542) [3,226 / 3,892] Linking modules/planning/constraint_checker/libconstraint_checker1d.a
____(10-17 15:13:44.796) [3,237 / 3,892] Compiling modules/planning/traffic_rules/traffic_decider.cc
____(10-17 15:13:48.151) [3,241 / 3,892] Compiling modules/planning/traffic_rules/object_priority.cc
____(10-17 15:13:53.943) [3,255 / 3,892] Linking modules/planning/open_space/constraints_formulation/libopen_space_ROI.so
____(10-17 15:13:58.089) [3,278 / 3,905] Compiling modules/planning/common/frame.cc
____(10-17 15:14:03.056) [3,316 / 3,925] Compiling modules/planning/tasks/optimizers/speed_decider/speed_decider.cc
____(10-17 15:14:08.515) [3,385 / 3,959] Compiling external/proj4/src/PJ_krovak.c
____(10-17 15:14:10.256) [3,409 / 3,975] Compiling external/proj4/src/PJ_wag3.c
____(10-17 15:14:19.158) [3,517 / 4,027] Linking modules/common/math/libangle.so
____(10-17 15:14:22.575) [3,552 / 4,040] Linking modules/planning/math/smoothing_spline/libspline_1d_constraint.so
____(10-17 15:14:25.444) [3,578 / 4,056] Linking modules/planning/common/trajectory/libpublishable_trajectory.so
____(10-17 15:14:27.635) [3,620 / 4,070] Compiling modules/common/math/qp_solver/active_set_qp_solver.cc
____(10-17 15:14:28.748) [3,637 / 4,078] Linking cyber/record/librecord_file_reader.so
____(10-17 15:14:29.091) [3,645 / 4,081] Linking modules/common/math/qp_solver/libactive_set_qp_solver.so
____(10-17 15:14:29.206) [3,651 / 4,083] Compiling external/com_google_protobuf/src/google/protobuf/wire_format.cc
____(10-17 15:14:31.765) [3,689 / 4,102] Compiling modules/planning/tasks/optimizers/qp_spline_path/qp_frenet_frame.cc
____(10-17 15:14:31.797) [3,691 / 4,103] Compiling modules/planning/common/path/discretized_path.cc
____(10-17 15:14:34.128) [3,728 / 4,120] Linking modules/planning/common/path/libdiscretized_path.a
____(10-17 15:14:34.158) [3,729 / 4,121] Compiling modules/planning/tasks/deciders/speed_bounds_decider/speed_limit_decider.cc
____(10-17 15:14:36.301) [3,754 / 4,133] Linking modules/planning/tasks/optimizers/libpath_optimizer.so
____(10-17 15:14:38.340) [3,781 / 4,146] Linking modules/planning/open_space/coarse_trajectory_generator/libhybrid_a_star.a
____(10-17 15:14:39.689) [3,805 / 4,160] Compiling modules/planning/common/util/util.cc
____(10-17 15:14:40.206) [3,815 / 4,163] Compiling modules/common/util/util.cc
____(10-17 15:14:40.238) [3,816 / 4,163] Linking cyber/record/librecord_file_writer.so
____(10-17 15:14:41.045) [3,844 / 4,175] Linking modules/planning/tasks/deciders/speed_bounds_decider/libspeed_bounds_decider.a
____(10-17 15:14:41.082) [3,846 / 4,176] Compiling modules/planning/tasks/optimizers/dp_st_speed/dp_st_speed_optimizer.cc
____(10-17 15:14:42.674) [3,874 / 4,189] Compiling modules/planning/tasks/optimizers/speed_optimizer.cc
____(10-17 15:14:46.174) [3,919 / 4,212] Linking modules/map/hdmap/adapter/libopendrive_adapter.a
____(10-17 15:14:47.734) [3,944 / 4,224] Linking modules/planning/common/util/libutil_lib.so
____(10-17 15:14:49.556) [3,988 / 4,246] Compiling modules/planning/scenarios/bare_intersection/unprotected/bare_intersection_unprotected_scenario.cc
PASS: (10-17 15:14:50.037) //modules/planning/scenarios/side_pass:side_pass_cpplint
____(10-17 15:14:51.711) [4,025 / 4,260] Linking external/com_google_protobuf/libprotobuf_lite.a
____(10-17 15:14:51.836) [4,030 / 4,262] Compiling external/proj4/src/PJ_natearth2.c
____(10-17 15:14:54.182) [4,051 / 4,271] Linking external/proj4/libproj4.a
____(10-17 15:14:54.272) [4,054 / 4,272] Linking modules/planning/math/finite_element_optimizer/finite_element1d_optimizer_test
PASS: (10-17 15:14:54.481) //modules/planning/math/finite_element_optimizer:finite_element1d_optimizer_test
PASS: (10-17 15:14:54.643) //modules/planning/math/smoothing_spline:spline_1d_kernel_test
PASS: (10-17 15:14:54.774) //modules/planning/math/finite_element_qp:fem_1d_qp_problem_test
____(10-17 15:14:54.804) [4,063 / 4,277] Testing //modules/planning/math:curve_math_test
____(10-17 15:14:54.840) [4,065 / 4,277] Linking modules/planning/tasks/deciders/libdecider.a
PASS: (10-17 15:14:54.854) //modules/planning/math:curve_math_test
____(10-17 15:14:55.097) [4,071 / 4,279] Compiling modules/planning/scenarios/side_pass/side_pass_scenario.cc
____(10-17 15:14:55.545) [4,077 / 4,279] Linking modules/planning/tasks/optimizers/dp_st_speed/libdp_st_speed_optimizer.a
____(10-17 15:14:55.718) [4,085 / 4,279] Compiling modules/planning/scenarios/side_pass/stage_side_pass.cc
____(10-17 15:14:57.442) [4,110 / 4,279] Compiling modules/planning/planner/navi/navi_planner.cc
____(10-17 15:14:57.942) [4,115 / 4,279] Linking modules/planning/math/smoothing_spline/piecewise_linear_kernel_test
PASS: (10-17 15:14:58.174) //modules/planning/math/smoothing_spline:piecewise_linear_kernel_test
PASS: (10-17 15:14:58.522) //modules/planning/math/smoothing_spline:spline_1d_constraint_test
PASS: (10-17 15:14:59.162) //modules/planning/math/smoothing_spline:piecewise_linear_constraint_test
PASS: (10-17 15:14:59.404) //modules/planning/math/curve1d:cubic_polynomial_curve1d_test
PASS: (10-17 15:14:59.746) //modules/planning/math/curve1d:quintic_polynomial_curve1d_test
PASS: (10-17 15:15:00.078) //modules/planning/tuning/speed_model:autotuning_speed_feature_builder_test
PASS: (10-17 15:15:00.442) //modules/planning/math/curve1d:quartic_polynomial_curve1d_test
____(10-17 15:15:04.301) [4,142 / 4,286] Linking cyber/parameter/libparameter_server.a
____(10-17 15:15:05.101) [4,146 / 4,286] Compiling modules/planning/planner/navi_planner_dispatcher.cc
____(10-17 15:15:05.629) [4,149 / 4,286] Linking modules/planning/common/trajectory/discretized_trajectory_test
PASS: (10-17 15:15:08.166) //modules/planning/common/trajectory:discretized_trajectory_test
____(10-17 15:15:08.783) [4,157 / 4,289] Testing //modules/planning/common/trajectory:publishable_trajectory_test
PASS: (10-17 15:15:09.513) //modules/planning/common/trajectory:publishable_trajectory_test
PASS: (10-17 15:15:09.643) //modules/planning/common/speed:st_boundary_test
PASS: (10-17 15:15:10.147) //modules/planning/common/path:discretized_path_test
PASS: (10-17 15:15:10.902) //modules/planning/common:indexed_queue_test
PASS: (10-17 15:15:10.925) //modules/planning/common:indexed_list_test
____(10-17 15:15:11.128) [4,174 / 4,294] Linking modules/planning/reference_line/libreference_line_provider.a
PASS: (10-17 15:15:11.151) //modules/planning/common/path:frenet_frame_path_test
____(10-17 15:15:11.295) [4,176 / 4,294] Linking modules/planning/math/smoothing_spline/active_set_spline_2d_solver_test
PASS: (10-17 15:15:11.783) //modules/planning/common:open_space_info_test
____(10-17 15:15:11.890) [4,183 / 4,298] Linking modules/planning/navi/decider/navi_decider_test
PASS: (10-17 15:15:12.181) //modules/planning/common:speed_limit_test
PASS: (10-17 15:15:12.238) //modules/planning/common:obstacle_test
PASS: (10-17 15:15:12.312) //modules/planning/common:st_graph_data_test
PASS: (10-17 15:15:12.718) //modules/planning/reference_line:qp_spline_reference_line_smoother_test
PASS: (10-17 15:15:12.860) //modules/planning/math/smoothing_spline:active_set_spline_1d_solver_test
PASS: (10-17 15:15:12.944) //modules/planning/math/smoothing_spline:active_set_spline_2d_solver_test
PASS: (10-17 15:15:12.992) //modules/planning/math/smoothing_spline:osqp_spline_1d_solver_test
____(10-17 15:15:14.371) [4,201 / 4,304] Testing //modules/planning/navi/decider:navi_decider_test
PASS: (10-17 15:15:14.850) //modules/planning/reference_line:cos_theta_reference_line_smoother_test
____(10-17 15:15:14.984) [4,205 / 4,305] Testing //modules/planning/tasks/deciders/speed_bounds_decider:st_boundary_mapper_test
____(10-17 15:15:15.395) [4,209 / 4,308] Testing //modules/planning/tasks/deciders/speed_bounds_decider:speed_limit_decider_test
PASS: (10-17 15:15:16.086) //modules/planning/navi/decider:navi_decider_test
PASS: (10-17 15:15:16.386) //modules/planning/tasks/deciders:open_space_fallback_decider_test
PASS: (10-17 15:15:17.022) //modules/planning/tasks/deciders/speed_bounds_decider:st_boundary_mapper_test
PASS: (10-17 15:15:17.289) //modules/planning/tasks/deciders/speed_bounds_decider:speed_limit_decider_test
FAIL: (10-17 15:15:17.317) //modules/planning/tasks/optimizers/open_space_trajectory_generation:open_space_trajectory_provider_test (see /home/user/.cache/bazel/_bazel_user/540135163923dd7d5820f3ee4b306b32/execroot/apollo/bazel-out/local-fastbuild/testlogs/modules/planning/tasks/optimizers/open_space_trajectory_generation/open_space_trajectory_provider_test/test.log)
____(10-17 15:15:17.318) From Testing //modules/planning/tasks/optimizers/open_space_trajectory_generation:open_space_trajectory_provider_test:
==================== Test output for //modules/planning/tasks/optimizers/open_space_trajectory_generation:open_space_trajectory_provider_test:
/home/user/.cache/bazel/_bazel_user/540135163923dd7d5820f3ee4b306b32/execroot/apollo/bazel-out/local-fastbuild/bin/modules/planning/tasks/optimizers/open_space_trajectory_generation/open_space_trajectory_provider_test.runfiles/apollo/modules/planning/tasks/optimizers/open_space_trajectory_generation/open_space_trajectory_provider_test: error while loading shared libraries: libadolc.so.2: cannot open shared object file: No such file or directory
================================================================================
PASS: (10-17 15:15:17.406) //modules/planning/tasks/deciders:side_pass_decider_test
PASS: (10-17 15:15:18.542) //modules/planning/tasks/optimizers/road_graph:comparable_cost_test
PASS: (10-17 15:15:18.770) //modules/planning/tasks/deciders:open_space_roi_decider_test
PASS: (10-17 15:15:19.171) //modules/planning/tasks/optimizers/road_graph:trajectory_cost_test
PASS: (10-17 15:15:19.907) //modules/planning/tasks/optimizers/open_space_trajectory_partition:open_space_trajectory_partition_test
PASS: (10-17 15:15:20.062) //modules/planning/tasks/optimizers/proceed_with_caution_speed:proceed_with_caution_speed_generator_test
PASS: (10-17 15:15:20.210) //modules/planning/tasks/optimizers/dp_st_speed:dp_st_graph_test
FAIL: (10-17 15:15:20.523) //modules/planning/open_space/coarse_trajectory_generator:hybrid_a_star_test (see /home/user/.cache/bazel/_bazel_user/540135163923dd7d5820f3ee4b306b32/execroot/apollo/bazel-out/local-fastbuild/testlogs/modules/planning/open_space/coarse_trajectory_generator/hybrid_a_star_test/test.log)
____(10-17 15:15:20.523) From Testing //modules/planning/open_space/coarse_trajectory_generator:hybrid_a_star_test:
==================== Test output for //modules/planning/open_space/coarse_trajectory_generator:hybrid_a_star_test:
/home/user/.cache/bazel/_bazel_user/540135163923dd7d5820f3ee4b306b32/execroot/apollo/bazel-out/local-fastbuild/bin/modules/planning/open_space/coarse_trajectory_generator/hybrid_a_star_test.runfiles/apollo/modules/planning/open_space/coarse_trajectory_generator/hybrid_a_star_test: error while loading shared libraries: libadolc.so.2: cannot open shared object file: No such file or directory
================================================================================
FAIL: (10-17 15:15:20.856) //modules/planning/open_space/coarse_trajectory_generator:node3d_test (see /home/user/.cache/bazel/_bazel_user/540135163923dd7d5820f3ee4b306b32/execroot/apollo/bazel-out/local-fastbuild/testlogs/modules/planning/open_space/coarse_trajectory_generator/node3d_test/test.log)
____(10-17 15:15:20.857) From Testing //modules/planning/open_space/coarse_trajectory_generator:node3d_test:
==================== Test output for //modules/planning/open_space/coarse_trajectory_generator:node3d_test:
/home/user/.cache/bazel/_bazel_user/540135163923dd7d5820f3ee4b306b32/execroot/apollo/bazel-out/local-fastbuild/bin/modules/planning/open_space/coarse_trajectory_generator/node3d_test.runfiles/apollo/modules/planning/open_space/coarse_trajectory_generator/node3d_test: error while loading shared libraries: libadolc.so.2: cannot open shared object file: No such file or directory
================================================================================
PASS: (10-17 15:15:20.958) //modules/planning/common:ego_info_test
PASS: (10-17 15:15:21.266) //modules/planning/common:frame_test
FAIL: (10-17 15:15:21.899) //modules/planning/open_space/coarse_trajectory_generator:reeds_shepp_path_test (see /home/user/.cache/bazel/_bazel_user/540135163923dd7d5820f3ee4b306b32/execroot/apollo/bazel-out/local-fastbuild/testlogs/modules/planning/open_space/coarse_trajectory_generator/reeds_shepp_path_test/test.log)
____(10-17 15:15:21.909) From Testing //modules/planning/open_space/coarse_trajectory_generator:reeds_shepp_path_test:
==================== Test output for //modules/planning/open_space/coarse_trajectory_generator:reeds_shepp_path_test:
/home/user/.cache/bazel/_bazel_user/540135163923dd7d5820f3ee4b306b32/execroot/apollo/bazel-out/local-fastbuild/bin/modules/planning/open_space/coarse_trajectory_generator/reeds_shepp_path_test.runfiles/apollo/modules/planning/open_space/coarse_trajectory_generator/reeds_shepp_path_test: error while loading shared libraries: libadolc.so.2: cannot open shared object file: No such file or directory
================================================================================
PASS: (10-17 15:15:21.972) //modules/planning/math/smoothing_spline:spline_2d_constraint_test
PASS: (10-17 15:15:22.013) //modules/planning/common:speed_profile_generator_test
PASS: (10-17 15:15:22.031) //modules/planning/math/smoothing_spline:osqp_spline_2d_solver_test
____(10-17 15:15:22.047) [4,256 / 4,324] Compiling modules/planning/planner/on_lane_planner_dispatcher.cc
FAIL: (10-17 15:15:22.566) //modules/planning/tasks/optimizers/open_space_trajectory_generation:open_space_trajectory_optimizer_test (see /home/user/.cache/bazel/_bazel_user/540135163923dd7d5820f3ee4b306b32/execroot/apollo/bazel-out/local-fastbuild/testlogs/modules/planning/tasks/optimizers/open_space_trajectory_generation/open_space_trajectory_optimizer_test/test.log)
____(10-17 15:15:22.567) From Testing //modules/planning/tasks/optimizers/open_space_trajectory_generation:open_space_trajectory_optimizer_test:
==================== Test output for //modules/planning/tasks/optimizers/open_space_trajectory_generation:open_space_trajectory_optimizer_test:
/home/user/.cache/bazel/_bazel_user/540135163923dd7d5820f3ee4b306b32/execroot/apollo/bazel-out/local-fastbuild/bin/modules/planning/tasks/optimizers/open_space_trajectory_generation/open_space_trajectory_optimizer_test.runfiles/apollo/modules/planning/tasks/optimizers/open_space_trajectory_generation/open_space_trajectory_optimizer_test: error while loading shared libraries: libadolc.so.2: cannot open shared object file: No such file or directory
================================================================================
PASS: (10-17 15:15:22.681) //modules/planning/math/smoothing_spline:spline_2d_kernel_test
PASS: (10-17 15:15:22.750) //modules/planning/math/curve1d:piecewise_quintic_spiral_path_test
FAIL: (10-17 15:15:23.153) //modules/planning/open_space/trajectory_smoother:distance_approach_ipopt_cuda_interface_test (see /home/user/.cache/bazel/_bazel_user/540135163923dd7d5820f3ee4b306b32/execroot/apollo/bazel-out/local-fastbuild/testlogs/modules/planning/open_space/trajectory_smoother/distance_approach_ipopt_cuda_interface_test/test.log)
____(10-17 15:15:23.153) From Testing //modules/planning/open_space/trajectory_smoother:distance_approach_ipopt_cuda_interface_test:
==================== Test output for //modules/planning/open_space/trajectory_smoother:distance_approach_ipopt_cuda_interface_test:
/home/user/.cache/bazel/_bazel_user/540135163923dd7d5820f3ee4b306b32/execroot/apollo/bazel-out/local-fastbuild/bin/modules/planning/open_space/trajectory_smoother/distance_approach_ipopt_cuda_interface_test.runfiles/apollo/modules/planning/open_space/trajectory_smoother/distance_approach_ipopt_cuda_interface_test: error while loading shared libraries: libadolc.so.2: cannot open shared object file: No such file or directory
================================================================================
PASS: (10-17 15:15:23.188) //modules/planning/tuning:autotuning_raw_feature_generator_test
FAIL: (10-17 15:15:23.524) //modules/planning/open_space/trajectory_smoother:distance_approach_ipopt_interface_test (see /home/user/.cache/bazel/_bazel_user/540135163923dd7d5820f3ee4b306b32/execroot/apollo/bazel-out/local-fastbuild/testlogs/modules/planning/open_space/trajectory_smoother/distance_approach_ipopt_interface_test/test.log)
____(10-17 15:15:23.525) From Testing //modules/planning/open_space/trajectory_smoother:distance_approach_ipopt_interface_test:
==================== Test output for //modules/planning/open_space/trajectory_smoother:distance_approach_ipopt_interface_test:
/home/user/.cache/bazel/_bazel_user/540135163923dd7d5820f3ee4b306b32/execroot/apollo/bazel-out/local-fastbuild/bin/modules/planning/open_space/trajectory_smoother/distance_approach_ipopt_interface_test.runfiles/apollo/modules/planning/open_space/trajectory_smoother/distance_approach_ipopt_interface_test: error while loading shared libraries: libadolc.so.2: cannot open shared object file: No such file or directory
================================================================================
FAIL: (10-17 15:15:24.202) //modules/planning/open_space/trajectory_smoother:distance_approach_problem_test (see /home/user/.cache/bazel/_bazel_user/540135163923dd7d5820f3ee4b306b32/execroot/apollo/bazel-out/local-fastbuild/testlogs/modules/planning/open_space/trajectory_smoother/distance_approach_problem_test/test.log)
____(10-17 15:15:24.203) From Testing //modules/planning/open_space/trajectory_smoother:distance_approach_problem_test:
==================== Test output for //modules/planning/open_space/trajectory_smoother:distance_approach_problem_test:
/home/user/.cache/bazel/_bazel_user/540135163923dd7d5820f3ee4b306b32/execroot/apollo/bazel-out/local-fastbuild/bin/modules/planning/open_space/trajectory_smoother/distance_approach_problem_test.runfiles/apollo/modules/planning/open_space/trajectory_smoother/distance_approach_problem_test: error while loading shared libraries: libadolc.so.2: cannot open shared object file: No such file or directory
================================================================================
PASS: (10-17 15:15:24.696) //modules/planning/tuning/speed_model:autotuning_speed_mlp_model_test
PASS: (10-17 15:15:24.714) //modules/planning/open_space/trajectory_smoother:dual_variable_warm_start_osqp_interface_test
____(10-17 15:15:24.737) [4,281 / 4,338] Testing //modules/planning/open_space/trajectory_smoother:dual_variable_warm_start_problem_test
PASS: (10-17 15:15:24.898) //modules/planning/tuning:autotuning_mlp_net_model_test
FAIL: (10-17 15:15:24.908) //modules/planning/open_space/trajectory_smoother:dual_variable_warm_start_problem_test (see /home/user/.cache/bazel/_bazel_user/540135163923dd7d5820f3ee4b306b32/execroot/apollo/bazel-out/local-fastbuild/testlogs/modules/planning/open_space/trajectory_smoother/dual_variable_warm_start_problem_test/test.log)
____(10-17 15:15:24.908) From Testing //modules/planning/open_space/trajectory_smoother:dual_variable_warm_start_problem_test:
==================== Test output for //modules/planning/open_space/trajectory_smoother:dual_variable_warm_start_problem_test:
/home/user/.cache/bazel/_bazel_user/540135163923dd7d5820f3ee4b306b32/execroot/apollo/bazel-out/local-fastbuild/bin/modules/planning/open_space/trajectory_smoother/dual_variable_warm_start_problem_test.runfiles/apollo/modules/planning/open_space/trajectory_smoother/dual_variable_warm_start_problem_test: error while loading shared libraries: libadolc.so.2: cannot open shared object file: No such file or directory
================================================================================
____(10-17 15:15:25.372) [4,286 / 4,342] Linking external/ad_rss_lib/libad_rss.so
FAIL: (10-17 15:15:26.282) //modules/planning/open_space/trajectory_smoother:dual_variable_warm_start_ipopt_interface_test (see /home/user/.cache/bazel/_bazel_user/540135163923dd7d5820f3ee4b306b32/execroot/apollo/bazel-out/local-fastbuild/testlogs/modules/planning/open_space/trajectory_smoother/dual_variable_warm_start_ipopt_interface_test/test.log)
____(10-17 15:15:26.283) From Testing //modules/planning/open_space/trajectory_smoother:dual_variable_warm_start_ipopt_interface_test:
==================== Test output for //modules/planning/open_space/trajectory_smoother:dual_variable_warm_start_ipopt_interface_test:
/home/user/.cache/bazel/_bazel_user/540135163923dd7d5820f3ee4b306b32/execroot/apollo/bazel-out/local-fastbuild/bin/modules/planning/open_space/trajectory_smoother/dual_variable_warm_start_ipopt_interface_test.runfiles/apollo/modules/planning/open_space/trajectory_smoother/dual_variable_warm_start_ipopt_interface_test: error while loading shared libraries: libadolc.so.2: cannot open shared object file: No such file or directory
================================================================================
PASS: (10-17 15:15:27.431) //modules/planning/common:reference_line_info_test
____(10-17 15:15:28.446) [4,294 / 4,345] Testing //modules/planning/scenarios/valet_parking:stage_approaching_parking_spot_test
FAIL: (10-17 15:15:28.655) //modules/planning/scenarios/valet_parking:stage_approaching_parking_spot_test (see /home/user/.cache/bazel/_bazel_user/540135163923dd7d5820f3ee4b306b32/execroot/apollo/bazel-out/local-fastbuild/testlogs/modules/planning/scenarios/valet_parking/stage_approaching_parking_spot_test/test.log)
____(10-17 15:15:28.658) From Testing //modules/planning/scenarios/valet_parking:stage_approaching_parking_spot_test:
==================== Test output for //modules/planning/scenarios/valet_parking:stage_approaching_parking_spot_test:
/home/user/.cache/bazel/_bazel_user/540135163923dd7d5820f3ee4b306b32/execroot/apollo/bazel-out/local-fastbuild/bin/modules/planning/scenarios/valet_parking/stage_approaching_parking_spot_test.runfiles/apollo/modules/planning/scenarios/valet_parking/stage_approaching_parking_spot_test: error while loading shared libraries: libadolc.so.2: cannot open shared object file: No such file or directory
================================================================================
FAIL: (10-17 15:15:28.852) //modules/planning/scenarios/narrow_street_u_turn:narrow_street_u_turn_scenario_test (see /home/user/.cache/bazel/_bazel_user/540135163923dd7d5820f3ee4b306b32/execroot/apollo/bazel-out/local-fastbuild/testlogs/modules/planning/scenarios/narrow_street_u_turn/narrow_street_u_turn_scenario_test/test.log)
____(10-17 15:15:28.856) From Testing //modules/planning/scenarios/narrow_street_u_turn:narrow_street_u_turn_scenario_test:
==================== Test output for //modules/planning/scenarios/narrow_street_u_turn:narrow_street_u_turn_scenario_test:
/home/user/.cache/bazel/_bazel_user/540135163923dd7d5820f3ee4b306b32/execroot/apollo/bazel-out/local-fastbuild/bin/modules/planning/scenarios/narrow_street_u_turn/narrow_street_u_turn_scenario_test.runfiles/apollo/modules/planning/scenarios/narrow_street_u_turn/narrow_street_u_turn_scenario_test: error while loading shared libraries: libadolc.so.2: cannot open shared object file: No such file or directory
================================================================================
FAIL: (10-17 15:15:30.290) //modules/planning/scenarios/valet_parking:stage_parking_test (see /home/user/.cache/bazel/_bazel_user/540135163923dd7d5820f3ee4b306b32/execroot/apollo/bazel-out/local-fastbuild/testlogs/modules/planning/scenarios/valet_parking/stage_parking_test/test.log)
____(10-17 15:15:30.301) From Testing //modules/planning/scenarios/valet_parking:stage_parking_test:
==================== Test output for //modules/planning/scenarios/valet_parking:stage_parking_test:
/home/user/.cache/bazel/_bazel_user/540135163923dd7d5820f3ee4b306b32/execroot/apollo/bazel-out/local-fastbuild/bin/modules/planning/scenarios/valet_parking/stage_parking_test.runfiles/apollo/modules/planning/scenarios/valet_parking/stage_parking_test: error while loading shared libraries: libadolc.so.2: cannot open shared object file: No such file or directory
================================================================================
FAIL: (10-17 15:15:31.451) //modules/planning/scenarios/stop_sign/unprotected:stop_sign_unprotected_scenario_test (see /home/user/.cache/bazel/_bazel_user/540135163923dd7d5820f3ee4b306b32/execroot/apollo/bazel-out/local-fastbuild/testlogs/modules/planning/scenarios/stop_sign/unprotected/stop_sign_unprotected_scenario_test/test.log)
____(10-17 15:15:31.453) From Testing //modules/planning/scenarios/stop_sign/unprotected:stop_sign_unprotected_scenario_test:
==================== Test output for //modules/planning/scenarios/stop_sign/unprotected:stop_sign_unprotected_scenario_test:
/home/user/.cache/bazel/_bazel_user/540135163923dd7d5820f3ee4b306b32/execroot/apollo/bazel-out/local-fastbuild/bin/modules/planning/scenarios/stop_sign/unprotected/stop_sign_unprotected_scenario_test.runfiles/apollo/modules/planning/scenarios/stop_sign/unprotected/stop_sign_unprotected_scenario_test: error while loading shared libraries: libadolc.so.2: cannot open shared object file: No such file or directory
================================================================================
FAIL: (10-17 15:15:31.732) //modules/planning/scenarios/valet_parking:valet_parking_scenario_test (see /home/user/.cache/bazel/_bazel_user/540135163923dd7d5820f3ee4b306b32/execroot/apollo/bazel-out/local-fastbuild/testlogs/modules/planning/scenarios/valet_parking/valet_parking_scenario_test/test.log)
____(10-17 15:15:31.732) From Testing //modules/planning/scenarios/valet_parking:valet_parking_scenario_test:
==================== Test output for //modules/planning/scenarios/valet_parking:valet_parking_scenario_test:
/home/user/.cache/bazel/_bazel_user/540135163923dd7d5820f3ee4b306b32/execroot/apollo/bazel-out/local-fastbuild/bin/modules/planning/scenarios/valet_parking/valet_parking_scenario_test.runfiles/apollo/modules/planning/scenarios/valet_parking/valet_parking_scenario_test: error while loading shared libraries: libadolc.so.2: cannot open shared object file: No such file or directory
================================================================================
FAIL: (10-17 15:15:32.219) //modules/planning/scenarios/traffic_light/protected:traffic_light_protected_scenario_test (see /home/user/.cache/bazel/_bazel_user/540135163923dd7d5820f3ee4b306b32/execroot/apollo/bazel-out/local-fastbuild/testlogs/modules/planning/scenarios/traffic_light/protected/traffic_light_protected_scenario_test/test.log)
____(10-17 15:15:32.219) From Testing //modules/planning/scenarios/traffic_light/protected:traffic_light_protected_scenario_test:
==================== Test output for //modules/planning/scenarios/traffic_light/protected:traffic_light_protected_scenario_test:
/home/user/.cache/bazel/_bazel_user/540135163923dd7d5820f3ee4b306b32/execroot/apollo/bazel-out/local-fastbuild/bin/modules/planning/scenarios/traffic_light/protected/traffic_light_protected_scenario_test.runfiles/apollo/modules/planning/scenarios/traffic_light/protected/traffic_light_protected_scenario_test: error while loading shared libraries: libadolc.so.2: cannot open shared object file: No such file or directory
================================================================================
FAIL: (10-17 15:15:33.059) //modules/planning/scenarios/traffic_light/unprotected_right_turn:traffic_light_right_turn_unprotected_scenario_test (see /home/user/.cache/bazel/_bazel_user/540135163923dd7d5820f3ee4b306b32/execroot/apollo/bazel-out/local-fastbuild/testlogs/modules/planning/scenarios/traffic_light/unprotected_right_turn/traffic_light_right_turn_unprotected_scenario_test/test.log)
____(10-17 15:15:33.078) From Testing //modules/planning/scenarios/traffic_light/unprotected_right_turn:traffic_light_right_turn_unprotected_scenario_test:
==================== Test output for //modules/planning/scenarios/traffic_light/unprotected_right_turn:traffic_light_right_turn_unprotected_scenario_test:
/home/user/.cache/bazel/_bazel_user/540135163923dd7d5820f3ee4b306b32/execroot/apollo/bazel-out/local-fastbuild/bin/modules/planning/scenarios/traffic_light/unprotected_right_turn/traffic_light_right_turn_unprotected_scenario_test.runfiles/apollo/modules/planning/scenarios/traffic_light/unprotected_right_turn/traffic_light_right_turn_unprotected_scenario_test: error while loading shared libraries: libadolc.so.2: cannot open shared object file: No such file or directory
================================================================================
FAIL: (10-17 15:15:34.703) //modules/planning/scenarios/traffic_light/unprotected_left_turn:traffic_light_left_turn_unprotected_scenario_test (see /home/user/.cache/bazel/_bazel_user/540135163923dd7d5820f3ee4b306b32/execroot/apollo/bazel-out/local-fastbuild/testlogs/modules/planning/scenarios/traffic_light/unprotected_left_turn/traffic_light_left_turn_unprotected_scenario_test/test.log)
____(10-17 15:15:34.706) From Testing //modules/planning/scenarios/traffic_light/unprotected_left_turn:traffic_light_left_turn_unprotected_scenario_test:
==================== Test output for //modules/planning/scenarios/traffic_light/unprotected_left_turn:traffic_light_left_turn_unprotected_scenario_test:
/home/user/.cache/bazel/_bazel_user/540135163923dd7d5820f3ee4b306b32/execroot/apollo/bazel-out/local-fastbuild/bin/modules/planning/scenarios/traffic_light/unprotected_left_turn/traffic_light_left_turn_unprotected_scenario_test.runfiles/apollo/modules/planning/scenarios/traffic_light/unprotected_left_turn/traffic_light_left_turn_unprotected_scenario_test: error while loading shared libraries: libadolc.so.2: cannot open shared object file: No such file or directory
================================================================================
==================== Test output for //modules/planning/scenarios/lane_follow:lane_follow_scenario_test:
/home/user/.cache/bazel/_bazel_user/540135163923dd7d5820f3ee4b306b32/execroot/apollo/bazel-out/local-fastbuild/bin/modules/planning/scenarios/lane_follow/lane_follow_scenario_test.runfiles/apollo/modules/planning/scenarios/lane_follow/lane_follow_scenario_test: error while loading shared libraries: libadolc.so.2: cannot open shared object file: No such file or directory
================================================================================
FAIL: (10-17 15:15:34.901) //modules/planning/scenarios/lane_follow:lane_follow_scenario_test (see /home/user/.cache/bazel/_bazel_user/540135163923dd7d5820f3ee4b306b32/execroot/apollo/bazel-out/local-fastbuild/testlogs/modules/planning/scenarios/lane_follow/lane_follow_scenario_test/test.log)
____(10-17 15:15:34.902) From Testing //modules/planning/scenarios/lane_follow:lane_follow_scenario_test:
FAIL: (10-17 15:15:35.377) //modules/planning/scenarios/bare_intersection/unprotected:bare_intersection_unprotected_scenario_test (see /home/user/.cache/bazel/_bazel_user/540135163923dd7d5820f3ee4b306b32/execroot/apollo/bazel-out/local-fastbuild/testlogs/modules/planning/scenarios/bare_intersection/unprotected/bare_intersection_unprotected_scenario_test/test.log)
____(10-17 15:15:35.378) From Testing //modules/planning/scenarios/bare_intersection/unprotected:bare_intersection_unprotected_scenario_test:
==================== Test output for //modules/planning/scenarios/bare_intersection/unprotected:bare_intersection_unprotected_scenario_test:
/home/user/.cache/bazel/_bazel_user/540135163923dd7d5820f3ee4b306b32/execroot/apollo/bazel-out/local-fastbuild/bin/modules/planning/scenarios/bare_intersection/unprotected/bare_intersection_unprotected_scenario_test.runfiles/apollo/modules/planning/scenarios/bare_intersection/unprotected/bare_intersection_unprotected_scenario_test: error while loading shared libraries: libadolc.so.2: cannot open shared object file: No such file or directory
================================================================================
PASS: (10-17 15:15:35.778) //modules/planning/lattice/trajectory_generation:lateral_qp_optimizer_cpplint
PASS: (10-17 15:15:36.035) //modules/planning/lattice/trajectory_generation:backup_trajectory_generator_cpplint
PASS: (10-17 15:15:36.084) //modules/planning/lattice/trajectory_generation:lateral_osqp_optimizer_cpplint
PASS: (10-17 15:15:36.107) //modules/planning/lattice/behavior:prediction_querier_cpplint
PASS: (10-17 15:15:36.120) //modules/planning/planner/rtk:rtk_planner_cpplint
PASS: (10-17 15:15:36.195) //modules/planning/lattice/trajectory_generation:end_condition_sampler_cpplint
____(10-17 15:15:36.225) [4,359 / 4,405] Compiling modules/planning/planner/on_lane_planner_dispatcher_test.cc
PASS: (10-17 15:15:36.704) //modules/planning/lattice/behavior:feasible_region_cpplint
____(10-17 15:15:36.799) [4,367 / 4,413] Testing //modules/planning/planner:navi_planner_dispatcher_test_cpplint
PASS: (10-17 15:15:36.844) //modules/planning/planner:on_lane_planner_dispatcher_test_cpplint
PASS: (10-17 15:15:37.023) //modules/planning/planner:planner_dispatcher_cpplint
PASS: (10-17 15:15:37.186) //modules/planning/planner:planner_cpplint
PASS: (10-17 15:15:37.207) //modules/planning/lattice/behavior:path_time_graph_cpplint
PASS: (10-17 15:15:37.320) //modules/planning/planner:navi_planner_dispatcher_test_cpplint
PASS: (10-17 15:15:37.756) //modules/planning/tasks/rss:decider_rss_test
PASS: (10-17 15:15:37.859) //modules/planning/planner/public_road:public_road_planner_test_cpplint
PASS: (10-17 15:15:38.043) //modules/planning/planner/public_road:public_road_planner_cpplint
PASS: (10-17 15:15:38.187) //modules/planning/planner/open_space:open_space_planner_test_cpplint
PASS: (10-17 15:15:38.867) //modules/planning/planner/rtk:rtk_replay_planner_test_cpplint
PASS: (10-17 15:15:39.039) //modules/planning/planner/open_space:open_space_planner_cpplint
PASS: (10-17 15:15:40.171) //modules/planning/planner/lattice:lattice_planner_cpplint
PASS: (10-17 15:15:40.303) //modules/planning/planner/navi:navi_planner_cpplint
PASS: (10-17 15:15:40.730) //modules/planning/planner/navi:navi_planner_test_cpplint
PASS: (10-17 15:15:46.913) //modules/planning/reference_line:spiral_reference_line_smoother_test
FAIL: (10-17 15:15:47.558) //modules/planning/scenarios/side_pass:side_pass_scenario_test (see /home/user/.cache/bazel/_bazel_user/540135163923dd7d5820f3ee4b306b32/execroot/apollo/bazel-out/local-fastbuild/testlogs/modules/planning/scenarios/side_pass/side_pass_scenario_test/test.log)
____(10-17 15:15:47.559) From Testing //modules/planning/scenarios/side_pass:side_pass_scenario_test:
==================== Test output for //modules/planning/scenarios/side_pass:side_pass_scenario_test:
/home/user/.cache/bazel/_bazel_user/540135163923dd7d5820f3ee4b306b32/execroot/apollo/bazel-out/local-fastbuild/bin/modules/planning/scenarios/side_pass/side_pass_scenario_test.runfiles/apollo/modules/planning/scenarios/side_pass/side_pass_scenario_test: error while loading shared libraries: libadolc.so.2: cannot open shared object file: No such file or directory
================================================================================
FAIL: (10-17 15:15:47.657) //modules/planning/planner/navi:navi_planner_test (see /home/user/.cache/bazel/_bazel_user/540135163923dd7d5820f3ee4b306b32/execroot/apollo/bazel-out/local-fastbuild/testlogs/modules/planning/planner/navi/navi_planner_test/test.log)
____(10-17 15:15:47.657) From Testing //modules/planning/planner/navi:navi_planner_test:
==================== Test output for //modules/planning/planner/navi:navi_planner_test:
/home/user/.cache/bazel/_bazel_user/540135163923dd7d5820f3ee4b306b32/execroot/apollo/bazel-out/local-fastbuild/bin/modules/planning/planner/navi/navi_planner_test.runfiles/apollo/modules/planning/planner/navi/navi_planner_test: error while loading shared libraries: libadolc.so.2: cannot open shared object file: No such file or directory
================================================================================
FAIL: (10-17 15:15:54.884) //modules/planning/planner:navi_planner_dispatcher_test (see /home/user/.cache/bazel/_bazel_user/540135163923dd7d5820f3ee4b306b32/execroot/apollo/bazel-out/local-fastbuild/testlogs/modules/planning/planner/navi_planner_dispatcher_test/test.log)
____(10-17 15:15:54.884) From Testing //modules/planning/planner:navi_planner_dispatcher_test:
==================== Test output for //modules/planning/planner:navi_planner_dispatcher_test:
/home/user/.cache/bazel/_bazel_user/540135163923dd7d5820f3ee4b306b32/execroot/apollo/bazel-out/local-fastbuild/bin/modules/planning/planner/navi_planner_dispatcher_test.runfiles/apollo/modules/planning/planner/navi_planner_dispatcher_test: error while loading shared libraries: libadolc.so.2: cannot open shared object file: No such file or directory
================================================================================
FAIL: (10-17 15:15:55.012) //modules/planning/planner:on_lane_planner_dispatcher_test (see /home/user/.cache/bazel/_bazel_user/540135163923dd7d5820f3ee4b306b32/execroot/apollo/bazel-out/local-fastbuild/testlogs/modules/planning/planner/on_lane_planner_dispatcher_test/test.log)
____(10-17 15:15:55.014) From Testing //modules/planning/planner:on_lane_planner_dispatcher_test:
==================== Test output for //modules/planning/planner:on_lane_planner_dispatcher_test:
/home/user/.cache/bazel/_bazel_user/540135163923dd7d5820f3ee4b306b32/execroot/apollo/bazel-out/local-fastbuild/bin/modules/planning/planner/on_lane_planner_dispatcher_test.runfiles/apollo/modules/planning/planner/on_lane_planner_dispatcher_test: error while loading shared libraries: libadolc.so.2: cannot open shared object file: No such file or directory
================================================================================
FAIL: (10-17 15:15:55.448) //modules/planning/planner/public_road:public_road_planner_test (see /home/user/.cache/bazel/_bazel_user/540135163923dd7d5820f3ee4b306b32/execroot/apollo/bazel-out/local-fastbuild/testlogs/modules/planning/planner/public_road/public_road_planner_test/test.log)
____(10-17 15:15:55.449) From Testing //modules/planning/planner/public_road:public_road_planner_test:
==================== Test output for //modules/planning/planner/public_road:public_road_planner_test:
/home/user/.cache/bazel/_bazel_user/540135163923dd7d5820f3ee4b306b32/execroot/apollo/bazel-out/local-fastbuild/bin/modules/planning/planner/public_road/public_road_planner_test.runfiles/apollo/modules/planning/planner/public_road/public_road_planner_test: error while loading shared libraries: libadolc.so.2: cannot open shared object file: No such file or directory
================================================================================
FAIL: (10-17 15:15:56.027) //modules/planning/planner/rtk:rtk_replay_planner_test (see /home/user/.cache/bazel/_bazel_user/540135163923dd7d5820f3ee4b306b32/execroot/apollo/bazel-out/local-fastbuild/testlogs/modules/planning/planner/rtk/rtk_replay_planner_test/test.log)
____(10-17 15:15:56.028) From Testing //modules/planning/planner/rtk:rtk_replay_planner_test:
==================== Test output for //modules/planning/planner/rtk:rtk_replay_planner_test:
/home/user/.cache/bazel/_bazel_user/540135163923dd7d5820f3ee4b306b32/execroot/apollo/bazel-out/local-fastbuild/bin/modules/planning/planner/rtk/rtk_replay_planner_test.runfiles/apollo/modules/planning/planner/rtk/rtk_replay_planner_test: error while loading shared libraries: libadolc.so.2: cannot open shared object file: No such file or directory
================================================================================
FAIL: (10-17 15:15:56.710) //modules/planning/planner/open_space:open_space_planner_test (see /home/user/.cache/bazel/_bazel_user/540135163923dd7d5820f3ee4b306b32/execroot/apollo/bazel-out/local-fastbuild/testlogs/modules/planning/planner/open_space/open_space_planner_test/test.log)
____(10-17 15:15:56.710) From Testing //modules/planning/planner/open_space:open_space_planner_test:
==================== Test output for //modules/planning/planner/open_space:open_space_planner_test:
/home/user/.cache/bazel/_bazel_user/540135163923dd7d5820f3ee4b306b32/execroot/apollo/bazel-out/local-fastbuild/bin/modules/planning/planner/open_space/open_space_planner_test.runfiles/apollo/modules/planning/planner/open_space/open_space_planner_test: error while loading shared libraries: libadolc.so.2: cannot open shared object file: No such file or directory
================================================================================
____(10-17 15:16:06.956) [4,462 / 4,470] Still waiting for 1 job to complete:
      Running (local):
        Compiling modules/planning/planning_component.cc, 42 s
____(10-17 15:16:37.532) [4,465 / 4,470] Linking modules/planning/integration_tests/garage_test
____(10-17 15:16:39.129) [4,468 / 4,471] Testing //modules/planning/integration_tests:sunnyvale_loop_test
____(10-17 15:16:39.192) [4,469 / 4,472] Testing //modules/planning/integration_tests:garage_test
FAIL: (10-17 15:16:39.211) //modules/planning/integration_tests:sunnyvale_loop_test (see /home/user/.cache/bazel/_bazel_user/540135163923dd7d5820f3ee4b306b32/execroot/apollo/bazel-out/local-fastbuild/testlogs/modules/planning/integration_tests/sunnyvale_loop_test/test.log)
____(10-17 15:16:39.211) From Testing //modules/planning/integration_tests:sunnyvale_loop_test:
==================== Test output for //modules/planning/integration_tests:sunnyvale_loop_test:
/home/user/.cache/bazel/_bazel_user/540135163923dd7d5820f3ee4b306b32/execroot/apollo/bazel-out/local-fastbuild/bin/modules/planning/integration_tests/sunnyvale_loop_test.runfiles/apollo/modules/planning/integration_tests/sunnyvale_loop_test: error while loading shared libraries: libadolc.so.2: cannot open shared object file: No such file or directory
================================================================================
____(10-17 15:16:39.251) [4,471 / 4,473] Testing //modules/planning/integration_tests:sunnyvale_big_loop_test
FAIL: (10-17 15:16:39.298) //modules/planning/integration_tests:garage_test (see /home/user/.cache/bazel/_bazel_user/540135163923dd7d5820f3ee4b306b32/execroot/apollo/bazel-out/local-fastbuild/testlogs/modules/planning/integration_tests/garage_test/test.log)
____(10-17 15:16:39.299) From Testing //modules/planning/integration_tests:garage_test:
==================== Test output for //modules/planning/integration_tests:garage_test:
/home/user/.cache/bazel/_bazel_user/540135163923dd7d5820f3ee4b306b32/execroot/apollo/bazel-out/local-fastbuild/bin/modules/planning/integration_tests/garage_test.runfiles/apollo/modules/planning/integration_tests/garage_test: error while loading shared libraries: libadolc.so.2: cannot open shared object file: No such file or directory
================================================================================
FAIL: (10-17 15:16:39.333) //modules/planning/integration_tests:sunnyvale_big_loop_test (see /home/user/.cache/bazel/_bazel_user/540135163923dd7d5820f3ee4b306b32/execroot/apollo/bazel-out/local-fastbuild/testlogs/modules/planning/integration_tests/sunnyvale_big_loop_test/test.log)
____(10-17 15:16:39.333) From Testing //modules/planning/integration_tests:sunnyvale_big_loop_test:
==================== Test output for //modules/planning/integration_tests:sunnyvale_big_loop_test:
/home/user/.cache/bazel/_bazel_user/540135163923dd7d5820f3ee4b306b32/execroot/apollo/bazel-out/local-fastbuild/bin/modules/planning/integration_tests/sunnyvale_big_loop_test.runfiles/apollo/modules/planning/integration_tests/sunnyvale_big_loop_test: error while loading shared libraries: libadolc.so.2: cannot open shared object file: No such file or directory
================================================================================
____(10-17 15:16:39.386) Elapsed time: 296.401s, Critical Path: 89.93s
//modules/planning/common:change_lane_decider_cpplint                    PASSED in 0.5s
//modules/planning/common:ego_info_cpplint                               PASSED in 0.4s
//modules/planning/common:ego_info_test                                  PASSED in 1.5s
//modules/planning/common:ego_info_test_cpplint                          PASSED in 0.3s
//modules/planning/common:frame_cpplint                                  PASSED in 1.1s
//modules/planning/common:frame_test                                     PASSED in 1.5s
//modules/planning/common:frame_test_cpplint                             PASSED in 0.2s
//modules/planning/common:indexed_list_cpplint                           PASSED in 0.4s
//modules/planning/common:indexed_list_test                              PASSED in 0.3s
//modules/planning/common:indexed_list_test_cpplint                      PASSED in 0.2s
//modules/planning/common:indexed_queue_cpplint                          PASSED in 0.4s
//modules/planning/common:indexed_queue_test                             PASSED in 0.3s
//modules/planning/common:indexed_queue_test_cpplint                     PASSED in 0.2s
//modules/planning/common:local_view_cpplint                             PASSED in 0.3s
//modules/planning/common:obstacle_blocking_analyzer_cpplint             PASSED in 0.4s
//modules/planning/common:obstacle_cpplint                               PASSED in 1.0s
//modules/planning/common:obstacle_test                                  PASSED in 0.9s
//modules/planning/common:obstacle_test_cpplint                          PASSED in 0.5s
//modules/planning/common:open_space_info_cpplint                        PASSED in 0.8s
//modules/planning/common:open_space_info_test                           PASSED in 0.8s
//modules/planning/common:open_space_info_test_cpplint                   PASSED in 0.2s
//modules/planning/common/path:discretized_path_cpplint                  PASSED in 0.3s
//modules/planning/common/path:discretized_path_test                     PASSED in 0.7s
//modules/planning/common/path:discretized_path_test_cpplint             PASSED in 0.2s
//modules/planning/common/path:frenet_frame_path_cpplint                 PASSED in 0.4s
//modules/planning/common/path:frenet_frame_path_test                    PASSED in 0.6s
//modules/planning/common/path:frenet_frame_path_test_cpplint            PASSED in 0.3s
//modules/planning/common/path:path_data_cpplint                         PASSED in 0.6s
//modules/planning/common:path_decision_cpplint                          PASSED in 0.3s
//modules/planning/common:planning_context_cpplint                       PASSED in 0.3s
//modules/planning/common:planning_gflags_cpplint                        PASSED in 0.7s
//modules/planning/common:reference_line_info_cpplint                    PASSED in 1.1s
//modules/planning/common:reference_line_info_test                       PASSED in 1.4s
//modules/planning/common:reference_line_info_test_cpplint               PASSED in 0.2s
//modules/planning/common/speed:speed_data_cpplint                       PASSED in 0.4s
//modules/planning/common/speed:st_boundary_cpplint                      PASSED in 0.7s
//modules/planning/common/speed:st_boundary_test                         PASSED in 0.9s
//modules/planning/common/speed:st_boundary_test_cpplint                 PASSED in 0.3s
//modules/planning/common/speed:st_point_cpplint                         PASSED in 0.4s
//modules/planning/common:speed_limit_cpplint                            PASSED in 0.4s
//modules/planning/common:speed_limit_test                               PASSED in 0.6s
//modules/planning/common:speed_limit_test_cpplint                       PASSED in 0.2s
//modules/planning/common:speed_profile_generator_cpplint                PASSED in 0.5s
//modules/planning/common:speed_profile_generator_test                   PASSED in 1.4s
//modules/planning/common:speed_profile_generator_test_cpplint           PASSED in 0.3s
//modules/planning/common:st_graph_data_cpplint                          PASSED in 0.3s
//modules/planning/common:st_graph_data_test                             PASSED in 0.7s
//modules/planning/common:st_graph_data_test_cpplint                     PASSED in 0.2s
//modules/planning/common/trajectory:discretized_trajectory_cpplint      PASSED in 0.4s
//modules/planning/common/trajectory:discretized_trajectory_test         PASSED in 1.1s
//modules/planning/common/trajectory:discretized_trajectory_test_cpplint PASSED in 0.2s
//modules/planning/common/trajectory:publishable_trajectory_cpplint      PASSED in 0.4s
//modules/planning/common/trajectory:publishable_trajectory_test         PASSED in 0.7s
//modules/planning/common/trajectory:publishable_trajectory_test_cpplint PASSED in 0.2s
//modules/planning/common/trajectory1d:constant_deceleration_trajectory1d_cpplint PASSED in 0.5s
//modules/planning/common/trajectory1d:constant_jerk_trajectory1d_cpplint PASSED in 0.3s
//modules/planning/common/trajectory1d:piecewise_acceleration_trajectory1d_cpplint PASSED in 0.4s
//modules/planning/common/trajectory1d:piecewise_jerk_trajectory1d_cpplint PASSED in 0.5s
//modules/planning/common/trajectory1d:piecewise_trajectory1d_cpplint    PASSED in 0.4s
//modules/planning/common/trajectory1d:standing_still_trajectory1d_cpplint PASSED in 0.3s
//modules/planning/common:trajectory_stitcher_cpplint                    PASSED in 0.5s
//modules/planning/common/util:util_lib_cpplint                          PASSED in 0.3s
//modules/planning/constraint_checker:collision_checker_cpplint          PASSED in 0.5s
//modules/planning/constraint_checker:constraint_checker1d_cpplint       PASSED in 0.3s
//modules/planning/constraint_checker:constraint_checker_cpplint         PASSED in 0.4s
//modules/planning/integration_tests:garage_test_cpplint                 PASSED in 0.3s
//modules/planning/integration_tests:planning_test_base_cpplint          PASSED in 0.5s
//modules/planning/integration_tests:sunnyvale_big_loop_test_cpplint     PASSED in 0.5s
//modules/planning/integration_tests:sunnyvale_loop_test_cpplint         PASSED in 0.4s
//modules/planning/lattice/behavior:feasible_region_cpplint              PASSED in 0.6s
//modules/planning/lattice/behavior:path_time_graph_cpplint              PASSED in 1.3s
//modules/planning/lattice/behavior:prediction_querier_cpplint           PASSED in 0.6s
//modules/planning/lattice/trajectory_generation:backup_trajectory_generator_cpplint PASSED in 0.8s
//modules/planning/lattice/trajectory_generation:end_condition_sampler_cpplint PASSED in 1.0s
//modules/planning/lattice/trajectory_generation:lateral_osqp_optimizer_cpplint PASSED in 0.9s
//modules/planning/lattice/trajectory_generation:lateral_qp_optimizer_cpplint PASSED in 0.6s
//modules/planning/lattice/trajectory_generation:lattice_trajectory1d_cpplint PASSED in 0.6s
//modules/planning/lattice/trajectory_generation:piecewise_braking_trajectory_generator_cpplint PASSED in 0.4s
//modules/planning/lattice/trajectory_generation:trajectory1d_generator_cpplint PASSED in 0.7s
//modules/planning/lattice/trajectory_generation:trajectory_combiner_cpplint PASSED in 0.3s
//modules/planning/lattice/trajectory_generation:trajectory_evaluator_cpplint PASSED in 0.6s
//modules/planning/math/curve1d:cubic_polynomial_curve1d_cpplint         PASSED in 0.3s
//modules/planning/math/curve1d:cubic_polynomial_curve1d_test            PASSED in 0.1s
//modules/planning/math/curve1d:cubic_polynomial_curve1d_test_cpplint    PASSED in 0.2s
//modules/planning/math/curve1d:curve1d_cpplint                          PASSED in 0.3s
//modules/planning/math/curve1d:piecewise_quintic_spiral_path_cpplint    PASSED in 0.3s
//modules/planning/math/curve1d:piecewise_quintic_spiral_path_test       PASSED in 0.5s
//modules/planning/math/curve1d:piecewise_quintic_spiral_path_test_cpplint PASSED in 0.2s
//modules/planning/math/curve1d:polynomial_curve1d_cpplint               PASSED in 0.2s
//modules/planning/math/curve1d:quartic_polynomial_curve1d_cpplint       PASSED in 0.5s
//modules/planning/math/curve1d:quartic_polynomial_curve1d_test          PASSED in 0.1s
//modules/planning/math/curve1d:quartic_polynomial_curve1d_test_cpplint  PASSED in 0.3s
//modules/planning/math/curve1d:quintic_polynomial_curve1d_cpplint       PASSED in 0.4s
//modules/planning/math/curve1d:quintic_polynomial_curve1d_test          PASSED in 0.1s
//modules/planning/math/curve1d:quintic_polynomial_curve1d_test_cpplint  PASSED in 0.3s
//modules/planning/math/curve1d:quintic_spiral_path_cpplint              PASSED in 1.0s
//modules/planning/math:curve_math_cpplint                               PASSED in 0.3s
//modules/planning/math:curve_math_test                                  PASSED in 0.0s
//modules/planning/math:curve_math_test_cpplint                          PASSED in 0.2s
//modules/planning/math/finite_element_optimizer:finite_element1d_optimizer_cpplint PASSED in 0.6s
//modules/planning/math/finite_element_optimizer:finite_element1d_optimizer_test PASSED in 0.1s
//modules/planning/math/finite_element_optimizer:finite_element1d_optimizer_test_cpplint PASSED in 0.3s
//modules/planning/math/finite_element_qp:fem_1d_qp_problem_cpplint      PASSED in 0.8s
//modules/planning/math/finite_element_qp:fem_1d_qp_problem_test         PASSED in 0.1s
//modules/planning/math/finite_element_qp:fem_1d_qp_problem_test_cpplint PASSED in 0.3s
//modules/planning/math:polynomial_xd_cpplint                            PASSED in 0.4s
//modules/planning/math/smoothing_spline:active_set_spline_1d_solver_cpplint PASSED in 0.4s
//modules/planning/math/smoothing_spline:active_set_spline_1d_solver_test PASSED in 0.5s
//modules/planning/math/smoothing_spline:active_set_spline_1d_solver_test_cpplint PASSED in 0.3s
//modules/planning/math/smoothing_spline:active_set_spline_2d_solver_cpplint PASSED in 0.4s
//modules/planning/math/smoothing_spline:active_set_spline_2d_solver_test PASSED in 0.3s
//modules/planning/math/smoothing_spline:active_set_spline_2d_solver_test_cpplint PASSED in 0.3s
//modules/planning/math/smoothing_spline:affine_constraint_cpplint       PASSED in 0.3s
//modules/planning/math/smoothing_spline:osqp_spline_1d_solver_cpplint   PASSED in 0.4s
//modules/planning/math/smoothing_spline:osqp_spline_1d_solver_test      PASSED in 0.3s
//modules/planning/math/smoothing_spline:osqp_spline_1d_solver_test_cpplint PASSED in 0.4s
//modules/planning/math/smoothing_spline:osqp_spline_2d_solver_cpplint   PASSED in 0.4s
//modules/planning/math/smoothing_spline:osqp_spline_2d_solver_test      PASSED in 0.5s
//modules/planning/math/smoothing_spline:osqp_spline_2d_solver_test_cpplint PASSED in 0.3s
//modules/planning/math/smoothing_spline:piecewise_linear_constraint_cpplint PASSED in 0.5s
//modules/planning/math/smoothing_spline:piecewise_linear_constraint_test PASSED in 0.1s
//modules/planning/math/smoothing_spline:piecewise_linear_constraint_test_cpplint PASSED in 0.3s
//modules/planning/math/smoothing_spline:piecewise_linear_generator_cpplint PASSED in 0.3s
//modules/planning/math/smoothing_spline:piecewise_linear_kernel_cpplint PASSED in 0.4s
//modules/planning/math/smoothing_spline:piecewise_linear_kernel_test    PASSED in 0.1s
//modules/planning/math/smoothing_spline:piecewise_linear_kernel_test_cpplint PASSED in 0.3s
//modules/planning/math/smoothing_spline:spline_1d_constraint_cpplint    PASSED in 0.8s
//modules/planning/math/smoothing_spline:spline_1d_constraint_test       PASSED in 0.1s
//modules/planning/math/smoothing_spline:spline_1d_constraint_test_cpplint PASSED in 0.4s
//modules/planning/math/smoothing_spline:spline_1d_cpplint               PASSED in 0.4s
//modules/planning/math/smoothing_spline:spline_1d_kernel_cpplint        PASSED in 0.5s
//modules/planning/math/smoothing_spline:spline_1d_kernel_test           PASSED in 0.1s
//modules/planning/math/smoothing_spline:spline_1d_kernel_test_cpplint   PASSED in 0.5s
//modules/planning/math/smoothing_spline:spline_1d_seg_cpplint           PASSED in 0.3s
//modules/planning/math/smoothing_spline:spline_1d_solver_cpplint        PASSED in 0.4s
//modules/planning/math/smoothing_spline:spline_2d_constraint_cpplint    PASSED in 0.7s
//modules/planning/math/smoothing_spline:spline_2d_constraint_test       PASSED in 0.4s
//modules/planning/math/smoothing_spline:spline_2d_constraint_test_cpplint PASSED in 0.4s
//modules/planning/math/smoothing_spline:spline_2d_cpplint               PASSED in 0.4s
//modules/planning/math/smoothing_spline:spline_2d_kernel_cpplint        PASSED in 0.5s
//modules/planning/math/smoothing_spline:spline_2d_kernel_test           PASSED in 0.5s
//modules/planning/math/smoothing_spline:spline_2d_kernel_test_cpplint   PASSED in 0.2s
//modules/planning/math/smoothing_spline:spline_2d_seg_cpplint           PASSED in 0.4s
//modules/planning/math/smoothing_spline:spline_2d_solver_cpplint        PASSED in 0.5s
//modules/planning/math/smoothing_spline:spline_seg_kernel_cpplint       PASSED in 0.4s
//modules/planning/navi/decider:navi_decider_test                        PASSED in 1.7s
//modules/planning/navi/decider:navi_decider_test_cpplint                PASSED in 0.8s
//modules/planning/navi/decider:navi_obstacle_decider_cpplint            PASSED in 0.8s
//modules/planning/navi/decider:navi_path_decider_cpplint                PASSED in 0.7s
//modules/planning/navi/decider:navi_speed_decider_cpplint               PASSED in 1.0s
//modules/planning/navi/decider:navi_task_cpplint                        PASSED in 0.4s
//modules/planning/open_space/coarse_trajectory_generator:grid_search_cpplint PASSED in 0.6s
//modules/planning/open_space/coarse_trajectory_generator:hybrid_a_star_cpplint PASSED in 0.7s
//modules/planning/open_space/coarse_trajectory_generator:hybrid_a_star_test_cpplint PASSED in 0.2s
//modules/planning/open_space/coarse_trajectory_generator:node3d_cpplint PASSED in 0.5s
//modules/planning/open_space/coarse_trajectory_generator:node3d_test_cpplint PASSED in 0.2s
//modules/planning/open_space/coarse_trajectory_generator:reeds_shepp_path_cpplint PASSED in 1.0s
//modules/planning/open_space/coarse_trajectory_generator:reeds_shepp_path_test_cpplint PASSED in 0.3s
//modules/planning/open_space/constraints_formulation:open_space_ROI_cpplint PASSED in 0.7s
//modules/planning/open_space:open_space_trajectory_generator_cpplint    PASSED in 0.8s
//modules/planning/open_space/trajectory_partition:trajectory_partitioner_cpplint PASSED in 0.6s
//modules/planning/open_space/trajectory_smoother:distance_approach_ipopt_cuda_interface_cpplint PASSED in 0.8s
//modules/planning/open_space/trajectory_smoother:distance_approach_ipopt_cuda_interface_test_cpplint PASSED in 0.5s
//modules/planning/open_space/trajectory_smoother:distance_approach_ipopt_interface_cpplint PASSED in 2.0s
//modules/planning/open_space/trajectory_smoother:distance_approach_ipopt_interface_test_cpplint PASSED in 0.3s
//modules/planning/open_space/trajectory_smoother:distance_approach_problem_cpplint PASSED in 0.5s
//modules/planning/open_space/trajectory_smoother:distance_approach_problem_test_cpplint PASSED in 0.3s
//modules/planning/open_space/trajectory_smoother:dual_variable_warm_start_ipopt_interface_cpplint PASSED in 0.7s
//modules/planning/open_space/trajectory_smoother:dual_variable_warm_start_ipopt_interface_test_cpplint PASSED in 0.3s
//modules/planning/open_space/trajectory_smoother:dual_variable_warm_start_ipopt_qp_interface_cpplint PASSED in 0.7s
//modules/planning/open_space/trajectory_smoother:dual_variable_warm_start_osqp_interface_cpplint PASSED in 0.5s
//modules/planning/open_space/trajectory_smoother:dual_variable_warm_start_osqp_interface_test PASSED in 1.4s
//modules/planning/open_space/trajectory_smoother:dual_variable_warm_start_osqp_interface_test_cpplint PASSED in 0.2s
//modules/planning/open_space/trajectory_smoother:dual_variable_warm_start_problem_cpplint PASSED in 0.6s
//modules/planning/open_space/trajectory_smoother:dual_variable_warm_start_problem_test_cpplint PASSED in 0.2s
//modules/planning/open_space/trajectory_smoother:planning_block_cpplint PASSED in 0.2s
//modules/planning/planner/lattice:lattice_planner_cpplint               PASSED in 1.1s
//modules/planning/planner/navi:navi_planner_cpplint                     PASSED in 1.2s
//modules/planning/planner/navi:navi_planner_test_cpplint                PASSED in 0.6s
//modules/planning/planner:navi_planner_dispatcher_test_cpplint          PASSED in 0.5s
//modules/planning/planner:on_lane_planner_dispatcher_test_cpplint       PASSED in 0.6s
//modules/planning/planner/open_space:open_space_planner_cpplint         PASSED in 1.1s
//modules/planning/planner/open_space:open_space_planner_test_cpplint    PASSED in 0.7s
//modules/planning/planner:planner_cpplint                               PASSED in 1.0s
//modules/planning/planner:planner_dispatcher_cpplint                    PASSED in 0.8s
//modules/planning/planner/public_road:public_road_planner_cpplint       PASSED in 0.7s
//modules/planning/planner/public_road:public_road_planner_test_cpplint  PASSED in 0.7s
//modules/planning/planner/rtk:rtk_planner_cpplint                       PASSED in 1.0s
//modules/planning/planner/rtk:rtk_replay_planner_test_cpplint           PASSED in 0.7s
//modules/planning:planning_component_lib_cpplint                        PASSED in 0.6s
//modules/planning:planning_lib_cpplint                                  PASSED in 1.9s
//modules/planning/reference_line:cos_theta_reference_line_smoother_cpplint PASSED in 0.9s
//modules/planning/reference_line:cos_theta_reference_line_smoother_test PASSED in 2.2s
//modules/planning/reference_line:cos_theta_reference_line_smoother_test_cpplint PASSED in 0.3s
//modules/planning/reference_line:qp_spline_reference_line_smoother_cpplint PASSED in 0.5s
//modules/planning/reference_line:qp_spline_reference_line_smoother_test PASSED in 0.9s
//modules/planning/reference_line:qp_spline_reference_line_smoother_test_cpplint PASSED in 0.3s
//modules/planning/reference_line:reference_line_cpplint                 PASSED in 1.0s
//modules/planning/reference_line:reference_line_provider_cpplint        PASSED in 0.9s
//modules/planning/reference_line:reference_line_smoother_cpplint        PASSED in 0.3s
//modules/planning/reference_line:smoother_util_cpplint                  PASSED in 0.4s
//modules/planning/reference_line:spiral_reference_line_smoother_cpplint PASSED in 1.1s
//modules/planning/reference_line:spiral_reference_line_smoother_test    PASSED in 34.2s
//modules/planning/reference_line:spiral_reference_line_smoother_test_cpplint PASSED in 0.3s
//modules/planning/reference_line:spiral_smoother_util_cpplint           PASSED in 0.3s
//modules/planning/scenarios/bare_intersection/unprotected:bare_intersection_unprotected_scenario_cpplint PASSED in 0.7s
//modules/planning/scenarios/bare_intersection/unprotected:bare_intersection_unprotected_scenario_test_cpplint PASSED in 0.2s
//modules/planning/scenarios/lane_follow:lane_follow_scenario_cpplint    PASSED in 0.3s
//modules/planning/scenarios/lane_follow:lane_follow_scenario_test_cpplint PASSED in 0.2s
//modules/planning/scenarios/lane_follow:lane_follow_stage_cpplint       PASSED in 0.5s
//modules/planning/scenarios/narrow_street_u_turn:narrow_street_u_turn_scenario_cpplint PASSED in 0.3s
//modules/planning/scenarios/narrow_street_u_turn:narrow_street_u_turn_scenario_test_cpplint PASSED in 0.3s
//modules/planning/scenarios:scenario_cpplint                            PASSED in 0.5s
//modules/planning/scenarios:scenario_manager_cpplint                    PASSED in 0.8s
//modules/planning/scenarios/side_pass:side_pass_cpplint                 PASSED in 1.2s
//modules/planning/scenarios/side_pass:side_pass_scenario_test_cpplint   PASSED in 0.3s
//modules/planning/scenarios:stage_cpplint                               PASSED in 0.5s
//modules/planning/scenarios/stop_sign/unprotected:stop_sign_unprotected_scenario_cpplint PASSED in 1.3s
//modules/planning/scenarios/stop_sign/unprotected:stop_sign_unprotected_scenario_test_cpplint PASSED in 0.3s
//modules/planning/scenarios/traffic_light/protected:traffic_light_protected_scenario_cpplint PASSED in 0.6s
//modules/planning/scenarios/traffic_light/protected:traffic_light_protected_scenario_test_cpplint PASSED in 0.3s
//modules/planning/scenarios/traffic_light/unprotected_left_turn:traffic_light_left_turn_unprotected_scenario_test_cpplint PASSED in 0.3s
//modules/planning/scenarios/traffic_light/unprotected_left_turn:traffic_light_unprotected_left_turn_scenario_cpplint PASSED in 0.7s
//modules/planning/scenarios/traffic_light/unprotected_right_turn:traffic_light_right_turn_unprotected_scenario_test_cpplint PASSED in 0.2s
//modules/planning/scenarios/traffic_light/unprotected_right_turn:traffic_light_unprotected_right_turn_scenario_cpplint PASSED in 1.0s
//modules/planning/scenarios/util:scenario_util_lib_cpplint              PASSED in 0.4s
//modules/planning/scenarios/valet_parking:stage_approaching_parking_spot_test_cpplint PASSED in 0.3s
//modules/planning/scenarios/valet_parking:stage_parking_test_cpplint    PASSED in 0.2s
//modules/planning/scenarios/valet_parking:valet_parking_cpplint         PASSED in 0.6s
//modules/planning/scenarios/valet_parking:valet_parking_scenario_test_cpplint PASSED in 0.2s
//modules/planning/tasks/deciders:decider_base_cpplint                   PASSED in 0.4s
//modules/planning/tasks/deciders:decider_cpplint                        PASSED in 1.0s
//modules/planning/tasks/deciders:decider_rule_based_stop_cpplint        PASSED in 0.4s
//modules/planning/tasks/deciders:open_space_fallback_decider_cpplint    PASSED in 0.4s
//modules/planning/tasks/deciders:open_space_fallback_decider_test       PASSED in 1.2s
//modules/planning/tasks/deciders:open_space_fallback_decider_test_cpplint PASSED in 0.2s
//modules/planning/tasks/deciders:open_space_roi_decider_cpplint         PASSED in 0.8s
//modules/planning/tasks/deciders:open_space_roi_decider_test            PASSED in 2.1s
//modules/planning/tasks/deciders:open_space_roi_decider_test_cpplint    PASSED in 0.2s
//modules/planning/tasks/deciders:path_assessment_decider_cpplint        PASSED in 0.5s
//modules/planning/tasks/deciders:path_bounds_decider_cpplint            PASSED in 1.0s
//modules/planning/tasks/deciders:path_decider_obstacle_utils_cpplint    PASSED in 0.3s
//modules/planning/tasks/deciders:side_pass_decider_test                 PASSED in 2.2s
//modules/planning/tasks/deciders:side_pass_decider_test_cpplint         PASSED in 0.3s
//modules/planning/tasks/deciders/speed_bounds_decider:speed_bounds_decider_cpplint PASSED in 0.5s
//modules/planning/tasks/deciders/speed_bounds_decider:speed_limit_decider_test PASSED in 1.9s
//modules/planning/tasks/deciders/speed_bounds_decider:speed_limit_decider_test_cpplint PASSED in 0.3s
//modules/planning/tasks/deciders/speed_bounds_decider:st_boundary_mapper_cpplint PASSED in 1.0s
//modules/planning/tasks/deciders/speed_bounds_decider:st_boundary_mapper_test PASSED in 2.0s
//modules/planning/tasks/deciders/speed_bounds_decider:st_boundary_mapper_test_cpplint PASSED in 0.3s
//modules/planning/tasks/optimizers/dp_poly_path:dp_poly_path_optimizer_cpplint PASSED in 0.3s
//modules/planning/tasks/optimizers/dp_st_speed:dp_st_cost_cpplint       PASSED in 0.5s
//modules/planning/tasks/optimizers/dp_st_speed:dp_st_graph_cpplint      PASSED in 0.7s
//modules/planning/tasks/optimizers/dp_st_speed:dp_st_graph_test         PASSED in 1.4s
//modules/planning/tasks/optimizers/dp_st_speed:dp_st_graph_test_cpplint PASSED in 0.3s
//modules/planning/tasks/optimizers/dp_st_speed:dp_st_speed_optimizer_cpplint PASSED in 0.4s
//modules/planning/tasks/optimizers/dp_st_speed:st_graph_point_cpplint   PASSED in 0.4s
//modules/planning/tasks/optimizers/open_space_trajectory_generation:open_space_trajectory_optimizer_cpplint PASSED in 0.6s
//modules/planning/tasks/optimizers/open_space_trajectory_generation:open_space_trajectory_optimizer_test_cpplint PASSED in 0.2s
//modules/planning/tasks/optimizers/open_space_trajectory_generation:open_space_trajectory_provider_cpplint PASSED in 0.6s
//modules/planning/tasks/optimizers/open_space_trajectory_generation:open_space_trajectory_provider_test_cpplint PASSED in 0.3s
//modules/planning/tasks/optimizers/open_space_trajectory_partition:open_space_trajectory_partition_cpplint PASSED in 0.7s
//modules/planning/tasks/optimizers/open_space_trajectory_partition:open_space_trajectory_partition_test PASSED in 1.3s
//modules/planning/tasks/optimizers/open_space_trajectory_partition:open_space_trajectory_partition_test_cpplint PASSED in 0.3s
//modules/planning/tasks/optimizers/path_decider:path_decider_cpplint    PASSED in 0.5s
//modules/planning/tasks/optimizers:path_optimizer_cpplint               PASSED in 0.3s
//modules/planning/tasks/optimizers/piecewise_jerk_path:piecewise_jerk_path_optimizer_cpplint PASSED in 0.4s
//modules/planning/tasks/optimizers/proceed_with_caution_speed:proceed_with_caution_speed_generator_cpplint PASSED in 0.4s
//modules/planning/tasks/optimizers/proceed_with_caution_speed:proceed_with_caution_speed_generator_test PASSED in 1.6s
//modules/planning/tasks/optimizers/proceed_with_caution_speed:proceed_with_caution_speed_generator_test_cpplint PASSED in 0.2s
//modules/planning/tasks/optimizers/qp_piecewise_jerk_path:qp_piecewise_jerk_path_optimizer_cpplint PASSED in 0.5s
//modules/planning/tasks/optimizers/qp_spline_path:qp_spline_path_cpplint PASSED in 1.4s
//modules/planning/tasks/optimizers/qp_spline_st_speed:qp_piecewise_st_graph_cpplint PASSED in 0.8s
//modules/planning/tasks/optimizers/qp_spline_st_speed:qp_spline_st_graph_cpplint PASSED in 0.9s
//modules/planning/tasks/optimizers/qp_spline_st_speed:qp_spline_st_speed_optimizer_cpplint PASSED in 0.4s
//modules/planning/tasks/optimizers/road_graph:comparable_cost_test      PASSED in 1.8s
//modules/planning/tasks/optimizers/road_graph:comparable_cost_test_cpplint PASSED in 0.2s
//modules/planning/tasks/optimizers/road_graph:road_graph_cpplint        PASSED in 1.3s
//modules/planning/tasks/optimizers/road_graph:trajectory_cost_test      PASSED in 1.6s
//modules/planning/tasks/optimizers/road_graph:trajectory_cost_test_cpplint PASSED in 0.3s
//modules/planning/tasks/optimizers/speed_decider:speed_decider_cpplint  PASSED in 0.6s
//modules/planning/tasks/optimizers:speed_optimizer_cpplint              PASSED in 0.3s
//modules/planning/tasks/optimizers:trajectory_optimizer_cpplint         PASSED in 0.3s
//modules/planning/tasks/rss:decider_rss_cpplint                         PASSED in 0.5s
//modules/planning/tasks/rss:decider_rss_test                            PASSED in 2.2s
//modules/planning/tasks/rss:decider_rss_test_cpplint                    PASSED in 0.2s
//modules/planning/tasks/smoothers:smoother_cpplint                      PASSED in 0.3s
//modules/planning/tasks:task_cpplint                                    PASSED in 0.3s
//modules/planning/tasks:task_factory_cpplint                            PASSED in 0.5s
//modules/planning/traffic_rules:traffic_decider_cpplint                 PASSED in 0.5s
//modules/planning/traffic_rules:traffic_rules_cpplint                   PASSED in 2.7s
//modules/planning/tuning:autotuning_base_model_cpplint                  PASSED in 0.3s
//modules/planning/tuning:autotuning_feature_builder_cpplint             PASSED in 0.3s
//modules/planning/tuning:autotuning_mlp_net_model_cpplint               PASSED in 0.4s
//modules/planning/tuning:autotuning_mlp_net_model_test                  PASSED in 0.6s
//modules/planning/tuning:autotuning_mlp_net_model_test_cpplint          PASSED in 0.2s
//modules/planning/tuning:autotuning_raw_feature_generator_cpplint       PASSED in 0.5s
//modules/planning/tuning:autotuning_raw_feature_generator_test          PASSED in 1.3s
//modules/planning/tuning:autotuning_raw_feature_generator_test_cpplint  PASSED in 0.3s
//modules/planning/tuning/speed_model:autotuning_speed_feature_builder_cpplint PASSED in 0.4s
//modules/planning/tuning/speed_model:autotuning_speed_feature_builder_test PASSED in 0.1s
//modules/planning/tuning/speed_model:autotuning_speed_feature_builder_test_cpplint PASSED in 0.2s
//modules/planning/tuning/speed_model:autotuning_speed_mlp_model_cpplint PASSED in 0.4s
//modules/planning/tuning/speed_model:autotuning_speed_mlp_model_test    PASSED in 0.8s
//modules/planning/tuning/speed_model:autotuning_speed_mlp_model_test_cpplint PASSED in 0.2s
//modules/planning/integration_tests:garage_test                         FAILED in 0.1s
  /home/user/.cache/bazel/_bazel_user/540135163923dd7d5820f3ee4b306b32/execroot/apollo/bazel-out/local-fastbuild/testlogs/modules/planning/integration_tests/garage_test/test.log
//modules/planning/integration_tests:sunnyvale_big_loop_test             FAILED in 0.1s
  /home/user/.cache/bazel/_bazel_user/540135163923dd7d5820f3ee4b306b32/execroot/apollo/bazel-out/local-fastbuild/testlogs/modules/planning/integration_tests/sunnyvale_big_loop_test/test.log
//modules/planning/integration_tests:sunnyvale_loop_test                 FAILED in 0.1s
  /home/user/.cache/bazel/_bazel_user/540135163923dd7d5820f3ee4b306b32/execroot/apollo/bazel-out/local-fastbuild/testlogs/modules/planning/integration_tests/sunnyvale_loop_test/test.log
//modules/planning/open_space/coarse_trajectory_generator:hybrid_a_star_test FAILED in 0.1s
  /home/user/.cache/bazel/_bazel_user/540135163923dd7d5820f3ee4b306b32/execroot/apollo/bazel-out/local-fastbuild/testlogs/modules/planning/open_space/coarse_trajectory_generator/hybrid_a_star_test/test.log
//modules/planning/open_space/coarse_trajectory_generator:node3d_test    FAILED in 0.2s
  /home/user/.cache/bazel/_bazel_user/540135163923dd7d5820f3ee4b306b32/execroot/apollo/bazel-out/local-fastbuild/testlogs/modules/planning/open_space/coarse_trajectory_generator/node3d_test/test.log
//modules/planning/open_space/coarse_trajectory_generator:reeds_shepp_path_test FAILED in 0.2s
  /home/user/.cache/bazel/_bazel_user/540135163923dd7d5820f3ee4b306b32/execroot/apollo/bazel-out/local-fastbuild/testlogs/modules/planning/open_space/coarse_trajectory_generator/reeds_shepp_path_test/test.log
//modules/planning/open_space/trajectory_smoother:distance_approach_ipopt_cuda_interface_test FAILED in 0.2s
  /home/user/.cache/bazel/_bazel_user/540135163923dd7d5820f3ee4b306b32/execroot/apollo/bazel-out/local-fastbuild/testlogs/modules/planning/open_space/trajectory_smoother/distance_approach_ipopt_cuda_interface_test/test.log
//modules/planning/open_space/trajectory_smoother:distance_approach_ipopt_interface_test FAILED in 0.2s
  /home/user/.cache/bazel/_bazel_user/540135163923dd7d5820f3ee4b306b32/execroot/apollo/bazel-out/local-fastbuild/testlogs/modules/planning/open_space/trajectory_smoother/distance_approach_ipopt_interface_test/test.log
//modules/planning/open_space/trajectory_smoother:distance_approach_problem_test FAILED in 0.2s
  /home/user/.cache/bazel/_bazel_user/540135163923dd7d5820f3ee4b306b32/execroot/apollo/bazel-out/local-fastbuild/testlogs/modules/planning/open_space/trajectory_smoother/distance_approach_problem_test/test.log
//modules/planning/open_space/trajectory_smoother:dual_variable_warm_start_ipopt_interface_test FAILED in 0.2s
  /home/user/.cache/bazel/_bazel_user/540135163923dd7d5820f3ee4b306b32/execroot/apollo/bazel-out/local-fastbuild/testlogs/modules/planning/open_space/trajectory_smoother/dual_variable_warm_start_ipopt_interface_test/test.log
//modules/planning/open_space/trajectory_smoother:dual_variable_warm_start_problem_test FAILED in 0.2s
  /home/user/.cache/bazel/_bazel_user/540135163923dd7d5820f3ee4b306b32/execroot/apollo/bazel-out/local-fastbuild/testlogs/modules/planning/open_space/trajectory_smoother/dual_variable_warm_start_problem_test/test.log
//modules/planning/planner/navi:navi_planner_test                        FAILED in 0.1s
  /home/user/.cache/bazel/_bazel_user/540135163923dd7d5820f3ee4b306b32/execroot/apollo/bazel-out/local-fastbuild/testlogs/modules/planning/planner/navi/navi_planner_test/test.log
//modules/planning/planner:navi_planner_dispatcher_test                  FAILED in 0.1s
  /home/user/.cache/bazel/_bazel_user/540135163923dd7d5820f3ee4b306b32/execroot/apollo/bazel-out/local-fastbuild/testlogs/modules/planning/planner/navi_planner_dispatcher_test/test.log
//modules/planning/planner:on_lane_planner_dispatcher_test               FAILED in 0.1s
  /home/user/.cache/bazel/_bazel_user/540135163923dd7d5820f3ee4b306b32/execroot/apollo/bazel-out/local-fastbuild/testlogs/modules/planning/planner/on_lane_planner_dispatcher_test/test.log
//modules/planning/planner/open_space:open_space_planner_test            FAILED in 0.1s
  /home/user/.cache/bazel/_bazel_user/540135163923dd7d5820f3ee4b306b32/execroot/apollo/bazel-out/local-fastbuild/testlogs/modules/planning/planner/open_space/open_space_planner_test/test.log
//modules/planning/planner/public_road:public_road_planner_test          FAILED in 0.1s
  /home/user/.cache/bazel/_bazel_user/540135163923dd7d5820f3ee4b306b32/execroot/apollo/bazel-out/local-fastbuild/testlogs/modules/planning/planner/public_road/public_road_planner_test/test.log
//modules/planning/planner/rtk:rtk_replay_planner_test                   FAILED in 0.1s
  /home/user/.cache/bazel/_bazel_user/540135163923dd7d5820f3ee4b306b32/execroot/apollo/bazel-out/local-fastbuild/testlogs/modules/planning/planner/rtk/rtk_replay_planner_test/test.log
//modules/planning/scenarios/bare_intersection/unprotected:bare_intersection_unprotected_scenario_test FAILED in 0.3s
  /home/user/.cache/bazel/_bazel_user/540135163923dd7d5820f3ee4b306b32/execroot/apollo/bazel-out/local-fastbuild/testlogs/modules/planning/scenarios/bare_intersection/unprotected/bare_intersection_unprotected_scenario_test/test.log
//modules/planning/scenarios/lane_follow:lane_follow_scenario_test       FAILED in 0.2s
  /home/user/.cache/bazel/_bazel_user/540135163923dd7d5820f3ee4b306b32/execroot/apollo/bazel-out/local-fastbuild/testlogs/modules/planning/scenarios/lane_follow/lane_follow_scenario_test/test.log
//modules/planning/scenarios/narrow_street_u_turn:narrow_street_u_turn_scenario_test FAILED in 0.3s
  /home/user/.cache/bazel/_bazel_user/540135163923dd7d5820f3ee4b306b32/execroot/apollo/bazel-out/local-fastbuild/testlogs/modules/planning/scenarios/narrow_street_u_turn/narrow_street_u_turn_scenario_test/test.log
//modules/planning/scenarios/side_pass:side_pass_scenario_test           FAILED in 0.1s
  /home/user/.cache/bazel/_bazel_user/540135163923dd7d5820f3ee4b306b32/execroot/apollo/bazel-out/local-fastbuild/testlogs/modules/planning/scenarios/side_pass/side_pass_scenario_test/test.log
//modules/planning/scenarios/stop_sign/unprotected:stop_sign_unprotected_scenario_test FAILED in 0.2s
  /home/user/.cache/bazel/_bazel_user/540135163923dd7d5820f3ee4b306b32/execroot/apollo/bazel-out/local-fastbuild/testlogs/modules/planning/scenarios/stop_sign/unprotected/stop_sign_unprotected_scenario_test/test.log
//modules/planning/scenarios/traffic_light/protected:traffic_light_protected_scenario_test FAILED in 0.3s
  /home/user/.cache/bazel/_bazel_user/540135163923dd7d5820f3ee4b306b32/execroot/apollo/bazel-out/local-fastbuild/testlogs/modules/planning/scenarios/traffic_light/protected/traffic_light_protected_scenario_test/test.log
//modules/planning/scenarios/traffic_light/unprotected_left_turn:traffic_light_left_turn_unprotected_scenario_test FAILED in 0.3s
  /home/user/.cache/bazel/_bazel_user/540135163923dd7d5820f3ee4b306b32/execroot/apollo/bazel-out/local-fastbuild/testlogs/modules/planning/scenarios/traffic_light/unprotected_left_turn/traffic_light_left_turn_unprotected_scenario_test/test.log
//modules/planning/scenarios/traffic_light/unprotected_right_turn:traffic_light_right_turn_unprotected_scenario_test FAILED in 0.3s
  /home/user/.cache/bazel/_bazel_user/540135163923dd7d5820f3ee4b306b32/execroot/apollo/bazel-out/local-fastbuild/testlogs/modules/planning/scenarios/traffic_light/unprotected_right_turn/traffic_light_right_turn_unprotected_scenario_test/test.log
//modules/planning/scenarios/valet_parking:stage_approaching_parking_spot_test FAILED in 0.2s
  /home/user/.cache/bazel/_bazel_user/540135163923dd7d5820f3ee4b306b32/execroot/apollo/bazel-out/local-fastbuild/testlogs/modules/planning/scenarios/valet_parking/stage_approaching_parking_spot_test/test.log
//modules/planning/scenarios/valet_parking:stage_parking_test            FAILED in 0.3s
  /home/user/.cache/bazel/_bazel_user/540135163923dd7d5820f3ee4b306b32/execroot/apollo/bazel-out/local-fastbuild/testlogs/modules/planning/scenarios/valet_parking/stage_parking_test/test.log
//modules/planning/scenarios/valet_parking:valet_parking_scenario_test   FAILED in 0.3s
  /home/user/.cache/bazel/_bazel_user/540135163923dd7d5820f3ee4b306b32/execroot/apollo/bazel-out/local-fastbuild/testlogs/modules/planning/scenarios/valet_parking/valet_parking_scenario_test/test.log
//modules/planning/tasks/optimizers/open_space_trajectory_generation:open_space_trajectory_optimizer_test FAILED in 0.2s
  /home/user/.cache/bazel/_bazel_user/540135163923dd7d5820f3ee4b306b32/execroot/apollo/bazel-out/local-fastbuild/testlogs/modules/planning/tasks/optimizers/open_space_trajectory_generation/open_space_trajectory_optimizer_test/test.log
//modules/planning/tasks/optimizers/open_space_trajectory_generation:open_space_trajectory_provider_test FAILED in 0.2s
  /home/user/.cache/bazel/_bazel_user/540135163923dd7d5820f3ee4b306b32/execroot/apollo/bazel-out/local-fastbuild/testlogs/modules/planning/tasks/optimizers/open_space_trajectory_generation/open_space_trajectory_provider_test/test.log

Executed 335 out of 335 tests: 305 tests pass and 30 fail locally.
